#
# There is insufficient memory for the Java Runtime Environment to continue.
# Native memory allocation (malloc) failed to allocate 802656 bytes for Chunk::new
# Possible reasons:
#   The system is out of physical RAM or swap space
#   The process is running with CompressedOops enabled, and the Java Heap may be blocking the growth of the native heap
# Possible solutions:
#   Reduce memory load on the system
#   Increase physical memory or swap space
#   Check if swap backing store is full
#   Decrease Java heap size (-Xmx/-Xms)
#   Decrease number of Java threads
#   Decrease Java thread stack sizes (-Xss)
#   Set larger code cache with -XX:ReservedCodeCacheSize=
#   JVM is running with Unscaled Compressed Oops mode in which the Java heap is
#     placed in the first 4GB address space. The Java Heap base address is the
#     maximum limit for the native heap growth. Please use -XX:HeapBaseMinAddress
#     to set the Java Heap base and to place the Java Heap above 4GB virtual address.
# This output file may be truncated or incomplete.
#
#  Out of Memory Error (./src/hotspot/share/memory/arena.cpp:197), pid=3596, tid=4484
#
# JRE version: OpenJDK Runtime Environment (11.0.8+10) (build 11.0.8+10-b944.6842174)
# Java VM: OpenJDK 64-Bit Server VM (11.0.8+10-b944.6842174, mixed mode, tiered, compressed oops, g1 gc, windows-amd64)
# No core dump will be written. Minidumps are not enabled by default on client versions of Windows
#

---------------  S U M M A R Y ------------

Command Line: org.jetbrains.kotlin.cli.jvm.K2JVMCompiler @C:\Users\User\AndroidStudioProjects\ThApp\app\build\20210727_11768171153803840561.compiler.options

Host: Intel(R) Core(TM) i3-5005U CPU @ 2.00GHz, 4 cores, 3G,  Windows 10 , 64 bit Build 19041 (10.0.19041.928)
Time: Tue Jul 27 11:50:30 2021 Hora oficial do Brasil elapsed time: 2 seconds (0d 0h 0m 2s)

---------------  T H R E A D  ---------------

Current thread (0x00000238fc2e8000):  JavaThread "C2 CompilerThread0" daemon [_thread_in_native, id=4484, stack(0x000000b9e7900000,0x000000b9e7a00000)]


Current CompileTask:
C2:   2781 1935   !   4       jdk.internal.loader.BuiltinClassLoader::loadClassOrNull (143 bytes)

Stack: [0x000000b9e7900000,0x000000b9e7a00000]
Native frames: (J=compiled Java code, j=interpreted, Vv=VM code, C=native code)
V  [jvm.dll+0x5de50a]
V  [jvm.dll+0x7122f5]
V  [jvm.dll+0x71384d]
V  [jvm.dll+0x713f03]
V  [jvm.dll+0x23e728]
V  [jvm.dll+0xb899c]
V  [jvm.dll+0xb8e9c]
V  [jvm.dll+0x2b20e4]
V  [jvm.dll+0x502098]
V  [jvm.dll+0x1f8df6]
V  [jvm.dll+0x1f685f]
V  [jvm.dll+0x17f32c]
V  [jvm.dll+0x205047]
V  [jvm.dll+0x203891]
V  [jvm.dll+0x6dad3f]
V  [jvm.dll+0x6d3895]
V  [jvm.dll+0x5dd4a6]
C  [ucrtbase.dll+0x21bb2]
C  [KERNEL32.DLL+0x17034]
C  [ntdll.dll+0x52651]


---------------  P R O C E S S  ---------------

Threads class SMR info:
_java_thread_list=0x00000238fd901fb0, length=10, elements={
0x00000238e2828800, 0x00000238fc2c4000, 0x00000238fc2ca000, 0x00000238fc2e4000,
0x00000238fc2e5800, 0x00000238fc2e8000, 0x00000238fc32f800, 0x00000238fc33a800,
0x00000238fc5ac000, 0x00000238fc5b2000
}

Java Threads: ( => current thread )
  0x00000238e2828800 JavaThread "main" [_thread_blocked, id=5700, stack(0x000000b9e6e00000,0x000000b9e6f00000)]
  0x00000238fc2c4000 JavaThread "Reference Handler" daemon [_thread_blocked, id=4864, stack(0x000000b9e7500000,0x000000b9e7600000)]
  0x00000238fc2ca000 JavaThread "Finalizer" daemon [_thread_blocked, id=4092, stack(0x000000b9e7600000,0x000000b9e7700000)]
  0x00000238fc2e4000 JavaThread "Signal Dispatcher" daemon [_thread_blocked, id=1696, stack(0x000000b9e7700000,0x000000b9e7800000)]
  0x00000238fc2e5800 JavaThread "Attach Listener" daemon [_thread_blocked, id=5368, stack(0x000000b9e7800000,0x000000b9e7900000)]
=>0x00000238fc2e8000 JavaThread "C2 CompilerThread0" daemon [_thread_in_native, id=4484, stack(0x000000b9e7900000,0x000000b9e7a00000)]
  0x00000238fc32f800 JavaThread "C1 CompilerThread0" daemon [_thread_blocked, id=2144, stack(0x000000b9e7a00000,0x000000b9e7b00000)]
  0x00000238fc33a800 JavaThread "Sweeper thread" daemon [_thread_blocked, id=416, stack(0x000000b9e7b00000,0x000000b9e7c00000)]
  0x00000238fc5ac000 JavaThread "Service Thread" daemon [_thread_blocked, id=4804, stack(0x000000b9e7c00000,0x000000b9e7d00000)]
  0x00000238fc5b2000 JavaThread "Common-Cleaner" daemon [_thread_blocked, id=1736, stack(0x000000b9e7e00000,0x000000b9e7f00000)]

Other Threads:
  0x00000238fc29e800 VMThread "VM Thread" [stack: 0x000000b9e7400000,0x000000b9e7500000] [id=6280]
  0x00000238fc5ad800 WatcherThread [stack: 0x000000b9e7d00000,0x000000b9e7e00000] [id=3488]
  0x00000238e2841800 GCTaskThread "GC Thread#0" [stack: 0x000000b9e6f00000,0x000000b9e7000000] [id=6216]
  0x00000238fcb59800 GCTaskThread "GC Thread#1" [stack: 0x000000b9e8000000,0x000000b9e8100000] [id=2868]
  0x00000238e285b800 ConcurrentGCThread "G1 Main Marker" [stack: 0x000000b9e7000000,0x000000b9e7100000] [id=5992]
  0x00000238e285d800 ConcurrentGCThread "G1 Conc#0" [stack: 0x000000b9e7100000,0x000000b9e7200000] [id=5928]
  0x00000238e28b7800 ConcurrentGCThread "G1 Refine#0" [stack: 0x000000b9e7200000,0x000000b9e7300000] [id=3228]
  0x00000238e28b9000 ConcurrentGCThread "G1 Young RemSet Sampling" [stack: 0x000000b9e7300000,0x000000b9e7400000] [id=6424]

Threads with active compile tasks:
C2 CompilerThread0   2806 1935   !   4       jdk.internal.loader.BuiltinClassLoader::loadClassOrNull (143 bytes)

VM state:at safepoint (normal execution)

VM Mutex/Monitor currently owned by a thread:  ([mutex/lock_event])
[0x00000238e281cf20] Threads_lock - owner thread: 0x00000238fc29e800
[0x00000238e28263c0] Heap_lock - owner thread: 0x00000238e2828800

Heap address: 0x00000000c1a00000, size: 998 MB, Compressed Oops mode: 32-bit
Narrow klass base: 0x0000000000000000, Narrow klass shift: 3
Compressed class space size: 1073741824 Address: 0x0000000100000000

Heap:
 garbage-first heap   total 78848K, used 17334K [0x00000000c1a00000, 0x0000000100000000)
  region size 1024K, 3 young (3072K), 3 survivors (3072K)
 Metaspace       used 27230K, capacity 27628K, committed 27772K, reserved 1079296K
  class space    used 2951K, capacity 3111K, committed 3200K, reserved 1048576K
Heap Regions: E=young(eden), S=young(survivor), O=old, HS=humongous(starts), HC=humongous(continues), CS=collection set, F=free, A=archive, TAMS=top-at-mark-start (previous, next)
|   0|0x00000000c1a00000, 0x00000000c1b00000, 0x00000000c1b00000|100%|HS|  |TAMS 0x00000000c1b00000, 0x00000000c1b00000| Complete 
|   1|0x00000000c1b00000, 0x00000000c1c00000, 0x00000000c1c00000|100%|HC|  |TAMS 0x00000000c1c00000, 0x00000000c1c00000| Complete 
|   2|0x00000000c1c00000, 0x00000000c1d00000, 0x00000000c1d00000|100%|HC|  |TAMS 0x00000000c1d00000, 0x00000000c1d00000| Complete 
|   3|0x00000000c1d00000, 0x00000000c1e00000, 0x00000000c1e00000|100%| O|  |TAMS 0x00000000c1e00000, 0x00000000c1e00000| Untracked 
|   4|0x00000000c1e00000, 0x00000000c1f00000, 0x00000000c1f00000|100%| O|  |TAMS 0x00000000c1f00000, 0x00000000c1f00000| Untracked 
|   5|0x00000000c1f00000, 0x00000000c2000000, 0x00000000c2000000|100%| O|  |TAMS 0x00000000c2000000, 0x00000000c2000000| Untracked 
|   6|0x00000000c2000000, 0x00000000c2100000, 0x00000000c2100000|100%| O|  |TAMS 0x00000000c2100000, 0x00000000c2100000| Untracked 
|   7|0x00000000c2100000, 0x00000000c2200000, 0x00000000c2200000|100%| O|  |TAMS 0x00000000c2200000, 0x00000000c2200000| Untracked 
|   8|0x00000000c2200000, 0x00000000c22b3a00, 0x00000000c2300000| 70%| O|  |TAMS 0x00000000c22b3a00, 0x00000000c22b3a00| Untracked 
|   9|0x00000000c2300000, 0x00000000c2400000, 0x00000000c2400000|100%|HS|  |TAMS 0x00000000c2300000, 0x00000000c2400000| Complete 
|  10|0x00000000c2400000, 0x00000000c2500000, 0x00000000c2500000|100%|HC|  |TAMS 0x00000000c2400000, 0x00000000c2500000| Complete 
|  11|0x00000000c2500000, 0x00000000c2600000, 0x00000000c2600000|100%|HC|  |TAMS 0x00000000c2500000, 0x00000000c2600000| Complete 
|  12|0x00000000c2600000, 0x00000000c2700000, 0x00000000c2700000|100%|HS|  |TAMS 0x00000000c2600000, 0x00000000c2700000| Complete 
|  13|0x00000000c2700000, 0x00000000c2800000, 0x00000000c2800000|100%|HC|  |TAMS 0x00000000c2700000, 0x00000000c2800000| Complete 
|  14|0x00000000c2800000, 0x00000000c2900000, 0x00000000c2900000|100%|HC|  |TAMS 0x00000000c2800000, 0x00000000c2900000| Complete 
|  15|0x00000000c2900000, 0x00000000c2900000, 0x00000000c2a00000|  0%| F|  |TAMS 0x00000000c2900000, 0x00000000c2900000| Untracked 
|  16|0x00000000c2a00000, 0x00000000c2a00000, 0x00000000c2b00000|  0%| F|  |TAMS 0x00000000c2a00000, 0x00000000c2a00000| Untracked 
|  17|0x00000000c2b00000, 0x00000000c2b00000, 0x00000000c2c00000|  0%| F|  |TAMS 0x00000000c2b00000, 0x00000000c2b00000| Untracked 
|  18|0x00000000c2c00000, 0x00000000c2c00000, 0x00000000c2d00000|  0%| F|  |TAMS 0x00000000c2c00000, 0x00000000c2c00000| Untracked 
|  19|0x00000000c2d00000, 0x00000000c2d00000, 0x00000000c2e00000|  0%| F|  |TAMS 0x00000000c2d00000, 0x00000000c2d00000| Untracked 
|  20|0x00000000c2e00000, 0x00000000c2e00000, 0x00000000c2f00000|  0%| F|  |TAMS 0x00000000c2e00000, 0x00000000c2e00000| Untracked 
|  21|0x00000000c2f00000, 0x00000000c2f00000, 0x00000000c3000000|  0%| F|  |TAMS 0x00000000c2f00000, 0x00000000c2f00000| Untracked 
|  22|0x00000000c3000000, 0x00000000c3000000, 0x00000000c3100000|  0%| F|  |TAMS 0x00000000c3000000, 0x00000000c3000000| Untracked 
|  23|0x00000000c3100000, 0x00000000c3100000, 0x00000000c3200000|  0%| F|  |TAMS 0x00000000c3100000, 0x00000000c3100000| Untracked 
|  24|0x00000000c3200000, 0x00000000c3200000, 0x00000000c3300000|  0%| F|  |TAMS 0x00000000c3200000, 0x00000000c3200000| Untracked 
|  25|0x00000000c3300000, 0x00000000c3300000, 0x00000000c3400000|  0%| F|  |TAMS 0x00000000c3300000, 0x00000000c3300000| Untracked 
|  26|0x00000000c3400000, 0x00000000c3400000, 0x00000000c3500000|  0%| F|  |TAMS 0x00000000c3400000, 0x00000000c3400000| Untracked 
|  27|0x00000000c3500000, 0x00000000c3500000, 0x00000000c3600000|  0%| F|  |TAMS 0x00000000c3500000, 0x00000000c3500000| Untracked 
|  28|0x00000000c3600000, 0x00000000c3600000, 0x00000000c3700000|  0%| F|  |TAMS 0x00000000c3600000, 0x00000000c3600000| Untracked 
|  29|0x00000000c3700000, 0x00000000c3700000, 0x00000000c3800000|  0%| F|  |TAMS 0x00000000c3700000, 0x00000000c3700000| Untracked 
|  30|0x00000000c3800000, 0x00000000c3800000, 0x00000000c3900000|  0%| F|  |TAMS 0x00000000c3800000, 0x00000000c3800000| Untracked 
|  31|0x00000000c3900000, 0x00000000c3900000, 0x00000000c3a00000|  0%| F|  |TAMS 0x00000000c3900000, 0x00000000c3900000| Untracked 
|  32|0x00000000c3a00000, 0x00000000c3a00000, 0x00000000c3b00000|  0%| F|  |TAMS 0x00000000c3a00000, 0x00000000c3a00000| Untracked 
|  33|0x00000000c3b00000, 0x00000000c3b00000, 0x00000000c3c00000|  0%| F|  |TAMS 0x00000000c3b00000, 0x00000000c3b00000| Untracked 
|  34|0x00000000c3c00000, 0x00000000c3c00000, 0x00000000c3d00000|  0%| F|  |TAMS 0x00000000c3c00000, 0x00000000c3c00000| Untracked 
|  35|0x00000000c3d00000, 0x00000000c3d00000, 0x00000000c3e00000|  0%| F|  |TAMS 0x00000000c3d00000, 0x00000000c3d00000| Untracked 
|  36|0x00000000c3e00000, 0x00000000c3e00000, 0x00000000c3f00000|  0%| F|  |TAMS 0x00000000c3e00000, 0x00000000c3e00000| Untracked 
|  37|0x00000000c3f00000, 0x00000000c3f00000, 0x00000000c4000000|  0%| F|  |TAMS 0x00000000c3f00000, 0x00000000c3f00000| Untracked 
|  38|0x00000000c4000000, 0x00000000c4000000, 0x00000000c4100000|  0%| F|  |TAMS 0x00000000c4000000, 0x00000000c4000000| Untracked 
|  39|0x00000000c4100000, 0x00000000c4100000, 0x00000000c4200000|  0%| F|  |TAMS 0x00000000c4100000, 0x00000000c4100000| Untracked 
|  40|0x00000000c4200000, 0x00000000c4200000, 0x00000000c4300000|  0%| F|  |TAMS 0x00000000c4200000, 0x00000000c4200000| Untracked 
|  41|0x00000000c4300000, 0x00000000c4300000, 0x00000000c4400000|  0%| F|  |TAMS 0x00000000c4300000, 0x00000000c4300000| Untracked 
|  42|0x00000000c4400000, 0x00000000c4400000, 0x00000000c4500000|  0%| F|  |TAMS 0x00000000c4400000, 0x00000000c4400000| Untracked 
|  43|0x00000000c4500000, 0x00000000c4500000, 0x00000000c4600000|  0%| F|  |TAMS 0x00000000c4500000, 0x00000000c4500000| Untracked 
|  44|0x00000000c4600000, 0x00000000c4600000, 0x00000000c4700000|  0%| F|  |TAMS 0x00000000c4600000, 0x00000000c4600000| Untracked 
|  45|0x00000000c4700000, 0x00000000c4700000, 0x00000000c4800000|  0%| F|  |TAMS 0x00000000c4700000, 0x00000000c4700000| Untracked 
|  46|0x00000000c4800000, 0x00000000c4800000, 0x00000000c4900000|  0%| F|  |TAMS 0x00000000c4800000, 0x00000000c4800000| Untracked 
|  47|0x00000000c4900000, 0x00000000c4900000, 0x00000000c4a00000|  0%| F|  |TAMS 0x00000000c4900000, 0x00000000c4900000| Untracked 
|  48|0x00000000c4a00000, 0x00000000c4a00000, 0x00000000c4b00000|  0%| F|  |TAMS 0x00000000c4a00000, 0x00000000c4a00000| Untracked 
|  49|0x00000000c4b00000, 0x00000000c4b00000, 0x00000000c4c00000|  0%| F|  |TAMS 0x00000000c4b00000, 0x00000000c4b00000| Untracked 
|  50|0x00000000c4c00000, 0x00000000c4c00000, 0x00000000c4d00000|  0%| F|  |TAMS 0x00000000c4c00000, 0x00000000c4c00000| Untracked 
|  51|0x00000000c4d00000, 0x00000000c4d00000, 0x00000000c4e00000|  0%| F|  |TAMS 0x00000000c4d00000, 0x00000000c4d00000| Untracked 
|  52|0x00000000c4e00000, 0x00000000c4e00000, 0x00000000c4f00000|  0%| F|  |TAMS 0x00000000c4e00000, 0x00000000c4e00000| Untracked 
|  53|0x00000000c4f00000, 0x00000000c4f00000, 0x00000000c5000000|  0%| F|  |TAMS 0x00000000c4f00000, 0x00000000c4f00000| Untracked 
|  54|0x00000000c5000000, 0x00000000c5000000, 0x00000000c5100000|  0%| F|  |TAMS 0x00000000c5000000, 0x00000000c5000000| Untracked 
|  55|0x00000000c5100000, 0x00000000c5100000, 0x00000000c5200000|  0%| F|  |TAMS 0x00000000c5100000, 0x00000000c5100000| Untracked 
|  56|0x00000000c5200000, 0x00000000c5200000, 0x00000000c5300000|  0%| F|  |TAMS 0x00000000c5200000, 0x00000000c5200000| Untracked 
|  57|0x00000000c5300000, 0x00000000c5300000, 0x00000000c5400000|  0%| F|  |TAMS 0x00000000c5300000, 0x00000000c5300000| Untracked 
|  58|0x00000000c5400000, 0x00000000c543a188, 0x00000000c5500000| 22%| S|CS|TAMS 0x00000000c5400000, 0x00000000c5400000| Complete 
|  59|0x00000000c5500000, 0x00000000c5600000, 0x00000000c5600000|100%| S|CS|TAMS 0x00000000c5500000, 0x00000000c5500000| Complete 
|  60|0x00000000c5600000, 0x00000000c5700000, 0x00000000c5700000|100%| S|CS|TAMS 0x00000000c5600000, 0x00000000c5600000| Complete 
|  61|0x00000000c5700000, 0x00000000c5700000, 0x00000000c5800000|  0%| F|  |TAMS 0x00000000c5700000, 0x00000000c5700000| Untracked 
|  62|0x00000000c5800000, 0x00000000c5800000, 0x00000000c5900000|  0%| F|  |TAMS 0x00000000c5800000, 0x00000000c5800000| Untracked 
|  63|0x00000000c5900000, 0x00000000c5900000, 0x00000000c5a00000|  0%| F|  |TAMS 0x00000000c5900000, 0x00000000c5900000| Untracked 

Card table byte_map: [0x00000238f71e0000,0x00000238f73e0000] _byte_map_base: 0x00000238f6bd3000

Marking Bits (Prev, Next): (CMBitMap*) 0x00000238e2856b10, (CMBitMap*) 0x00000238e2856ad8
 Prev Bits: [0x00000238f8580000, 0x00000238f9518000)
 Next Bits: [0x00000238f75e0000, 0x00000238f8578000)

Polling page: 0x00000238e2910000

Metaspace:

Usage:
  Non-class:     23.94 MB capacity,    23.71 MB (>99%) used,   196.31 KB ( <1%) free+waste,    41.31 KB ( <1%) overhead. 
      Class:      3.04 MB capacity,     2.88 MB ( 95%) used,   140.97 KB (  5%) free+waste,    18.63 KB ( <1%) overhead. 
       Both:     26.98 MB capacity,    26.59 MB ( 99%) used,   337.28 KB (  1%) free+waste,    59.94 KB ( <1%) overhead. 

Virtual space:
  Non-class space:       30.00 MB reserved,      24.00 MB ( 80%) committed 
      Class space:        1.00 GB reserved,       3.13 MB ( <1%) committed 
             Both:        1.03 GB reserved,      27.12 MB (  3%) committed 

Chunk freelists:
   Non-Class:  55.00 KB
       Class:  25.00 KB
        Both:  80.00 KB

MaxMetaspaceSize: 17179869184.00 GB
CompressedClassSpaceSize: 1.00 GB

CodeHeap 'non-profiled nmethods': size=120064Kb used=621Kb max_used=621Kb free=119442Kb
 bounds [0x00000238ef480000, 0x00000238ef6f0000, 0x00000238f69c0000]
CodeHeap 'profiled nmethods': size=120000Kb used=3724Kb max_used=3724Kb free=116275Kb
 bounds [0x00000238e7f50000, 0x00000238e8300000, 0x00000238ef480000]
CodeHeap 'non-nmethods': size=5696Kb used=1151Kb max_used=1161Kb free=4545Kb
 bounds [0x00000238e79c0000, 0x00000238e7c30000, 0x00000238e7f50000]
 total_blobs=2454 nmethods=1957 adapters=409
 compilation: enabled
              stopped_count=0, restarted_count=0
 full_count=0

Compilation events (20 events):
Event: 2.738 Thread 0x00000238fc32f800 1949       3       jdk.internal.org.objectweb.asm.MethodWriter::visitTypeInsn (120 bytes)
Event: 2.739 Thread 0x00000238fc32f800 nmethod 1949 0x00000238e82ec090 code [0x00000238e82ec280, 0x00000238e82ec628]
Event: 2.739 Thread 0x00000238fc32f800 1948       3       java.lang.invoke.AbstractValidatingLambdaMetafactory::isAdaptableTo (126 bytes)
Event: 2.740 Thread 0x00000238fc32f800 nmethod 1948 0x00000238e82ec810 code [0x00000238e82ecaa0, 0x00000238e82ed448]
Event: 2.740 Thread 0x00000238fc32f800 1947       3       java.util.ImmutableCollections$Set12::contains (28 bytes)
Event: 2.740 Thread 0x00000238fc32f800 nmethod 1947 0x00000238e82ed810 code [0x00000238e82ed9e0, 0x00000238e82edd18]
Event: 2.741 Thread 0x00000238fc32f800 1951       1       java.lang.invoke.MethodHandleNatives::isPullModeBSM (2 bytes)
Event: 2.741 Thread 0x00000238fc32f800 nmethod 1951 0x00000238ef51a610 code [0x00000238ef51a7c0, 0x00000238ef51a858]
Event: 2.741 Thread 0x00000238fc32f800 1952       3       java.lang.invoke.ConstantCallSite::getTarget (20 bytes)
Event: 2.741 Thread 0x00000238fc32f800 nmethod 1952 0x00000238e82ede10 code [0x00000238e82edfe0, 0x00000238e82ee1e8]
Event: 2.750 Thread 0x00000238fc32f800 1953       3       jdk.internal.org.objectweb.asm.MethodWriter::<init> (247 bytes)
Event: 2.752 Thread 0x00000238fc32f800 nmethod 1953 0x00000238e82ee310 code [0x00000238e82ee5c0, 0x00000238e82ef3c8]
Event: 2.763 Thread 0x00000238fc32f800 1957       1       java.io.File::getPath (5 bytes)
Event: 2.763 Thread 0x00000238fc32f800 nmethod 1957 0x00000238ef51af10 code [0x00000238ef51b0c0, 0x00000238ef51b178]
Event: 2.766 Thread 0x00000238fc32f800 1959  s    2       java.io.ByteArrayOutputStream::write (32 bytes)
Event: 2.767 Thread 0x00000238fc32f800 nmethod 1959 0x00000238e82ef890 code [0x00000238e82efa60, 0x00000238e82efd48]
Event: 2.767 Thread 0x00000238fc32f800 1960       3       java.lang.reflect.ProxyGenerator$ConstantPool$ValueEntry::write (190 bytes)
Event: 2.770 Thread 0x00000238fc32f800 nmethod 1960 0x00000238e82efe90 code [0x00000238e82f0300, 0x00000238e82f2788]
Event: 2.770 Thread 0x00000238fc32f800 1961       1       java.lang.reflect.Constructor::getRoot (5 bytes)
Event: 2.770 Thread 0x00000238fc32f800 nmethod 1961 0x00000238ef51b210 code [0x00000238ef51b3c0, 0x00000238ef51b478]

GC Heap History (8 events):
Event: 0.613 GC heap before
{Heap before GC invocations=0 (full 0):
 garbage-first heap   total 65536K, used 17408K [0x00000000c1a00000, 0x0000000100000000)
  region size 1024K, 14 young (14336K), 0 survivors (0K)
 Metaspace       used 9780K, capacity 9871K, committed 10112K, reserved 1058816K
  class space    used 831K, capacity 884K, committed 896K, reserved 1048576K
}
Event: 0.617 GC heap after
{Heap after GC invocations=1 (full 0):
 garbage-first heap   total 65536K, used 5128K [0x00000000c1a00000, 0x0000000100000000)
  region size 1024K, 2 young (2048K), 2 survivors (2048K)
 Metaspace       used 9780K, capacity 9871K, committed 10112K, reserved 1058816K
  class space    used 831K, capacity 884K, committed 896K, reserved 1048576K
}
Event: 1.703 GC heap before
{Heap before GC invocations=1 (full 0):
 garbage-first heap   total 65536K, used 41992K [0x00000000c1a00000, 0x0000000100000000)
  region size 1024K, 38 young (38912K), 2 survivors (2048K)
 Metaspace       used 18521K, capacity 18723K, committed 18944K, reserved 1067008K
  class space    used 1909K, capacity 2000K, committed 2048K, reserved 1048576K
}
Event: 1.720 GC heap after
{Heap after GC invocations=2 (full 0):
 garbage-first heap   total 65536K, used 8945K [0x00000000c1a00000, 0x0000000100000000)
  region size 1024K, 5 young (5120K), 5 survivors (5120K)
 Metaspace       used 18521K, capacity 18723K, committed 18944K, reserved 1067008K
  class space    used 1909K, capacity 2000K, committed 2048K, reserved 1048576K
}
Event: 1.947 GC heap before
{Heap before GC invocations=2 (full 0):
 garbage-first heap   total 65536K, used 17137K [0x00000000c1a00000, 0x0000000100000000)
  region size 1024K, 14 young (14336K), 5 survivors (5120K)
 Metaspace       used 20909K, capacity 21101K, committed 21248K, reserved 1069056K
  class space    used 2219K, capacity 2286K, committed 2304K, reserved 1048576K
}
Event: 1.966 GC heap after
{Heap after GC invocations=3 (full 0):
 garbage-first heap   total 65536K, used 9609K [0x00000000c1a00000, 0x0000000100000000)
  region size 1024K, 1 young (1024K), 1 survivors (1024K)
 Metaspace       used 20909K, capacity 21101K, committed 21248K, reserved 1069056K
  class space    used 2219K, capacity 2286K, committed 2304K, reserved 1048576K
}
Event: 2.709 GC heap before
{Heap before GC invocations=4 (full 0):
 garbage-first heap   total 65536K, used 37257K [0x00000000c1a00000, 0x0000000100000000)
  region size 1024K, 23 young (23552K), 1 survivors (1024K)
 Metaspace       used 26592K, capacity 26960K, committed 27132K, reserved 1073152K
  class space    used 2845K, capacity 2973K, committed 3072K, reserved 1048576K
}
Event: 2.715 GC heap after
{Heap after GC invocations=5 (full 0):
 garbage-first heap   total 65536K, used 17216K [0x00000000c1a00000, 0x0000000100000000)
  region size 1024K, 3 young (3072K), 3 survivors (3072K)
 Metaspace       used 26592K, capacity 26960K, committed 27132K, reserved 1073152K
  class space    used 2845K, capacity 2973K, committed 3072K, reserved 1048576K
}

Deoptimization events (20 events):
Event: 2.349 Thread 0x00000238e2828800 Uncommon trap: trap_request=0xffffffcc fr.pc=0x00000238ef4ef6f4 relative=0x00000000000001b4
Event: 2.349 Thread 0x00000238e2828800 Uncommon trap: reason=intrinsic_or_type_checked_inlining action=make_not_entrant pc=0x00000238ef4ef6f4 method=java.util.Arrays.copyOf([Ljava/lang/Object;ILjava/lang/Class;)[Ljava/lang/Object; @ 35 c2
Event: 2.349 Thread 0x00000238e2828800 DEOPT PACKING pc=0x00000238ef4ef6f4 sp=0x000000b9e6efc3d0
Event: 2.349 Thread 0x00000238e2828800 DEOPT UNPACKING pc=0x00000238e79e74af sp=0x000000b9e6efc378 mode 2
Event: 2.460 Thread 0x00000238e2828800 Uncommon trap: trap_request=0xffffff4d fr.pc=0x00000238ef5025e8 relative=0x00000000000001c8
Event: 2.460 Thread 0x00000238e2828800 Uncommon trap: reason=unstable_if action=reinterpret pc=0x00000238ef5025e8 method=java.util.Arrays.hashCode([B)I @ 1 c2
Event: 2.460 Thread 0x00000238e2828800 DEOPT PACKING pc=0x00000238ef5025e8 sp=0x000000b9e6efe490
Event: 2.460 Thread 0x00000238e2828800 DEOPT UNPACKING pc=0x00000238e79e74af sp=0x000000b9e6efe400 mode 2
Event: 2.463 Thread 0x00000238e2828800 Uncommon trap: trap_request=0xffffff4d fr.pc=0x00000238ef506274 relative=0x00000000000000d4
Event: 2.463 Thread 0x00000238e2828800 Uncommon trap: reason=unstable_if action=reinterpret pc=0x00000238ef506274 method=jdk.nio.zipfs.ZipConstants.pkSigAt([BIII)Z @ 5 c2
Event: 2.463 Thread 0x00000238e2828800 DEOPT PACKING pc=0x00000238ef506274 sp=0x000000b9e6efe2f0
Event: 2.463 Thread 0x00000238e2828800 DEOPT UNPACKING pc=0x00000238e79e74af sp=0x000000b9e6efe298 mode 2
Event: 2.506 Thread 0x00000238e2828800 Uncommon trap: trap_request=0xffffff6e fr.pc=0x00000238ef4fb89c relative=0x000000000000125c
Event: 2.506 Thread 0x00000238e2828800 Uncommon trap: reason=speculate_class_check action=maybe_recompile pc=0x00000238ef4fb89c method=java.util.zip.InflaterInputStream.read([BII)I @ 100 c2
Event: 2.506 Thread 0x00000238e2828800 DEOPT PACKING pc=0x00000238ef4fb89c sp=0x000000b9e6efe4a0
Event: 2.506 Thread 0x00000238e2828800 DEOPT UNPACKING pc=0x00000238e79e74af sp=0x000000b9e6efe500 mode 2
Event: 2.651 Thread 0x00000238e2828800 Uncommon trap: trap_request=0xffffff4d fr.pc=0x00000238ef4f6edc relative=0x00000000000001bc
Event: 2.651 Thread 0x00000238e2828800 Uncommon trap: reason=unstable_if action=reinterpret pc=0x00000238ef4f6edc method=java.lang.String.startsWith(Ljava/lang/String;I)Z @ 1 c2
Event: 2.651 Thread 0x00000238e2828800 DEOPT PACKING pc=0x00000238ef4f6edc sp=0x000000b9e6efde00
Event: 2.651 Thread 0x00000238e2828800 DEOPT UNPACKING pc=0x00000238e79e74af sp=0x000000b9e6efdd70 mode 2

Classes redefined (0 events):
No events

Internal exceptions (18 events):
Event: 1.558 Thread 0x00000238e2828800 Exception <a 'java/lang/NoSuchMethodError'{0x00000000c393f8c8}: 'int java.lang.invoke.DirectMethodHandle$Holder.invokeSpecialIFC(java.lang.Object, java.lang.Object, int)'> (0x00000000c393f8c8) thrown at [./src/hotspot/share/interpreter/linkResolver.cpp, line 773]
Event: 1.784 Thread 0x00000238e2828800 Exception <a 'java/lang/NoSuchMethodError'{0x00000000c57d0d98}: 'java.lang.Object java.lang.invoke.DirectMethodHandle$Holder.invokeStaticInit(java.lang.Object, int)'> (0x00000000c57d0d98) thrown at [./src/hotspot/share/interpreter/linkResolver.cpp, line 773]
Event: 1.827 Thread 0x00000238e2828800 Exception <a 'java/lang/NoSuchMethodError'{0x00000000c5568050}: 'long java.lang.invoke.DirectMethodHandle$Holder.invokeStatic(java.lang.Object)'> (0x00000000c5568050) thrown at [./src/hotspot/share/interpreter/linkResolver.cpp, line 773]
Event: 1.828 Thread 0x00000238e2828800 Exception <a 'java/lang/NoSuchMethodError'{0x00000000c556aea8}: 'long java.lang.invoke.DirectMethodHandle$Holder.invokeStaticInit(java.lang.Object)'> (0x00000000c556aea8) thrown at [./src/hotspot/share/interpreter/linkResolver.cpp, line 773]
Event: 1.915 Thread 0x00000238e2828800 Exception <a 'java/lang/NoSuchMethodError'{0x00000000c52d9570}: 'int java.lang.invoke.DirectMethodHandle$Holder.invokeStaticInit(java.lang.Object, java.lang.Object, java.lang.Object)'> (0x00000000c52d9570) thrown at [./src/hotspot/share/interpreter/linkResolver.cpp, line 773]
Event: 1.922 Thread 0x00000238e2828800 Exception <a 'java/lang/NoSuchMethodError'{0x00000000c5105438}: 'int java.lang.invoke.DirectMethodHandle$Holder.invokeStaticInit(java.lang.Object, java.lang.Object)'> (0x00000000c5105438) thrown at [./src/hotspot/share/interpreter/linkResolver.cpp, line 773]
Event: 2.366 Thread 0x00000238e2828800 Exception <a 'java/lang/NoSuchMethodError'{0x00000000c51e1728}: 'java.lang.Object java.lang.invoke.DirectMethodHandle$Holder.invokeStatic(java.lang.Object, java.lang.Object, java.lang.Object, java.lang.Object, java.lang.Object, java.lang.Object, java.lang.Object, java.lang.Object, java.lang.Object, java.lang.Object, java.lang.Object, java.lang.Object, java.lang.Object, java.lang.Object, java.lang.Object)'> (0x00000000c51e1728) thrown at [./src/hotspot/share/interpreter/linkResolver.cpp, line 773]
Event: 2.369 Thread 0x00000238e2828800 Exception <a 'java/lang/NoSuchMethodError'{0x00000000c51efb00}: 'java.lang.Object java.lang.invoke.DirectMethodHandle$Holder.invokeStatic(java.lang.Object, java.lang.Object, java.lang.Object, java.lang.Object, java.lang.Object, java.lang.Object, java.lang.Object, java.lang.Object, java.lang.Object, java.lang.Object, java.lang.Object, java.lang.Object, java.lang.Object, java.lang.Object, java.lang.Object, java.lang.Object)'> (0x00000000c51efb00) thrown at [./src/hotspot/share/interpreter/linkResolver.cpp, l
Event: 2.372 Thread 0x00000238e2828800 Exception <a 'java/lang/NoSuchMethodError'{0x00000000c51fdcb8}: 'java.lang.Object java.lang.invoke.DirectMethodHandle$Holder.invokeSpecial(java.lang.Object, java.lang.Object, int, int, java.lang.Object, java.lang.Object, java.lang.Object)'> (0x00000000c51fdcb8) thrown at [./src/hotspot/share/interpreter/linkResolver.cpp, line 773]
Event: 2.373 Thread 0x00000238e2828800 Exception <a 'java/lang/NoSuchMethodError'{0x00000000c4f01990}: 'java.lang.Object java.lang.invoke.DelegatingMethodHandle$Holder.reinvoke_L(java.lang.Object, int, int, java.lang.Object, java.lang.Object, java.lang.Object)'> (0x00000000c4f01990) thrown at [./src/hotspot/share/interpreter/linkResolver.cpp, line 773]
Event: 2.374 Thread 0x00000238e2828800 Exception <a 'java/lang/NoSuchMethodError'{0x00000000c4f05d18}: 'java.lang.Object java.lang.invoke.DirectMethodHandle$Holder.invokeStatic(java.lang.Object, java.lang.Object, java.lang.Object, java.lang.Object, int)'> (0x00000000c4f05d18) thrown at [./src/hotspot/share/interpreter/linkResolver.cpp, line 773]
Event: 2.460 Thread 0x00000238e2828800 Implicit null exception at 0x00000238ef50242c to 0x00000238ef5025da
Event: 2.510 Thread 0x00000238e2828800 Exception <a 'java/lang/NoSuchMethodError'{0x00000000c4a83df0}: 'void java.lang.invoke.DirectMethodHandle$Holder.invokeStatic(java.lang.Object, java.lang.Object, java.lang.Object, java.lang.Object)'> (0x00000000c4a83df0) thrown at [./src/hotspot/share/interpreter/linkResolver.cpp, line 773]
Event: 2.542 Thread 0x00000238e2828800 Exception <a 'java/lang/NoSuchMethodError'{0x00000000c49d3358}: 'void java.lang.invoke.DirectMethodHandle$Holder.invokeSpecial(java.lang.Object, java.lang.Object)'> (0x00000000c49d3358) thrown at [./src/hotspot/share/interpreter/linkResolver.cpp, line 773]
Event: 2.594 Thread 0x00000238e2828800 Exception <a 'java/lang/NoSuchMethodError'{0x00000000c4676c08}: 'void java.lang.invoke.DirectMethodHandle$Holder.invokeStaticInit(java.lang.Object, java.lang.Object)'> (0x00000000c4676c08) thrown at [./src/hotspot/share/interpreter/linkResolver.cpp, line 773]
Event: 2.606 Thread 0x00000238e2828800 Exception <a 'java/lang/NoSuchMethodError'{0x00000000c46b5218}: 'void java.lang.invoke.DirectMethodHandle$Holder.invokeInterface(java.lang.Object, java.lang.Object)'> (0x00000000c46b5218) thrown at [./src/hotspot/share/interpreter/linkResolver.cpp, line 773]
Event: 2.740 Thread 0x00000238e2828800 Exception <a 'java/lang/NoSuchMethodError'{0x00000000c59cf868}: 'void java.lang.invoke.DirectMethodHandle$Holder.invokeVirtual(java.lang.Object, java.lang.Object)'> (0x00000000c59cf868) thrown at [./src/hotspot/share/interpreter/linkResolver.cpp, line 773]
Event: 2.753 Thread 0x00000238e2828800 Exception <a 'java/lang/NoSuchMethodError'{0x00000000c5847bd0}: 'int java.lang.invoke.DirectMethodHandle$Holder.invokeVirtual(java.lang.Object, java.lang.Object)'> (0x00000000c5847bd0) thrown at [./src/hotspot/share/interpreter/linkResolver.cpp, line 773]

Events (20 events):
Event: 2.771 loading class org/jetbrains/kotlin/com/intellij/psi/LanguageFileViewProviders
Event: 2.771 loading class org/jetbrains/kotlin/com/intellij/psi/LanguageFileViewProviders done
Event: 2.771 loading class org/jetbrains/kotlin/com/intellij/psi/SingleRootFileViewProvider
Event: 2.771 loading class org/jetbrains/kotlin/com/intellij/psi/SingleRootFileViewProvider done
Event: 2.772 loading class org/jetbrains/kotlin/com/intellij/psi/AbstractFileViewProvider
Event: 2.772 loading class org/jetbrains/kotlin/com/intellij/psi/AbstractFileViewProvider done
Event: 2.773 loading class org/jetbrains/kotlin/com/intellij/psi/AbstractFileViewProvider$Content
Event: 2.773 loading class org/jetbrains/kotlin/com/intellij/psi/AbstractFileViewProvider$Content done
Event: 2.773 loading class org/jetbrains/kotlin/com/intellij/psi/impl/file/PsiBinaryFileImpl
Event: 2.773 loading class org/jetbrains/kotlin/com/intellij/psi/impl/file/PsiBinaryFileImpl done
Event: 2.774 loading class org/jetbrains/kotlin/com/intellij/psi/PsiBinaryFile
Event: 2.774 loading class org/jetbrains/kotlin/com/intellij/psi/PsiBinaryFile done
Event: 2.776 loading class org/jetbrains/kotlin/com/intellij/psi/impl/file/PsiLargeBinaryFileImpl
Event: 2.776 loading class org/jetbrains/kotlin/com/intellij/psi/impl/file/PsiLargeBinaryFileImpl done
Event: 2.776 loading class org/jetbrains/kotlin/com/intellij/psi/PsiLargeBinaryFile
Event: 2.776 loading class org/jetbrains/kotlin/com/intellij/psi/PsiLargeBinaryFile done
Event: 2.776 loading class org/jetbrains/kotlin/com/intellij/psi/PsiLargeFile
Event: 2.776 loading class org/jetbrains/kotlin/com/intellij/psi/PsiLargeFile done
Event: 2.780 loading class org/jetbrains/kotlin/com/intellij/psi/PsiLock
Event: 2.780 loading class org/jetbrains/kotlin/com/intellij/psi/PsiLock done


Dynamic libraries:
0x00007ff6cf1a0000 - 0x00007ff6cf1aa000 	C:\Program Files\Android\Android Studio\jre\bin\java.exe
0x00007ff85a7d0000 - 0x00007ff85a9c5000 	C:\Windows\SYSTEM32\ntdll.dll
0x00007ff858be0000 - 0x00007ff858c9d000 	C:\Windows\System32\KERNEL32.DLL
0x00007ff857f70000 - 0x00007ff858238000 	C:\Windows\System32\KERNELBASE.dll
0x00007ff858240000 - 0x00007ff858340000 	C:\Windows\System32\ucrtbase.dll
0x00007ff848c20000 - 0x00007ff848c39000 	C:\Program Files\Android\Android Studio\jre\bin\jli.dll
0x00007ff848c40000 - 0x00007ff848c57000 	C:\Program Files\Android\Android Studio\jre\bin\VCRUNTIME140.dll
0x00007ff85a310000 - 0x00007ff85a4b0000 	C:\Windows\System32\USER32.dll
0x00007ff847ae0000 - 0x00007ff847d7a000 	C:\Windows\WinSxS\amd64_microsoft.windows.common-controls_6595b64144ccf1df_6.0.19041.844_none_ca00b6081b84eb1d\COMCTL32.dll
0x00007ff8583f0000 - 0x00007ff858412000 	C:\Windows\System32\win32u.dll
0x00007ff858ca0000 - 0x00007ff858d3e000 	C:\Windows\System32\msvcrt.dll
0x00007ff858d40000 - 0x00007ff858d6a000 	C:\Windows\System32\GDI32.dll
0x00007ff8584f0000 - 0x00007ff8585fb000 	C:\Windows\System32\gdi32full.dll
0x00007ff858600000 - 0x00007ff85869d000 	C:\Windows\System32\msvcp_win.dll
0x00007ff858af0000 - 0x00007ff858b20000 	C:\Windows\System32\IMM32.DLL
0x00007ff840a70000 - 0x00007ff840b0d000 	C:\Program Files\Android\Android Studio\jre\bin\msvcp140.dll
0x00007ff834110000 - 0x00007ff834bcc000 	C:\Program Files\Android\Android Studio\jre\bin\server\jvm.dll
0x00007ff858830000 - 0x00007ff8588dc000 	C:\Windows\System32\ADVAPI32.dll
0x00007ff8599e0000 - 0x00007ff859a7b000 	C:\Windows\System32\sechost.dll
0x00007ff858e30000 - 0x00007ff858f5b000 	C:\Windows\System32\RPCRT4.dll
0x00007ff858d90000 - 0x00007ff858d98000 	C:\Windows\System32\PSAPI.DLL
0x00007ff846a90000 - 0x00007ff846ab7000 	C:\Windows\SYSTEM32\WINMM.dll
0x00007ff8535a0000 - 0x00007ff8535a9000 	C:\Windows\SYSTEM32\WSOCK32.dll
0x00007ff84b650000 - 0x00007ff84b65a000 	C:\Windows\SYSTEM32\VERSION.dll
0x00007ff8596b0000 - 0x00007ff85971b000 	C:\Windows\System32\WS2_32.dll
0x00007ff855e60000 - 0x00007ff855e72000 	C:\Windows\SYSTEM32\kernel.appcore.dll
0x00007ff848ed0000 - 0x00007ff848ee1000 	C:\Program Files\Android\Android Studio\jre\bin\verify.dll
0x00007ff8446c0000 - 0x00007ff8448a4000 	C:\Windows\SYSTEM32\DBGHELP.DLL
0x00007ff8486d0000 - 0x00007ff8486fc000 	C:\Windows\SYSTEM32\dbgcore.DLL
0x00007ff858420000 - 0x00007ff8584a0000 	C:\Windows\System32\bcryptPrimitives.dll
0x00007ff848cb0000 - 0x00007ff848cd9000 	C:\Program Files\Android\Android Studio\jre\bin\java.dll
0x00007ff853590000 - 0x00007ff85359b000 	C:\Program Files\Android\Android Studio\jre\bin\jimage.dll
0x00007ff848c90000 - 0x00007ff848ca8000 	C:\Program Files\Android\Android Studio\jre\bin\zip.dll
0x00007ff858f60000 - 0x00007ff8596a2000 	C:\Windows\System32\SHELL32.dll
0x00007ff856060000 - 0x00007ff8567f0000 	C:\Windows\SYSTEM32\windows.storage.dll
0x00007ff859a80000 - 0x00007ff859dd5000 	C:\Windows\System32\combase.dll
0x00007ff857980000 - 0x00007ff8579ac000 	C:\Windows\SYSTEM32\Wldp.dll
0x00007ff85a4b0000 - 0x00007ff85a55e000 	C:\Windows\System32\SHCORE.dll
0x00007ff858a90000 - 0x00007ff858ae5000 	C:\Windows\System32\shlwapi.dll
0x00007ff857e50000 - 0x00007ff857e6f000 	C:\Windows\SYSTEM32\profapi.dll
0x00007ff848b70000 - 0x00007ff848b8a000 	C:\Program Files\Android\Android Studio\jre\bin\net.dll
0x00007ff84cf40000 - 0x00007ff84d04b000 	C:\Windows\SYSTEM32\WINHTTP.dll
0x00007ff8576f0000 - 0x00007ff85775a000 	C:\Windows\system32\mswsock.dll
0x00007ff848b50000 - 0x00007ff848b64000 	C:\Program Files\Android\Android Studio\jre\bin\nio.dll

dbghelp: loaded successfully - version: 4.0.5 - missing functions: none
symbol engine: initialized successfully - sym options: 0x614 - pdb path: .;C:\Program Files\Android\Android Studio\jre\bin;C:\Windows\SYSTEM32;C:\Windows\WinSxS\amd64_microsoft.windows.common-controls_6595b64144ccf1df_6.0.19041.844_none_ca00b6081b84eb1d;C:\Program Files\Android\Android Studio\jre\bin\server

VM Arguments:
java_command: org.jetbrains.kotlin.cli.jvm.K2JVMCompiler @C:\Users\User\AndroidStudioProjects\ThApp\app\build\20210727_11768171153803840561.compiler.options
java_class_path (initial): C:\Users\User\.gradle\caches\modules-2\files-2.1\org.jetbrains.kotlin\kotlin-compiler-embeddable\1.5.21\40ddbcae9ff100473f95370c2d589ba3fc48eed5\kotlin-compiler-embeddable-1.5.21.jar;C:\Users\User\.gradle\caches\modules-2\files-2.1\org.jetbrains.kotlin\kotlin-reflect\1.5.21\802f1f39735ae1eb2b75714a40fa19bb2e687e96\kotlin-reflect-1.5.21.jar;C:\Users\User\.gradle\caches\modules-2\files-2.1\org.jetbrains.kotlin\kotlin-stdlib\1.5.21\2f537cad7e9eeb9da73738c8812e1e4cf9b62e4e\kotlin-stdlib-1.5.21.jar;C:\Users\User\.gradle\caches\modules-2\files-2.1\org.jetbrains.kotlin\kotlin-script-runtime\1.5.21\96d49e89873fde985750af354b6eabb60cfa999b\kotlin-script-runtime-1.5.21.jar;C:\Users\User\.gradle\caches\modules-2\files-2.1\org.jetbrains.kotlin\kotlin-daemon-embeddable\1.5.21\17255809e66a940dfdf6289bccbdfb5a09f3145\kotlin-daemon-embeddable-1.5.21.jar;C:\Users\User\.gradle\caches\modules-2\files-2.1\org.jetbrains.intellij.deps\trove4j\1.0.20181211\216c2e14b070f334479d800987affe4054cd563f\trove4j-1.0.20181211.jar;C:\Users\User\.gradle\caches\modules-2\files-2.1\org.jetbrains\annotations\13.0\919f0dfe192fb4e063e7dacadee7f8bb9a2672a9\annotations-13.0.jar;C:\Users\User\.gradle\caches\modules-2\files-2.1\org.jetbrains.kotlin\kotlin-stdlib-common\1.5.21\cc8bf3586fd2ebcf234058b9440bb406e62dfacb\kotlin-stdlib-common-1.5.21.jar
Launcher Type: SUN_STANDARD

[Global flags]
     intx CICompilerCount                          = 3                                         {product} {ergonomic}
     uint ConcGCThreads                            = 1                                         {product} {ergonomic}
     uint G1ConcRefinementThreads                  = 4                                         {product} {ergonomic}
   size_t G1HeapRegionSize                         = 1048576                                   {product} {ergonomic}
    uintx GCDrainStackTargetSize                   = 64                                        {product} {ergonomic}
   size_t InitialHeapSize                          = 67108864                                  {product} {ergonomic}
   size_t MarkStackSize                            = 4194304                                   {product} {ergonomic}
   size_t MaxHeapSize                              = 1046478848                                {product} {ergonomic}
   size_t MaxNewSize                               = 627048448                                 {product} {ergonomic}
   size_t MinHeapDeltaBytes                        = 1048576                                   {product} {ergonomic}
    uintx NonNMethodCodeHeapSize                   = 5830732                                {pd product} {ergonomic}
    uintx NonProfiledCodeHeapSize                  = 122913754                              {pd product} {ergonomic}
    uintx ProfiledCodeHeapSize                     = 122913754                              {pd product} {ergonomic}
    uintx ReservedCodeCacheSize                    = 251658240                              {pd product} {ergonomic}
     bool SegmentedCodeCache                       = true                                      {product} {ergonomic}
     bool UseCompressedClassPointers               = true                                 {lp64_product} {ergonomic}
     bool UseCompressedOops                        = true                                 {lp64_product} {ergonomic}
     bool UseG1GC                                  = true                                      {product} {ergonomic}
     bool UseLargePagesIndividualAllocation        = false                                  {pd product} {ergonomic}

Logging:
Log output configuration:
 #0: stdout all=warning uptime,level,tags
 #1: stderr all=off uptime,level,tags

Environment Variables:
JAVA_HOME=C:\Program Files\Java\jdk-16.0.1
PATH=C:\Program Files\Common Files\Oracle\Java\javapath;C:\Windows\system32;C:\Windows;C:\Windows\System32\Wbem;C:\Windows\System32\WindowsPowerShell\v1.0\;C:\Windows\System32\OpenSSH\;C:\Program Files\Git\cmd;C:\Program Files\Java\jdk-16.0.1\bin;C:\Users\User\AppData\Local\Android\Sdk\platform-tools;C:\Users\User\AppData\Local\Microsoft\WindowsApps;C:\IntelliJ IDEA Community Edition 2021.1.3\bin;;C:\Users\User\AppData\Local\Android\Sdk\platform-tools;
USERNAME=User
OS=Windows_NT
PROCESSOR_IDENTIFIER=Intel64 Family 6 Model 61 Stepping 4, GenuineIntel



---------------  S Y S T E M  ---------------

OS: Windows 10 , 64 bit Build 19041 (10.0.19041.928)
OS uptime: 6 days 21:54 hours

CPU:total 4 (initial active 4) (2 cores per cpu, 2 threads per core) family 6 model 61 stepping 4, cmov, cx8, fxsr, mmx, sse, sse2, sse3, ssse3, sse4.1, sse4.2, popcnt, avx, avx2, aes, clmul, erms, 3dnowpref, lzcnt, ht, tsc, tscinvbit, bmi1, bmi2, adx, fma

Memory: 4k page, system-wide physical 3991M (336M free)
TotalPageFile size 3991M (AvailPageFile size 5M)
current process WorkingSet (physical memory assigned to process): 140M, peak: 140M
current process commit charge ("private bytes"): 175M, peak: 188M

vm_info: OpenJDK 64-Bit Server VM (11.0.8+10-b944.6842174) for windows-amd64 JRE (11.0.8+10-b944.6842174), built on Sep 19 2020 01:11:42 by "builder" with MS VC++ 14.0 (VS2015)

END.
