#
# There is insufficient memory for the Java Runtime Environment to continue.
# Native memory allocation (mmap) failed to map 36700160 bytes for Failed to commit area from 0x00000000c7a00000 to 0x00000000c9d00000 of length 36700160.
# Possible reasons:
#   The system is out of physical RAM or swap space
#   The process is running with CompressedOops enabled, and the Java Heap may be blocking the growth of the native heap
# Possible solutions:
#   Reduce memory load on the system
#   Increase physical memory or swap space
#   Check if swap backing store is full
#   Decrease Java heap size (-Xmx/-Xms)
#   Decrease number of Java threads
#   Decrease Java thread stack sizes (-Xss)
#   Set larger code cache with -XX:ReservedCodeCacheSize=
#   JVM is running with Unscaled Compressed Oops mode in which the Java heap is
#     placed in the first 4GB address space. The Java Heap base address is the
#     maximum limit for the native heap growth. Please use -XX:HeapBaseMinAddress
#     to set the Java Heap base and to place the Java Heap above 4GB virtual address.
# This output file may be truncated or incomplete.
#
#  Out of Memory Error (./src/hotspot/os/windows/os_windows.cpp:3303), pid=3836, tid=3520
#
# JRE version: OpenJDK Runtime Environment (11.0.8+10) (build 11.0.8+10-b944.6842174)
# Java VM: OpenJDK 64-Bit Server VM (11.0.8+10-b944.6842174, mixed mode, tiered, compressed oops, g1 gc, windows-amd64)
# No core dump will be written. Minidumps are not enabled by default on client versions of Windows
#

---------------  S U M M A R Y ------------

Command Line: org.jetbrains.kotlin.cli.jvm.K2JVMCompiler @C:\Users\User\AndroidStudioProjects\ThApp\app\build\20210727_5734782176175347959.compiler.options

Host: Intel(R) Core(TM) i3-5005U CPU @ 2.00GHz, 4 cores, 3G,  Windows 10 , 64 bit Build 19041 (10.0.19041.928)
Time: Tue Jul 27 15:36:29 2021 Hora oficial do Brasil elapsed time: 9 seconds (0d 0h 0m 9s)

---------------  T H R E A D  ---------------

Current thread (0x00000226335b4800):  VMThread "VM Thread" [stack: 0x000000b8bf700000,0x000000b8bf800000] [id=3520]

Stack: [0x000000b8bf700000,0x000000b8bf800000]
[error occurred during error reporting (printing stack bounds), id 0xc0000005, EXCEPTION_ACCESS_VIOLATION (0xc0000005) at pc=0x000002261ec90dad]

Native frames: (J=compiled Java code, j=interpreted, Vv=VM code, C=native code)
V  [jvm.dll+0x5de50a]
V  [jvm.dll+0x7122f5]
V  [jvm.dll+0x71384d]
V  [jvm.dll+0x713e65]
V  [jvm.dll+0x713e1b]
V  [jvm.dll+0x5dd958]
V  [jvm.dll+0x5de0f8]
C  [ntdll.dll+0xa217f]
C  [ntdll.dll+0x51454]
C  [ntdll.dll+0xa0cae]
C  0x000002261ec90dad

VM_Operation (0x000000b8bf1fd050): G1CollectForAllocation, mode: safepoint, requested by thread 0x000002261b308000


---------------  P R O C E S S  ---------------

Threads class SMR info:
_java_thread_list=0x0000022633eb5720, length=10, elements={
0x000002261b308000, 0x00000226335d7800, 0x00000226335e5800, 0x00000226335f6000,
0x00000226335f7000, 0x00000226335f9800, 0x00000226335fe000, 0x000002263364a800,
0x00000226338cd800, 0x00000226338dd000
}

Java Threads: ( => current thread )
  0x000002261b308000 JavaThread "main" [_thread_blocked, id=5100, stack(0x000000b8bf100000,0x000000b8bf200000)]
  0x00000226335d7800 JavaThread "Reference Handler" daemon [_thread_blocked, id=6496, stack(0x000000b8bf800000,0x000000b8bf900000)]
  0x00000226335e5800 JavaThread "Finalizer" daemon [_thread_blocked, id=4016, stack(0x000000b8bf900000,0x000000b8bfa00000)]
  0x00000226335f6000 JavaThread "Signal Dispatcher" daemon [_thread_blocked, id=4696, stack(0x000000b8bfa00000,0x000000b8bfb00000)]
  0x00000226335f7000 JavaThread "Attach Listener" daemon [_thread_blocked, id=1708, stack(0x000000b8bfb00000,0x000000b8bfc00000)]
  0x00000226335f9800 JavaThread "C2 CompilerThread0" daemon [_thread_in_native, id=4244, stack(0x000000b8bfc00000,0x000000b8bfd00000)]
  0x00000226335fe000 JavaThread "C1 CompilerThread0" daemon [_thread_blocked, id=812, stack(0x000000b8bfd00000,0x000000b8bfe00000)]
  0x000002263364a800 JavaThread "Sweeper thread" daemon [_thread_blocked, id=6036, stack(0x000000b8bfe00000,0x000000b8bff00000)]
  0x00000226338cd800 JavaThread "Service Thread" daemon [_thread_blocked, id=5640, stack(0x000000b8bff00000,0x000000b8c0000000)]
  0x00000226338dd000 JavaThread "Common-Cleaner" daemon [_thread_blocked, id=3460, stack(0x000000b8c0100000,0x000000b8c0200000)]

Other Threads:
=>0x00000226335b4800 VMThread "VM Thread" [stack: 0x000000b8bf700000,0x000000b8bf800000] [id=3520]
  0x00000226338ce800 WatcherThread [stack: 0x000000b8c0000000,0x000000b8c0100000] [id=6372]
  0x000002261b320000 GCTaskThread "GC Thread#0" [stack: 0x000000b8bf200000,0x000000b8bf300000] [id=5648]
  0x0000022633e5a800 GCTaskThread "GC Thread#1" [stack: 0x000000b8c0300000,0x000000b8c0400000] [id=5016]
  0x000002261b33c000 ConcurrentGCThread "G1 Main Marker" [stack: 0x000000b8bf300000,0x000000b8bf400000] [id=1460]
  0x000002261b33e000 ConcurrentGCThread "G1 Conc#0" [stack: 0x000000b8bf400000,0x000000b8bf500000] [id=3412]
  0x000002261b395000 ConcurrentGCThread "G1 Refine#0" [stack: 0x000000b8bf500000,0x000000b8bf600000] [id=1172]
  0x000002261b396800 ConcurrentGCThread "G1 Young RemSet Sampling" [stack: 0x000000b8bf600000,0x000000b8bf700000] [id=6876]

Threads with active compile tasks:
C2 CompilerThread0   9990 5940       4       jdk.internal.loader.BuiltinClassLoader::loadClass (22 bytes)
C1 CompilerThread0   9990 6150       2       org.jetbrains.kotlin.util.capitalizeDecapitalize.CapitalizeDecapitalizeKt::toLowerCaseAsciiOnly (109 bytes)

VM state:at safepoint (normal execution)

VM Mutex/Monitor currently owned by a thread:  ([mutex/lock_event])
[0x000002261b305110] Threads_lock - owner thread: 0x00000226335b4800
[0x000002261b303fa0] Heap_lock - owner thread: 0x000002261b308000

Heap address: 0x00000000c1a00000, size: 998 MB, Compressed Oops mode: 32-bit
Narrow klass base: 0x0000000000000000, Narrow klass shift: 3
Compressed class space size: 1073741824 Address: 0x0000000100000000

Heap:
 garbage-first heap   total 134144K, used 47487K [0x00000000c1a00000, 0x0000000100000000)
  region size 1024K, 2 young (2048K), 2 survivors (2048K)
 Metaspace       used 59948K, capacity 60491K, committed 60544K, reserved 1103872K
  class space    used 6800K, capacity 7023K, committed 7040K, reserved 1048576K
Heap Regions: E=young(eden), S=young(survivor), O=old, HS=humongous(starts), HC=humongous(continues), CS=collection set, F=free, A=archive, TAMS=top-at-mark-start (previous, next)
|   0|0x00000000c1a00000, 0x00000000c1b00000, 0x00000000c1b00000|100%|HS|  |TAMS 0x00000000c1b00000, 0x00000000c1a00000| Complete 
|   1|0x00000000c1b00000, 0x00000000c1c00000, 0x00000000c1c00000|100%|HC|  |TAMS 0x00000000c1c00000, 0x00000000c1b00000| Complete 
|   2|0x00000000c1c00000, 0x00000000c1d00000, 0x00000000c1d00000|100%|HC|  |TAMS 0x00000000c1d00000, 0x00000000c1c00000| Complete 
|   3|0x00000000c1d00000, 0x00000000c1e00000, 0x00000000c1e00000|100%| O|  |TAMS 0x00000000c1e00000, 0x00000000c1d00000| Untracked 
|   4|0x00000000c1e00000, 0x00000000c1f00000, 0x00000000c1f00000|100%| O|  |TAMS 0x00000000c1f00000, 0x00000000c1e00000| Untracked 
|   5|0x00000000c1f00000, 0x00000000c2000000, 0x00000000c2000000|100%| O|  |TAMS 0x00000000c2000000, 0x00000000c1f00000| Untracked 
|   6|0x00000000c2000000, 0x00000000c2100000, 0x00000000c2100000|100%| O|  |TAMS 0x00000000c2100000, 0x00000000c2000000| Untracked 
|   7|0x00000000c2100000, 0x00000000c2200000, 0x00000000c2200000|100%| O|  |TAMS 0x00000000c2200000, 0x00000000c2100000| Untracked 
|   8|0x00000000c2200000, 0x00000000c2300000, 0x00000000c2300000|100%| O|  |TAMS 0x00000000c2300000, 0x00000000c2200000| Untracked 
|   9|0x00000000c2300000, 0x00000000c2400000, 0x00000000c2400000|100%|HS|  |TAMS 0x00000000c2400000, 0x00000000c2300000| Complete 
|  10|0x00000000c2400000, 0x00000000c2500000, 0x00000000c2500000|100%|HC|  |TAMS 0x00000000c2500000, 0x00000000c2400000| Complete 
|  11|0x00000000c2500000, 0x00000000c2600000, 0x00000000c2600000|100%|HC|  |TAMS 0x00000000c2600000, 0x00000000c2500000| Complete 
|  12|0x00000000c2600000, 0x00000000c2700000, 0x00000000c2700000|100%|HS|  |TAMS 0x00000000c2700000, 0x00000000c2600000| Complete 
|  13|0x00000000c2700000, 0x00000000c2800000, 0x00000000c2800000|100%|HC|  |TAMS 0x00000000c2800000, 0x00000000c2700000| Complete 
|  14|0x00000000c2800000, 0x00000000c2900000, 0x00000000c2900000|100%|HC|  |TAMS 0x00000000c2900000, 0x00000000c2800000| Complete 
|  15|0x00000000c2900000, 0x00000000c2a00000, 0x00000000c2a00000|100%|HS|  |TAMS 0x00000000c2a00000, 0x00000000c2900000| Complete 
|  16|0x00000000c2a00000, 0x00000000c2b00000, 0x00000000c2b00000|100%|HC|  |TAMS 0x00000000c2b00000, 0x00000000c2a00000| Complete 
|  17|0x00000000c2b00000, 0x00000000c2c00000, 0x00000000c2c00000|100%| O|  |TAMS 0x00000000c2c00000, 0x00000000c2b00000| Untracked 
|  18|0x00000000c2c00000, 0x00000000c2d00000, 0x00000000c2d00000|100%| O|  |TAMS 0x00000000c2d00000, 0x00000000c2c00000| Untracked 
|  19|0x00000000c2d00000, 0x00000000c2e00000, 0x00000000c2e00000|100%| O|  |TAMS 0x00000000c2e00000, 0x00000000c2d00000| Untracked 
|  20|0x00000000c2e00000, 0x00000000c2f00000, 0x00000000c2f00000|100%| O|  |TAMS 0x00000000c2f00000, 0x00000000c2e00000| Untracked 
|  21|0x00000000c2f00000, 0x00000000c3000000, 0x00000000c3000000|100%| O|  |TAMS 0x00000000c3000000, 0x00000000c2f00000| Untracked 
|  22|0x00000000c3000000, 0x00000000c3100000, 0x00000000c3100000|100%| O|  |TAMS 0x00000000c30e3a00, 0x00000000c3000000| Untracked 
|  23|0x00000000c3100000, 0x00000000c3200000, 0x00000000c3200000|100%| O|  |TAMS 0x00000000c3100000, 0x00000000c3100000| Untracked 
|  24|0x00000000c3200000, 0x00000000c3300000, 0x00000000c3300000|100%| O|  |TAMS 0x00000000c3200000, 0x00000000c3200000| Untracked 
|  25|0x00000000c3300000, 0x00000000c3400000, 0x00000000c3400000|100%| O|  |TAMS 0x00000000c3300000, 0x00000000c3300000| Untracked 
|  26|0x00000000c3400000, 0x00000000c3500000, 0x00000000c3500000|100%| O|  |TAMS 0x00000000c3400000, 0x00000000c3400000| Untracked 
|  27|0x00000000c3500000, 0x00000000c3600000, 0x00000000c3600000|100%| O|  |TAMS 0x00000000c3500000, 0x00000000c3500000| Untracked 
|  28|0x00000000c3600000, 0x00000000c3700000, 0x00000000c3700000|100%| O|  |TAMS 0x00000000c3600000, 0x00000000c3600000| Untracked 
|  29|0x00000000c3700000, 0x00000000c3800000, 0x00000000c3800000|100%| O|  |TAMS 0x00000000c3700000, 0x00000000c3700000| Untracked 
|  30|0x00000000c3800000, 0x00000000c3900000, 0x00000000c3900000|100%| O|  |TAMS 0x00000000c3800000, 0x00000000c3800000| Untracked 
|  31|0x00000000c3900000, 0x00000000c3a00000, 0x00000000c3a00000|100%| O|  |TAMS 0x00000000c3900000, 0x00000000c3900000| Untracked 
|  32|0x00000000c3a00000, 0x00000000c3b00000, 0x00000000c3b00000|100%| O|  |TAMS 0x00000000c3a00000, 0x00000000c3a00000| Untracked 
|  33|0x00000000c3b00000, 0x00000000c3c00000, 0x00000000c3c00000|100%| O|  |TAMS 0x00000000c3b00000, 0x00000000c3b00000| Untracked 
|  34|0x00000000c3c00000, 0x00000000c3d00000, 0x00000000c3d00000|100%| O|  |TAMS 0x00000000c3c00000, 0x00000000c3c00000| Untracked 
|  35|0x00000000c3d00000, 0x00000000c3e00000, 0x00000000c3e00000|100%| O|  |TAMS 0x00000000c3d00000, 0x00000000c3d00000| Untracked 
|  36|0x00000000c3e00000, 0x00000000c3f00000, 0x00000000c3f00000|100%| O|  |TAMS 0x00000000c3e00000, 0x00000000c3e00000| Untracked 
|  37|0x00000000c3f00000, 0x00000000c4000000, 0x00000000c4000000|100%| O|  |TAMS 0x00000000c3f00000, 0x00000000c3f00000| Untracked 
|  38|0x00000000c4000000, 0x00000000c4100000, 0x00000000c4100000|100%| O|  |TAMS 0x00000000c4000000, 0x00000000c4000000| Untracked 
|  39|0x00000000c4100000, 0x00000000c4200000, 0x00000000c4200000|100%| O|  |TAMS 0x00000000c4100000, 0x00000000c4100000| Untracked 
|  40|0x00000000c4200000, 0x00000000c4300000, 0x00000000c4300000|100%| O|  |TAMS 0x00000000c4200000, 0x00000000c4200000| Untracked 
|  41|0x00000000c4300000, 0x00000000c4400000, 0x00000000c4400000|100%| O|  |TAMS 0x00000000c4300000, 0x00000000c4300000| Untracked 
|  42|0x00000000c4400000, 0x00000000c4500000, 0x00000000c4500000|100%| O|  |TAMS 0x00000000c4400000, 0x00000000c4400000| Untracked 
|  43|0x00000000c4500000, 0x00000000c4600000, 0x00000000c4600000|100%| O|  |TAMS 0x00000000c4500000, 0x00000000c4500000| Untracked 
|  44|0x00000000c4600000, 0x00000000c465fc00, 0x00000000c4700000| 37%| O|  |TAMS 0x00000000c4600000, 0x00000000c4600000| Untracked 
|  45|0x00000000c4700000, 0x00000000c4700000, 0x00000000c4800000|  0%| F|  |TAMS 0x00000000c4700000, 0x00000000c4700000| Untracked 
|  46|0x00000000c4800000, 0x00000000c4800000, 0x00000000c4900000|  0%| F|  |TAMS 0x00000000c4800000, 0x00000000c4800000| Untracked 
|  47|0x00000000c4900000, 0x00000000c4900000, 0x00000000c4a00000|  0%| F|  |TAMS 0x00000000c4900000, 0x00000000c4900000| Untracked 
|  48|0x00000000c4a00000, 0x00000000c4a00000, 0x00000000c4b00000|  0%| F|  |TAMS 0x00000000c4a00000, 0x00000000c4a00000| Untracked 
|  49|0x00000000c4b00000, 0x00000000c4b00000, 0x00000000c4c00000|  0%| F|  |TAMS 0x00000000c4b00000, 0x00000000c4b00000| Untracked 
|  50|0x00000000c4c00000, 0x00000000c4c00000, 0x00000000c4d00000|  0%| F|  |TAMS 0x00000000c4c00000, 0x00000000c4c00000| Untracked 
|  51|0x00000000c4d00000, 0x00000000c4d00000, 0x00000000c4e00000|  0%| F|  |TAMS 0x00000000c4d00000, 0x00000000c4d00000| Untracked 
|  52|0x00000000c4e00000, 0x00000000c4e00000, 0x00000000c4f00000|  0%| F|  |TAMS 0x00000000c4e00000, 0x00000000c4e00000| Untracked 
|  53|0x00000000c4f00000, 0x00000000c4f00000, 0x00000000c5000000|  0%| F|  |TAMS 0x00000000c4f00000, 0x00000000c4f00000| Untracked 
|  54|0x00000000c5000000, 0x00000000c5000000, 0x00000000c5100000|  0%| F|  |TAMS 0x00000000c5000000, 0x00000000c5000000| Untracked 
|  55|0x00000000c5100000, 0x00000000c5100000, 0x00000000c5200000|  0%| F|  |TAMS 0x00000000c5100000, 0x00000000c5100000| Untracked 
|  56|0x00000000c5200000, 0x00000000c5200000, 0x00000000c5300000|  0%| F|  |TAMS 0x00000000c5200000, 0x00000000c5200000| Untracked 
|  57|0x00000000c5300000, 0x00000000c5300000, 0x00000000c5400000|  0%| F|  |TAMS 0x00000000c5300000, 0x00000000c5300000| Untracked 
|  58|0x00000000c5400000, 0x00000000c5400000, 0x00000000c5500000|  0%| F|  |TAMS 0x00000000c5400000, 0x00000000c5400000| Untracked 
|  59|0x00000000c5500000, 0x00000000c5500000, 0x00000000c5600000|  0%| F|  |TAMS 0x00000000c5500000, 0x00000000c5500000| Untracked 
|  60|0x00000000c5600000, 0x00000000c5600000, 0x00000000c5700000|  0%| F|  |TAMS 0x00000000c5600000, 0x00000000c5600000| Untracked 
|  61|0x00000000c5700000, 0x00000000c5700000, 0x00000000c5800000|  0%| F|  |TAMS 0x00000000c5700000, 0x00000000c5700000| Untracked 
|  62|0x00000000c5800000, 0x00000000c5800000, 0x00000000c5900000|  0%| F|  |TAMS 0x00000000c5800000, 0x00000000c5800000| Untracked 
|  63|0x00000000c5900000, 0x00000000c5900000, 0x00000000c5a00000|  0%| F|  |TAMS 0x00000000c5900000, 0x00000000c5900000| Untracked 
|  64|0x00000000c5a00000, 0x00000000c5a00000, 0x00000000c5b00000|  0%| F|  |TAMS 0x00000000c5a00000, 0x00000000c5a00000| Untracked 
|  65|0x00000000c5b00000, 0x00000000c5b00000, 0x00000000c5c00000|  0%| F|  |TAMS 0x00000000c5b00000, 0x00000000c5b00000| Untracked 
|  66|0x00000000c5c00000, 0x00000000c5d00000, 0x00000000c5d00000|100%| S|CS|TAMS 0x00000000c5c00000, 0x00000000c5c00000| Complete 
|  67|0x00000000c5d00000, 0x00000000c5d00000, 0x00000000c5e00000|  0%| F|  |TAMS 0x00000000c5d00000, 0x00000000c5d00000| Untracked 
|  68|0x00000000c5e00000, 0x00000000c5f00000, 0x00000000c5f00000|100%| S|CS|TAMS 0x00000000c5e00000, 0x00000000c5e00000| Complete 
|  69|0x00000000c5f00000, 0x00000000c5f00000, 0x00000000c6000000|  0%| F|  |TAMS 0x00000000c5f00000, 0x00000000c5f00000| Untracked 
|  70|0x00000000c6000000, 0x00000000c6000000, 0x00000000c6100000|  0%| F|  |TAMS 0x00000000c6000000, 0x00000000c6000000| Untracked 
|  71|0x00000000c6100000, 0x00000000c6100000, 0x00000000c6200000|  0%| F|  |TAMS 0x00000000c6100000, 0x00000000c6100000| Untracked 
|  72|0x00000000c6200000, 0x00000000c6200000, 0x00000000c6300000|  0%| F|  |TAMS 0x00000000c6200000, 0x00000000c6200000| Untracked 
|  73|0x00000000c6300000, 0x00000000c6300000, 0x00000000c6400000|  0%| F|  |TAMS 0x00000000c6300000, 0x00000000c6300000| Untracked 
|  74|0x00000000c6400000, 0x00000000c6400000, 0x00000000c6500000|  0%| F|  |TAMS 0x00000000c6400000, 0x00000000c6400000| Untracked 
|  75|0x00000000c6500000, 0x00000000c6500000, 0x00000000c6600000|  0%| F|  |TAMS 0x00000000c6500000, 0x00000000c6500000| Untracked 
|  76|0x00000000c6600000, 0x00000000c6600000, 0x00000000c6700000|  0%| F|  |TAMS 0x00000000c6600000, 0x00000000c6600000| Untracked 
|  77|0x00000000c6700000, 0x00000000c6700000, 0x00000000c6800000|  0%| F|  |TAMS 0x00000000c6700000, 0x00000000c6700000| Untracked 
|  78|0x00000000c6800000, 0x00000000c6800000, 0x00000000c6900000|  0%| F|  |TAMS 0x00000000c6800000, 0x00000000c6800000| Untracked 
|  79|0x00000000c6900000, 0x00000000c6900000, 0x00000000c6a00000|  0%| F|  |TAMS 0x00000000c6900000, 0x00000000c6900000| Untracked 
|  80|0x00000000c6a00000, 0x00000000c6a00000, 0x00000000c6b00000|  0%| F|  |TAMS 0x00000000c6a00000, 0x00000000c6a00000| Untracked 
|  81|0x00000000c6b00000, 0x00000000c6b00000, 0x00000000c6c00000|  0%| F|  |TAMS 0x00000000c6b00000, 0x00000000c6b00000| Untracked 
|  82|0x00000000c6c00000, 0x00000000c6c00000, 0x00000000c6d00000|  0%| F|  |TAMS 0x00000000c6c00000, 0x00000000c6c00000| Untracked 
|  83|0x00000000c6d00000, 0x00000000c6d00000, 0x00000000c6e00000|  0%| F|  |TAMS 0x00000000c6d00000, 0x00000000c6d00000| Untracked 
|  84|0x00000000c6e00000, 0x00000000c6e00000, 0x00000000c6f00000|  0%| F|  |TAMS 0x00000000c6e00000, 0x00000000c6e00000| Untracked 
|  85|0x00000000c6f00000, 0x00000000c6f00000, 0x00000000c7000000|  0%| F|  |TAMS 0x00000000c6f00000, 0x00000000c6f00000| Untracked 
|  86|0x00000000c7000000, 0x00000000c7000000, 0x00000000c7100000|  0%| F|  |TAMS 0x00000000c7000000, 0x00000000c7000000| Untracked 
|  87|0x00000000c7100000, 0x00000000c7100000, 0x00000000c7200000|  0%| F|  |TAMS 0x00000000c7100000, 0x00000000c7100000| Untracked 
|  88|0x00000000c7200000, 0x00000000c7200000, 0x00000000c7300000|  0%| F|  |TAMS 0x00000000c7200000, 0x00000000c7200000| Untracked 
|  89|0x00000000c7300000, 0x00000000c7300000, 0x00000000c7400000|  0%| F|  |TAMS 0x00000000c7300000, 0x00000000c7300000| Untracked 
|  90|0x00000000c7400000, 0x00000000c7400000, 0x00000000c7500000|  0%| F|  |TAMS 0x00000000c7400000, 0x00000000c7400000| Untracked 
|  91|0x00000000c7500000, 0x00000000c7500000, 0x00000000c7600000|  0%| F|  |TAMS 0x00000000c7500000, 0x00000000c7500000| Untracked 
|  92|0x00000000c7600000, 0x00000000c7600000, 0x00000000c7700000|  0%| F|  |TAMS 0x00000000c7600000, 0x00000000c7600000| Untracked 
|  93|0x00000000c7700000, 0x00000000c7700000, 0x00000000c7800000|  0%| F|  |TAMS 0x00000000c7700000, 0x00000000c7700000| Untracked 
|  94|0x00000000c7800000, 0x00000000c7800000, 0x00000000c7900000|  0%| F|  |TAMS 0x00000000c7800000, 0x00000000c7800000| Untracked 
|  95|0x00000000c7900000, 0x00000000c7900000, 0x00000000c7a00000|  0%| F|  |TAMS 0x00000000c7900000, 0x00000000c7900000| Untracked 

Card table byte_map: [0x000002262e4c0000,0x000002262e6c0000] _byte_map_base: 0x000002262deb3000

Marking Bits (Prev, Next): (CMBitMap*) 0x000002261b337290, (CMBitMap*) 0x000002261b337258
 Prev Bits: [0x000002262f860000, 0x00000226307f8000)
 Next Bits: [0x000002262e8c0000, 0x000002262f858000)

Polling page: 0x0000022619a10000

Metaspace:

Usage:
  Non-class:     52.21 MB capacity,    51.90 MB (>99%) used,   235.63 KB ( <1%) free+waste,    84.69 KB ( <1%) overhead. 
      Class:      6.86 MB capacity,     6.64 MB ( 97%) used,   188.02 KB (  3%) free+waste,    34.50 KB ( <1%) overhead. 
       Both:     59.07 MB capacity,    58.54 MB (>99%) used,   423.64 KB ( <1%) free+waste,   119.19 KB ( <1%) overhead. 

Virtual space:
  Non-class space:       54.00 MB reserved,      52.25 MB ( 97%) committed 
      Class space:        1.00 GB reserved,       6.88 MB ( <1%) committed 
             Both:        1.05 GB reserved,      59.13 MB (  5%) committed 

Chunk freelists:
   Non-Class:  36.00 KB
       Class:  17.00 KB
        Both:  53.00 KB

MaxMetaspaceSize: 17179869184.00 GB
CompressedClassSpaceSize: 1.00 GB

CodeHeap 'non-profiled nmethods': size=120064Kb used=1922Kb max_used=1922Kb free=118141Kb
 bounds [0x0000022626750000, 0x00000226269c0000, 0x000002262dc90000]
CodeHeap 'profiled nmethods': size=120000Kb used=12091Kb max_used=12091Kb free=107909Kb
 bounds [0x000002261f220000, 0x000002261fdf0000, 0x0000022626750000]
CodeHeap 'non-nmethods': size=5696Kb used=1239Kb max_used=1256Kb free=4456Kb
 bounds [0x000002261ec90000, 0x000002261ef00000, 0x000002261f220000]
 total_blobs=6700 nmethods=6082 adapters=527
 compilation: enabled
              stopped_count=0, restarted_count=0
 full_count=0

Compilation events (20 events):
Event: 9.884 Thread 0x00000226335fe000 nmethod 6145 0x000002261fdeb390 code [0x000002261fdeb6c0, 0x000002261fdebf98]
Event: 9.884 Thread 0x00000226335fe000 6147 %     3       org.jetbrains.kotlin.renderer.RenderingUtilsKt::shouldBeEscaped @ 47 (120 bytes)
Event: 9.885 Thread 0x00000226335fe000 nmethod 6147% 0x000002261fdec610 code [0x000002261fdec880, 0x000002261fded308]
Event: 9.885 Thread 0x00000226335fe000 6148 %     3       org.jetbrains.kotlin.resolve.DescriptorUtils::getContainingModuleOrNull @ 9 (54 bytes)
Event: 9.886 Thread 0x00000226335fe000 nmethod 6148% 0x000002261fded690 code [0x000002261fded8c0, 0x000002261fdee138]
Event: 9.886 Thread 0x00000226335fe000 6124       1       org.jetbrains.kotlin.descriptors.impl.ValueParameterDescriptorImpl::getCompileTimeInitializer (2 bytes)
Event: 9.886 Thread 0x00000226335fe000 nmethod 6124 0x000002262692f910 code [0x000002262692fac0, 0x000002262692fb78]
Event: 9.886 Thread 0x00000226335fe000 6125       1       org.jetbrains.kotlin.descriptors.impl.FunctionDescriptorImpl::isActual (5 bytes)
Event: 9.886 Thread 0x00000226335fe000 nmethod 6125 0x000002262692fc10 code [0x000002262692fdc0, 0x000002262692fe78]
Event: 9.886 Thread 0x00000226335fe000 6134       1       org.jetbrains.kotlin.descriptors.impl.FunctionDescriptorImpl::isExternal (5 bytes)
Event: 9.886 Thread 0x00000226335fe000 nmethod 6134 0x000002262692ff10 code [0x00000226269300c0, 0x0000022626930178]
Event: 9.886 Thread 0x00000226335fe000 6135       1       org.jetbrains.kotlin.descriptors.impl.FunctionDescriptorImpl::isTailrec (5 bytes)
Event: 9.886 Thread 0x00000226335fe000 nmethod 6135 0x0000022626930210 code [0x00000226269303c0, 0x0000022626930478]
Event: 9.887 Thread 0x00000226335fe000 6137       1       org.jetbrains.kotlin.descriptors.Visibility::getInternalDisplayName (5 bytes)
Event: 9.887 Thread 0x00000226335fe000 nmethod 6137 0x0000022626930510 code [0x00000226269306c0, 0x0000022626930778]
Event: 9.887 Thread 0x00000226335fe000 6149       2       kotlin.collections.EmptyList::subList (52 bytes)
Event: 9.887 Thread 0x00000226335fe000 nmethod 6149 0x000002261fdee310 code [0x000002261fdee540, 0x000002261fdee9b8]
Event: 9.887 Thread 0x00000226335fe000 6143       1       org.jetbrains.kotlin.renderer.AnnotationArgumentsRenderingPolicy::getIncludeAnnotationArguments (5 bytes)
Event: 9.887 Thread 0x00000226335fe000 nmethod 6143 0x0000022626930810 code [0x00000226269309c0, 0x0000022626930a78]
Event: 9.888 Thread 0x00000226335fe000 6150       2       org.jetbrains.kotlin.util.capitalizeDecapitalize.CapitalizeDecapitalizeKt::toLowerCaseAsciiOnly (109 bytes)

GC Heap History (20 events):
Event: 2.664 GC heap after
{Heap after GC invocations=3 (full 0):
 garbage-first heap   total 65536K, used 9588K [0x00000000c1a00000, 0x0000000100000000)
  region size 1024K, 1 young (1024K), 1 survivors (1024K)
 Metaspace       used 20920K, capacity 21101K, committed 21248K, reserved 1069056K
  class space    used 2219K, capacity 2286K, committed 2304K, reserved 1048576K
}
Event: 3.572 GC heap before
{Heap before GC invocations=4 (full 0):
 garbage-first heap   total 65536K, used 37236K [0x00000000c1a00000, 0x0000000100000000)
  region size 1024K, 23 young (23552K), 1 survivors (1024K)
 Metaspace       used 26630K, capacity 27024K, committed 27136K, reserved 1073152K
  class space    used 2845K, capacity 2973K, committed 3072K, reserved 1048576K
}
Event: 3.580 GC heap after
{Heap after GC invocations=5 (full 0):
 garbage-first heap   total 65536K, used 17063K [0x00000000c1a00000, 0x0000000100000000)
  region size 1024K, 2 young (2048K), 2 survivors (2048K)
 Metaspace       used 26630K, capacity 27024K, committed 27136K, reserved 1073152K
  class space    used 2845K, capacity 2973K, committed 3072K, reserved 1048576K
}
Event: 4.200 GC heap before
{Heap before GC invocations=5 (full 0):
 garbage-first heap   total 65536K, used 40615K [0x00000000c1a00000, 0x0000000100000000)
  region size 1024K, 24 young (24576K), 2 survivors (2048K)
 Metaspace       used 30447K, capacity 30891K, committed 30976K, reserved 1077248K
  class space    used 3608K, capacity 3793K, committed 3840K, reserved 1048576K
}
Event: 4.224 GC heap after
{Heap after GC invocations=6 (full 0):
 garbage-first heap   total 78848K, used 23107K [0x00000000c1a00000, 0x0000000100000000)
  region size 1024K, 3 young (3072K), 3 survivors (3072K)
 Metaspace       used 30447K, capacity 30891K, committed 30976K, reserved 1077248K
  class space    used 3608K, capacity 3793K, committed 3840K, reserved 1048576K
}
Event: 4.788 GC heap before
{Heap before GC invocations=6 (full 0):
 garbage-first heap   total 78848K, used 44611K [0x00000000c1a00000, 0x0000000100000000)
  region size 1024K, 25 young (25600K), 3 survivors (3072K)
 Metaspace       used 35149K, capacity 35536K, committed 35584K, reserved 1081344K
  class space    used 4147K, capacity 4316K, committed 4352K, reserved 1048576K
}
Event: 4.804 GC heap after
{Heap after GC invocations=7 (full 0):
 garbage-first heap   total 78848K, used 25749K [0x00000000c1a00000, 0x0000000100000000)
  region size 1024K, 3 young (3072K), 3 survivors (3072K)
 Metaspace       used 35149K, capacity 35536K, committed 35584K, reserved 1081344K
  class space    used 4147K, capacity 4316K, committed 4352K, reserved 1048576K
}
Event: 5.401 GC heap before
{Heap before GC invocations=8 (full 0):
 garbage-first heap   total 78848K, used 49301K [0x00000000c1a00000, 0x0000000100000000)
  region size 1024K, 27 young (27648K), 3 survivors (3072K)
 Metaspace       used 39769K, capacity 40221K, committed 40320K, reserved 1085440K
  class space    used 4731K, capacity 4895K, committed 4992K, reserved 1048576K
}
Event: 5.416 GC heap after
{Heap after GC invocations=9 (full 0):
 garbage-first heap   total 78848K, used 27383K [0x00000000c1a00000, 0x0000000100000000)
  region size 1024K, 4 young (4096K), 4 survivors (4096K)
 Metaspace       used 39769K, capacity 40221K, committed 40320K, reserved 1085440K
  class space    used 4731K, capacity 4895K, committed 4992K, reserved 1048576K
}
Event: 6.181 GC heap before
{Heap before GC invocations=10 (full 0):
 garbage-first heap   total 78848K, used 51959K [0x00000000c1a00000, 0x0000000100000000)
  region size 1024K, 29 young (29696K), 4 survivors (4096K)
 Metaspace       used 44673K, capacity 45195K, committed 45568K, reserved 1089536K
  class space    used 5323K, capacity 5509K, committed 5632K, reserved 1048576K
}
Event: 6.209 GC heap after
{Heap after GC invocations=11 (full 0):
 garbage-first heap   total 78848K, used 30472K [0x00000000c1a00000, 0x0000000100000000)
  region size 1024K, 4 young (4096K), 4 survivors (4096K)
 Metaspace       used 44673K, capacity 45195K, committed 45568K, reserved 1089536K
  class space    used 5323K, capacity 5509K, committed 5632K, reserved 1048576K
}
Event: 6.428 GC heap before
{Heap before GC invocations=11 (full 0):
 garbage-first heap   total 78848K, used 55048K [0x00000000c1a00000, 0x0000000100000000)
  region size 1024K, 28 young (28672K), 4 survivors (4096K)
 Metaspace       used 45137K, capacity 45585K, committed 45824K, reserved 1089536K
  class space    used 5340K, capacity 5509K, committed 5632K, reserved 1048576K
}
Event: 6.448 GC heap after
{Heap after GC invocations=12 (full 0):
 garbage-first heap   total 98304K, used 32037K [0x00000000c1a00000, 0x0000000100000000)
  region size 1024K, 2 young (2048K), 2 survivors (2048K)
 Metaspace       used 45137K, capacity 45585K, committed 45824K, reserved 1089536K
  class space    used 5340K, capacity 5509K, committed 5632K, reserved 1048576K
}
Event: 7.450 GC heap before
{Heap before GC invocations=12 (full 0):
 garbage-first heap   total 98304K, used 62757K [0x00000000c1a00000, 0x0000000100000000)
  region size 1024K, 32 young (32768K), 2 survivors (2048K)
 Metaspace       used 48236K, capacity 48717K, committed 49024K, reserved 1093632K
  class space    used 5572K, capacity 5741K, committed 5760K, reserved 1048576K
}
Event: 7.474 GC heap after
{Heap after GC invocations=13 (full 0):
 garbage-first heap   total 98304K, used 37228K [0x00000000c1a00000, 0x0000000100000000)
  region size 1024K, 4 young (4096K), 4 survivors (4096K)
 Metaspace       used 48236K, capacity 48717K, committed 49024K, reserved 1093632K
  class space    used 5572K, capacity 5741K, committed 5760K, reserved 1048576K
}
Event: 8.138 GC heap before
{Heap before GC invocations=13 (full 0):
 garbage-first heap   total 98304K, used 66924K [0x00000000c1a00000, 0x0000000100000000)
  region size 1024K, 33 young (33792K), 4 survivors (4096K)
 Metaspace       used 51027K, capacity 51557K, committed 51968K, reserved 1095680K
  class space    used 5861K, capacity 6047K, committed 6144K, reserved 1048576K
}
Event: 8.178 GC heap after
{Heap after GC invocations=14 (full 0):
 garbage-first heap   total 98304K, used 41473K [0x00000000c1a00000, 0x0000000100000000)
  region size 1024K, 4 young (4096K), 4 survivors (4096K)
 Metaspace       used 51027K, capacity 51557K, committed 51968K, reserved 1095680K
  class space    used 5861K, capacity 6047K, committed 6144K, reserved 1048576K
}
Event: 9.024 GC heap before
{Heap before GC invocations=14 (full 0):
 garbage-first heap   total 98304K, used 70145K [0x00000000c1a00000, 0x0000000100000000)
  region size 1024K, 32 young (32768K), 4 survivors (4096K)
 Metaspace       used 53732K, capacity 54312K, committed 54528K, reserved 1097728K
  class space    used 6110K, capacity 6323K, committed 6400K, reserved 1048576K
}
Event: 9.060 GC heap after
{Heap after GC invocations=15 (full 0):
 garbage-first heap   total 98304K, used 45426K [0x00000000c1a00000, 0x0000000100000000)
  region size 1024K, 4 young (4096K), 4 survivors (4096K)
 Metaspace       used 53732K, capacity 54312K, committed 54528K, reserved 1097728K
  class space    used 6110K, capacity 6323K, committed 6400K, reserved 1048576K
}
Event: 9.889 GC heap before
{Heap before GC invocations=15 (full 0):
 garbage-first heap   total 98304K, used 73074K [0x00000000c1a00000, 0x0000000100000000)
  region size 1024K, 31 young (31744K), 4 survivors (4096K)
 Metaspace       used 59948K, capacity 60491K, committed 60544K, reserved 1103872K
  class space    used 6800K, capacity 7023K, committed 7040K, reserved 1048576K
}

Deoptimization events (20 events):
Event: 9.619 Thread 0x000002261b308000 Uncommon trap: trap_request=0xffffffc6 fr.pc=0x000002262690b6a0 relative=0x0000000000000500
Event: 9.620 Thread 0x000002261b308000 Uncommon trap: reason=bimorphic_or_optimized_type_check action=maybe_recompile pc=0x000002262690b6a0 method=org.jetbrains.kotlin.storage.LockBasedStorageManager$LockBasedLazyValue.invoke()Ljava/lang/Object; @ 24 c2
Event: 9.620 Thread 0x000002261b308000 DEOPT PACKING pc=0x000002262690b6a0 sp=0x000000b8bf1fe8b0
Event: 9.620 Thread 0x000002261b308000 DEOPT UNPACKING pc=0x000002261ecb74af sp=0x000000b8bf1fe858 mode 2
Event: 9.620 Thread 0x000002261b308000 Uncommon trap: trap_request=0xffffffc6 fr.pc=0x000002262690b6a0 relative=0x0000000000000500
Event: 9.620 Thread 0x000002261b308000 Uncommon trap: reason=bimorphic_or_optimized_type_check action=maybe_recompile pc=0x000002262690b6a0 method=org.jetbrains.kotlin.storage.LockBasedStorageManager$LockBasedLazyValue.invoke()Ljava/lang/Object; @ 24 c2
Event: 9.620 Thread 0x000002261b308000 DEOPT PACKING pc=0x000002262690b6a0 sp=0x000000b8bf1fe4e0
Event: 9.620 Thread 0x000002261b308000 DEOPT UNPACKING pc=0x000002261ecb74af sp=0x000000b8bf1fe488 mode 2
Event: 9.622 Thread 0x000002261b308000 Uncommon trap: trap_request=0xffffffc6 fr.pc=0x000002262690b6a0 relative=0x0000000000000500
Event: 9.622 Thread 0x000002261b308000 Uncommon trap: reason=bimorphic_or_optimized_type_check action=maybe_recompile pc=0x000002262690b6a0 method=org.jetbrains.kotlin.storage.LockBasedStorageManager$LockBasedLazyValue.invoke()Ljava/lang/Object; @ 24 c2
Event: 9.622 Thread 0x000002261b308000 DEOPT PACKING pc=0x000002262690b6a0 sp=0x000000b8bf1fdb30
Event: 9.622 Thread 0x000002261b308000 DEOPT UNPACKING pc=0x000002261ecb74af sp=0x000000b8bf1fdad8 mode 2
Event: 9.622 Thread 0x000002261b308000 Uncommon trap: trap_request=0xffffff4d fr.pc=0x0000022626764f00 relative=0x0000000000000160
Event: 9.623 Thread 0x000002261b308000 Uncommon trap: reason=unstable_if action=reinterpret pc=0x0000022626764f00 method=java.lang.StringCoding.hasNegatives([BII)Z @ 12 c2
Event: 9.623 Thread 0x000002261b308000 DEOPT PACKING pc=0x0000022626764f00 sp=0x000000b8bf1fe0b0
Event: 9.623 Thread 0x000002261b308000 DEOPT UNPACKING pc=0x000002261ecb74af sp=0x000000b8bf1fe040 mode 2
Event: 9.771 Thread 0x000002261b308000 Uncommon trap: trap_request=0xffffff4d fr.pc=0x00000226267631cc relative=0x00000000000001ac
Event: 9.771 Thread 0x000002261b308000 Uncommon trap: reason=unstable_if action=reinterpret pc=0x00000226267631cc method=java.lang.StringCoding.hasNegatives([BII)Z @ 12 c2
Event: 9.771 Thread 0x000002261b308000 DEOPT PACKING pc=0x00000226267631cc sp=0x000000b8bf1fb7d0
Event: 9.771 Thread 0x000002261b308000 DEOPT UNPACKING pc=0x000002261ecb74af sp=0x000000b8bf1fb780 mode 2

Classes redefined (0 events):
No events

Internal exceptions (20 events):
Event: 3.635 Thread 0x000002261b308000 Exception <a 'java/lang/NoSuchMethodError'{0x00000000c5847bf0}: 'int java.lang.invoke.DirectMethodHandle$Holder.invokeVirtual(java.lang.Object, java.lang.Object)'> (0x00000000c5847bf0) thrown at [./src/hotspot/share/interpreter/linkResolver.cpp, line 773]
Event: 4.500 Thread 0x000002261b308000 Exception <a 'java/lang/NoSuchMethodError'{0x00000000c5ca4ea0}: 'java.lang.Object java.lang.invoke.DirectMethodHandle$Holder.invokeVirtual(java.lang.Object, java.lang.Object, java.lang.Object)'> (0x00000000c5ca4ea0) thrown at [./src/hotspot/share/interpreter/linkResolver.cpp, line 773]
Event: 5.650 Thread 0x000002261b308000 Exception <a 'java/lang/NoSuchMethodError'{0x00000000c601f5c8}: 'java.lang.Object java.lang.invoke.DirectMethodHandle$Holder.invokeStatic(java.lang.Object, java.lang.Object, java.lang.Object, int)'> (0x00000000c601f5c8) thrown at [./src/hotspot/share/interpreter/linkResolver.cpp, line 773]
Event: 5.650 Thread 0x000002261b308000 Exception <a 'java/lang/NoSuchMethodError'{0x00000000c6023238}: 'java.lang.Object java.lang.invoke.DirectMethodHandle$Holder.invokeSpecial(java.lang.Object, java.lang.Object, java.lang.Object, java.lang.Object, int)'> (0x00000000c6023238) thrown at [./src/hotspot/share/interpreter/linkResolver.cpp, line 773]
Event: 5.651 Thread 0x000002261b308000 Exception <a 'java/lang/NoSuchMethodError'{0x00000000c6026548}: 'java.lang.Object java.lang.invoke.Invokers$Holder.linkToTargetMethod(java.lang.Object, java.lang.Object, int, java.lang.Object)'> (0x00000000c6026548) thrown at [./src/hotspot/share/interpreter/linkResolver.cpp, line 773]
Event: 5.875 Thread 0x000002261b308000 Exception <a 'java/lang/NoSuchMethodError'{0x00000000c59fe598}: 'java.lang.Object java.lang.invoke.Invokers$Holder.linkToTargetMethod(java.lang.Object, int, java.lang.Object)'> (0x00000000c59fe598) thrown at [./src/hotspot/share/interpreter/linkResolver.cpp, line 773]
Event: 6.787 Thread 0x000002261b308000 Exception <a 'java/lang/NoSuchMethodError'{0x00000000c6d79618}: 'java.lang.Object java.lang.invoke.DirectMethodHandle$Holder.invokeStaticInit(java.lang.Object, java.lang.Object, java.lang.Object)'> (0x00000000c6d79618) thrown at [./src/hotspot/share/interpreter/linkResolver.cpp, line 773]
Event: 7.792 Thread 0x000002261b308000 Implicit null exception at 0x00000226268af8b3 to 0x00000226268afc60
Event: 7.792 Thread 0x000002261b308000 Implicit null exception at 0x00000226268af22f to 0x00000226268af25c
Event: 7.979 Thread 0x000002261b308000 Implicit null exception at 0x00000226267acade to 0x00000226267ad24a
Event: 7.979 Thread 0x000002261b308000 Implicit null exception at 0x00000226267adf2f to 0x00000226267adf9d
Event: 8.009 Thread 0x000002261b308000 Exception <a 'java/lang/NoSuchMethodError'{0x00000000c606aeb0}: 'java.lang.Object java.lang.invoke.Invokers$Holder.linkToTargetMethod(java.lang.Object, java.lang.Object, java.lang.Object, java.lang.Object, java.lang.Object, java.lang.Object)'> (0x00000000c606aeb0) thrown at [./src/hotspot/share/interpreter/linkResolver.cpp, line 773]
Event: 8.384 Thread 0x000002261b308000 Exception <a 'java/lang/NoSuchMethodError'{0x00000000c6c5af80}: 'java.lang.Object java.lang.invoke.Invokers$Holder.linkToTargetMethod(java.lang.Object, java.lang.Object, java.lang.Object, int, int, java.lang.Object)'> (0x00000000c6c5af80) thrown at [./src/hotspot/share/interpreter/linkResolver.cpp, line 773]
Event: 8.399 Thread 0x000002261b308000 Exception <a 'java/lang/NoSuchMethodError'{0x00000000c6c936d0}: 'java.lang.Object java.lang.invoke.DirectMethodHandle$Holder.invokeInterface(java.lang.Object, java.lang.Object, java.lang.Object)'> (0x00000000c6c936d0) thrown at [./src/hotspot/share/interpreter/linkResolver.cpp, line 773]
Event: 8.399 Thread 0x000002261b308000 Exception <a 'java/lang/IncompatibleClassChangeError'{0x00000000c6c96900}: Found class java.lang.Object, but interface was expected> (0x00000000c6c96900) thrown at [./src/hotspot/share/interpreter/linkResolver.cpp, line 839]
Event: 8.663 Thread 0x000002261b308000 Exception <a 'java/lang/NoSuchMethodError'{0x00000000c65a5de8}: 'int java.lang.invoke.DirectMethodHandle$Holder.invokeStaticInit(java.lang.Object, int)'> (0x00000000c65a5de8) thrown at [./src/hotspot/share/interpreter/linkResolver.cpp, line 773]
Event: 8.773 Thread 0x000002261b308000 Exception <a 'java/lang/NoSuchMethodError'{0x00000000c622fae8}: 'int java.lang.invoke.DirectMethodHandle$Holder.invokeInterface(java.lang.Object, java.lang.Object)'> (0x00000000c622fae8) thrown at [./src/hotspot/share/interpreter/linkResolver.cpp, line 773]
Event: 8.787 Thread 0x000002261b308000 Exception <a 'java/lang/NoSuchMethodError'{0x00000000c627a6b8}: 'java.lang.Object java.lang.invoke.DirectMethodHandle$Holder.invokeStatic(java.lang.Object, int, java.lang.Object, java.lang.Object)'> (0x00000000c627a6b8) thrown at [./src/hotspot/share/interpreter/linkResolver.cpp, line 773]
Event: 8.817 Thread 0x000002261b308000 Exception <a 'java/lang/NoSuchMethodError'{0x00000000c6140ee0}: 'java.lang.Object java.lang.invoke.Invokers$Holder.linkToTargetMethod(java.lang.Object, java.lang.Object, java.lang.Object, java.lang.Object, java.lang.Object, java.lang.Object, java.lang.Object)'> (0x00000000c6140ee0) thrown at [./src/hotspot/share/interpreter/linkResolver.cpp, line 773]
Event: 9.137 Thread 0x000002261b308000 Implicit null exception at 0x00000226267a8af5 to 0x00000226267a8cbc

Events (20 events):
Event: 9.822 loading class org/jetbrains/kotlin/backend/common/SamType done
Event: 9.823 loading class org/jetbrains/kotlin/ir/expressions/IrVararg
Event: 9.823 loading class org/jetbrains/kotlin/ir/expressions/IrVararg done
Event: 9.824 loading class org/jetbrains/kotlin/psi2ir/generators/ClassGenerator$generateMembersDeclaredInClassBody$$inlined$filterIsInstance$1
Event: 9.824 loading class org/jetbrains/kotlin/psi2ir/generators/ClassGenerator$generateMembersDeclaredInClassBody$$inlined$filterIsInstance$1 done
Event: 9.825 loading class org/jetbrains/kotlin/renderer/DescriptorRendererImpl$RenderDeclarationDescriptorVisitor
Event: 9.825 loading class org/jetbrains/kotlin/renderer/DescriptorRendererImpl$RenderDeclarationDescriptorVisitor done
Event: 9.827 loading class org/jetbrains/kotlin/renderer/DescriptorRendererImpl$WhenMappings
Event: 9.827 loading class org/jetbrains/kotlin/renderer/DescriptorRendererImpl$WhenMappings done
Event: 9.827 loading class org/jetbrains/kotlin/renderer/RenderingUtilsKt
Event: 9.827 loading class org/jetbrains/kotlin/renderer/RenderingUtilsKt done
Event: 9.828 loading class org/jetbrains/kotlin/renderer/KeywordStringsGenerated
Event: 9.828 loading class org/jetbrains/kotlin/renderer/KeywordStringsGenerated done
Event: 9.829 loading class org/jetbrains/kotlin/descriptors/PossiblyInnerType
Event: 9.829 loading class org/jetbrains/kotlin/descriptors/PossiblyInnerType done
Event: 9.830 loading class org/jetbrains/kotlin/renderer/DescriptorRendererOptions$DefaultImpls
Event: 9.830 loading class org/jetbrains/kotlin/renderer/DescriptorRendererOptions$DefaultImpls done
Event: 9.834 loading class org/jetbrains/kotlin/renderer/DescriptorRendererImpl$appendTypeProjections$1
Event: 9.834 loading class org/jetbrains/kotlin/renderer/DescriptorRendererImpl$appendTypeProjections$1 done
Event: 9.889 Executing VM operation: G1CollectForAllocation


Dynamic libraries:
0x00007ff6cf1a0000 - 0x00007ff6cf1aa000 	C:\Program Files\Android\Android Studio\jre\bin\java.exe
0x00007ff85a7d0000 - 0x00007ff85a9c5000 	C:\Windows\SYSTEM32\ntdll.dll
0x00007ff858be0000 - 0x00007ff858c9d000 	C:\Windows\System32\KERNEL32.DLL
0x00007ff857f70000 - 0x00007ff858238000 	C:\Windows\System32\KERNELBASE.dll
0x00007ff858240000 - 0x00007ff858340000 	C:\Windows\System32\ucrtbase.dll
0x00007ff84afd0000 - 0x00007ff84afe9000 	C:\Program Files\Android\Android Studio\jre\bin\jli.dll
0x00007ff84a160000 - 0x00007ff84a177000 	C:\Program Files\Android\Android Studio\jre\bin\VCRUNTIME140.dll
0x00007ff85a310000 - 0x00007ff85a4b0000 	C:\Windows\System32\USER32.dll
0x00007ff8583f0000 - 0x00007ff858412000 	C:\Windows\System32\win32u.dll
0x00007ff847ae0000 - 0x00007ff847d7a000 	C:\Windows\WinSxS\amd64_microsoft.windows.common-controls_6595b64144ccf1df_6.0.19041.844_none_ca00b6081b84eb1d\COMCTL32.dll
0x00007ff858d40000 - 0x00007ff858d6a000 	C:\Windows\System32\GDI32.dll
0x00007ff858ca0000 - 0x00007ff858d3e000 	C:\Windows\System32\msvcrt.dll
0x00007ff8584f0000 - 0x00007ff8585fb000 	C:\Windows\System32\gdi32full.dll
0x00007ff858600000 - 0x00007ff85869d000 	C:\Windows\System32\msvcp_win.dll
0x00007ff858af0000 - 0x00007ff858b20000 	C:\Windows\System32\IMM32.DLL
0x00007ff840a70000 - 0x00007ff840b0d000 	C:\Program Files\Android\Android Studio\jre\bin\msvcp140.dll
0x00007ff834110000 - 0x00007ff834bcc000 	C:\Program Files\Android\Android Studio\jre\bin\server\jvm.dll
0x00007ff858830000 - 0x00007ff8588dc000 	C:\Windows\System32\ADVAPI32.dll
0x00007ff8599e0000 - 0x00007ff859a7b000 	C:\Windows\System32\sechost.dll
0x00007ff858e30000 - 0x00007ff858f5b000 	C:\Windows\System32\RPCRT4.dll
0x00007ff858d90000 - 0x00007ff858d98000 	C:\Windows\System32\PSAPI.DLL
0x00007ff8535a0000 - 0x00007ff8535a9000 	C:\Windows\SYSTEM32\WSOCK32.dll
0x00007ff846a90000 - 0x00007ff846ab7000 	C:\Windows\SYSTEM32\WINMM.dll
0x00007ff84b650000 - 0x00007ff84b65a000 	C:\Windows\SYSTEM32\VERSION.dll
0x00007ff8596b0000 - 0x00007ff85971b000 	C:\Windows\System32\WS2_32.dll
0x00007ff855e60000 - 0x00007ff855e72000 	C:\Windows\SYSTEM32\kernel.appcore.dll
0x00007ff848ed0000 - 0x00007ff848ee1000 	C:\Program Files\Android\Android Studio\jre\bin\verify.dll
0x00007ff8446c0000 - 0x00007ff8448a4000 	C:\Windows\SYSTEM32\DBGHELP.DLL
0x00007ff8486d0000 - 0x00007ff8486fc000 	C:\Windows\SYSTEM32\dbgcore.DLL
0x00007ff858420000 - 0x00007ff8584a0000 	C:\Windows\System32\bcryptPrimitives.dll
0x00007ff848cb0000 - 0x00007ff848cd9000 	C:\Program Files\Android\Android Studio\jre\bin\java.dll
0x00007ff853590000 - 0x00007ff85359b000 	C:\Program Files\Android\Android Studio\jre\bin\jimage.dll
0x00007ff848c90000 - 0x00007ff848ca8000 	C:\Program Files\Android\Android Studio\jre\bin\zip.dll
0x00007ff858f60000 - 0x00007ff8596a2000 	C:\Windows\System32\SHELL32.dll
0x00007ff856060000 - 0x00007ff8567f0000 	C:\Windows\SYSTEM32\windows.storage.dll
0x00007ff859a80000 - 0x00007ff859dd5000 	C:\Windows\System32\combase.dll
0x00007ff857980000 - 0x00007ff8579ac000 	C:\Windows\SYSTEM32\Wldp.dll
0x00007ff85a4b0000 - 0x00007ff85a55e000 	C:\Windows\System32\SHCORE.dll
0x00007ff858a90000 - 0x00007ff858ae5000 	C:\Windows\System32\shlwapi.dll
0x00007ff857e50000 - 0x00007ff857e6f000 	C:\Windows\SYSTEM32\profapi.dll
0x00007ff848b70000 - 0x00007ff848b8a000 	C:\Program Files\Android\Android Studio\jre\bin\net.dll
0x00007ff84cf40000 - 0x00007ff84d04b000 	C:\Windows\SYSTEM32\WINHTTP.dll
0x00007ff8576f0000 - 0x00007ff85775a000 	C:\Windows\system32\mswsock.dll
0x00007ff848b50000 - 0x00007ff848b64000 	C:\Program Files\Android\Android Studio\jre\bin\nio.dll

dbghelp: loaded successfully - version: 4.0.5 - missing functions: none
symbol engine: initialized successfully - sym options: 0x614 - pdb path: .;C:\Program Files\Android\Android Studio\jre\bin;C:\Windows\SYSTEM32;C:\Windows\WinSxS\amd64_microsoft.windows.common-controls_6595b64144ccf1df_6.0.19041.844_none_ca00b6081b84eb1d;C:\Program Files\Android\Android Studio\jre\bin\server

VM Arguments:
java_command: org.jetbrains.kotlin.cli.jvm.K2JVMCompiler @C:\Users\User\AndroidStudioProjects\ThApp\app\build\20210727_5734782176175347959.compiler.options
java_class_path (initial): C:\Users\User\.gradle\caches\modules-2\files-2.1\org.jetbrains.kotlin\kotlin-compiler-embeddable\1.5.21\40ddbcae9ff100473f95370c2d589ba3fc48eed5\kotlin-compiler-embeddable-1.5.21.jar;C:\Users\User\.gradle\caches\modules-2\files-2.1\org.jetbrains.kotlin\kotlin-reflect\1.5.21\802f1f39735ae1eb2b75714a40fa19bb2e687e96\kotlin-reflect-1.5.21.jar;C:\Users\User\.gradle\caches\modules-2\files-2.1\org.jetbrains.kotlin\kotlin-stdlib\1.5.21\2f537cad7e9eeb9da73738c8812e1e4cf9b62e4e\kotlin-stdlib-1.5.21.jar;C:\Users\User\.gradle\caches\modules-2\files-2.1\org.jetbrains.kotlin\kotlin-script-runtime\1.5.21\96d49e89873fde985750af354b6eabb60cfa999b\kotlin-script-runtime-1.5.21.jar;C:\Users\User\.gradle\caches\modules-2\files-2.1\org.jetbrains.kotlin\kotlin-daemon-embeddable\1.5.21\17255809e66a940dfdf6289bccbdfb5a09f3145\kotlin-daemon-embeddable-1.5.21.jar;C:\Users\User\.gradle\caches\modules-2\files-2.1\org.jetbrains.intellij.deps\trove4j\1.0.20181211\216c2e14b070f334479d800987affe4054cd563f\trove4j-1.0.20181211.jar;C:\Users\User\.gradle\caches\modules-2\files-2.1\org.jetbrains\annotations\13.0\919f0dfe192fb4e063e7dacadee7f8bb9a2672a9\annotations-13.0.jar;C:\Users\User\.gradle\caches\modules-2\files-2.1\org.jetbrains.kotlin\kotlin-stdlib-common\1.5.21\cc8bf3586fd2ebcf234058b9440bb406e62dfacb\kotlin-stdlib-common-1.5.21.jar
Launcher Type: SUN_STANDARD

[Global flags]
     intx CICompilerCount                          = 3                                         {product} {ergonomic}
     uint ConcGCThreads                            = 1                                         {product} {ergonomic}
     uint G1ConcRefinementThreads                  = 4                                         {product} {ergonomic}
   size_t G1HeapRegionSize                         = 1048576                                   {product} {ergonomic}
    uintx GCDrainStackTargetSize                   = 64                                        {product} {ergonomic}
   size_t InitialHeapSize                          = 67108864                                  {product} {ergonomic}
   size_t MarkStackSize                            = 4194304                                   {product} {ergonomic}
   size_t MaxHeapSize                              = 1046478848                                {product} {ergonomic}
   size_t MaxNewSize                               = 627048448                                 {product} {ergonomic}
   size_t MinHeapDeltaBytes                        = 1048576                                   {product} {ergonomic}
    uintx NonNMethodCodeHeapSize                   = 5830732                                {pd product} {ergonomic}
    uintx NonProfiledCodeHeapSize                  = 122913754                              {pd product} {ergonomic}
    uintx ProfiledCodeHeapSize                     = 122913754                              {pd product} {ergonomic}
    uintx ReservedCodeCacheSize                    = 251658240                              {pd product} {ergonomic}
     bool SegmentedCodeCache                       = true                                      {product} {ergonomic}
     bool UseCompressedClassPointers               = true                                 {lp64_product} {ergonomic}
     bool UseCompressedOops                        = true                                 {lp64_product} {ergonomic}
     bool UseG1GC                                  = true                                      {product} {ergonomic}
     bool UseLargePagesIndividualAllocation        = false                                  {pd product} {ergonomic}

Logging:
Log output configuration:
 #0: stdout all=warning uptime,level,tags
 #1: stderr all=off uptime,level,tags

Environment Variables:
JAVA_HOME=C:\Program Files\Java\jdk-16.0.1
PATH=C:\Program Files\Common Files\Oracle\Java\javapath;C:\Windows\system32;C:\Windows;C:\Windows\System32\Wbem;C:\Windows\System32\WindowsPowerShell\v1.0\;C:\Windows\System32\OpenSSH\;C:\Program Files\Git\cmd;C:\Program Files\Java\jdk-16.0.1\bin;C:\Users\User\AppData\Local\Android\Sdk\platform-tools;C:\Users\User\AppData\Local\Microsoft\WindowsApps;C:\IntelliJ IDEA Community Edition 2021.1.3\bin;;C:\Users\User\AppData\Local\Android\Sdk\platform-tools;
USERNAME=User
OS=Windows_NT
PROCESSOR_IDENTIFIER=Intel64 Family 6 Model 61 Stepping 4, GenuineIntel



---------------  S Y S T E M  ---------------

OS: Windows 10 , 64 bit Build 19041 (10.0.19041.928)
OS uptime: 7 days 1:40 hours

CPU:total 4 (initial active 4) (2 cores per cpu, 2 threads per core) family 6 model 61 stepping 4, cmov, cx8, fxsr, mmx, sse, sse2, sse3, ssse3, sse4.1, sse4.2, popcnt, avx, avx2, aes, clmul, erms, 3dnowpref, lzcnt, ht, tsc, tscinvbit, bmi1, bmi2, adx, fma

Memory: 4k page, system-wide physical 3991M (339M free)
TotalPageFile size 3991M (AvailPageFile size 21M)
current process WorkingSet (physical memory assigned to process): 254M, peak: 259M
current process commit charge ("private bytes"): 297M, peak: 330M

vm_info: OpenJDK 64-Bit Server VM (11.0.8+10-b944.6842174) for windows-amd64 JRE (11.0.8+10-b944.6842174), built on Sep 19 2020 01:11:42 by "builder" with MS VC++ 14.0 (VS2015)

END.
