#
# There is insufficient memory for the Java Runtime Environment to continue.
# Native memory allocation (mmap) failed to map 266338304 bytes for Failed to commit area from 0x0000000094300000 to 0x00000000a4100000 of length 266338304.
# Possible reasons:
#   The system is out of physical RAM or swap space
#   The process is running with CompressedOops enabled, and the Java Heap may be blocking the growth of the native heap
# Possible solutions:
#   Reduce memory load on the system
#   Increase physical memory or swap space
#   Check if swap backing store is full
#   Decrease Java heap size (-Xmx/-Xms)
#   Decrease number of Java threads
#   Decrease Java thread stack sizes (-Xss)
#   Set larger code cache with -XX:ReservedCodeCacheSize=
#   JVM is running with Unscaled Compressed Oops mode in which the Java heap is
#     placed in the first 4GB address space. The Java Heap base address is the
#     maximum limit for the native heap growth. Please use -XX:HeapBaseMinAddress
#     to set the Java Heap base and to place the Java Heap above 4GB virtual address.
# This output file may be truncated or incomplete.
#
#  Out of Memory Error (./src/hotspot/os/windows/os_windows.cpp:3303), pid=1128, tid=368
#
# JRE version: OpenJDK Runtime Environment (11.0.8+10) (build 11.0.8+10-b944.6842174)
# Java VM: OpenJDK 64-Bit Server VM (11.0.8+10-b944.6842174, mixed mode, tiered, compressed oops, g1 gc, windows-amd64)
# No core dump will be written. Minidumps are not enabled by default on client versions of Windows
#

---------------  S U M M A R Y ------------

Command Line: --add-opens=java.base/java.util=ALL-UNNAMED --add-opens=java.base/java.lang=ALL-UNNAMED --add-opens=java.base/java.lang.invoke=ALL-UNNAMED --add-opens=java.prefs/java.util.prefs=ALL-UNNAMED -Xmx2048m -Dfile.encoding=UTF-8 -Duser.country=BR -Duser.language=pt -Duser.variant org.gradle.launcher.daemon.bootstrap.GradleDaemon 6.7.1

Host: Intel(R) Core(TM) i3-5005U CPU @ 2.00GHz, 4 cores, 3G,  Windows 10 , 64 bit Build 19041 (10.0.19041.928)
Time: Tue Jul 27 12:02:57 2021 Hora oficial do Brasil elapsed time: 85 seconds (0d 0h 1m 25s)

---------------  T H R E A D  ---------------

Current thread (0x000001ff87350000):  VMThread "VM Thread" [stack: 0x0000008e69900000,0x0000008e69a00000] [id=368]

Stack: [0x0000008e69900000,0x0000008e69a00000]
[error occurred during error reporting (printing stack bounds), id 0xc0000005, EXCEPTION_ACCESS_VIOLATION (0xc0000005) at pc=0x000001fff0ae0dad]

Native frames: (J=compiled Java code, j=interpreted, Vv=VM code, C=native code)
V  [jvm.dll+0x5de50a]
V  [jvm.dll+0x7122f5]
V  [jvm.dll+0x71384d]
V  [jvm.dll+0x713e65]
V  [jvm.dll+0x713e1b]
V  [jvm.dll+0x5dd958]
V  [jvm.dll+0x5de0f8]
C  [ntdll.dll+0xa217f]
C  [ntdll.dll+0x51454]
C  [ntdll.dll+0xa0cae]
C  0x000001fff0ae0dad

VM_Operation (0x0000008e6c6fe1b0): G1CollectForAllocation, mode: safepoint, requested by thread 0x000001ff8a17b000


---------------  P R O C E S S  ---------------

Threads class SMR info:
_java_thread_list=0x000001ff8fdfae10, length=56, elements={
0x000001ffed157000, 0x000001ff87356000, 0x000001ff87357000, 0x000001ff87d02800,
0x000001ff87d03800, 0x000001ff87372000, 0x000001ff87376800, 0x000001ff8737b000,
0x000001ff87e42800, 0x000001ff87e54800, 0x000001ff895bd000, 0x000001ff89762800,
0x000001ff89ad5800, 0x000001ff893ee000, 0x000001ff893ef000, 0x000001ff89119800,
0x000001ff89491800, 0x000001ff89dac000, 0x000001ff8984c000, 0x000001ff8a0e8000,
0x000001ff8a0e6800, 0x000001ff8a0e9000, 0x000001ff8a0e9800, 0x000001ff8a0ea800,
0x000001ff8a0eb800, 0x000001ff8a0e5800, 0x000001ff8a0e7800, 0x000001ff8d601800,
0x000001ff8d604800, 0x000001ff8d604000, 0x000001ff8d606000, 0x000001ff8d600800,
0x000001ff8d603000, 0x000001ff8a180000, 0x000001ff8a185000, 0x000001ff8a182800,
0x000001ff8a183800, 0x000001ff8a184000, 0x000001ff90147000, 0x000001ff90146800,
0x000001ff90148000, 0x000001ff90143000, 0x000001ff90145800, 0x000001ff90149800,
0x000001ff90145000, 0x000001ff90149000, 0x000001ff90144000, 0x000001ff8a176800,
0x000001ff8a17c000, 0x000001ff8a17d000, 0x000001ff8a178800, 0x000001ff882a6000,
0x000001ff8a17a800, 0x000001ff8a17b000, 0x000001ff8a177000, 0x000001ff8a17d800
}

Java Threads: ( => current thread )
  0x000001ffed157000 JavaThread "main" [_thread_blocked, id=4516, stack(0x0000008e69300000,0x0000008e69400000)]
  0x000001ff87356000 JavaThread "Reference Handler" daemon [_thread_blocked, id=2032, stack(0x0000008e69a00000,0x0000008e69b00000)]
  0x000001ff87357000 JavaThread "Finalizer" daemon [_thread_blocked, id=72, stack(0x0000008e69b00000,0x0000008e69c00000)]
  0x000001ff87d02800 JavaThread "Signal Dispatcher" daemon [_thread_blocked, id=5108, stack(0x0000008e69c00000,0x0000008e69d00000)]
  0x000001ff87d03800 JavaThread "Attach Listener" daemon [_thread_blocked, id=3212, stack(0x0000008e69d00000,0x0000008e69e00000)]
  0x000001ff87372000 JavaThread "C2 CompilerThread0" daemon [_thread_blocked, id=3136, stack(0x0000008e69e00000,0x0000008e69f00000)]
  0x000001ff87376800 JavaThread "C1 CompilerThread0" daemon [_thread_blocked, id=5496, stack(0x0000008e69f00000,0x0000008e6a000000)]
  0x000001ff8737b000 JavaThread "Sweeper thread" daemon [_thread_blocked, id=4988, stack(0x0000008e6a000000,0x0000008e6a100000)]
  0x000001ff87e42800 JavaThread "Common-Cleaner" daemon [_thread_blocked, id=1000, stack(0x0000008e6a100000,0x0000008e6a200000)]
  0x000001ff87e54800 JavaThread "Service Thread" daemon [_thread_blocked, id=5772, stack(0x0000008e6a200000,0x0000008e6a300000)]
  0x000001ff895bd000 JavaThread "Daemon health stats" [_thread_blocked, id=7000, stack(0x0000008e6a600000,0x0000008e6a700000)]
  0x000001ff89762800 JavaThread "Incoming local TCP Connector on port 51487" [_thread_in_native, id=3012, stack(0x0000008e6a800000,0x0000008e6a900000)]
  0x000001ff89ad5800 JavaThread "Daemon periodic checks" [_thread_blocked, id=1888, stack(0x0000008e6aa00000,0x0000008e6ab00000)]
  0x000001ff893ee000 JavaThread "Daemon" [_thread_blocked, id=4888, stack(0x0000008e6ab00000,0x0000008e6ac00000)]
  0x000001ff893ef000 JavaThread "Handler for socket connection from /127.0.0.1:51487 to /127.0.0.1:51488" [_thread_in_native, id=404, stack(0x0000008e6ac00000,0x0000008e6ad00000)]
  0x000001ff89119800 JavaThread "Cancel handler" [_thread_blocked, id=5336, stack(0x0000008e6ad00000,0x0000008e6ae00000)]
  0x000001ff89491800 JavaThread "Daemon worker" [_thread_blocked, id=2332, stack(0x0000008e6ae00000,0x0000008e6af00000)]
  0x000001ff89dac000 JavaThread "Asynchronous log dispatcher for DefaultDaemonConnection: socket connection from /127.0.0.1:51487 to /127.0.0.1:51488" [_thread_blocked, id=4352, stack(0x0000008e6af00000,0x0000008e6b000000)]
  0x000001ff8984c000 JavaThread "Thread-8" [_thread_blocked, id=1804, stack(0x0000008e6b100000,0x0000008e6b200000)]
  0x000001ff8a0e8000 JavaThread "Cache worker for file hash cache (C:\Users\User\.gradle\caches\6.7.1\fileHashes)" [_thread_blocked, id=5684, stack(0x0000008e6b400000,0x0000008e6b500000)]
  0x000001ff8a0e6800 JavaThread "File lock request listener" [_thread_in_native, id=6892, stack(0x0000008e6b500000,0x0000008e6b600000)]
  0x000001ff8a0e9000 JavaThread "Cache worker for journal cache (C:\Users\User\.gradle\caches\journal-1)" [_thread_blocked, id=748, stack(0x0000008e6a900000,0x0000008e6aa00000)]
  0x000001ff8a0e9800 JavaThread "Cache worker for file hash cache (C:\Users\User\AndroidStudioProjects\ThApp\.gradle\6.7.1\fileHashes)" [_thread_blocked, id=6408, stack(0x0000008e6b700000,0x0000008e6b800000)]
  0x000001ff8a0ea800 JavaThread "Cache worker for checksums cache (C:\Users\User\AndroidStudioProjects\ThApp\.gradle\checksums)" [_thread_blocked, id=7020, stack(0x0000008e6b800000,0x0000008e6b900000)]
  0x000001ff8a0eb800 JavaThread "Cache worker for cache directory md-supplier (C:\Users\User\.gradle\caches\6.7.1\md-supplier)" [_thread_blocked, id=3632, stack(0x0000008e6b900000,0x0000008e6ba00000)]
  0x000001ff8a0e5800 JavaThread "Cache worker for cache directory md-rule (C:\Users\User\.gradle\caches\6.7.1\md-rule)" [_thread_blocked, id=6004, stack(0x0000008e6ba00000,0x0000008e6bb00000)]
  0x000001ff8a0e7800 JavaThread "Cache worker for execution history cache (C:\Users\User\.gradle\caches\6.7.1\executionHistory)" [_thread_blocked, id=1640, stack(0x0000008e6bb00000,0x0000008e6bc00000)]
  0x000001ff8d601800 JavaThread "Cache worker for file content cache (C:\Users\User\.gradle\caches\6.7.1\fileContent)" [_thread_blocked, id=232, stack(0x0000008e6bd00000,0x0000008e6be00000)]
  0x000001ff8d604800 JavaThread "Cache worker for Build Output Cleanup Cache (C:\Users\User\AndroidStudioProjects\ThApp\.gradle\buildOutputCleanup)" [_thread_blocked, id=3572, stack(0x0000008e6be00000,0x0000008e6bf00000)]
  0x000001ff8d604000 JavaThread "Build operations" [_thread_blocked, id=5324, stack(0x0000008e6bf00000,0x0000008e6c000000)]
  0x000001ff8d606000 JavaThread "Build operations Thread 2" [_thread_blocked, id=2484, stack(0x0000008e6c000000,0x0000008e6c100000)]
  0x000001ff8d600800 JavaThread "Build operations Thread 3" [_thread_blocked, id=2308, stack(0x0000008e6c100000,0x0000008e6c200000)]
  0x000001ff8d603000 JavaThread "Build operations Thread 4" [_thread_blocked, id=7076, stack(0x0000008e6c200000,0x0000008e6c300000)]
  0x000001ff8a180000 JavaThread "Memory manager" [_thread_blocked, id=240, stack(0x0000008e73900000,0x0000008e73a00000)]
  0x000001ff8a185000 JavaThread "build event listener" [_thread_blocked, id=2716, stack(0x0000008e73a00000,0x0000008e73b00000)]
  0x000001ff8a182800 JavaThread "build event listener" [_thread_blocked, id=6976, stack(0x0000008e73b00000,0x0000008e73c00000)]
  0x000001ff8a183800 JavaThread "Execution worker for ':'" [_thread_blocked, id=3808, stack(0x0000008e73c00000,0x0000008e73d00000)]
  0x000001ff8a184000 JavaThread "Execution worker for ':' Thread 2" [_thread_blocked, id=4136, stack(0x0000008e73d00000,0x0000008e73e00000)]
  0x000001ff90147000 JavaThread "Execution worker for ':' Thread 3" [_thread_blocked, id=3052, stack(0x0000008e73e00000,0x0000008e73f00000)]
  0x000001ff90146800 JavaThread "Cache worker for execution history cache (C:\Users\User\AndroidStudioProjects\ThApp\.gradle\6.7.1\executionHistory)" [_thread_blocked, id=5424, stack(0x0000008e73f00000,0x0000008e74000000)]
  0x000001ff90148000 JavaThread "RMI Scheduler(0)" daemon [_thread_blocked, id=476, stack(0x0000008e6b600000,0x0000008e6b700000)]
  0x000001ff90143000 JavaThread "RMI GC Daemon" daemon [_thread_blocked, id=2348, stack(0x0000008e74100000,0x0000008e74200000)]
  0x000001ff90145800 JavaThread "RMI TCP Accept-0" daemon [_thread_in_native, id=4088, stack(0x0000008e74300000,0x0000008e74400000)]
  0x000001ff90149800 JavaThread "RMI Reaper" [_thread_blocked, id=3472, stack(0x0000008e74400000,0x0000008e74500000)]
  0x000001ff90145000 JavaThread "RMI TCP Connection(idle)" daemon [_thread_blocked, id=6724, stack(0x0000008e74500000,0x0000008e74600000)]
  0x000001ff90149000 JavaThread "Cache worker for Java compile cache (C:\Users\User\.gradle\caches\6.7.1\javaCompile)" [_thread_blocked, id=6832, stack(0x0000008e69100000,0x0000008e69200000)]
  0x000001ff90144000 JavaThread "Cache worker for Java compile cache (C:\Users\User\AndroidStudioProjects\ThApp\.gradle\6.7.1\javaCompile)" [_thread_blocked, id=4140, stack(0x0000008e69200000,0x0000008e69300000)]
  0x000001ff8a176800 JavaThread "WorkerExecutor Queue" [_thread_blocked, id=2800, stack(0x0000008e6b000000,0x0000008e6b100000)]
  0x000001ff8a17c000 JavaThread "WorkerExecutor Queue Thread 3" [_thread_blocked, id=5276, stack(0x0000008e6c300000,0x0000008e6c400000)]
  0x000001ff8a17d000 JavaThread "WorkerExecutor Queue Thread 4" [_thread_blocked, id=5516, stack(0x0000008e6c400000,0x0000008e6c500000)]
  0x000001ff8a178800 JavaThread "WorkerExecutor Queue Thread 5" [_thread_blocked, id=6384, stack(0x0000008e6c500000,0x0000008e6c600000)]
  0x000001ff882a6000 JavaThread "C2 CompilerThread1" daemon [_thread_blocked, id=4624, stack(0x0000008e69000000,0x0000008e69100000)]
  0x000001ff8a17a800 JavaThread "ForkJoinPool-1-worker-3" daemon [_thread_blocked, id=3060, stack(0x0000008e6bc00000,0x0000008e6bd00000)]
  0x000001ff8a17b000 JavaThread "ForkJoinPool-1-worker-5" daemon [_thread_blocked, id=4364, stack(0x0000008e6c600000,0x0000008e6c700000)]
  0x000001ff8a177000 JavaThread "ForkJoinPool-1-worker-7" daemon [_thread_blocked, id=3452, stack(0x0000008e6c700000,0x0000008e6c800000)]
  0x000001ff8a17d800 JavaThread "ForkJoinPool-1-worker-1" daemon [_thread_blocked, id=3436, stack(0x0000008e6c800000,0x0000008e6c900000)]

Other Threads:
=>0x000001ff87350000 VMThread "VM Thread" [stack: 0x0000008e69900000,0x0000008e69a00000] [id=368]
  0x000001ff87e55000 WatcherThread [stack: 0x0000008e6a300000,0x0000008e6a400000] [id=6544]
  0x000001ffed170000 GCTaskThread "GC Thread#0" [stack: 0x0000008e69400000,0x0000008e69500000] [id=6188]
  0x000001ff88157800 GCTaskThread "GC Thread#1" [stack: 0x0000008e6a500000,0x0000008e6a600000] [id=3456]
  0x000001ff8a16e800 GCTaskThread "GC Thread#2" [stack: 0x0000008e6b200000,0x0000008e6b300000] [id=1832]
  0x000001ff8a3d2000 GCTaskThread "GC Thread#3" [stack: 0x0000008e6b300000,0x0000008e6b400000] [id=4544]
  0x000001ffed1a2800 ConcurrentGCThread "G1 Main Marker" [stack: 0x0000008e69500000,0x0000008e69600000] [id=3888]
  0x000001ffed1a6000 ConcurrentGCThread "G1 Conc#0" [stack: 0x0000008e69600000,0x0000008e69700000] [id=188]
  0x000001ffed238800 ConcurrentGCThread "G1 Refine#0" [stack: 0x0000008e69700000,0x0000008e69800000] [id=4240]
  0x000001ffed239800 ConcurrentGCThread "G1 Young RemSet Sampling" [stack: 0x0000008e69800000,0x0000008e69900000] [id=3204]

Threads with active compile tasks:
C2 CompilerThread0  85945 14992       4       com.android.tools.r8.dex.r::a (45 bytes)
C2 CompilerThread1  85945 15082   !   4       com.android.tools.r8.graph.q0::toString (17 bytes)

VM state:at safepoint (normal execution)

VM Mutex/Monitor currently owned by a thread:  ([mutex/lock_event])
[0x000001ffed1533f0] Threads_lock - owner thread: 0x000001ff87350000
[0x000001ffed154830] Heap_lock - owner thread: 0x000001ff8a17b000

Heap address: 0x0000000080000000, size: 2048 MB, Compressed Oops mode: 32-bit
Narrow klass base: 0x0000000000000000, Narrow klass shift: 3
Compressed class space size: 1073741824 Address: 0x0000000100000000

Heap:
 garbage-first heap   total 590848K, used 201477K [0x0000000080000000, 0x0000000100000000)
  region size 1024K, 2 young (2048K), 2 survivors (2048K)
 Metaspace       used 110156K, capacity 112941K, committed 113612K, reserved 1146880K
  class space    used 14270K, capacity 15322K, committed 15616K, reserved 1048576K
Heap Regions: E=young(eden), S=young(survivor), O=old, HS=humongous(starts), HC=humongous(continues), CS=collection set, F=free, A=archive, TAMS=top-at-mark-start (previous, next)
|   0|0x0000000080000000, 0x0000000080100000, 0x0000000080100000|100%| O|  |TAMS 0x0000000080100000, 0x0000000080000000| Untracked 
|   1|0x0000000080100000, 0x0000000080200000, 0x0000000080200000|100%| O|  |TAMS 0x0000000080200000, 0x0000000080100000| Untracked 
|   2|0x0000000080200000, 0x0000000080300000, 0x0000000080300000|100%| O|  |TAMS 0x0000000080300000, 0x0000000080200000| Untracked 
|   3|0x0000000080300000, 0x0000000080400000, 0x0000000080400000|100%|HS|  |TAMS 0x0000000080400000, 0x0000000080300000| Complete 
|   4|0x0000000080400000, 0x0000000080500000, 0x0000000080500000|100%|HC|  |TAMS 0x0000000080500000, 0x0000000080400000| Complete 
|   5|0x0000000080500000, 0x0000000080600000, 0x0000000080600000|100%|HC|  |TAMS 0x0000000080600000, 0x0000000080500000| Complete 
|   6|0x0000000080600000, 0x0000000080700000, 0x0000000080700000|100%| O|  |TAMS 0x0000000080700000, 0x0000000080600000| Untracked 
|   7|0x0000000080700000, 0x0000000080800000, 0x0000000080800000|100%| O|  |TAMS 0x0000000080800000, 0x0000000080700000| Untracked 
|   8|0x0000000080800000, 0x0000000080900000, 0x0000000080900000|100%| O|  |TAMS 0x0000000080900000, 0x0000000080800000| Complete 
|   9|0x0000000080900000, 0x0000000080a00000, 0x0000000080a00000|100%| O|  |TAMS 0x0000000080a00000, 0x0000000080900000| Untracked 
|  10|0x0000000080a00000, 0x0000000080b00000, 0x0000000080b00000|100%| O|  |TAMS 0x0000000080b00000, 0x0000000080a00000| Untracked 
|  11|0x0000000080b00000, 0x0000000080c00000, 0x0000000080c00000|100%| O|  |TAMS 0x0000000080c00000, 0x0000000080b00000| Untracked 
|  12|0x0000000080c00000, 0x0000000080d00000, 0x0000000080d00000|100%| O|  |TAMS 0x0000000080d00000, 0x0000000080c00000| Untracked 
|  13|0x0000000080d00000, 0x0000000080e00000, 0x0000000080e00000|100%| O|  |TAMS 0x0000000080e00000, 0x0000000080d00000| Complete 
|  14|0x0000000080e00000, 0x0000000080f00000, 0x0000000080f00000|100%| O|  |TAMS 0x0000000080f00000, 0x0000000080e00000| Untracked 
|  15|0x0000000080f00000, 0x0000000081000000, 0x0000000081000000|100%| O|  |TAMS 0x0000000081000000, 0x0000000080f00000| Complete 
|  16|0x0000000081000000, 0x0000000081100000, 0x0000000081100000|100%| O|  |TAMS 0x0000000081100000, 0x0000000081000000| Untracked 
|  17|0x0000000081100000, 0x0000000081200000, 0x0000000081200000|100%| O|  |TAMS 0x0000000081200000, 0x0000000081100000| Untracked 
|  18|0x0000000081200000, 0x0000000081300000, 0x0000000081300000|100%| O|  |TAMS 0x0000000081300000, 0x0000000081200000| Untracked 
|  19|0x0000000081300000, 0x0000000081400000, 0x0000000081400000|100%| O|  |TAMS 0x0000000081400000, 0x0000000081300000| Untracked 
|  20|0x0000000081400000, 0x0000000081500000, 0x0000000081500000|100%| O|  |TAMS 0x0000000081500000, 0x0000000081400000| Complete 
|  21|0x0000000081500000, 0x0000000081600000, 0x0000000081600000|100%| O|  |TAMS 0x0000000081600000, 0x0000000081500000| Untracked 
|  22|0x0000000081600000, 0x0000000081700000, 0x0000000081700000|100%| O|  |TAMS 0x0000000081700000, 0x0000000081600000| Untracked 
|  23|0x0000000081700000, 0x0000000081800000, 0x0000000081800000|100%|HS|  |TAMS 0x0000000081800000, 0x0000000081700000| Complete 
|  24|0x0000000081800000, 0x0000000081900000, 0x0000000081900000|100%|HS|  |TAMS 0x0000000081900000, 0x0000000081800000| Complete 
|  25|0x0000000081900000, 0x0000000081a00000, 0x0000000081a00000|100%| O|  |TAMS 0x0000000081a00000, 0x0000000081900000| Untracked 
|  26|0x0000000081a00000, 0x0000000081b00000, 0x0000000081b00000|100%| O|  |TAMS 0x0000000081b00000, 0x0000000081a00000| Complete 
|  27|0x0000000081b00000, 0x0000000081c00000, 0x0000000081c00000|100%|HS|  |TAMS 0x0000000081c00000, 0x0000000081b00000| Complete 
|  28|0x0000000081c00000, 0x0000000081d00000, 0x0000000081d00000|100%|HC|  |TAMS 0x0000000081d00000, 0x0000000081c00000| Complete 
|  29|0x0000000081d00000, 0x0000000081e00000, 0x0000000081e00000|100%|HC|  |TAMS 0x0000000081e00000, 0x0000000081d00000| Complete 
|  30|0x0000000081e00000, 0x0000000081f00000, 0x0000000081f00000|100%|HS|  |TAMS 0x0000000081f00000, 0x0000000081e00000| Complete 
|  31|0x0000000081f00000, 0x0000000082000000, 0x0000000082000000|100%|HC|  |TAMS 0x0000000082000000, 0x0000000081f00000| Complete 
|  32|0x0000000082000000, 0x0000000082100000, 0x0000000082100000|100%| O|  |TAMS 0x0000000082100000, 0x0000000082000000| Untracked 
|  33|0x0000000082100000, 0x0000000082200000, 0x0000000082200000|100%| O|  |TAMS 0x0000000082200000, 0x0000000082100000| Untracked 
|  34|0x0000000082200000, 0x0000000082300000, 0x0000000082300000|100%| O|  |TAMS 0x0000000082300000, 0x0000000082200000| Untracked 
|  35|0x0000000082300000, 0x0000000082400000, 0x0000000082400000|100%| O|  |TAMS 0x0000000082400000, 0x0000000082300000| Untracked 
|  36|0x0000000082400000, 0x0000000082500000, 0x0000000082500000|100%| O|  |TAMS 0x0000000082500000, 0x0000000082400000| Complete 
|  37|0x0000000082500000, 0x0000000082600000, 0x0000000082600000|100%| O|  |TAMS 0x0000000082600000, 0x0000000082500000| Untracked 
|  38|0x0000000082600000, 0x0000000082700000, 0x0000000082700000|100%| O|  |TAMS 0x0000000082700000, 0x0000000082600000| Untracked 
|  39|0x0000000082700000, 0x0000000082800000, 0x0000000082800000|100%| O|  |TAMS 0x0000000082800000, 0x0000000082700000| Untracked 
|  40|0x0000000082800000, 0x0000000082900000, 0x0000000082900000|100%| O|  |TAMS 0x0000000082900000, 0x0000000082800000| Complete 
|  41|0x0000000082900000, 0x0000000082a00000, 0x0000000082a00000|100%| O|  |TAMS 0x0000000082a00000, 0x0000000082900000| Complete 
|  42|0x0000000082a00000, 0x0000000082b00000, 0x0000000082b00000|100%| O|  |TAMS 0x0000000082b00000, 0x0000000082a00000| Complete 
|  43|0x0000000082b00000, 0x0000000082c00000, 0x0000000082c00000|100%| O|  |TAMS 0x0000000082c00000, 0x0000000082b00000| Untracked 
|  44|0x0000000082c00000, 0x0000000082d00000, 0x0000000082d00000|100%| O|  |TAMS 0x0000000082d00000, 0x0000000082c00000| Complete 
|  45|0x0000000082d00000, 0x0000000082e00000, 0x0000000082e00000|100%| O|  |TAMS 0x0000000082e00000, 0x0000000082d00000| Untracked 
|  46|0x0000000082e00000, 0x0000000082f00000, 0x0000000082f00000|100%| O|  |TAMS 0x0000000082f00000, 0x0000000082e00000| Untracked 
|  47|0x0000000082f00000, 0x0000000083000000, 0x0000000083000000|100%| O|  |TAMS 0x0000000083000000, 0x0000000082f00000| Untracked 
|  48|0x0000000083000000, 0x0000000083100000, 0x0000000083100000|100%| O|  |TAMS 0x0000000083100000, 0x0000000083000000| Untracked 
|  49|0x0000000083100000, 0x0000000083200000, 0x0000000083200000|100%| O|  |TAMS 0x0000000083200000, 0x0000000083100000| Untracked 
|  50|0x0000000083200000, 0x0000000083300000, 0x0000000083300000|100%| O|  |TAMS 0x0000000083300000, 0x0000000083200000| Untracked 
|  51|0x0000000083300000, 0x0000000083400000, 0x0000000083400000|100%| O|  |TAMS 0x0000000083400000, 0x0000000083300000| Untracked 
|  52|0x0000000083400000, 0x0000000083500000, 0x0000000083500000|100%| O|  |TAMS 0x0000000083500000, 0x0000000083400000| Untracked 
|  53|0x0000000083500000, 0x0000000083600000, 0x0000000083600000|100%| O|  |TAMS 0x0000000083600000, 0x0000000083500000| Untracked 
|  54|0x0000000083600000, 0x0000000083700000, 0x0000000083700000|100%| O|  |TAMS 0x0000000083700000, 0x0000000083600000| Untracked 
|  55|0x0000000083700000, 0x0000000083800000, 0x0000000083800000|100%| O|  |TAMS 0x0000000083800000, 0x0000000083700000| Complete 
|  56|0x0000000083800000, 0x0000000083900000, 0x0000000083900000|100%| O|  |TAMS 0x0000000083900000, 0x0000000083800000| Untracked 
|  57|0x0000000083900000, 0x0000000083a00000, 0x0000000083a00000|100%| O|  |TAMS 0x0000000083a00000, 0x0000000083900000| Untracked 
|  58|0x0000000083a00000, 0x0000000083b00000, 0x0000000083b00000|100%| O|  |TAMS 0x0000000083b00000, 0x0000000083a00000| Complete 
|  59|0x0000000083b00000, 0x0000000083c00000, 0x0000000083c00000|100%| O|  |TAMS 0x0000000083c00000, 0x0000000083b00000| Untracked 
|  60|0x0000000083c00000, 0x0000000083d00000, 0x0000000083d00000|100%| O|  |TAMS 0x0000000083d00000, 0x0000000083c00000| Untracked 
|  61|0x0000000083d00000, 0x0000000083e00000, 0x0000000083e00000|100%| O|  |TAMS 0x0000000083e00000, 0x0000000083d00000| Untracked 
|  62|0x0000000083e00000, 0x0000000083f00000, 0x0000000083f00000|100%| O|  |TAMS 0x0000000083f00000, 0x0000000083e00000| Complete 
|  63|0x0000000083f00000, 0x0000000084000000, 0x0000000084000000|100%| O|  |TAMS 0x0000000084000000, 0x0000000083f00000| Untracked 
|  64|0x0000000084000000, 0x0000000084100000, 0x0000000084100000|100%| O|  |TAMS 0x0000000084100000, 0x0000000084000000| Untracked 
|  65|0x0000000084100000, 0x0000000084200000, 0x0000000084200000|100%| O|  |TAMS 0x0000000084200000, 0x0000000084100000| Complete 
|  66|0x0000000084200000, 0x0000000084300000, 0x0000000084300000|100%| O|  |TAMS 0x0000000084300000, 0x0000000084200000| Complete 
|  67|0x0000000084300000, 0x0000000084400000, 0x0000000084400000|100%| O|  |TAMS 0x0000000084400000, 0x0000000084300000| Complete 
|  68|0x0000000084400000, 0x0000000084500000, 0x0000000084500000|100%| O|  |TAMS 0x0000000084500000, 0x0000000084400000| Untracked 
|  69|0x0000000084500000, 0x0000000084600000, 0x0000000084600000|100%| O|  |TAMS 0x0000000084600000, 0x0000000084500000| Untracked 
|  70|0x0000000084600000, 0x0000000084700000, 0x0000000084700000|100%| O|  |TAMS 0x0000000084700000, 0x0000000084600000| Complete 
|  71|0x0000000084700000, 0x0000000084800000, 0x0000000084800000|100%| O|  |TAMS 0x0000000084800000, 0x0000000084700000| Complete 
|  72|0x0000000084800000, 0x0000000084900000, 0x0000000084900000|100%| O|  |TAMS 0x0000000084900000, 0x0000000084800000| Untracked 
|  73|0x0000000084900000, 0x0000000084a00000, 0x0000000084a00000|100%| O|  |TAMS 0x0000000084a00000, 0x0000000084900000| Untracked 
|  74|0x0000000084a00000, 0x0000000084b00000, 0x0000000084b00000|100%| O|  |TAMS 0x0000000084b00000, 0x0000000084a00000| Untracked 
|  75|0x0000000084b00000, 0x0000000084c00000, 0x0000000084c00000|100%| O|  |TAMS 0x0000000084c00000, 0x0000000084b00000| Untracked 
|  76|0x0000000084c00000, 0x0000000084d00000, 0x0000000084d00000|100%| O|  |TAMS 0x0000000084d00000, 0x0000000084c00000| Complete 
|  77|0x0000000084d00000, 0x0000000084e00000, 0x0000000084e00000|100%| O|  |TAMS 0x0000000084e00000, 0x0000000084d00000| Complete 
|  78|0x0000000084e00000, 0x0000000084f00000, 0x0000000084f00000|100%|HS|  |TAMS 0x0000000084f00000, 0x0000000084e00000| Complete 
|  79|0x0000000084f00000, 0x0000000085000000, 0x0000000085000000|100%| O|  |TAMS 0x0000000085000000, 0x0000000084f00000| Untracked 
|  80|0x0000000085000000, 0x0000000085100000, 0x0000000085100000|100%| O|  |TAMS 0x0000000085100000, 0x0000000085000000| Untracked 
|  81|0x0000000085100000, 0x0000000085200000, 0x0000000085200000|100%| O|  |TAMS 0x0000000085200000, 0x0000000085100000| Untracked 
|  82|0x0000000085200000, 0x0000000085300000, 0x0000000085300000|100%| O|  |TAMS 0x0000000085300000, 0x0000000085200000| Complete 
|  83|0x0000000085300000, 0x0000000085400000, 0x0000000085400000|100%| O|  |TAMS 0x0000000085400000, 0x0000000085300000| Untracked 
|  84|0x0000000085400000, 0x0000000085500000, 0x0000000085500000|100%| O|  |TAMS 0x0000000085500000, 0x0000000085400000| Complete 
|  85|0x0000000085500000, 0x0000000085600000, 0x0000000085600000|100%| O|  |TAMS 0x0000000085600000, 0x0000000085500000| Untracked 
|  86|0x0000000085600000, 0x0000000085700000, 0x0000000085700000|100%| O|  |TAMS 0x0000000085700000, 0x0000000085600000| Complete 
|  87|0x0000000085700000, 0x0000000085800000, 0x0000000085800000|100%| O|  |TAMS 0x0000000085800000, 0x0000000085700000| Untracked 
|  88|0x0000000085800000, 0x0000000085900000, 0x0000000085900000|100%| O|  |TAMS 0x0000000085900000, 0x0000000085800000| Untracked 
|  89|0x0000000085900000, 0x0000000085a00000, 0x0000000085a00000|100%| O|  |TAMS 0x0000000085a00000, 0x0000000085900000| Complete 
|  90|0x0000000085a00000, 0x0000000085b00000, 0x0000000085b00000|100%| O|  |TAMS 0x0000000085b00000, 0x0000000085a00000| Complete 
|  91|0x0000000085b00000, 0x0000000085c00000, 0x0000000085c00000|100%| O|  |TAMS 0x0000000085c00000, 0x0000000085b00000| Untracked 
|  92|0x0000000085c00000, 0x0000000085d00000, 0x0000000085d00000|100%| O|  |TAMS 0x0000000085d00000, 0x0000000085c00000| Complete 
|  93|0x0000000085d00000, 0x0000000085e00000, 0x0000000085e00000|100%| O|  |TAMS 0x0000000085e00000, 0x0000000085d00000| Complete 
|  94|0x0000000085e00000, 0x0000000085f00000, 0x0000000085f00000|100%| O|  |TAMS 0x0000000085f00000, 0x0000000085e00000| Complete 
|  95|0x0000000085f00000, 0x0000000086000000, 0x0000000086000000|100%|HS|  |TAMS 0x0000000086000000, 0x0000000085f00000| Complete 
|  96|0x0000000086000000, 0x0000000086100000, 0x0000000086100000|100%| O|  |TAMS 0x0000000086100000, 0x0000000086000000| Complete 
|  97|0x0000000086100000, 0x0000000086200000, 0x0000000086200000|100%| O|  |TAMS 0x0000000086200000, 0x0000000086100000| Complete 
|  98|0x0000000086200000, 0x0000000086300000, 0x0000000086300000|100%| O|  |TAMS 0x0000000086300000, 0x0000000086200000| Complete 
|  99|0x0000000086300000, 0x0000000086400000, 0x0000000086400000|100%|HS|  |TAMS 0x0000000086400000, 0x0000000086300000| Complete 
| 100|0x0000000086400000, 0x0000000086500000, 0x0000000086500000|100%|HC|  |TAMS 0x0000000086500000, 0x0000000086400000| Complete 
| 101|0x0000000086500000, 0x0000000086600000, 0x0000000086600000|100%|HC|  |TAMS 0x0000000086600000, 0x0000000086500000| Complete 
| 102|0x0000000086600000, 0x0000000086700000, 0x0000000086700000|100%|HC|  |TAMS 0x0000000086700000, 0x0000000086600000| Complete 
| 103|0x0000000086700000, 0x0000000086800000, 0x0000000086800000|100%|HC|  |TAMS 0x0000000086800000, 0x0000000086700000| Complete 
| 104|0x0000000086800000, 0x0000000086900000, 0x0000000086900000|100%|HC|  |TAMS 0x0000000086900000, 0x0000000086800000| Complete 
| 105|0x0000000086900000, 0x0000000086a00000, 0x0000000086a00000|100%|HC|  |TAMS 0x0000000086a00000, 0x0000000086900000| Complete 
| 106|0x0000000086a00000, 0x0000000086b00000, 0x0000000086b00000|100%| O|  |TAMS 0x0000000086b00000, 0x0000000086a00000| Untracked 
| 107|0x0000000086b00000, 0x0000000086c00000, 0x0000000086c00000|100%| O|  |TAMS 0x0000000086c00000, 0x0000000086b00000| Untracked 
| 108|0x0000000086c00000, 0x0000000086d00000, 0x0000000086d00000|100%| O|  |TAMS 0x0000000086d00000, 0x0000000086c00000| Complete 
| 109|0x0000000086d00000, 0x0000000086e00000, 0x0000000086e00000|100%| O|  |TAMS 0x0000000086e00000, 0x0000000086d00000| Untracked 
| 110|0x0000000086e00000, 0x0000000086f00000, 0x0000000086f00000|100%| O|  |TAMS 0x0000000086f00000, 0x0000000086e00000| Untracked 
| 111|0x0000000086f00000, 0x0000000087000000, 0x0000000087000000|100%| O|  |TAMS 0x0000000087000000, 0x0000000086f00000| Complete 
| 112|0x0000000087000000, 0x0000000087100000, 0x0000000087100000|100%| O|  |TAMS 0x0000000087100000, 0x0000000087000000| Complete 
| 113|0x0000000087100000, 0x0000000087200000, 0x0000000087200000|100%|HS|  |TAMS 0x0000000087200000, 0x0000000087100000| Complete 
| 114|0x0000000087200000, 0x0000000087300000, 0x0000000087300000|100%|HS|  |TAMS 0x0000000087300000, 0x0000000087200000| Complete 
| 115|0x0000000087300000, 0x0000000087400000, 0x0000000087400000|100%| O|  |TAMS 0x0000000087300000, 0x0000000087300000| Untracked 
| 116|0x0000000087400000, 0x0000000087500000, 0x0000000087500000|100%|HS|  |TAMS 0x0000000087500000, 0x0000000087400000| Complete 
| 117|0x0000000087500000, 0x0000000087600000, 0x0000000087600000|100%|HC|  |TAMS 0x0000000087600000, 0x0000000087500000| Complete 
| 118|0x0000000087600000, 0x0000000087700000, 0x0000000087700000|100%| O|  |TAMS 0x0000000087600000, 0x0000000087600000| Untracked 
| 119|0x0000000087700000, 0x0000000087800000, 0x0000000087800000|100%|HS|  |TAMS 0x0000000087800000, 0x0000000087700000| Complete 
| 120|0x0000000087800000, 0x0000000087900000, 0x0000000087900000|100%| O|  |TAMS 0x0000000087900000, 0x0000000087800000| Complete 
| 121|0x0000000087900000, 0x0000000087a00000, 0x0000000087a00000|100%| O|  |TAMS 0x0000000087a00000, 0x0000000087900000| Untracked 
| 122|0x0000000087a00000, 0x0000000087b00000, 0x0000000087b00000|100%| O|  |TAMS 0x0000000087b00000, 0x0000000087a00000| Untracked 
| 123|0x0000000087b00000, 0x0000000087c00000, 0x0000000087c00000|100%| O|  |TAMS 0x0000000087c00000, 0x0000000087b00000| Untracked 
| 124|0x0000000087c00000, 0x0000000087d00000, 0x0000000087d00000|100%| O|  |TAMS 0x0000000087d00000, 0x0000000087c00000| Untracked 
| 125|0x0000000087d00000, 0x0000000087e00000, 0x0000000087e00000|100%| O|  |TAMS 0x0000000087e00000, 0x0000000087d00000| Untracked 
| 126|0x0000000087e00000, 0x0000000087f00000, 0x0000000087f00000|100%| O|  |TAMS 0x0000000087f00000, 0x0000000087e00000| Complete 
| 127|0x0000000087f00000, 0x0000000088000000, 0x0000000088000000|100%| O|  |TAMS 0x0000000088000000, 0x0000000087f00000| Complete 
| 128|0x0000000088000000, 0x0000000088100000, 0x0000000088100000|100%| O|  |TAMS 0x0000000088100000, 0x0000000088000000| Untracked 
| 129|0x0000000088100000, 0x0000000088200000, 0x0000000088200000|100%| O|  |TAMS 0x0000000088200000, 0x0000000088100000| Untracked 
| 130|0x0000000088200000, 0x0000000088300000, 0x0000000088300000|100%| O|  |TAMS 0x0000000088300000, 0x0000000088200000| Untracked 
| 131|0x0000000088300000, 0x0000000088400000, 0x0000000088400000|100%| O|  |TAMS 0x0000000088400000, 0x0000000088300000| Complete 
| 132|0x0000000088400000, 0x0000000088500000, 0x0000000088500000|100%| O|  |TAMS 0x0000000088500000, 0x0000000088400000| Complete 
| 133|0x0000000088500000, 0x0000000088600000, 0x0000000088600000|100%| O|  |TAMS 0x0000000088600000, 0x0000000088500000| Untracked 
| 134|0x0000000088600000, 0x0000000088700000, 0x0000000088700000|100%| O|  |TAMS 0x0000000088700000, 0x0000000088600000| Untracked 
| 135|0x0000000088700000, 0x0000000088800000, 0x0000000088800000|100%| O|  |TAMS 0x0000000088800000, 0x0000000088700000| Untracked 
| 136|0x0000000088800000, 0x0000000088900000, 0x0000000088900000|100%| O|  |TAMS 0x0000000088900000, 0x0000000088800000| Untracked 
| 137|0x0000000088900000, 0x0000000088a00000, 0x0000000088a00000|100%| O|  |TAMS 0x0000000088a00000, 0x0000000088900000| Untracked 
| 138|0x0000000088a00000, 0x0000000088b00000, 0x0000000088b00000|100%| O|  |TAMS 0x0000000088b00000, 0x0000000088a00000| Untracked 
| 139|0x0000000088b00000, 0x0000000088c00000, 0x0000000088c00000|100%| O|  |TAMS 0x0000000088c00000, 0x0000000088b00000| Untracked 
| 140|0x0000000088c00000, 0x0000000088d00000, 0x0000000088d00000|100%| O|  |TAMS 0x0000000088d00000, 0x0000000088c00000| Untracked 
| 141|0x0000000088d00000, 0x0000000088e00000, 0x0000000088e00000|100%| O|  |TAMS 0x0000000088e00000, 0x0000000088d00000| Untracked 
| 142|0x0000000088e00000, 0x0000000088f00000, 0x0000000088f00000|100%| O|  |TAMS 0x0000000088f00000, 0x0000000088e00000| Untracked 
| 143|0x0000000088f00000, 0x0000000089000000, 0x0000000089000000|100%| O|  |TAMS 0x0000000089000000, 0x0000000088f00000| Complete 
| 144|0x0000000089000000, 0x0000000089100000, 0x0000000089100000|100%| O|  |TAMS 0x0000000089100000, 0x0000000089000000| Untracked 
| 145|0x0000000089100000, 0x0000000089200000, 0x0000000089200000|100%| O|  |TAMS 0x0000000089200000, 0x0000000089100000| Complete 
| 146|0x0000000089200000, 0x0000000089300000, 0x0000000089300000|100%|HS|  |TAMS 0x0000000089300000, 0x0000000089200000| Complete 
| 147|0x0000000089300000, 0x0000000089400000, 0x0000000089400000|100%|HC|  |TAMS 0x0000000089400000, 0x0000000089300000| Complete 
| 148|0x0000000089400000, 0x0000000089500000, 0x0000000089500000|100%| O|  |TAMS 0x0000000089500000, 0x0000000089400000| Untracked 
| 149|0x0000000089500000, 0x0000000089600000, 0x0000000089600000|100%| O|  |TAMS 0x0000000089600000, 0x0000000089500000| Untracked 
| 150|0x0000000089600000, 0x0000000089700000, 0x0000000089700000|100%| O|  |TAMS 0x0000000089700000, 0x0000000089600000| Complete 
| 151|0x0000000089700000, 0x0000000089800000, 0x0000000089800000|100%| O|  |TAMS 0x0000000089800000, 0x0000000089700000| Untracked 
| 152|0x0000000089800000, 0x0000000089900000, 0x0000000089900000|100%| O|  |TAMS 0x0000000089900000, 0x0000000089800000| Complete 
| 153|0x0000000089900000, 0x0000000089a00000, 0x0000000089a00000|100%| O|  |TAMS 0x0000000089a00000, 0x0000000089900000| Complete 
| 154|0x0000000089a00000, 0x0000000089b00000, 0x0000000089b00000|100%| O|  |TAMS 0x0000000089b00000, 0x0000000089a00000| Untracked 
| 155|0x0000000089b00000, 0x0000000089c00000, 0x0000000089c00000|100%| O|  |TAMS 0x0000000089b00000, 0x0000000089b00000| Untracked 
| 156|0x0000000089c00000, 0x0000000089d00000, 0x0000000089d00000|100%| O|  |TAMS 0x0000000089d00000, 0x0000000089c00000| Untracked 
| 157|0x0000000089d00000, 0x0000000089e00000, 0x0000000089e00000|100%| O|  |TAMS 0x0000000089e00000, 0x0000000089d00000| Untracked 
| 158|0x0000000089e00000, 0x0000000089f00000, 0x0000000089f00000|100%| O|  |TAMS 0x0000000089f00000, 0x0000000089e00000| Untracked 
| 159|0x0000000089f00000, 0x000000008a000000, 0x000000008a000000|100%| O|  |TAMS 0x000000008a000000, 0x0000000089f00000| Complete 
| 160|0x000000008a000000, 0x000000008a100000, 0x000000008a100000|100%| O|  |TAMS 0x000000008a000000, 0x000000008a000000| Untracked 
| 161|0x000000008a100000, 0x000000008a200000, 0x000000008a200000|100%|HS|  |TAMS 0x000000008a200000, 0x000000008a100000| Complete 
| 162|0x000000008a200000, 0x000000008a300000, 0x000000008a300000|100%|HS|  |TAMS 0x000000008a300000, 0x000000008a200000| Complete 
| 163|0x000000008a300000, 0x000000008a400000, 0x000000008a400000|100%|HS|  |TAMS 0x000000008a400000, 0x000000008a300000| Complete 
| 164|0x000000008a400000, 0x000000008a500000, 0x000000008a500000|100%|HS|  |TAMS 0x000000008a500000, 0x000000008a400000| Complete 
| 165|0x000000008a500000, 0x000000008a600000, 0x000000008a600000|100%|HC|  |TAMS 0x000000008a600000, 0x000000008a500000| Complete 
| 166|0x000000008a600000, 0x000000008a700000, 0x000000008a700000|100%| O|  |TAMS 0x000000008a700000, 0x000000008a600000| Untracked 
| 167|0x000000008a700000, 0x000000008a800000, 0x000000008a800000|100%| O|  |TAMS 0x000000008a800000, 0x000000008a700000| Untracked 
| 168|0x000000008a800000, 0x000000008a900000, 0x000000008a900000|100%| O|  |TAMS 0x000000008a900000, 0x000000008a800000| Untracked 
| 169|0x000000008a900000, 0x000000008aa00000, 0x000000008aa00000|100%| O|  |TAMS 0x000000008aa00000, 0x000000008a900000| Complete 
| 170|0x000000008aa00000, 0x000000008ab00000, 0x000000008ab00000|100%| O|  |TAMS 0x000000008ab00000, 0x000000008aa00000| Complete 
| 171|0x000000008ab00000, 0x000000008ac00000, 0x000000008ac00000|100%|HS|  |TAMS 0x000000008ac00000, 0x000000008ab00000| Complete 
| 172|0x000000008ac00000, 0x000000008ad00000, 0x000000008ad00000|100%| O|  |TAMS 0x000000008ac00000, 0x000000008ac00000| Untracked 
| 173|0x000000008ad00000, 0x000000008ae00000, 0x000000008ae00000|100%| O|  |TAMS 0x000000008ae00000, 0x000000008ad00000| Complete 
| 174|0x000000008ae00000, 0x000000008af00000, 0x000000008af00000|100%| O|  |TAMS 0x000000008af00000, 0x000000008ae00000| Complete 
| 175|0x000000008af00000, 0x000000008b000000, 0x000000008b000000|100%| O|  |TAMS 0x000000008b000000, 0x000000008af00000| Complete 
| 176|0x000000008b000000, 0x000000008b100000, 0x000000008b100000|100%| O|  |TAMS 0x000000008b100000, 0x000000008b000000| Complete 
| 177|0x000000008b100000, 0x000000008b200000, 0x000000008b200000|100%| O|  |TAMS 0x000000008b200000, 0x000000008b100000| Complete 
| 178|0x000000008b200000, 0x000000008b300000, 0x000000008b300000|100%| O|  |TAMS 0x000000008b300000, 0x000000008b200000| Untracked 
| 179|0x000000008b300000, 0x000000008b400000, 0x000000008b400000|100%|HS|  |TAMS 0x000000008b400000, 0x000000008b300000| Complete 
| 180|0x000000008b400000, 0x000000008b500000, 0x000000008b500000|100%|HS|  |TAMS 0x000000008b500000, 0x000000008b400000| Complete 
| 181|0x000000008b500000, 0x000000008b600000, 0x000000008b600000|100%|HS|  |TAMS 0x000000008b600000, 0x000000008b500000| Complete 
| 182|0x000000008b600000, 0x000000008b700000, 0x000000008b700000|100%|HC|  |TAMS 0x000000008b700000, 0x000000008b600000| Complete 
| 183|0x000000008b700000, 0x000000008b800000, 0x000000008b800000|100%|HS|  |TAMS 0x000000008b800000, 0x000000008b700000| Complete 
| 184|0x000000008b800000, 0x000000008b900000, 0x000000008b900000|100%| O|  |TAMS 0x000000008b900000, 0x000000008b800000| Untracked 
| 185|0x000000008b900000, 0x000000008ba00000, 0x000000008ba00000|100%| O|  |TAMS 0x000000008ba00000, 0x000000008b900000| Complete 
| 186|0x000000008ba00000, 0x000000008bb00000, 0x000000008bb00000|100%| O|  |TAMS 0x000000008ba38600, 0x000000008ba00000| Untracked 
| 187|0x000000008bb00000, 0x000000008bc00000, 0x000000008bc00000|100%|HS|  |TAMS 0x000000008bb00000, 0x000000008bb00000| Complete 
| 188|0x000000008bc00000, 0x000000008bd00000, 0x000000008bd00000|100%|HC|  |TAMS 0x000000008bc00000, 0x000000008bc00000| Complete 
| 189|0x000000008bd00000, 0x000000008be00000, 0x000000008be00000|100%|HC|  |TAMS 0x000000008bd00000, 0x000000008bd00000| Complete 
| 190|0x000000008be00000, 0x000000008bf00000, 0x000000008bf00000|100%|HC|  |TAMS 0x000000008be00000, 0x000000008be00000| Complete 
| 191|0x000000008bf00000, 0x000000008c000000, 0x000000008c000000|100%|HC|  |TAMS 0x000000008bf00000, 0x000000008bf00000| Complete 
| 192|0x000000008c000000, 0x000000008c100000, 0x000000008c100000|100%|HC|  |TAMS 0x000000008c000000, 0x000000008c000000| Complete 
| 193|0x000000008c100000, 0x000000008c200000, 0x000000008c200000|100%|HC|  |TAMS 0x000000008c100000, 0x000000008c100000| Complete 
| 194|0x000000008c200000, 0x000000008c300000, 0x000000008c300000|100%| O|  |TAMS 0x000000008c200000, 0x000000008c200000| Untracked 
| 195|0x000000008c300000, 0x000000008c345400, 0x000000008c400000| 27%| O|  |TAMS 0x000000008c300000, 0x000000008c300000| Untracked 
| 196|0x000000008c400000, 0x000000008c400000, 0x000000008c500000|  0%| F|  |TAMS 0x000000008c400000, 0x000000008c400000| Untracked 
| 197|0x000000008c500000, 0x000000008c500000, 0x000000008c600000|  0%| F|  |TAMS 0x000000008c500000, 0x000000008c500000| Untracked 
| 198|0x000000008c600000, 0x000000008c600000, 0x000000008c700000|  0%| F|  |TAMS 0x000000008c600000, 0x000000008c600000| Untracked 
| 199|0x000000008c700000, 0x000000008c700000, 0x000000008c800000|  0%| F|  |TAMS 0x000000008c700000, 0x000000008c700000| Untracked 
| 200|0x000000008c800000, 0x000000008c800000, 0x000000008c900000|  0%| F|  |TAMS 0x000000008c800000, 0x000000008c800000| Untracked 
| 201|0x000000008c900000, 0x000000008c900000, 0x000000008ca00000|  0%| F|  |TAMS 0x000000008c900000, 0x000000008c900000| Untracked 
| 202|0x000000008ca00000, 0x000000008ca00000, 0x000000008cb00000|  0%| F|  |TAMS 0x000000008ca00000, 0x000000008ca00000| Untracked 
| 203|0x000000008cb00000, 0x000000008cb00000, 0x000000008cc00000|  0%| F|  |TAMS 0x000000008cb00000, 0x000000008cb00000| Untracked 
| 204|0x000000008cc00000, 0x000000008cc00000, 0x000000008cd00000|  0%| F|  |TAMS 0x000000008cc00000, 0x000000008cc00000| Untracked 
| 205|0x000000008cd00000, 0x000000008cd00000, 0x000000008ce00000|  0%| F|  |TAMS 0x000000008cd00000, 0x000000008cd00000| Untracked 
| 206|0x000000008ce00000, 0x000000008ce00000, 0x000000008cf00000|  0%| F|  |TAMS 0x000000008ce00000, 0x000000008ce00000| Untracked 
| 207|0x000000008cf00000, 0x000000008cf00000, 0x000000008d000000|  0%| F|  |TAMS 0x000000008cf00000, 0x000000008cf00000| Untracked 
| 208|0x000000008d000000, 0x000000008d000000, 0x000000008d100000|  0%| F|  |TAMS 0x000000008d000000, 0x000000008d000000| Untracked 
| 209|0x000000008d100000, 0x000000008d100000, 0x000000008d200000|  0%| F|  |TAMS 0x000000008d100000, 0x000000008d100000| Untracked 
| 210|0x000000008d200000, 0x000000008d200000, 0x000000008d300000|  0%| F|  |TAMS 0x000000008d200000, 0x000000008d200000| Untracked 
| 211|0x000000008d300000, 0x000000008d300000, 0x000000008d400000|  0%| F|  |TAMS 0x000000008d300000, 0x000000008d300000| Untracked 
| 212|0x000000008d400000, 0x000000008d400000, 0x000000008d500000|  0%| F|  |TAMS 0x000000008d400000, 0x000000008d400000| Untracked 
| 213|0x000000008d500000, 0x000000008d500000, 0x000000008d600000|  0%| F|  |TAMS 0x000000008d500000, 0x000000008d500000| Untracked 
| 214|0x000000008d600000, 0x000000008d600000, 0x000000008d700000|  0%| F|  |TAMS 0x000000008d600000, 0x000000008d600000| Untracked 
| 215|0x000000008d700000, 0x000000008d700000, 0x000000008d800000|  0%| F|  |TAMS 0x000000008d700000, 0x000000008d700000| Untracked 
| 216|0x000000008d800000, 0x000000008d800000, 0x000000008d900000|  0%| F|  |TAMS 0x000000008d800000, 0x000000008d800000| Untracked 
| 217|0x000000008d900000, 0x000000008d900000, 0x000000008da00000|  0%| F|  |TAMS 0x000000008d900000, 0x000000008d900000| Untracked 
| 218|0x000000008da00000, 0x000000008da00000, 0x000000008db00000|  0%| F|  |TAMS 0x000000008da00000, 0x000000008da00000| Untracked 
| 219|0x000000008db00000, 0x000000008db00000, 0x000000008dc00000|  0%| F|  |TAMS 0x000000008db00000, 0x000000008db00000| Untracked 
| 220|0x000000008dc00000, 0x000000008dc00000, 0x000000008dd00000|  0%| F|  |TAMS 0x000000008dc00000, 0x000000008dc00000| Untracked 
| 221|0x000000008dd00000, 0x000000008dd00000, 0x000000008de00000|  0%| F|  |TAMS 0x000000008dd00000, 0x000000008dd00000| Untracked 
| 222|0x000000008de00000, 0x000000008de00000, 0x000000008df00000|  0%| F|  |TAMS 0x000000008de00000, 0x000000008de00000| Untracked 
| 223|0x000000008df00000, 0x000000008df00000, 0x000000008e000000|  0%| F|  |TAMS 0x000000008df00000, 0x000000008df00000| Untracked 
| 224|0x000000008e000000, 0x000000008e000000, 0x000000008e100000|  0%| F|  |TAMS 0x000000008e000000, 0x000000008e000000| Untracked 
| 225|0x000000008e100000, 0x000000008e100000, 0x000000008e200000|  0%| F|  |TAMS 0x000000008e100000, 0x000000008e100000| Untracked 
| 226|0x000000008e200000, 0x000000008e200000, 0x000000008e300000|  0%| F|  |TAMS 0x000000008e200000, 0x000000008e200000| Untracked 
| 227|0x000000008e300000, 0x000000008e300000, 0x000000008e400000|  0%| F|  |TAMS 0x000000008e300000, 0x000000008e300000| Untracked 
| 228|0x000000008e400000, 0x000000008e400000, 0x000000008e500000|  0%| F|  |TAMS 0x000000008e400000, 0x000000008e400000| Untracked 
| 229|0x000000008e500000, 0x000000008e500000, 0x000000008e600000|  0%| F|  |TAMS 0x000000008e500000, 0x000000008e500000| Untracked 
| 230|0x000000008e600000, 0x000000008e600000, 0x000000008e700000|  0%| F|  |TAMS 0x000000008e600000, 0x000000008e600000| Untracked 
| 231|0x000000008e700000, 0x000000008e700000, 0x000000008e800000|  0%| F|  |TAMS 0x000000008e700000, 0x000000008e700000| Untracked 
| 232|0x000000008e800000, 0x000000008e800000, 0x000000008e900000|  0%| F|  |TAMS 0x000000008e800000, 0x000000008e800000| Untracked 
| 233|0x000000008e900000, 0x000000008e900000, 0x000000008ea00000|  0%| F|  |TAMS 0x000000008e900000, 0x000000008e900000| Untracked 
| 234|0x000000008ea00000, 0x000000008ea00000, 0x000000008eb00000|  0%| F|  |TAMS 0x000000008ea00000, 0x000000008ea00000| Untracked 
| 235|0x000000008eb00000, 0x000000008eb00000, 0x000000008ec00000|  0%| F|  |TAMS 0x000000008eb00000, 0x000000008eb00000| Untracked 
| 236|0x000000008ec00000, 0x000000008ec00000, 0x000000008ed00000|  0%| F|  |TAMS 0x000000008ec00000, 0x000000008ec00000| Untracked 
| 237|0x000000008ed00000, 0x000000008ed00000, 0x000000008ee00000|  0%| F|  |TAMS 0x000000008ed00000, 0x000000008ed00000| Untracked 
| 238|0x000000008ee00000, 0x000000008ee00000, 0x000000008ef00000|  0%| F|  |TAMS 0x000000008ee00000, 0x000000008ee00000| Untracked 
| 239|0x000000008ef00000, 0x000000008ef00000, 0x000000008f000000|  0%| F|  |TAMS 0x000000008ef00000, 0x000000008ef00000| Untracked 
| 240|0x000000008f000000, 0x000000008f000000, 0x000000008f100000|  0%| F|  |TAMS 0x000000008f000000, 0x000000008f000000| Untracked 
| 241|0x000000008f100000, 0x000000008f100000, 0x000000008f200000|  0%| F|  |TAMS 0x000000008f100000, 0x000000008f100000| Untracked 
| 242|0x000000008f200000, 0x000000008f200000, 0x000000008f300000|  0%| F|  |TAMS 0x000000008f200000, 0x000000008f200000| Untracked 
| 243|0x000000008f300000, 0x000000008f300000, 0x000000008f400000|  0%| F|  |TAMS 0x000000008f300000, 0x000000008f300000| Untracked 
| 244|0x000000008f400000, 0x000000008f400000, 0x000000008f500000|  0%| F|  |TAMS 0x000000008f400000, 0x000000008f400000| Untracked 
| 245|0x000000008f500000, 0x000000008f500000, 0x000000008f600000|  0%| F|  |TAMS 0x000000008f500000, 0x000000008f500000| Untracked 
| 246|0x000000008f600000, 0x000000008f600000, 0x000000008f700000|  0%| F|  |TAMS 0x000000008f600000, 0x000000008f600000| Untracked 
| 247|0x000000008f700000, 0x000000008f700000, 0x000000008f800000|  0%| F|  |TAMS 0x000000008f700000, 0x000000008f700000| Untracked 
| 248|0x000000008f800000, 0x000000008f800000, 0x000000008f900000|  0%| F|  |TAMS 0x000000008f800000, 0x000000008f800000| Untracked 
| 249|0x000000008f900000, 0x000000008f900000, 0x000000008fa00000|  0%| F|  |TAMS 0x000000008f900000, 0x000000008f900000| Untracked 
| 250|0x000000008fa00000, 0x000000008fa00000, 0x000000008fb00000|  0%| F|  |TAMS 0x000000008fa00000, 0x000000008fa00000| Untracked 
| 251|0x000000008fb00000, 0x000000008fb00000, 0x000000008fc00000|  0%| F|  |TAMS 0x000000008fb00000, 0x000000008fb00000| Untracked 
| 252|0x000000008fc00000, 0x000000008fc00000, 0x000000008fd00000|  0%| F|  |TAMS 0x000000008fc00000, 0x000000008fc00000| Untracked 
| 253|0x000000008fd00000, 0x000000008fd00000, 0x000000008fe00000|  0%| F|  |TAMS 0x000000008fd00000, 0x000000008fd00000| Untracked 
| 254|0x000000008fe00000, 0x000000008fe00000, 0x000000008ff00000|  0%| F|  |TAMS 0x000000008fe00000, 0x000000008fe00000| Untracked 
| 255|0x000000008ff00000, 0x000000008ff00000, 0x0000000090000000|  0%| F|  |TAMS 0x000000008ff00000, 0x000000008ff00000| Untracked 
| 256|0x0000000090000000, 0x0000000090000000, 0x0000000090100000|  0%| F|  |TAMS 0x0000000090000000, 0x0000000090000000| Untracked 
| 257|0x0000000090100000, 0x0000000090100000, 0x0000000090200000|  0%| F|  |TAMS 0x0000000090100000, 0x0000000090100000| Untracked 
| 258|0x0000000090200000, 0x0000000090200000, 0x0000000090300000|  0%| F|  |TAMS 0x0000000090200000, 0x0000000090200000| Untracked 
| 259|0x0000000090300000, 0x0000000090300000, 0x0000000090400000|  0%| F|  |TAMS 0x0000000090300000, 0x0000000090300000| Untracked 
| 260|0x0000000090400000, 0x0000000090400000, 0x0000000090500000|  0%| F|  |TAMS 0x0000000090400000, 0x0000000090400000| Untracked 
| 261|0x0000000090500000, 0x0000000090500000, 0x0000000090600000|  0%| F|  |TAMS 0x0000000090500000, 0x0000000090500000| Untracked 
| 262|0x0000000090600000, 0x0000000090600000, 0x0000000090700000|  0%| F|  |TAMS 0x0000000090600000, 0x0000000090600000| Untracked 
| 263|0x0000000090700000, 0x0000000090700000, 0x0000000090800000|  0%| F|  |TAMS 0x0000000090700000, 0x0000000090700000| Untracked 
| 264|0x0000000090800000, 0x0000000090800000, 0x0000000090900000|  0%| F|  |TAMS 0x0000000090800000, 0x0000000090800000| Untracked 
| 265|0x0000000090900000, 0x0000000090900000, 0x0000000090a00000|  0%| F|  |TAMS 0x0000000090900000, 0x0000000090900000| Untracked 
| 266|0x0000000090a00000, 0x0000000090a00000, 0x0000000090b00000|  0%| F|  |TAMS 0x0000000090a00000, 0x0000000090a00000| Untracked 
| 267|0x0000000090b00000, 0x0000000090b00000, 0x0000000090c00000|  0%| F|  |TAMS 0x0000000090b00000, 0x0000000090b00000| Untracked 
| 268|0x0000000090c00000, 0x0000000090c00000, 0x0000000090d00000|  0%| F|  |TAMS 0x0000000090c00000, 0x0000000090c00000| Untracked 
| 269|0x0000000090d00000, 0x0000000090d00000, 0x0000000090e00000|  0%| F|  |TAMS 0x0000000090d00000, 0x0000000090d00000| Untracked 
| 270|0x0000000090e00000, 0x0000000090e00000, 0x0000000090f00000|  0%| F|  |TAMS 0x0000000090e00000, 0x0000000090e00000| Untracked 
| 271|0x0000000090f00000, 0x0000000090f00000, 0x0000000091000000|  0%| F|  |TAMS 0x0000000090f00000, 0x0000000090f00000| Untracked 
| 272|0x0000000091000000, 0x0000000091000000, 0x0000000091100000|  0%| F|  |TAMS 0x0000000091000000, 0x0000000091000000| Untracked 
| 273|0x0000000091100000, 0x0000000091100000, 0x0000000091200000|  0%| F|  |TAMS 0x0000000091100000, 0x0000000091100000| Untracked 
| 274|0x0000000091200000, 0x000000009127c220, 0x0000000091300000| 48%| S|CS|TAMS 0x0000000091200000, 0x0000000091200000| Complete 
| 275|0x0000000091300000, 0x0000000091400000, 0x0000000091400000|100%| S|CS|TAMS 0x0000000091300000, 0x0000000091300000| Complete 
| 276|0x0000000091400000, 0x0000000091400000, 0x0000000091500000|  0%| F|  |TAMS 0x0000000091400000, 0x0000000091400000| Untracked 
| 277|0x0000000091500000, 0x0000000091500000, 0x0000000091600000|  0%| F|  |TAMS 0x0000000091500000, 0x0000000091500000| Untracked 
| 278|0x0000000091600000, 0x0000000091600000, 0x0000000091700000|  0%| F|  |TAMS 0x0000000091600000, 0x0000000091600000| Untracked 
| 279|0x0000000091700000, 0x0000000091700000, 0x0000000091800000|  0%| F|  |TAMS 0x0000000091700000, 0x0000000091700000| Untracked 
| 280|0x0000000091800000, 0x0000000091800000, 0x0000000091900000|  0%| F|  |TAMS 0x0000000091800000, 0x0000000091800000| Untracked 
| 281|0x0000000091900000, 0x0000000091900000, 0x0000000091a00000|  0%| F|  |TAMS 0x0000000091900000, 0x0000000091900000| Untracked 
| 282|0x0000000091a00000, 0x0000000091a00000, 0x0000000091b00000|  0%| F|  |TAMS 0x0000000091a00000, 0x0000000091a00000| Untracked 
| 283|0x0000000091b00000, 0x0000000091b00000, 0x0000000091c00000|  0%| F|  |TAMS 0x0000000091b00000, 0x0000000091b00000| Untracked 
| 284|0x0000000091c00000, 0x0000000091c00000, 0x0000000091d00000|  0%| F|  |TAMS 0x0000000091c00000, 0x0000000091c00000| Untracked 
| 285|0x0000000091d00000, 0x0000000091d00000, 0x0000000091e00000|  0%| F|  |TAMS 0x0000000091d00000, 0x0000000091d00000| Untracked 
| 286|0x0000000091e00000, 0x0000000091e00000, 0x0000000091f00000|  0%| F|  |TAMS 0x0000000091e00000, 0x0000000091e00000| Untracked 
| 287|0x0000000091f00000, 0x0000000091f00000, 0x0000000092000000|  0%| F|  |TAMS 0x0000000091f00000, 0x0000000091f00000| Untracked 
| 288|0x0000000092000000, 0x0000000092000000, 0x0000000092100000|  0%| F|  |TAMS 0x0000000092000000, 0x0000000092000000| Untracked 
| 289|0x0000000092100000, 0x0000000092100000, 0x0000000092200000|  0%| F|  |TAMS 0x0000000092100000, 0x0000000092100000| Untracked 
| 290|0x0000000092200000, 0x0000000092200000, 0x0000000092300000|  0%| F|  |TAMS 0x0000000092200000, 0x0000000092200000| Untracked 
| 291|0x0000000092300000, 0x0000000092300000, 0x0000000092400000|  0%| F|  |TAMS 0x0000000092300000, 0x0000000092300000| Untracked 
| 292|0x0000000092400000, 0x0000000092400000, 0x0000000092500000|  0%| F|  |TAMS 0x0000000092400000, 0x0000000092400000| Untracked 
| 293|0x0000000092500000, 0x0000000092500000, 0x0000000092600000|  0%| F|  |TAMS 0x0000000092500000, 0x0000000092500000| Untracked 
| 294|0x0000000092600000, 0x0000000092600000, 0x0000000092700000|  0%| F|  |TAMS 0x0000000092600000, 0x0000000092600000| Untracked 
| 295|0x0000000092700000, 0x0000000092700000, 0x0000000092800000|  0%| F|  |TAMS 0x0000000092700000, 0x0000000092700000| Untracked 
| 296|0x0000000092800000, 0x0000000092800000, 0x0000000092900000|  0%| F|  |TAMS 0x0000000092800000, 0x0000000092800000| Untracked 
| 297|0x0000000092900000, 0x0000000092900000, 0x0000000092a00000|  0%| F|  |TAMS 0x0000000092900000, 0x0000000092900000| Untracked 
| 298|0x0000000092a00000, 0x0000000092a00000, 0x0000000092b00000|  0%| F|  |TAMS 0x0000000092a00000, 0x0000000092a00000| Untracked 
| 299|0x0000000092b00000, 0x0000000092b00000, 0x0000000092c00000|  0%| F|  |TAMS 0x0000000092b00000, 0x0000000092b00000| Untracked 
| 300|0x0000000092c00000, 0x0000000092c00000, 0x0000000092d00000|  0%| F|  |TAMS 0x0000000092c00000, 0x0000000092c00000| Untracked 
| 301|0x0000000092d00000, 0x0000000092d00000, 0x0000000092e00000|  0%| F|  |TAMS 0x0000000092d00000, 0x0000000092d00000| Untracked 
| 302|0x0000000092e00000, 0x0000000092e00000, 0x0000000092f00000|  0%| F|  |TAMS 0x0000000092e00000, 0x0000000092e00000| Untracked 
| 303|0x0000000092f00000, 0x0000000092f00000, 0x0000000093000000|  0%| F|  |TAMS 0x0000000092f00000, 0x0000000092f00000| Untracked 
| 304|0x0000000093000000, 0x0000000093000000, 0x0000000093100000|  0%| F|  |TAMS 0x0000000093000000, 0x0000000093000000| Untracked 
| 305|0x0000000093100000, 0x0000000093100000, 0x0000000093200000|  0%| F|  |TAMS 0x0000000093100000, 0x0000000093100000| Untracked 
| 306|0x0000000093200000, 0x0000000093200000, 0x0000000093300000|  0%| F|  |TAMS 0x0000000093200000, 0x0000000093200000| Untracked 
| 307|0x0000000093300000, 0x0000000093300000, 0x0000000093400000|  0%| F|  |TAMS 0x0000000093300000, 0x0000000093300000| Untracked 
| 308|0x0000000093400000, 0x0000000093400000, 0x0000000093500000|  0%| F|  |TAMS 0x0000000093400000, 0x0000000093400000| Untracked 
| 309|0x0000000093500000, 0x0000000093500000, 0x0000000093600000|  0%| F|  |TAMS 0x0000000093500000, 0x0000000093500000| Untracked 
| 310|0x0000000093600000, 0x0000000093600000, 0x0000000093700000|  0%| F|  |TAMS 0x0000000093600000, 0x0000000093600000| Untracked 
| 311|0x0000000093700000, 0x0000000093700000, 0x0000000093800000|  0%| F|  |TAMS 0x0000000093700000, 0x0000000093700000| Untracked 
| 312|0x0000000093800000, 0x0000000093800000, 0x0000000093900000|  0%| F|  |TAMS 0x0000000093800000, 0x0000000093800000| Untracked 
| 313|0x0000000093900000, 0x0000000093900000, 0x0000000093a00000|  0%| F|  |TAMS 0x0000000093900000, 0x0000000093900000| Untracked 
| 314|0x0000000093a00000, 0x0000000093a00000, 0x0000000093b00000|  0%| F|  |TAMS 0x0000000093a00000, 0x0000000093a00000| Untracked 
| 315|0x0000000093b00000, 0x0000000093b00000, 0x0000000093c00000|  0%| F|  |TAMS 0x0000000093b00000, 0x0000000093b00000| Untracked 
| 316|0x0000000093c00000, 0x0000000093c00000, 0x0000000093d00000|  0%| F|  |TAMS 0x0000000093c00000, 0x0000000093c00000| Untracked 
| 317|0x0000000093d00000, 0x0000000093d00000, 0x0000000093e00000|  0%| F|  |TAMS 0x0000000093d00000, 0x0000000093d00000| Untracked 
| 318|0x0000000093e00000, 0x0000000093e00000, 0x0000000093f00000|  0%| F|  |TAMS 0x0000000093e00000, 0x0000000093e00000| Untracked 
| 319|0x0000000093f00000, 0x0000000093f00000, 0x0000000094000000|  0%| F|  |TAMS 0x0000000093f00000, 0x0000000093f00000| Untracked 
| 320|0x0000000094000000, 0x0000000094000000, 0x0000000094100000|  0%| F|  |TAMS 0x0000000094000000, 0x0000000094000000| Untracked 
| 321|0x0000000094100000, 0x0000000094100000, 0x0000000094200000|  0%| F|  |TAMS 0x0000000094100000, 0x0000000094100000| Untracked 
| 322|0x0000000094200000, 0x0000000094200000, 0x0000000094300000|  0%| F|  |TAMS 0x0000000094200000, 0x0000000094200000| Untracked 

Card table byte_map: [0x000001ff80510000,0x000001ff80910000] _byte_map_base: 0x000001ff80110000

Marking Bits (Prev, Next): (CMBitMap*) 0x000001ffed199eb0, (CMBitMap*) 0x000001ffed199e78
 Prev Bits: [0x000001ff82d10000, 0x000001ff84d10000)
 Next Bits: [0x000001ff80d10000, 0x000001ff82d10000)

Polling page: 0x000001ffeb930000

Metaspace:

Usage:
  Non-class:     95.33 MB capacity,    93.64 MB ( 98%) used,     1.37 MB (  1%) free+waste,   334.25 KB ( <1%) overhead. 
      Class:     14.96 MB capacity,    13.94 MB ( 93%) used,   900.09 KB (  6%) free+waste,   151.88 KB ( <1%) overhead. 
       Both:    110.29 MB capacity,   107.57 MB ( 98%) used,     2.24 MB (  2%) free+waste,   486.13 KB ( <1%) overhead. 

Virtual space:
  Non-class space:       96.00 MB reserved,      95.70 MB (>99%) committed 
      Class space:        1.00 GB reserved,      15.25 MB (  1%) committed 
             Both:        1.09 GB reserved,     110.95 MB ( 10%) committed 

Chunk freelists:
   Non-Class:  249.00 KB
       Class:  262.00 KB
        Both:  511.00 KB

MaxMetaspaceSize: 17179869184.00 GB
CompressedClassSpaceSize: 1.00 GB

CodeHeap 'non-profiled nmethods': size=120064Kb used=8432Kb max_used=8773Kb free=111631Kb
 bounds [0x000001fff85a0000, 0x000001fff8e50000, 0x000001ffffae0000]
CodeHeap 'profiled nmethods': size=120000Kb used=29706Kb max_used=32141Kb free=90293Kb
 bounds [0x000001fff1070000, 0x000001fff3040000, 0x000001fff85a0000]
CodeHeap 'non-nmethods': size=5696Kb used=2322Kb max_used=2439Kb free=3373Kb
 bounds [0x000001fff0ae0000, 0x000001fff0d50000, 0x000001fff1070000]
 total_blobs=14508 nmethods=13563 adapters=856
 compilation: enabled
              stopped_count=0, restarted_count=0
 full_count=0

Compilation events (20 events):
Event: 85.714 Thread 0x000001ff87372000 nmethod 15074 0x000001fff8708790 code [0x000001fff8708940, 0x000001fff8708a08]
Event: 85.714 Thread 0x000001ff87372000 15017       4       java.util.ArrayList::sort (45 bytes)
Event: 85.715 Thread 0x000001ff87372000 nmethod 15017 0x000001fff8708410 code [0x000001fff87085c0, 0x000001fff8708688]
Event: 85.715 Thread 0x000001ff87372000 15013       4       com.android.tools.r8.w.a.a.a.h.N$b::next (13 bytes)
Event: 85.718 Thread 0x000001ff87372000 nmethod 15013 0x000001fff8707f10 code [0x000001fff87080c0, 0x000001fff87081f8]
Event: 85.718 Thread 0x000001ff87372000 15014       4       com.android.tools.r8.w.a.a.a.h.N$f::m (60 bytes)
Event: 85.720 Thread 0x000001ff87372000 nmethod 15014 0x000001fff8711890 code [0x000001fff8711a20, 0x000001fff8711b18]
Event: 85.720 Thread 0x000001ff87372000 14993       4       com.android.tools.r8.w.a.a.a.h.V0$b::next (13 bytes)
Event: 85.723 Thread 0x000001ff87372000 nmethod 14993 0x000001fff8711390 code [0x000001fff8711540, 0x000001fff8711678]
Event: 85.723 Thread 0x000001ff87372000 14994       4       com.android.tools.r8.w.a.a.a.h.V0$f::m (60 bytes)
Event: 85.725 Thread 0x000001ff87372000 nmethod 14994 0x000001fff8710f90 code [0x000001fff8711120, 0x000001fff8711218]
Event: 85.725 Thread 0x000001ff87372000 15043       4       com.android.tools.r8.dex.m::a (14 bytes)
Event: 85.739 Thread 0x000001ff87372000 nmethod 15043 0x000001fff8717310 code [0x000001fff8717520, 0x000001fff8717b20]
Event: 85.739 Thread 0x000001ff87372000 15025       4       com.android.tools.r8.dex.t::a (44 bytes)
Event: 85.745 Thread 0x000001ff87372000 nmethod 15025 0x000001fff8716b90 code [0x000001fff8716d60, 0x000001fff8717028]
Event: 85.745 Thread 0x000001ff87372000 15020       4       com.android.tools.r8.graph.u1::d (39 bytes)
Event: 85.747 Thread 0x000001ff87372000 nmethod 15020 0x000001fff8707c10 code [0x000001fff8707da0, 0x000001fff8707e38]
Event: 85.747 Thread 0x000001ff87372000 14992       4       com.android.tools.r8.dex.r::a (45 bytes)
Event: 85.753 Thread 0x000001ff882a6000 nmethod 14972 0x000001fff8e31710 code [0x000001fff8e32100, 0x000001fff8e3a078]
Event: 85.753 Thread 0x000001ff882a6000 15082   !   4       com.android.tools.r8.graph.q0::toString (17 bytes)

GC Heap History (20 events):
Event: 80.267 GC heap after
{Heap after GC invocations=45 (full 0):
 garbage-first heap   total 165888K, used 125482K [0x0000000080000000, 0x0000000100000000)
  region size 1024K, 3 young (3072K), 3 survivors (3072K)
 Metaspace       used 109655K, capacity 112462K, committed 113100K, reserved 1146880K
  class space    used 14261K, capacity 15316K, committed 15616K, reserved 1048576K
}
Event: 80.453 GC heap before
{Heap before GC invocations=45 (full 0):
 garbage-first heap   total 165888K, used 135722K [0x0000000080000000, 0x0000000100000000)
  region size 1024K, 14 young (14336K), 3 survivors (3072K)
 Metaspace       used 109671K, capacity 112464K, committed 113100K, reserved 1146880K
  class space    used 14261K, capacity 15316K, committed 15616K, reserved 1048576K
}
Event: 80.482 GC heap after
{Heap after GC invocations=46 (full 0):
 garbage-first heap   total 165888K, used 132370K [0x0000000080000000, 0x0000000100000000)
  region size 1024K, 2 young (2048K), 2 survivors (2048K)
 Metaspace       used 109671K, capacity 112464K, committed 113100K, reserved 1146880K
  class space    used 14261K, capacity 15316K, committed 15616K, reserved 1048576K
}
Event: 80.575 GC heap before
{Heap before GC invocations=46 (full 0):
 garbage-first heap   total 165888K, used 138514K [0x0000000080000000, 0x0000000100000000)
  region size 1024K, 8 young (8192K), 2 survivors (2048K)
 Metaspace       used 109679K, capacity 112465K, committed 113100K, reserved 1146880K
  class space    used 14261K, capacity 15316K, committed 15616K, reserved 1048576K
}
Event: 80.591 GC heap after
{Heap after GC invocations=47 (full 0):
 garbage-first heap   total 215040K, used 136503K [0x0000000080000000, 0x0000000100000000)
  region size 1024K, 1 young (1024K), 1 survivors (1024K)
 Metaspace       used 109679K, capacity 112465K, committed 113100K, reserved 1146880K
  class space    used 14261K, capacity 15316K, committed 15616K, reserved 1048576K
}
Event: 81.191 GC heap before
{Heap before GC invocations=48 (full 0):
 garbage-first heap   total 215040K, used 164151K [0x0000000080000000, 0x0000000100000000)
  region size 1024K, 28 young (28672K), 1 survivors (1024K)
 Metaspace       used 109717K, capacity 112530K, committed 113356K, reserved 1146880K
  class space    used 14261K, capacity 15316K, committed 15616K, reserved 1048576K
}
Event: 81.234 GC heap after
{Heap after GC invocations=49 (full 0):
 garbage-first heap   total 215040K, used 153042K [0x0000000080000000, 0x0000000100000000)
  region size 1024K, 4 young (4096K), 4 survivors (4096K)
 Metaspace       used 109717K, capacity 112530K, committed 113356K, reserved 1146880K
  class space    used 14261K, capacity 15316K, committed 15616K, reserved 1048576K
}
Event: 81.308 GC heap before
{Heap before GC invocations=49 (full 0):
 garbage-first heap   total 215040K, used 161234K [0x0000000080000000, 0x0000000100000000)
  region size 1024K, 10 young (10240K), 4 survivors (4096K)
 Metaspace       used 109717K, capacity 112530K, committed 113356K, reserved 1146880K
  class space    used 14261K, capacity 15316K, committed 15616K, reserved 1048576K
}
Event: 81.346 GC heap after
{Heap after GC invocations=50 (full 0):
 garbage-first heap   total 215040K, used 158464K [0x0000000080000000, 0x0000000100000000)
  region size 1024K, 2 young (2048K), 2 survivors (2048K)
 Metaspace       used 109717K, capacity 112530K, committed 113356K, reserved 1146880K
  class space    used 14261K, capacity 15316K, committed 15616K, reserved 1048576K
}
Event: 81.581 GC heap before
{Heap before GC invocations=50 (full 0):
 garbage-first heap   total 215040K, used 172800K [0x0000000080000000, 0x0000000100000000)
  region size 1024K, 17 young (17408K), 2 survivors (2048K)
 Metaspace       used 109813K, capacity 112552K, committed 113356K, reserved 1146880K
  class space    used 14267K, capacity 15320K, committed 15616K, reserved 1048576K
}
Event: 81.604 GC heap after
{Heap after GC invocations=51 (full 0):
 garbage-first heap   total 215040K, used 162816K [0x0000000080000000, 0x0000000100000000)
  region size 1024K, 3 young (3072K), 3 survivors (3072K)
 Metaspace       used 109813K, capacity 112552K, committed 113356K, reserved 1146880K
  class space    used 14267K, capacity 15320K, committed 15616K, reserved 1048576K
}
Event: 81.982 GC heap before
{Heap before GC invocations=51 (full 0):
 garbage-first heap   total 215040K, used 177152K [0x0000000080000000, 0x0000000100000000)
  region size 1024K, 17 young (17408K), 3 survivors (3072K)
 Metaspace       used 109880K, capacity 112684K, committed 113356K, reserved 1146880K
  class space    used 14267K, capacity 15320K, committed 15616K, reserved 1048576K
}
Event: 82.023 GC heap after
{Heap after GC invocations=52 (full 0):
 garbage-first heap   total 330752K, used 167877K [0x0000000080000000, 0x0000000100000000)
  region size 1024K, 3 young (3072K), 3 survivors (3072K)
 Metaspace       used 109880K, capacity 112684K, committed 113356K, reserved 1146880K
  class space    used 14267K, capacity 15320K, committed 15616K, reserved 1048576K
}
Event: 83.645 GC heap before
{Heap before GC invocations=53 (full 0):
 garbage-first heap   total 330752K, used 222149K [0x0000000080000000, 0x0000000100000000)
  region size 1024K, 52 young (53248K), 3 survivors (3072K)
 Metaspace       used 109961K, capacity 112767K, committed 113356K, reserved 1146880K
  class space    used 14268K, capacity 15320K, committed 15616K, reserved 1048576K
}
Event: 83.697 GC heap after
{Heap after GC invocations=54 (full 0):
 garbage-first heap   total 330752K, used 181824K [0x0000000080000000, 0x0000000100000000)
  region size 1024K, 7 young (7168K), 7 survivors (7168K)
 Metaspace       used 109961K, capacity 112767K, committed 113356K, reserved 1146880K
  class space    used 14268K, capacity 15320K, committed 15616K, reserved 1048576K
}
Event: 83.769 GC heap before
{Heap before GC invocations=54 (full 0):
 garbage-first heap   total 330752K, used 191040K [0x0000000080000000, 0x0000000100000000)
  region size 1024K, 16 young (16384K), 7 survivors (7168K)
 Metaspace       used 109962K, capacity 112767K, committed 113356K, reserved 1146880K
  class space    used 14268K, capacity 15320K, committed 15616K, reserved 1048576K
}
Event: 83.800 GC heap after
{Heap after GC invocations=55 (full 0):
 garbage-first heap   total 330752K, used 183104K [0x0000000080000000, 0x0000000100000000)
  region size 1024K, 2 young (2048K), 2 survivors (2048K)
 Metaspace       used 109962K, capacity 112767K, committed 113356K, reserved 1146880K
  class space    used 14268K, capacity 15320K, committed 15616K, reserved 1048576K
}
Event: 84.068 GC heap before
{Heap before GC invocations=55 (full 0):
 garbage-first heap   total 330752K, used 238400K [0x0000000080000000, 0x0000000100000000)
  region size 1024K, 50 young (51200K), 2 survivors (2048K)
 Metaspace       used 109983K, capacity 112770K, committed 113356K, reserved 1146880K
  class space    used 14268K, capacity 15320K, committed 15616K, reserved 1048576K
}
Event: 84.091 GC heap after
{Heap after GC invocations=56 (full 0):
 garbage-first heap   total 330752K, used 196833K [0x0000000080000000, 0x0000000100000000)
  region size 1024K, 7 young (7168K), 7 survivors (7168K)
 Metaspace       used 109983K, capacity 112770K, committed 113356K, reserved 1146880K
  class space    used 14268K, capacity 15320K, committed 15616K, reserved 1048576K
}
Event: 85.754 GC heap before
{Heap before GC invocations=57 (full 0):
 garbage-first heap   total 330752K, used 248033K [0x0000000080000000, 0x0000000100000000)
  region size 1024K, 54 young (55296K), 7 survivors (7168K)
 Metaspace       used 110156K, capacity 112941K, committed 113612K, reserved 1146880K
  class space    used 14270K, capacity 15322K, committed 15616K, reserved 1048576K
}

Deoptimization events (20 events):
Event: 85.590 Thread 0x000001ff8a17b000 DEOPT PACKING pc=0x000001fff867947c sp=0x0000008e6c6fdef0
Event: 85.590 Thread 0x000001ff8a17b000 DEOPT UNPACKING pc=0x000001fff0b074af sp=0x0000008e6c6fdea0 mode 2
Event: 85.590 Thread 0x000001ff8a17b000 Uncommon trap: trap_request=0xffffffc6 fr.pc=0x000001fff867947c relative=0x00000000000016fc
Event: 85.590 Thread 0x000001ff8a17b000 Uncommon trap: reason=bimorphic_or_optimized_type_check action=maybe_recompile pc=0x000001fff867947c method=java.util.TimSort.gallopRight(Ljava/lang/Object;[Ljava/lang/Object;IIILjava/util/Comparator;)I @ 44 c2
Event: 85.590 Thread 0x000001ff8a17b000 DEOPT PACKING pc=0x000001fff867947c sp=0x0000008e6c6fdef0
Event: 85.590 Thread 0x000001ff8a17b000 DEOPT UNPACKING pc=0x000001fff0b074af sp=0x0000008e6c6fdea0 mode 2
Event: 85.594 Thread 0x000001ff8a17b000 Uncommon trap: trap_request=0xffffffc6 fr.pc=0x000001fff867947c relative=0x00000000000016fc
Event: 85.594 Thread 0x000001ff8a17b000 Uncommon trap: reason=bimorphic_or_optimized_type_check action=maybe_recompile pc=0x000001fff867947c method=java.util.TimSort.gallopRight(Ljava/lang/Object;[Ljava/lang/Object;IIILjava/util/Comparator;)I @ 44 c2
Event: 85.594 Thread 0x000001ff8a17b000 DEOPT PACKING pc=0x000001fff867947c sp=0x0000008e6c6fdef0
Event: 85.595 Thread 0x000001ff8a17b000 DEOPT UNPACKING pc=0x000001fff0b074af sp=0x0000008e6c6fdea0 mode 2
Event: 85.595 Thread 0x000001ff8a17b000 Uncommon trap: trap_request=0xffffffc6 fr.pc=0x000001fff867947c relative=0x00000000000016fc
Event: 85.595 Thread 0x000001ff8a17b000 Uncommon trap: reason=bimorphic_or_optimized_type_check action=maybe_recompile pc=0x000001fff867947c method=java.util.TimSort.gallopRight(Ljava/lang/Object;[Ljava/lang/Object;IIILjava/util/Comparator;)I @ 44 c2
Event: 85.595 Thread 0x000001ff8a17b000 DEOPT PACKING pc=0x000001fff867947c sp=0x0000008e6c6fdef0
Event: 85.595 Thread 0x000001ff8a17b000 DEOPT UNPACKING pc=0x000001fff0b074af sp=0x0000008e6c6fdea0 mode 2
Event: 85.595 Thread 0x000001ff8a17b000 Uncommon trap: trap_request=0xffffff7e fr.pc=0x000001fff8676d64 relative=0x0000000000000ea4
Event: 85.595 Thread 0x000001ff8a17b000 Uncommon trap: reason=predicate action=maybe_recompile pc=0x000001fff8676d64 method=java.util.TimSort.gallopLeft(Ljava/lang/Object;[Ljava/lang/Object;IIILjava/util/Comparator;)I @ 62 c2
Event: 85.595 Thread 0x000001ff8a17b000 DEOPT PACKING pc=0x000001fff8676d64 sp=0x0000008e6c6fde00
Event: 85.595 Thread 0x000001ff8a17b000 DEOPT UNPACKING pc=0x000001fff0b074af sp=0x0000008e6c6fdda8 mode 2
Event: 85.687 Thread 0x000001ff8a17b000 DEOPT PACKING pc=0x000001fff2f3d82b sp=0x0000008e6c6fe160
Event: 85.687 Thread 0x000001ff8a17b000 DEOPT UNPACKING pc=0x000001fff0b072ce sp=0x0000008e6c6fd608 mode 0

Classes redefined (0 events):
No events

Internal exceptions (20 events):
Event: 75.470 Thread 0x000001ff8a17c000 Exception <a 'java/lang/NoSuchMethodError'{0x00000000899937e8}: 'void java.lang.invoke.DirectMethodHandle$Holder.invokeSpecial(java.lang.Object, java.lang.Object, int, java.lang.Object)'> (0x00000000899937e8) thrown at [./src/hotspot/share/interpreter/linkResolver.cpp, line 773]
Event: 75.570 Thread 0x000001ff8a17d000 Exception <a 'java/lang/NoSuchMethodError'{0x00000000896af038}: 'java.lang.Object java.lang.invoke.DirectMethodHandle$Holder.invokeVirtual(java.lang.Object, java.lang.Object, int, java.lang.Object)'> (0x00000000896af038) thrown at [./src/hotspot/share/interpreter/linkResolver.cpp, line 773]
Event: 75.570 Thread 0x000001ff8a178800 Exception <a 'java/lang/NoSuchMethodError'{0x0000000089752df8}: 'java.lang.Object java.lang.invoke.DirectMethodHandle$Holder.invokeVirtual(java.lang.Object, java.lang.Object, int, java.lang.Object)'> (0x0000000089752df8) thrown at [./src/hotspot/share/interpreter/linkResolver.cpp, line 773]
Event: 75.570 Thread 0x000001ff8a17c000 Exception <a 'java/lang/NoSuchMethodError'{0x00000000896a8e00}: 'java.lang.Object java.lang.invoke.DirectMethodHandle$Holder.invokeVirtual(java.lang.Object, java.lang.Object, int, java.lang.Object)'> (0x00000000896a8e00) thrown at [./src/hotspot/share/interpreter/linkResolver.cpp, line 773]
Event: 75.601 Thread 0x000001ff8a17d000 Exception <a 'java/lang/NoSuchMethodError'{0x000000008957c850}: 'void java.lang.invoke.DirectMethodHandle$Holder.invokeVirtual(java.lang.Object, java.lang.Object, int, java.lang.Object)'> (0x000000008957c850) thrown at [./src/hotspot/share/interpreter/linkResolver.cpp, line 773]
Event: 75.601 Thread 0x000001ff8a17c000 Exception <a 'java/lang/NoSuchMethodError'{0x000000008951be10}: 'void java.lang.invoke.DirectMethodHandle$Holder.invokeVirtual(java.lang.Object, java.lang.Object, int, java.lang.Object)'> (0x000000008951be10) thrown at [./src/hotspot/share/interpreter/linkResolver.cpp, line 773]
Event: 75.601 Thread 0x000001ff8a178800 Exception <a 'java/lang/NoSuchMethodError'{0x0000000089562020}: 'void java.lang.invoke.DirectMethodHandle$Holder.invokeVirtual(java.lang.Object, java.lang.Object, int, java.lang.Object)'> (0x0000000089562020) thrown at [./src/hotspot/share/interpreter/linkResolver.cpp, line 773]
Event: 75.673 Thread 0x000001ff8a17d000 Exception <a 'java/lang/NoSuchMethodError'{0x0000000089311fe8}: 'int java.lang.invoke.DirectMethodHandle$Holder.invokeSpecial(java.lang.Object, java.lang.Object, java.lang.Object, int, java.lang.Object)'> (0x0000000089311fe8) thrown at [./src/hotspot/share/interpreter/linkResolver.cpp, line 773]
Event: 76.120 Thread 0x000001ff8a17c000 Exception <a 'java/lang/NoSuchMethodError'{0x0000000088553470}: 'void java.lang.invoke.DirectMethodHandle$Holder.invokeStaticInit(java.lang.Object, java.lang.Object, java.lang.Object)'> (0x0000000088553470) thrown at [./src/hotspot/share/interpreter/linkResolver.cpp, line 773]
Event: 77.057 Thread 0x000001ff8a17c000 Exception <a 'java/lang/NoSuchMethodError'{0x00000000894e7590}: 'java.lang.Object java.lang.invoke.DirectMethodHandle$Holder.invokeSpecial(java.lang.Object, java.lang.Object, java.lang.Object, java.lang.Object, java.lang.Object, java.lang.Object, java.lang.Object, java.lang.Object, java.lang.Object, java.lang.Object)'> (0x00000000894e7590) thrown at [./src/hotspot/share/interpreter/linkResolver.cpp, line 773]
Event: 77.058 Thread 0x000001ff8a17c000 Exception <a 'java/lang/NoSuchMethodError'{0x0000000089363888}: 'java.lang.Object java.lang.invoke.Invokers$Holder.linkToTargetMethod(java.lang.Object, java.lang.Object, java.lang.Object, java.lang.Object, java.lang.Object, java.lang.Object, java.lang.Object, java.lang.Object, java.lang.Object)'> (0x0000000089363888) thrown at [./src/hotspot/share/interpreter/linkResolver.cpp, line 773]
Event: 77.478 Thread 0x000001ff8a17c000 Exception <a 'java/lang/NoSuchMethodError'{0x0000000088694e70}: 'void java.lang.invoke.DirectMethodHandle$Holder.invokeVirtual(java.lang.Object, java.lang.Object, int)'> (0x0000000088694e70) thrown at [./src/hotspot/share/interpreter/linkResolver.cpp, line 773]
Event: 77.517 Thread 0x000001ff8a17c000 Exception <a 'sun/nio/fs/WindowsException'{0x0000000088405328}> (0x0000000088405328) thrown at [./src/hotspot/share/prims/jni.cpp, line 615]
Event: 77.517 Thread 0x000001ff8a17c000 Exception <a 'sun/nio/fs/WindowsException'{0x0000000088405ab0}> (0x0000000088405ab0) thrown at [./src/hotspot/share/prims/jni.cpp, line 615]
Event: 77.517 Thread 0x000001ff8a17c000 Exception <a 'sun/nio/fs/WindowsException'{0x0000000088405c18}> (0x0000000088405c18) thrown at [./src/hotspot/share/prims/jni.cpp, line 615]
Event: 77.517 Thread 0x000001ff8a17c000 Exception <a 'sun/nio/fs/WindowsException'{0x0000000088406908}> (0x0000000088406908) thrown at [./src/hotspot/share/prims/jni.cpp, line 615]
Event: 77.517 Thread 0x000001ff8a17c000 Exception <a 'sun/nio/fs/WindowsException'{0x0000000088406a60}> (0x0000000088406a60) thrown at [./src/hotspot/share/prims/jni.cpp, line 615]
Event: 77.517 Thread 0x000001ff8a17c000 Exception <a 'sun/nio/fs/WindowsException'{0x0000000088407740}> (0x0000000088407740) thrown at [./src/hotspot/share/prims/jni.cpp, line 615]
Event: 77.662 Thread 0x000001ff8a17c000 Exception <a 'sun/nio/fs/WindowsException'{0x000000008a1156f8}> (0x000000008a1156f8) thrown at [./src/hotspot/share/prims/jni.cpp, line 615]
Event: 79.235 Thread 0x000001ff8a17c000 Exception <a 'sun/nio/fs/WindowsException'{0x000000008a0f9480}> (0x000000008a0f9480) thrown at [./src/hotspot/share/prims/jni.cpp, line 615]

Events (20 events):
Event: 83.932 Thread 0x000001ff8737b000 flushing nmethod 0x000001fff2246190
Event: 83.932 Thread 0x000001ff8737b000 flushing nmethod 0x000001fff224a990
Event: 83.932 Thread 0x000001ff8737b000 flushing nmethod 0x000001fff2265890
Event: 84.068 Executing VM operation: G1CollectForAllocation
Event: 84.092 Executing VM operation: G1CollectForAllocation done
Event: 84.908 Executing VM operation: CGC_Operation
Event: 84.931 Executing VM operation: CGC_Operation done
Event: 85.067 Executing VM operation: ICBufferFull
Event: 85.068 Executing VM operation: ICBufferFull done
Event: 85.075 Executing VM operation: ICBufferFull
Event: 85.075 Executing VM operation: ICBufferFull done
Event: 85.079 loading class com/android/tools/r8/graph/R0$a
Event: 85.079 loading class com/android/tools/r8/graph/R0$a done
Event: 85.380 Executing VM operation: CGC_Operation
Event: 85.382 Executing VM operation: CGC_Operation done
Event: 85.474 loading class com/android/tools/r8/graph/v1
Event: 85.474 loading class com/android/tools/r8/graph/v1 done
Event: 85.475 loading class com/android/tools/r8/graph/v1
Event: 85.475 loading class com/android/tools/r8/graph/v1 done
Event: 85.754 Executing VM operation: G1CollectForAllocation


Dynamic libraries:
0x00007ff6cf1a0000 - 0x00007ff6cf1aa000 	C:\Program Files\Android\Android Studio\jre\bin\java.exe
0x00007ff85a7d0000 - 0x00007ff85a9c5000 	C:\Windows\SYSTEM32\ntdll.dll
0x00007ff858be0000 - 0x00007ff858c9d000 	C:\Windows\System32\KERNEL32.DLL
0x00007ff857f70000 - 0x00007ff858238000 	C:\Windows\System32\KERNELBASE.dll
0x00007ff858240000 - 0x00007ff858340000 	C:\Windows\System32\ucrtbase.dll
0x00007ff84afd0000 - 0x00007ff84afe9000 	C:\Program Files\Android\Android Studio\jre\bin\jli.dll
0x00007ff84a160000 - 0x00007ff84a177000 	C:\Program Files\Android\Android Studio\jre\bin\VCRUNTIME140.dll
0x00007ff85a310000 - 0x00007ff85a4b0000 	C:\Windows\System32\USER32.dll
0x00007ff8583f0000 - 0x00007ff858412000 	C:\Windows\System32\win32u.dll
0x00007ff847ae0000 - 0x00007ff847d7a000 	C:\Windows\WinSxS\amd64_microsoft.windows.common-controls_6595b64144ccf1df_6.0.19041.844_none_ca00b6081b84eb1d\COMCTL32.dll
0x00007ff858d40000 - 0x00007ff858d6a000 	C:\Windows\System32\GDI32.dll
0x00007ff858ca0000 - 0x00007ff858d3e000 	C:\Windows\System32\msvcrt.dll
0x00007ff8584f0000 - 0x00007ff8585fb000 	C:\Windows\System32\gdi32full.dll
0x00007ff858600000 - 0x00007ff85869d000 	C:\Windows\System32\msvcp_win.dll
0x00007ff858af0000 - 0x00007ff858b20000 	C:\Windows\System32\IMM32.DLL
0x00007ff840a70000 - 0x00007ff840b0d000 	C:\Program Files\Android\Android Studio\jre\bin\msvcp140.dll
0x00007ff834110000 - 0x00007ff834bcc000 	C:\Program Files\Android\Android Studio\jre\bin\server\jvm.dll
0x00007ff858830000 - 0x00007ff8588dc000 	C:\Windows\System32\ADVAPI32.dll
0x00007ff8599e0000 - 0x00007ff859a7b000 	C:\Windows\System32\sechost.dll
0x00007ff858e30000 - 0x00007ff858f5b000 	C:\Windows\System32\RPCRT4.dll
0x00007ff858d90000 - 0x00007ff858d98000 	C:\Windows\System32\PSAPI.DLL
0x00007ff8535a0000 - 0x00007ff8535a9000 	C:\Windows\SYSTEM32\WSOCK32.dll
0x00007ff846a90000 - 0x00007ff846ab7000 	C:\Windows\SYSTEM32\WINMM.dll
0x00007ff84b650000 - 0x00007ff84b65a000 	C:\Windows\SYSTEM32\VERSION.dll
0x00007ff8596b0000 - 0x00007ff85971b000 	C:\Windows\System32\WS2_32.dll
0x00007ff855e60000 - 0x00007ff855e72000 	C:\Windows\SYSTEM32\kernel.appcore.dll
0x00007ff848ed0000 - 0x00007ff848ee1000 	C:\Program Files\Android\Android Studio\jre\bin\verify.dll
0x00007ff8446c0000 - 0x00007ff8448a4000 	C:\Windows\SYSTEM32\DBGHELP.DLL
0x00007ff8486d0000 - 0x00007ff8486fc000 	C:\Windows\SYSTEM32\dbgcore.DLL
0x00007ff858420000 - 0x00007ff8584a0000 	C:\Windows\System32\bcryptPrimitives.dll
0x00007ff848cb0000 - 0x00007ff848cd9000 	C:\Program Files\Android\Android Studio\jre\bin\java.dll
0x00007ff853590000 - 0x00007ff85359b000 	C:\Program Files\Android\Android Studio\jre\bin\jimage.dll
0x00007ff848c90000 - 0x00007ff848ca8000 	C:\Program Files\Android\Android Studio\jre\bin\zip.dll
0x00007ff858f60000 - 0x00007ff8596a2000 	C:\Windows\System32\SHELL32.dll
0x00007ff856060000 - 0x00007ff8567f0000 	C:\Windows\SYSTEM32\windows.storage.dll
0x00007ff859a80000 - 0x00007ff859dd5000 	C:\Windows\System32\combase.dll
0x00007ff857980000 - 0x00007ff8579ac000 	C:\Windows\SYSTEM32\Wldp.dll
0x00007ff85a4b0000 - 0x00007ff85a55e000 	C:\Windows\System32\SHCORE.dll
0x00007ff858a90000 - 0x00007ff858ae5000 	C:\Windows\System32\shlwapi.dll
0x00007ff857e50000 - 0x00007ff857e6f000 	C:\Windows\SYSTEM32\profapi.dll
0x00007ff848b70000 - 0x00007ff848b8a000 	C:\Program Files\Android\Android Studio\jre\bin\net.dll
0x00007ff84cf40000 - 0x00007ff84d04b000 	C:\Windows\SYSTEM32\WINHTTP.dll
0x00007ff8576f0000 - 0x00007ff85775a000 	C:\Windows\system32\mswsock.dll
0x00007ff848b50000 - 0x00007ff848b64000 	C:\Program Files\Android\Android Studio\jre\bin\nio.dll
0x00007ff84a230000 - 0x00007ff84a257000 	C:\Users\User\.gradle\native\fdc75f09e3144964f2cf3f50f0aa648679c211496f362492102eb8c894070792\windows-amd64\native-platform.dll
0x00007ff841cd0000 - 0x00007ff841e66000 	C:\Users\User\.gradle\native\12488b8bf47d2d4c9fbf2f6322a914ad602e24e48041cd04a747c6da556b65c4\windows-amd64\native-platform-file-events.dll
0x00007ff853500000 - 0x00007ff85350a000 	C:\Program Files\Android\Android Studio\jre\bin\management.dll
0x00007ff853340000 - 0x00007ff85334c000 	C:\Program Files\Android\Android Studio\jre\bin\management_ext.dll
0x00007ff8578c0000 - 0x00007ff8578d8000 	C:\Windows\SYSTEM32\CRYPTSP.dll
0x00007ff857020000 - 0x00007ff857054000 	C:\Windows\system32\rsaenh.dll
0x00007ff8586a0000 - 0x00007ff8586c7000 	C:\Windows\System32\bcrypt.dll
0x00007ff857dd0000 - 0x00007ff857dfe000 	C:\Windows\SYSTEM32\USERENV.dll
0x00007ff8578e0000 - 0x00007ff8578ec000 	C:\Windows\SYSTEM32\CRYPTBASE.dll
0x00007ff857390000 - 0x00007ff8573cb000 	C:\Windows\SYSTEM32\IPHLPAPI.DLL
0x00007ff859720000 - 0x00007ff859728000 	C:\Windows\System32\NSI.dll
0x00007ff8500f0000 - 0x00007ff850107000 	C:\Windows\SYSTEM32\dhcpcsvc6.DLL
0x00007ff850650000 - 0x00007ff85066d000 	C:\Windows\SYSTEM32\dhcpcsvc.DLL
0x00007ff8573d0000 - 0x00007ff85749c000 	C:\Windows\SYSTEM32\DNSAPI.dll
0x00007ff850bd0000 - 0x00007ff850bdb000 	C:\Windows\SYSTEM32\WINNSI.DLL
0x00007ff84a140000 - 0x00007ff84a15e000 	C:\Users\User\AppData\Local\Temp\native-platform895078469449367894dir\native-platform.dll
0x00007ff84a580000 - 0x00007ff84a588000 	C:\Program Files\Android\Android Studio\jre\bin\rmi.dll

dbghelp: loaded successfully - version: 4.0.5 - missing functions: none
symbol engine: initialized successfully - sym options: 0x614 - pdb path: .;C:\Program Files\Android\Android Studio\jre\bin;C:\Windows\SYSTEM32;C:\Windows\WinSxS\amd64_microsoft.windows.common-controls_6595b64144ccf1df_6.0.19041.844_none_ca00b6081b84eb1d;C:\Program Files\Android\Android Studio\jre\bin\server;C:\Users\User\.gradle\native\fdc75f09e3144964f2cf3f50f0aa648679c211496f362492102eb8c894070792\windows-amd64;C:\Users\User\.gradle\native\12488b8bf47d2d4c9fbf2f6322a914ad602e24e48041cd04a747c6da556b65c4\windows-amd64;C:\Users\User\AppData\Local\Temp\native-platform895078469449367894dir

VM Arguments:
jvm_args: --add-opens=java.base/java.util=ALL-UNNAMED --add-opens=java.base/java.lang=ALL-UNNAMED --add-opens=java.base/java.lang.invoke=ALL-UNNAMED --add-opens=java.prefs/java.util.prefs=ALL-UNNAMED -Xmx2048m -Dfile.encoding=UTF-8 -Duser.country=BR -Duser.language=pt -Duser.variant 
java_command: org.gradle.launcher.daemon.bootstrap.GradleDaemon 6.7.1
java_class_path (initial): C:\Users\User\.gradle\wrapper\dists\gradle-6.7.1-bin\bwlcbys1h7rz3272sye1xwiv6\gradle-6.7.1\lib\gradle-launcher-6.7.1.jar
Launcher Type: SUN_STANDARD

[Global flags]
     intx CICompilerCount                          = 3                                         {product} {ergonomic}
     uint ConcGCThreads                            = 1                                         {product} {ergonomic}
     uint G1ConcRefinementThreads                  = 4                                         {product} {ergonomic}
   size_t G1HeapRegionSize                         = 1048576                                   {product} {ergonomic}
    uintx GCDrainStackTargetSize                   = 64                                        {product} {ergonomic}
   size_t InitialHeapSize                          = 67108864                                  {product} {ergonomic}
   size_t MarkStackSize                            = 4194304                                   {product} {ergonomic}
   size_t MaxHeapSize                              = 2147483648                                {product} {command line}
   size_t MaxNewSize                               = 1287651328                                {product} {ergonomic}
   size_t MinHeapDeltaBytes                        = 1048576                                   {product} {ergonomic}
    uintx NonNMethodCodeHeapSize                   = 5830732                                {pd product} {ergonomic}
    uintx NonProfiledCodeHeapSize                  = 122913754                              {pd product} {ergonomic}
    uintx ProfiledCodeHeapSize                     = 122913754                              {pd product} {ergonomic}
    uintx ReservedCodeCacheSize                    = 251658240                              {pd product} {ergonomic}
     bool SegmentedCodeCache                       = true                                      {product} {ergonomic}
     bool UseCompressedClassPointers               = true                                 {lp64_product} {ergonomic}
     bool UseCompressedOops                        = true                                 {lp64_product} {ergonomic}
     bool UseG1GC                                  = true                                      {product} {ergonomic}
     bool UseLargePagesIndividualAllocation        = false                                  {pd product} {ergonomic}

Logging:
Log output configuration:
 #0: stdout all=warning uptime,level,tags
 #1: stderr all=off uptime,level,tags

Environment Variables:
JAVA_HOME=C:\Program Files\Java\jdk-16.0.1
PATH=C:\Program Files\Common Files\Oracle\Java\javapath;C:\Windows\system32;C:\Windows;C:\Windows\System32\Wbem;C:\Windows\System32\WindowsPowerShell\v1.0\;C:\Windows\System32\OpenSSH\;C:\Program Files\Git\cmd;C:\Program Files\Java\jdk-16.0.1\bin;C:\Users\User\AppData\Local\Android\Sdk\platform-tools;C:\Users\User\AppData\Local\Microsoft\WindowsApps;C:\IntelliJ IDEA Community Edition 2021.1.3\bin;;C:\Users\User\AppData\Local\Android\Sdk\platform-tools;
USERNAME=User
OS=Windows_NT
PROCESSOR_IDENTIFIER=Intel64 Family 6 Model 61 Stepping 4, GenuineIntel



---------------  S Y S T E M  ---------------

OS: Windows 10 , 64 bit Build 19041 (10.0.19041.928)
OS uptime: 6 days 22:07 hours

CPU:total 4 (initial active 4) (2 cores per cpu, 2 threads per core) family 6 model 61 stepping 4, cmov, cx8, fxsr, mmx, sse, sse2, sse3, ssse3, sse4.1, sse4.2, popcnt, avx, avx2, aes, clmul, erms, 3dnowpref, lzcnt, ht, tsc, tscinvbit, bmi1, bmi2, adx, fma

Memory: 4k page, system-wide physical 3991M (374M free)
TotalPageFile size 3991M (AvailPageFile size 161M)
current process WorkingSet (physical memory assigned to process): 606M, peak: 610M
current process commit charge ("private bytes"): 690M, peak: 944M

vm_info: OpenJDK 64-Bit Server VM (11.0.8+10-b944.6842174) for windows-amd64 JRE (11.0.8+10-b944.6842174), built on Sep 19 2020 01:11:42 by "builder" with MS VC++ 14.0 (VS2015)

END.
