#
# There is insufficient memory for the Java Runtime Environment to continue.
# Native memory allocation (mmap) failed to map 67108864 bytes for Failed to commit area from 0x00000000c1a00000 to 0x00000000c5a00000 of length 67108864.
# Possible reasons:
#   The system is out of physical RAM or swap space
#   The process is running with CompressedOops enabled, and the Java Heap may be blocking the growth of the native heap
# Possible solutions:
#   Reduce memory load on the system
#   Increase physical memory or swap space
#   Check if swap backing store is full
#   Decrease Java heap size (-Xmx/-Xms)
#   Decrease number of Java threads
#   Decrease Java thread stack sizes (-Xss)
#   Set larger code cache with -XX:ReservedCodeCacheSize=
# This output file may be truncated or incomplete.
#
#  Out of Memory Error (./src/hotspot/os/windows/os_windows.cpp:3303), pid=6828, tid=3968
#
# JRE version:  (11.0.8+10) (build )
# Java VM: OpenJDK 64-Bit Server VM (11.0.8+10-b944.6842174, mixed mode, sharing, tiered, compressed oops, g1 gc, windows-amd64)
# No core dump will be written. Minidumps are not enabled by default on client versions of Windows
#

---------------  S U M M A R Y ------------

Command Line: org.jetbrains.git4idea.http.GitAskPassApp Username for 'https://github.com': 

Host: Intel(R) Core(TM) i3-5005U CPU @ 2.00GHz, 4 cores, 3G,  Windows 10 , 64 bit Build 19041 (10.0.19041.928)
Time: Tue Jul 27 17:22:19 2021 Hora oficial do Brasil elapsed time: 0 seconds (0d 0h 0m 0s)

---------------  T H R E A D  ---------------

Current thread (0x000001e40fb67800):  JavaThread "Unknown thread" [_thread_in_vm, id=3968, stack(0x0000009d3d600000,0x0000009d3d700000)]

Stack: [0x0000009d3d600000,0x0000009d3d700000]
Native frames: (J=compiled Java code, j=interpreted, Vv=VM code, C=native code)
V  [jvm.dll+0x5de50a]
V  [jvm.dll+0x7122f5]
V  [jvm.dll+0x71384d]
V  [jvm.dll+0x713f03]
V  [jvm.dll+0x23e728]
V  [jvm.dll+0x5db9a4]
V  [jvm.dll+0x5d0ae5]
V  [jvm.dll+0x2fb20b]
V  [jvm.dll+0x2fb17a]
V  [jvm.dll+0x2fb052]
V  [jvm.dll+0x2fff16]
V  [jvm.dll+0x348743]
V  [jvm.dll+0x348e46]
V  [jvm.dll+0x348843]
V  [jvm.dll+0x2d5d68]
V  [jvm.dll+0x2d6f07]
V  [jvm.dll+0x6f11f7]
V  [jvm.dll+0x6f29ec]
V  [jvm.dll+0x355cb9]
V  [jvm.dll+0x6d4ade]
V  [jvm.dll+0x3bdfe3]
V  [jvm.dll+0x3c0201]
C  [jli.dll+0x5373]
C  [ucrtbase.dll+0x21bb2]
C  [KERNEL32.DLL+0x17034]
C  [ntdll.dll+0x52651]


---------------  P R O C E S S  ---------------

Threads class SMR info:
_java_thread_list=0x000001e40e0ffcc0, length=0, elements={
}

Java Threads: ( => current thread )

Other Threads:
  0x000001e40fb80000 GCTaskThread "GC Thread#0" [stack: 0x0000009d3d700000,0x0000009d3d800000] [id=5496]
  0x000001e40fb9d000 ConcurrentGCThread "G1 Main Marker" [stack: 0x0000009d3d800000,0x0000009d3d900000] [id=4480]
  0x000001e40fba0800 ConcurrentGCThread "G1 Conc#0" [stack: 0x0000009d3d900000,0x0000009d3da00000] [id=3976]

[error occurred during error reporting (printing all threads), id 0xc0000005, EXCEPTION_ACCESS_VIOLATION (0xc0000005) at pc=0x00007ff8343f6357]

VM state:not at safepoint (not fully initialized)

VM Mutex/Monitor currently owned by a thread:  ([mutex/lock_event])
[0x000001e40fb654c0] Heap_lock - owner thread: 0x000001e40fb67800

Heap address: 0x00000000c1a00000, size: 998 MB, Compressed Oops mode: Non-zero based: 0x00000000c1a00000
Narrow klass base: 0x0000000000000000, Narrow klass shift: 0

GC Heap History (0 events):
No events

Deoptimization events (0 events):
No events

Classes redefined (0 events):
No events

Internal exceptions (0 events):
No events

Events (1 events):
Event: 0.011 Loaded shared library C:\Program Files\Android\Android Studio\jre\bin\zip.dll


Dynamic libraries:
0x00007ff6cf1a0000 - 0x00007ff6cf1aa000 	C:\Program Files\Android\Android Studio\jre\bin\java.exe
0x00007ff85a7d0000 - 0x00007ff85a9c5000 	C:\Windows\SYSTEM32\ntdll.dll
0x00007ff858be0000 - 0x00007ff858c9d000 	C:\Windows\System32\KERNEL32.DLL
0x00007ff857f70000 - 0x00007ff858238000 	C:\Windows\System32\KERNELBASE.dll
0x00007ff858240000 - 0x00007ff858340000 	C:\Windows\System32\ucrtbase.dll
0x00007ff853630000 - 0x00007ff853649000 	C:\Program Files\Android\Android Studio\jre\bin\jli.dll
0x00007ff84a270000 - 0x00007ff84a287000 	C:\Program Files\Android\Android Studio\jre\bin\VCRUNTIME140.dll
0x00007ff85a310000 - 0x00007ff85a4b0000 	C:\Windows\System32\USER32.dll
0x00007ff8583f0000 - 0x00007ff858412000 	C:\Windows\System32\win32u.dll
0x00007ff847ae0000 - 0x00007ff847d7a000 	C:\Windows\WinSxS\amd64_microsoft.windows.common-controls_6595b64144ccf1df_6.0.19041.844_none_ca00b6081b84eb1d\COMCTL32.dll
0x00007ff858d40000 - 0x00007ff858d6a000 	C:\Windows\System32\GDI32.dll
0x00007ff858ca0000 - 0x00007ff858d3e000 	C:\Windows\System32\msvcrt.dll
0x00007ff8584f0000 - 0x00007ff8585fb000 	C:\Windows\System32\gdi32full.dll
0x00007ff858600000 - 0x00007ff85869d000 	C:\Windows\System32\msvcp_win.dll
0x00007ff858af0000 - 0x00007ff858b20000 	C:\Windows\System32\IMM32.DLL
0x00007ff8423c0000 - 0x00007ff84245d000 	C:\Program Files\Android\Android Studio\jre\bin\msvcp140.dll
0x00007ff834110000 - 0x00007ff834bcc000 	C:\Program Files\Android\Android Studio\jre\bin\server\jvm.dll
0x00007ff858830000 - 0x00007ff8588dc000 	C:\Windows\System32\ADVAPI32.dll
0x00007ff8599e0000 - 0x00007ff859a7b000 	C:\Windows\System32\sechost.dll
0x00007ff858e30000 - 0x00007ff858f5b000 	C:\Windows\System32\RPCRT4.dll
0x00007ff858d90000 - 0x00007ff858d98000 	C:\Windows\System32\PSAPI.DLL
0x00007ff853620000 - 0x00007ff853629000 	C:\Windows\SYSTEM32\WSOCK32.dll
0x00007ff846a90000 - 0x00007ff846ab7000 	C:\Windows\SYSTEM32\WINMM.dll
0x00007ff84b650000 - 0x00007ff84b65a000 	C:\Windows\SYSTEM32\VERSION.dll
0x00007ff8596b0000 - 0x00007ff85971b000 	C:\Windows\System32\WS2_32.dll
0x00007ff855e60000 - 0x00007ff855e72000 	C:\Windows\SYSTEM32\kernel.appcore.dll
0x00007ff853590000 - 0x00007ff8535a1000 	C:\Program Files\Android\Android Studio\jre\bin\verify.dll
0x00007ff8446c0000 - 0x00007ff8448a4000 	C:\Windows\SYSTEM32\DBGHELP.DLL
0x00007ff8486d0000 - 0x00007ff8486fc000 	C:\Windows\SYSTEM32\dbgcore.DLL
0x00007ff858420000 - 0x00007ff8584a0000 	C:\Windows\System32\bcryptPrimitives.dll
0x00007ff8534b0000 - 0x00007ff8534d9000 	C:\Program Files\Android\Android Studio\jre\bin\java.dll
0x00007ff853510000 - 0x00007ff85351b000 	C:\Program Files\Android\Android Studio\jre\bin\jimage.dll
0x00007ff8528c0000 - 0x00007ff8528d8000 	C:\Program Files\Android\Android Studio\jre\bin\zip.dll

dbghelp: loaded successfully - version: 4.0.5 - missing functions: none
symbol engine: initialized successfully - sym options: 0x614 - pdb path: .;C:\Program Files\Android\Android Studio\jre\bin;C:\Windows\SYSTEM32;C:\Windows\WinSxS\amd64_microsoft.windows.common-controls_6595b64144ccf1df_6.0.19041.844_none_ca00b6081b84eb1d;C:\Program Files\Android\Android Studio\jre\bin\server

VM Arguments:
java_command: org.jetbrains.git4idea.http.GitAskPassApp Username for 'https://github.com': 
java_class_path (initial): C:/Program Files/Android/Android Studio/plugins/git4idea/lib/git4idea-rt.jar;C:/Program Files/Android/Android Studio/lib/xmlrpc-2.0.1.jar;C:/Program Files/Android/Android Studio/lib/commons-codec-1.14.jar
Launcher Type: SUN_STANDARD

[Global flags]
     intx CICompilerCount                          = 3                                         {product} {ergonomic}
     uint ConcGCThreads                            = 1                                         {product} {ergonomic}
     uint G1ConcRefinementThreads                  = 4                                         {product} {ergonomic}
   size_t G1HeapRegionSize                         = 1048576                                   {product} {ergonomic}
    uintx GCDrainStackTargetSize                   = 64                                        {product} {ergonomic}
   size_t InitialHeapSize                          = 67108864                                  {product} {ergonomic}
   size_t MarkStackSize                            = 4194304                                   {product} {ergonomic}
   size_t MaxHeapSize                              = 1046478848                                {product} {ergonomic}
   size_t MinHeapDeltaBytes                        = 1048576                                   {product} {ergonomic}
    uintx NonNMethodCodeHeapSize                   = 5830732                                {pd product} {ergonomic}
    uintx NonProfiledCodeHeapSize                  = 122913754                              {pd product} {ergonomic}
    uintx ProfiledCodeHeapSize                     = 122913754                              {pd product} {ergonomic}
    uintx ReservedCodeCacheSize                    = 251658240                              {pd product} {ergonomic}
     bool SegmentedCodeCache                       = true                                      {product} {ergonomic}
     bool UseCompressedClassPointers               = true                                 {lp64_product} {ergonomic}
     bool UseCompressedOops                        = true                                 {lp64_product} {ergonomic}
     bool UseG1GC                                  = true                                      {product} {ergonomic}
     bool UseLargePagesIndividualAllocation        = false                                  {pd product} {ergonomic}

Logging:
Log output configuration:
 #0: stdout all=warning uptime,level,tags
 #1: stderr all=off uptime,level,tags

Environment Variables:
JAVA_HOME=C:\Program Files\Java\jdk-16.0.1
PATH=C:\Program Files\Git\mingw64\libexec\git-core;C:\Program Files\Git\mingw64\libexec\git-core;C:\Program Files\Git\mingw64\bin;C:\Program Files\Git\usr\bin;C:\Users\User\bin;C:\Program Files\Common Files\Oracle\Java\javapath;C:\Windows\system32;C:\Windows;C:\Windows\System32\Wbem;C:\Windows\System32\WindowsPowerShell\v1.0;C:\Windows\System32\OpenSSH;C:\Program Files\Git\cmd;C:\Program Files\Java\jdk-16.0.1\bin;C:\Users\User\AppData\Local\Android\Sdk\platform-tools;C:\Users\User\AppData\Local\Microsoft\WindowsApps;C:\IntelliJ IDEA Community Edition 2021.1.3\bin;C:\Users\User\AppData\Local\Android\Sdk\platform-tools
USERNAME=User
DISPLAY=:0.0
LC_ALL=en_US.UTF-8
OS=Windows_NT
PROCESSOR_IDENTIFIER=Intel64 Family 6 Model 61 Stepping 4, GenuineIntel



---------------  S Y S T E M  ---------------

OS: Windows 10 , 64 bit Build 19041 (10.0.19041.928)
OS uptime: 7 days 3:26 hours

CPU:total 4 (initial active 4) (2 cores per cpu, 2 threads per core) family 6 model 61 stepping 4, cmov, cx8, fxsr, mmx, sse, sse2, sse3, ssse3, sse4.1, sse4.2, popcnt, avx, avx2, aes, clmul, erms, 3dnowpref, lzcnt, ht, tsc, tscinvbit, bmi1, bmi2, adx, fma

Memory: 4k page, system-wide physical 3991M (324M free)
TotalPageFile size 3991M (AvailPageFile size 21M)
current process WorkingSet (physical memory assigned to process): 9M, peak: 9M
current process commit charge ("private bytes"): 51M, peak: 115M

vm_info: OpenJDK 64-Bit Server VM (11.0.8+10-b944.6842174) for windows-amd64 JRE (11.0.8+10-b944.6842174), built on Sep 19 2020 01:11:42 by "builder" with MS VC++ 14.0 (VS2015)

END.
