#
# There is insufficient memory for the Java Runtime Environment to continue.
# Native memory allocation (malloc) failed to allocate 1148496 bytes for Chunk::new
# Possible reasons:
#   The system is out of physical RAM or swap space
#   The process is running with CompressedOops enabled, and the Java Heap may be blocking the growth of the native heap
# Possible solutions:
#   Reduce memory load on the system
#   Increase physical memory or swap space
#   Check if swap backing store is full
#   Decrease Java heap size (-Xmx/-Xms)
#   Decrease number of Java threads
#   Decrease Java thread stack sizes (-Xss)
#   Set larger code cache with -XX:ReservedCodeCacheSize=
#   JVM is running with Unscaled Compressed Oops mode in which the Java heap is
#     placed in the first 4GB address space. The Java Heap base address is the
#     maximum limit for the native heap growth. Please use -XX:HeapBaseMinAddress
#     to set the Java Heap base and to place the Java Heap above 4GB virtual address.
# This output file may be truncated or incomplete.
#
#  Out of Memory Error (./src/hotspot/share/memory/arena.cpp:197), pid=3928, tid=1444
#
# JRE version: OpenJDK Runtime Environment (11.0.8+10) (build 11.0.8+10-b944.6842174)
# Java VM: OpenJDK 64-Bit Server VM (11.0.8+10-b944.6842174, mixed mode, tiered, compressed oops, g1 gc, windows-amd64)
# No core dump will be written. Minidumps are not enabled by default on client versions of Windows
#

---------------  S U M M A R Y ------------

Command Line: org.jetbrains.kotlin.cli.jvm.K2JVMCompiler @C:\Users\User\AndroidStudioProjects\ThApp\app\build\20210727_8488328498396604427.compiler.options

Host: Intel(R) Core(TM) i3-5005U CPU @ 2.00GHz, 4 cores, 3G,  Windows 10 , 64 bit Build 19041 (10.0.19041.928)
Time: Tue Jul 27 14:42:24 2021 Hora oficial do Brasil elapsed time: 3 seconds (0d 0h 0m 3s)

---------------  T H R E A D  ---------------

Current thread (0x0000017499649000):  JavaThread "C2 CompilerThread0" daemon [_thread_in_native, id=1444, stack(0x0000004358800000,0x0000004358900000)]


Current CompileTask:
C2:   3444 1974   !   4       jdk.internal.loader.BuiltinClassLoader::loadClassOrNull (143 bytes)

Stack: [0x0000004358800000,0x0000004358900000]
Native frames: (J=compiled Java code, j=interpreted, Vv=VM code, C=native code)
V  [jvm.dll+0x5de50a]
V  [jvm.dll+0x7122f5]
V  [jvm.dll+0x71384d]
V  [jvm.dll+0x713f03]
V  [jvm.dll+0x23e728]
V  [jvm.dll+0xb899c]
V  [jvm.dll+0xb8e9c]
V  [jvm.dll+0x2b20e4]
V  [jvm.dll+0x502098]
V  [jvm.dll+0x1ff393]
V  [jvm.dll+0x1f917c]
V  [jvm.dll+0x1f685f]
V  [jvm.dll+0x17f32c]
V  [jvm.dll+0x205047]
V  [jvm.dll+0x203891]
V  [jvm.dll+0x6dad3f]
V  [jvm.dll+0x6d3895]
V  [jvm.dll+0x5dd4a6]
C  [ucrtbase.dll+0x21bb2]
C  [KERNEL32.DLL+0x17034]
C  [ntdll.dll+0x52651]


---------------  P R O C E S S  ---------------

Threads class SMR info:
_java_thread_list=0x0000017499ebf440, length=10, elements={
0x00000174ff586000, 0x0000017499605800, 0x000001749962b800, 0x0000017499645800,
0x0000017499647800, 0x0000017499649000, 0x0000017499691800, 0x0000017499693800,
0x0000017499910000, 0x0000017499920000
}

Java Threads: ( => current thread )
  0x00000174ff586000 JavaThread "main" [_thread_in_Java, id=3980, stack(0x0000004357d00000,0x0000004357e00000)]
  0x0000017499605800 JavaThread "Reference Handler" daemon [_thread_blocked, id=6044, stack(0x0000004358400000,0x0000004358500000)]
  0x000001749962b800 JavaThread "Finalizer" daemon [_thread_blocked, id=5716, stack(0x0000004358500000,0x0000004358600000)]
  0x0000017499645800 JavaThread "Signal Dispatcher" daemon [_thread_blocked, id=1452, stack(0x0000004358600000,0x0000004358700000)]
  0x0000017499647800 JavaThread "Attach Listener" daemon [_thread_blocked, id=5144, stack(0x0000004358700000,0x0000004358800000)]
=>0x0000017499649000 JavaThread "C2 CompilerThread0" daemon [_thread_in_native, id=1444, stack(0x0000004358800000,0x0000004358900000)]
  0x0000017499691800 JavaThread "C1 CompilerThread0" daemon [_thread_blocked, id=6524, stack(0x0000004358900000,0x0000004358a00000)]
  0x0000017499693800 JavaThread "Sweeper thread" daemon [_thread_blocked, id=1716, stack(0x0000004358a00000,0x0000004358b00000)]
  0x0000017499910000 JavaThread "Service Thread" daemon [_thread_blocked, id=6652, stack(0x0000004358b00000,0x0000004358c00000)]
  0x0000017499920000 JavaThread "Common-Cleaner" daemon [_thread_blocked, id=6564, stack(0x0000004358d00000,0x0000004358e00000)]

Other Threads:
  0x0000017499603800 VMThread "VM Thread" [stack: 0x0000004358300000,0x0000004358400000] [id=6268]
  0x0000017499911000 WatcherThread [stack: 0x0000004358c00000,0x0000004358d00000] [id=2164]
  0x00000174ff59e800 GCTaskThread "GC Thread#0" [stack: 0x0000004357e00000,0x0000004357f00000] [id=4496]
  0x0000017499e76000 GCTaskThread "GC Thread#1" [stack: 0x0000004358f00000,0x0000004359000000] [id=3836]
  0x00000174ff5bd000 ConcurrentGCThread "G1 Main Marker" [stack: 0x0000004357f00000,0x0000004358000000] [id=604]
  0x00000174ff5bf800 ConcurrentGCThread "G1 Conc#0" [stack: 0x0000004358000000,0x0000004358100000] [id=1876]
  0x00000174ff616800 ConcurrentGCThread "G1 Refine#0" [stack: 0x0000004358100000,0x0000004358200000] [id=4400]
  0x00000174ff617800 ConcurrentGCThread "G1 Young RemSet Sampling" [stack: 0x0000004358200000,0x0000004358300000] [id=6496]

Threads with active compile tasks:
C2 CompilerThread0   3465 1974   !   4       jdk.internal.loader.BuiltinClassLoader::loadClassOrNull (143 bytes)

VM state:not at safepoint (normal execution)

VM Mutex/Monitor currently owned by a thread: None

Heap address: 0x00000000c1a00000, size: 998 MB, Compressed Oops mode: 32-bit
Narrow klass base: 0x0000000000000000, Narrow klass shift: 3
Compressed class space size: 1073741824 Address: 0x0000000100000000

Heap:
 garbage-first heap   total 65536K, used 17246K [0x00000000c1a00000, 0x0000000100000000)
  region size 1024K, 3 young (3072K), 2 survivors (2048K)
 Metaspace       used 26850K, capacity 27293K, committed 27392K, reserved 1073152K
  class space    used 2889K, capacity 3042K, committed 3072K, reserved 1048576K
Heap Regions: E=young(eden), S=young(survivor), O=old, HS=humongous(starts), HC=humongous(continues), CS=collection set, F=free, A=archive, TAMS=top-at-mark-start (previous, next)
|   0|0x00000000c1a00000, 0x00000000c1b00000, 0x00000000c1b00000|100%|HS|  |TAMS 0x00000000c1b00000, 0x00000000c1a00000| Complete 
|   1|0x00000000c1b00000, 0x00000000c1c00000, 0x00000000c1c00000|100%|HC|  |TAMS 0x00000000c1c00000, 0x00000000c1b00000| Complete 
|   2|0x00000000c1c00000, 0x00000000c1d00000, 0x00000000c1d00000|100%|HC|  |TAMS 0x00000000c1d00000, 0x00000000c1c00000| Complete 
|   3|0x00000000c1d00000, 0x00000000c1e00000, 0x00000000c1e00000|100%| O|  |TAMS 0x00000000c1e00000, 0x00000000c1d00000| Untracked 
|   4|0x00000000c1e00000, 0x00000000c1f00000, 0x00000000c1f00000|100%| O|  |TAMS 0x00000000c1f00000, 0x00000000c1e00000| Untracked 
|   5|0x00000000c1f00000, 0x00000000c2000000, 0x00000000c2000000|100%| O|  |TAMS 0x00000000c2000000, 0x00000000c1f00000| Untracked 
|   6|0x00000000c2000000, 0x00000000c2100000, 0x00000000c2100000|100%| O|  |TAMS 0x00000000c2100000, 0x00000000c2000000| Untracked 
|   7|0x00000000c2100000, 0x00000000c2200000, 0x00000000c2200000|100%| O|  |TAMS 0x00000000c2200000, 0x00000000c2100000| Untracked 
|   8|0x00000000c2200000, 0x00000000c22d8e00, 0x00000000c2300000| 84%| O|  |TAMS 0x00000000c22d8e00, 0x00000000c2200000| Untracked 
|   9|0x00000000c2300000, 0x00000000c2400000, 0x00000000c2400000|100%|HS|  |TAMS 0x00000000c2300000, 0x00000000c2300000| Complete 
|  10|0x00000000c2400000, 0x00000000c2500000, 0x00000000c2500000|100%|HC|  |TAMS 0x00000000c2400000, 0x00000000c2400000| Complete 
|  11|0x00000000c2500000, 0x00000000c2600000, 0x00000000c2600000|100%|HC|  |TAMS 0x00000000c2500000, 0x00000000c2500000| Complete 
|  12|0x00000000c2600000, 0x00000000c2700000, 0x00000000c2700000|100%|HS|  |TAMS 0x00000000c2600000, 0x00000000c2600000| Complete 
|  13|0x00000000c2700000, 0x00000000c2800000, 0x00000000c2800000|100%|HC|  |TAMS 0x00000000c2700000, 0x00000000c2700000| Complete 
|  14|0x00000000c2800000, 0x00000000c2900000, 0x00000000c2900000|100%|HC|  |TAMS 0x00000000c2800000, 0x00000000c2800000| Complete 
|  15|0x00000000c2900000, 0x00000000c2900000, 0x00000000c2a00000|  0%| F|  |TAMS 0x00000000c2900000, 0x00000000c2900000| Untracked 
|  16|0x00000000c2a00000, 0x00000000c2a00000, 0x00000000c2b00000|  0%| F|  |TAMS 0x00000000c2a00000, 0x00000000c2a00000| Untracked 
|  17|0x00000000c2b00000, 0x00000000c2b00000, 0x00000000c2c00000|  0%| F|  |TAMS 0x00000000c2b00000, 0x00000000c2b00000| Untracked 
|  18|0x00000000c2c00000, 0x00000000c2c00000, 0x00000000c2d00000|  0%| F|  |TAMS 0x00000000c2c00000, 0x00000000c2c00000| Untracked 
|  19|0x00000000c2d00000, 0x00000000c2d00000, 0x00000000c2e00000|  0%| F|  |TAMS 0x00000000c2d00000, 0x00000000c2d00000| Untracked 
|  20|0x00000000c2e00000, 0x00000000c2e00000, 0x00000000c2f00000|  0%| F|  |TAMS 0x00000000c2e00000, 0x00000000c2e00000| Untracked 
|  21|0x00000000c2f00000, 0x00000000c2f00000, 0x00000000c3000000|  0%| F|  |TAMS 0x00000000c2f00000, 0x00000000c2f00000| Untracked 
|  22|0x00000000c3000000, 0x00000000c3000000, 0x00000000c3100000|  0%| F|  |TAMS 0x00000000c3000000, 0x00000000c3000000| Untracked 
|  23|0x00000000c3100000, 0x00000000c3100000, 0x00000000c3200000|  0%| F|  |TAMS 0x00000000c3100000, 0x00000000c3100000| Untracked 
|  24|0x00000000c3200000, 0x00000000c3200000, 0x00000000c3300000|  0%| F|  |TAMS 0x00000000c3200000, 0x00000000c3200000| Untracked 
|  25|0x00000000c3300000, 0x00000000c3300000, 0x00000000c3400000|  0%| F|  |TAMS 0x00000000c3300000, 0x00000000c3300000| Untracked 
|  26|0x00000000c3400000, 0x00000000c3400000, 0x00000000c3500000|  0%| F|  |TAMS 0x00000000c3400000, 0x00000000c3400000| Untracked 
|  27|0x00000000c3500000, 0x00000000c3500000, 0x00000000c3600000|  0%| F|  |TAMS 0x00000000c3500000, 0x00000000c3500000| Untracked 
|  28|0x00000000c3600000, 0x00000000c3600000, 0x00000000c3700000|  0%| F|  |TAMS 0x00000000c3600000, 0x00000000c3600000| Untracked 
|  29|0x00000000c3700000, 0x00000000c3700000, 0x00000000c3800000|  0%| F|  |TAMS 0x00000000c3700000, 0x00000000c3700000| Untracked 
|  30|0x00000000c3800000, 0x00000000c3800000, 0x00000000c3900000|  0%| F|  |TAMS 0x00000000c3800000, 0x00000000c3800000| Untracked 
|  31|0x00000000c3900000, 0x00000000c3900000, 0x00000000c3a00000|  0%| F|  |TAMS 0x00000000c3900000, 0x00000000c3900000| Untracked 
|  32|0x00000000c3a00000, 0x00000000c3a00000, 0x00000000c3b00000|  0%| F|  |TAMS 0x00000000c3a00000, 0x00000000c3a00000| Untracked 
|  33|0x00000000c3b00000, 0x00000000c3b00000, 0x00000000c3c00000|  0%| F|  |TAMS 0x00000000c3b00000, 0x00000000c3b00000| Untracked 
|  34|0x00000000c3c00000, 0x00000000c3c00000, 0x00000000c3d00000|  0%| F|  |TAMS 0x00000000c3c00000, 0x00000000c3c00000| Untracked 
|  35|0x00000000c3d00000, 0x00000000c3d00000, 0x00000000c3e00000|  0%| F|  |TAMS 0x00000000c3d00000, 0x00000000c3d00000| Untracked 
|  36|0x00000000c3e00000, 0x00000000c3e00000, 0x00000000c3f00000|  0%| F|  |TAMS 0x00000000c3e00000, 0x00000000c3e00000| Untracked 
|  37|0x00000000c3f00000, 0x00000000c3f00000, 0x00000000c4000000|  0%| F|  |TAMS 0x00000000c3f00000, 0x00000000c3f00000| Untracked 
|  38|0x00000000c4000000, 0x00000000c4000000, 0x00000000c4100000|  0%| F|  |TAMS 0x00000000c4000000, 0x00000000c4000000| Untracked 
|  39|0x00000000c4100000, 0x00000000c41feb08, 0x00000000c4200000| 99%| S|CS|TAMS 0x00000000c4100000, 0x00000000c4100000| Complete 
|  40|0x00000000c4200000, 0x00000000c4300000, 0x00000000c4300000|100%| S|CS|TAMS 0x00000000c4200000, 0x00000000c4200000| Complete 
|  41|0x00000000c4300000, 0x00000000c4300000, 0x00000000c4400000|  0%| F|  |TAMS 0x00000000c4300000, 0x00000000c4300000| Untracked 
|  42|0x00000000c4400000, 0x00000000c4400000, 0x00000000c4500000|  0%| F|  |TAMS 0x00000000c4400000, 0x00000000c4400000| Untracked 
|  43|0x00000000c4500000, 0x00000000c4500000, 0x00000000c4600000|  0%| F|  |TAMS 0x00000000c4500000, 0x00000000c4500000| Untracked 
|  44|0x00000000c4600000, 0x00000000c4600000, 0x00000000c4700000|  0%| F|  |TAMS 0x00000000c4600000, 0x00000000c4600000| Untracked 
|  45|0x00000000c4700000, 0x00000000c4700000, 0x00000000c4800000|  0%| F|  |TAMS 0x00000000c4700000, 0x00000000c4700000| Untracked 
|  46|0x00000000c4800000, 0x00000000c4800000, 0x00000000c4900000|  0%| F|  |TAMS 0x00000000c4800000, 0x00000000c4800000| Untracked 
|  47|0x00000000c4900000, 0x00000000c4900000, 0x00000000c4a00000|  0%| F|  |TAMS 0x00000000c4900000, 0x00000000c4900000| Untracked 
|  48|0x00000000c4a00000, 0x00000000c4a00000, 0x00000000c4b00000|  0%| F|  |TAMS 0x00000000c4a00000, 0x00000000c4a00000| Untracked 
|  49|0x00000000c4b00000, 0x00000000c4b00000, 0x00000000c4c00000|  0%| F|  |TAMS 0x00000000c4b00000, 0x00000000c4b00000| Untracked 
|  50|0x00000000c4c00000, 0x00000000c4c00000, 0x00000000c4d00000|  0%| F|  |TAMS 0x00000000c4c00000, 0x00000000c4c00000| Untracked 
|  51|0x00000000c4d00000, 0x00000000c4d00000, 0x00000000c4e00000|  0%| F|  |TAMS 0x00000000c4d00000, 0x00000000c4d00000| Untracked 
|  52|0x00000000c4e00000, 0x00000000c4e00000, 0x00000000c4f00000|  0%| F|  |TAMS 0x00000000c4e00000, 0x00000000c4e00000| Untracked 
|  53|0x00000000c4f00000, 0x00000000c4f00000, 0x00000000c5000000|  0%| F|  |TAMS 0x00000000c4f00000, 0x00000000c4f00000| Untracked 
|  54|0x00000000c5000000, 0x00000000c5000000, 0x00000000c5100000|  0%| F|  |TAMS 0x00000000c5000000, 0x00000000c5000000| Untracked 
|  55|0x00000000c5100000, 0x00000000c5100000, 0x00000000c5200000|  0%| F|  |TAMS 0x00000000c5100000, 0x00000000c5100000| Untracked 
|  56|0x00000000c5200000, 0x00000000c5200000, 0x00000000c5300000|  0%| F|  |TAMS 0x00000000c5200000, 0x00000000c5200000| Untracked 
|  57|0x00000000c5300000, 0x00000000c5300000, 0x00000000c5400000|  0%| F|  |TAMS 0x00000000c5300000, 0x00000000c5300000| Untracked 
|  58|0x00000000c5400000, 0x00000000c5400000, 0x00000000c5500000|  0%| F|  |TAMS 0x00000000c5400000, 0x00000000c5400000| Untracked 
|  59|0x00000000c5500000, 0x00000000c5500000, 0x00000000c5600000|  0%| F|  |TAMS 0x00000000c5500000, 0x00000000c5500000| Untracked 
|  60|0x00000000c5600000, 0x00000000c5600000, 0x00000000c5700000|  0%| F|  |TAMS 0x00000000c5600000, 0x00000000c5600000| Untracked 
|  61|0x00000000c5700000, 0x00000000c5700000, 0x00000000c5800000|  0%| F|  |TAMS 0x00000000c5700000, 0x00000000c5700000| Untracked 
|  62|0x00000000c5800000, 0x00000000c5800000, 0x00000000c5900000|  0%| F|  |TAMS 0x00000000c5800000, 0x00000000c5800000| Untracked 
|  63|0x00000000c5900000, 0x00000000c5a00000, 0x00000000c5a00000|100%| E|  |TAMS 0x00000000c5900000, 0x00000000c5900000| Complete 

Card table byte_map: [0x0000017494500000,0x0000017494700000] _byte_map_base: 0x0000017493ef3000

Marking Bits (Prev, Next): (CMBitMap*) 0x00000174ff5b85e0, (CMBitMap*) 0x00000174ff5b85a8
 Prev Bits: [0x00000174958a0000, 0x0000017496838000)
 Next Bits: [0x0000017494900000, 0x0000017495898000)

Polling page: 0x0000017481410000

Metaspace:

Usage:
  Non-class:     23.68 MB capacity,    23.40 MB ( 99%) used,   249.53 KB (  1%) free+waste,    40.44 KB ( <1%) overhead. 
      Class:      2.97 MB capacity,     2.82 MB ( 95%) used,   134.01 KB (  4%) free+waste,    18.19 KB ( <1%) overhead. 
       Both:     26.65 MB capacity,    26.22 MB ( 98%) used,   383.54 KB (  1%) free+waste,    58.63 KB ( <1%) overhead. 

Virtual space:
  Non-class space:       24.00 MB reserved,      23.75 MB ( 99%) committed 
      Class space:        1.00 GB reserved,       3.00 MB ( <1%) committed 
             Both:        1.02 GB reserved,      26.75 MB (  3%) committed 

Chunk freelists:
   Non-Class:  5.00 KB
       Class:  0 bytes
        Both:  5.00 KB

MaxMetaspaceSize: 17179869184.00 GB
CompressedClassSpaceSize: 1.00 GB

CodeHeap 'non-profiled nmethods': size=120064Kb used=628Kb max_used=628Kb free=119436Kb
 bounds [0x000001748c790000, 0x000001748ca00000, 0x0000017493cd0000]
CodeHeap 'profiled nmethods': size=120000Kb used=3688Kb max_used=3688Kb free=116311Kb
 bounds [0x0000017485260000, 0x0000017485600000, 0x000001748c790000]
CodeHeap 'non-nmethods': size=5696Kb used=1156Kb max_used=1168Kb free=4539Kb
 bounds [0x0000017484cd0000, 0x0000017484f40000, 0x0000017485260000]
 total_blobs=2486 nmethods=1990 adapters=407
 compilation: enabled
              stopped_count=0, restarted_count=0
 full_count=0

Compilation events (20 events):
Event: 3.230 Thread 0x0000017499691800 1972       3       jdk.internal.misc.Unsafe::weakCompareAndSetInt (11 bytes)
Event: 3.230 Thread 0x0000017499691800 nmethod 1972 0x00000174855eb790 code [0x00000174855eb940, 0x00000174855eba58]
Event: 3.233 Thread 0x0000017499691800 1973       3       java.lang.String::startsWith (138 bytes)
Event: 3.234 Thread 0x0000017499691800 nmethod 1973 0x00000174855ebb10 code [0x00000174855ebd40, 0x00000174855ec6f8]
Event: 3.243 Thread 0x0000017499649000 nmethod 1967 0x000001748c82b490 code [0x000001748c82b6e0, 0x000001748c82bda0]
Event: 3.282 Thread 0x0000017499649000 1974   !   4       jdk.internal.loader.BuiltinClassLoader::loadClassOrNull (143 bytes)
Event: 3.335 Thread 0x0000017499691800 1975       3       java.lang.invoke.DirectMethodHandle::preparedLambdaForm (31 bytes)
Event: 3.336 Thread 0x0000017499691800 nmethod 1975 0x00000174855eca10 code [0x00000174855ecc00, 0x00000174855ece28]
Event: 3.336 Thread 0x0000017499691800 1979       3       jdk.internal.org.objectweb.asm.MethodWriter::visitMaxs (1144 bytes)
Event: 3.342 Thread 0x0000017499691800 nmethod 1979 0x00000174855ecf90 code [0x00000174855ed4a0, 0x00000174855efdc8]
Event: 3.342 Thread 0x0000017499691800 1977       3       jdk.internal.org.objectweb.asm.MethodWriter::<init> (247 bytes)
Event: 3.344 Thread 0x0000017499691800 nmethod 1977 0x00000174855f1710 code [0x00000174855f19c0, 0x00000174855f27e8]
Event: 3.344 Thread 0x0000017499691800 1976       3       jdk.internal.org.objectweb.asm.ClassWriter::visitMethod (20 bytes)
Event: 3.344 Thread 0x0000017499691800 nmethod 1976 0x00000174855f2d10 code [0x00000174855f2ec0, 0x00000174855f30a8]
Event: 3.344 Thread 0x0000017499691800 1978       3       jdk.internal.org.objectweb.asm.MethodVisitor::<init> (7 bytes)
Event: 3.344 Thread 0x0000017499691800 nmethod 1978 0x00000174855f3190 code [0x00000174855f3360, 0x00000174855f3688]
Event: 3.344 Thread 0x0000017499691800 1980       3       jdk.internal.org.objectweb.asm.MethodWriter::visitEnd (1 bytes)
Event: 3.345 Thread 0x0000017499691800 nmethod 1980 0x00000174855f3790 code [0x00000174855f3940, 0x00000174855f3a38]
Event: 3.395 Thread 0x0000017499691800 1982   !   3       java.lang.ref.ReferenceQueue::enqueue (119 bytes)
Event: 3.396 Thread 0x0000017499691800 nmethod 1982 0x00000174855f3b10 code [0x00000174855f3d00, 0x00000174855f4468]

GC Heap History (8 events):
Event: 0.655 GC heap before
{Heap before GC invocations=0 (full 0):
 garbage-first heap   total 65536K, used 17408K [0x00000000c1a00000, 0x0000000100000000)
  region size 1024K, 14 young (14336K), 0 survivors (0K)
 Metaspace       used 9786K, capacity 9935K, committed 10112K, reserved 1058816K
  class space    used 831K, capacity 884K, committed 896K, reserved 1048576K
}
Event: 0.659 GC heap after
{Heap after GC invocations=1 (full 0):
 garbage-first heap   total 65536K, used 5128K [0x00000000c1a00000, 0x0000000100000000)
  region size 1024K, 2 young (2048K), 2 survivors (2048K)
 Metaspace       used 9786K, capacity 9935K, committed 10112K, reserved 1058816K
  class space    used 831K, capacity 884K, committed 896K, reserved 1048576K
}
Event: 1.748 GC heap before
{Heap before GC invocations=1 (full 0):
 garbage-first heap   total 65536K, used 41992K [0x00000000c1a00000, 0x0000000100000000)
  region size 1024K, 38 young (38912K), 2 survivors (2048K)
 Metaspace       used 18519K, capacity 18691K, committed 18944K, reserved 1067008K
  class space    used 1909K, capacity 1968K, committed 2048K, reserved 1048576K
}
Event: 1.763 GC heap after
{Heap after GC invocations=2 (full 0):
 garbage-first heap   total 65536K, used 8985K [0x00000000c1a00000, 0x0000000100000000)
  region size 1024K, 5 young (5120K), 5 survivors (5120K)
 Metaspace       used 18519K, capacity 18691K, committed 18944K, reserved 1067008K
  class space    used 1909K, capacity 1968K, committed 2048K, reserved 1048576K
}
Event: 2.268 GC heap before
{Heap before GC invocations=2 (full 0):
 garbage-first heap   total 65536K, used 17177K [0x00000000c1a00000, 0x0000000100000000)
  region size 1024K, 14 young (14336K), 5 survivors (5120K)
 Metaspace       used 20900K, capacity 21101K, committed 21248K, reserved 1069056K
  class space    used 2219K, capacity 2286K, committed 2304K, reserved 1048576K
}
Event: 2.289 GC heap after
{Heap after GC invocations=3 (full 0):
 garbage-first heap   total 65536K, used 9752K [0x00000000c1a00000, 0x0000000100000000)
  region size 1024K, 1 young (1024K), 1 survivors (1024K)
 Metaspace       used 20900K, capacity 21101K, committed 21248K, reserved 1069056K
  class space    used 2219K, capacity 2286K, committed 2304K, reserved 1048576K
}
Event: 3.386 GC heap before
{Heap before GC invocations=4 (full 0):
 garbage-first heap   total 65536K, used 37400K [0x00000000c1a00000, 0x0000000100000000)
  region size 1024K, 23 young (23552K), 1 survivors (1024K)
 Metaspace       used 26577K, capacity 26960K, committed 27136K, reserved 1073152K
  class space    used 2838K, capacity 2973K, committed 3072K, reserved 1048576K
}
Event: 3.395 GC heap after
{Heap after GC invocations=5 (full 0):
 garbage-first heap   total 65536K, used 17246K [0x00000000c1a00000, 0x0000000100000000)
  region size 1024K, 2 young (2048K), 2 survivors (2048K)
 Metaspace       used 26577K, capacity 26960K, committed 27136K, reserved 1073152K
  class space    used 2838K, capacity 2973K, committed 3072K, reserved 1048576K
}

Deoptimization events (20 events):
Event: 2.738 Thread 0x00000174ff586000 Uncommon trap: trap_request=0xffffffcc fr.pc=0x000001748c7f9374 relative=0x00000000000001b4
Event: 2.738 Thread 0x00000174ff586000 Uncommon trap: reason=intrinsic_or_type_checked_inlining action=make_not_entrant pc=0x000001748c7f9374 method=java.util.Arrays.copyOf([Ljava/lang/Object;ILjava/lang/Class;)[Ljava/lang/Object; @ 35 c2
Event: 2.738 Thread 0x00000174ff586000 DEOPT PACKING pc=0x000001748c7f9374 sp=0x0000004357dfc500
Event: 2.738 Thread 0x00000174ff586000 DEOPT UNPACKING pc=0x0000017484cf74af sp=0x0000004357dfc4a8 mode 2
Event: 2.864 Thread 0x00000174ff586000 Uncommon trap: trap_request=0xffffff4d fr.pc=0x000001748c814b68 relative=0x00000000000001c8
Event: 2.864 Thread 0x00000174ff586000 Uncommon trap: reason=unstable_if action=reinterpret pc=0x000001748c814b68 method=java.util.Arrays.hashCode([B)I @ 1 c2
Event: 2.864 Thread 0x00000174ff586000 DEOPT PACKING pc=0x000001748c814b68 sp=0x0000004357dfe5c0
Event: 2.864 Thread 0x00000174ff586000 DEOPT UNPACKING pc=0x0000017484cf74af sp=0x0000004357dfe530 mode 2
Event: 2.866 Thread 0x00000174ff586000 Uncommon trap: trap_request=0xffffff4d fr.pc=0x000001748c819074 relative=0x00000000000000d4
Event: 2.866 Thread 0x00000174ff586000 Uncommon trap: reason=unstable_if action=reinterpret pc=0x000001748c819074 method=jdk.nio.zipfs.ZipConstants.pkSigAt([BIII)Z @ 5 c2
Event: 2.866 Thread 0x00000174ff586000 DEOPT PACKING pc=0x000001748c819074 sp=0x0000004357dfe420
Event: 2.866 Thread 0x00000174ff586000 DEOPT UNPACKING pc=0x0000017484cf74af sp=0x0000004357dfe3c8 mode 2
Event: 2.911 Thread 0x00000174ff586000 Uncommon trap: trap_request=0xffffff6e fr.pc=0x000001748c80a79c relative=0x000000000000125c
Event: 2.911 Thread 0x00000174ff586000 Uncommon trap: reason=speculate_class_check action=maybe_recompile pc=0x000001748c80a79c method=java.util.zip.InflaterInputStream.read([BII)I @ 100 c2
Event: 2.911 Thread 0x00000174ff586000 DEOPT PACKING pc=0x000001748c80a79c sp=0x0000004357dfe5d0
Event: 2.911 Thread 0x00000174ff586000 DEOPT UNPACKING pc=0x0000017484cf74af sp=0x0000004357dfe630 mode 2
Event: 3.207 Thread 0x00000174ff586000 Uncommon trap: trap_request=0xffffff4d fr.pc=0x000001748c8070dc relative=0x00000000000001bc
Event: 3.207 Thread 0x00000174ff586000 Uncommon trap: reason=unstable_if action=reinterpret pc=0x000001748c8070dc method=java.lang.String.startsWith(Ljava/lang/String;I)Z @ 1 c2
Event: 3.207 Thread 0x00000174ff586000 DEOPT PACKING pc=0x000001748c8070dc sp=0x0000004357dfdf30
Event: 3.207 Thread 0x00000174ff586000 DEOPT UNPACKING pc=0x0000017484cf74af sp=0x0000004357dfdea0 mode 2

Classes redefined (0 events):
No events

Internal exceptions (16 events):
Event: 1.609 Thread 0x00000174ff586000 Exception <a 'java/lang/NoSuchMethodError'{0x00000000c3999238}: 'int java.lang.invoke.DirectMethodHandle$Holder.invokeSpecialIFC(java.lang.Object, java.lang.Object, int)'> (0x00000000c3999238) thrown at [./src/hotspot/share/interpreter/linkResolver.cpp, line 773]
Event: 1.917 Thread 0x00000174ff586000 Exception <a 'java/lang/NoSuchMethodError'{0x00000000c57cd110}: 'java.lang.Object java.lang.invoke.DirectMethodHandle$Holder.invokeStaticInit(java.lang.Object, int)'> (0x00000000c57cd110) thrown at [./src/hotspot/share/interpreter/linkResolver.cpp, line 773]
Event: 1.970 Thread 0x00000174ff586000 Exception <a 'java/lang/NoSuchMethodError'{0x00000000c5564608}: 'long java.lang.invoke.DirectMethodHandle$Holder.invokeStatic(java.lang.Object)'> (0x00000000c5564608) thrown at [./src/hotspot/share/interpreter/linkResolver.cpp, line 773]
Event: 1.970 Thread 0x00000174ff586000 Exception <a 'java/lang/NoSuchMethodError'{0x00000000c5567460}: 'long java.lang.invoke.DirectMethodHandle$Holder.invokeStaticInit(java.lang.Object)'> (0x00000000c5567460) thrown at [./src/hotspot/share/interpreter/linkResolver.cpp, line 773]
Event: 2.131 Thread 0x00000174ff586000 Exception <a 'java/lang/NoSuchMethodError'{0x00000000c52d4068}: 'int java.lang.invoke.DirectMethodHandle$Holder.invokeStaticInit(java.lang.Object, java.lang.Object, java.lang.Object)'> (0x00000000c52d4068) thrown at [./src/hotspot/share/interpreter/linkResolver.cpp, line 773]
Event: 2.137 Thread 0x00000174ff586000 Exception <a 'java/lang/NoSuchMethodError'{0x00000000c52ff830}: 'int java.lang.invoke.DirectMethodHandle$Holder.invokeStaticInit(java.lang.Object, java.lang.Object)'> (0x00000000c52ff830) thrown at [./src/hotspot/share/interpreter/linkResolver.cpp, line 773]
Event: 2.757 Thread 0x00000174ff586000 Exception <a 'java/lang/NoSuchMethodError'{0x00000000c51e1b60}: 'java.lang.Object java.lang.invoke.DirectMethodHandle$Holder.invokeStatic(java.lang.Object, java.lang.Object, java.lang.Object, java.lang.Object, java.lang.Object, java.lang.Object, java.lang.Object, java.lang.Object, java.lang.Object, java.lang.Object, java.lang.Object, java.lang.Object, java.lang.Object, java.lang.Object, java.lang.Object)'> (0x00000000c51e1b60) thrown at [./src/hotspot/share/interpreter/linkResolver.cpp, line 773]
Event: 2.760 Thread 0x00000174ff586000 Exception <a 'java/lang/NoSuchMethodError'{0x00000000c51efba0}: 'java.lang.Object java.lang.invoke.DirectMethodHandle$Holder.invokeStatic(java.lang.Object, java.lang.Object, java.lang.Object, java.lang.Object, java.lang.Object, java.lang.Object, java.lang.Object, java.lang.Object, java.lang.Object, java.lang.Object, java.lang.Object, java.lang.Object, java.lang.Object, java.lang.Object, java.lang.Object, java.lang.Object)'> (0x00000000c51efba0) thrown at [./src/hotspot/share/interpreter/linkResolver.cpp, l
Event: 2.763 Thread 0x00000174ff586000 Exception <a 'java/lang/NoSuchMethodError'{0x00000000c51fdda0}: 'java.lang.Object java.lang.invoke.DirectMethodHandle$Holder.invokeSpecial(java.lang.Object, java.lang.Object, int, int, java.lang.Object, java.lang.Object, java.lang.Object)'> (0x00000000c51fdda0) thrown at [./src/hotspot/share/interpreter/linkResolver.cpp, line 773]
Event: 2.763 Thread 0x00000174ff586000 Exception <a 'java/lang/NoSuchMethodError'{0x00000000c4f01aa8}: 'java.lang.Object java.lang.invoke.DelegatingMethodHandle$Holder.reinvoke_L(java.lang.Object, int, int, java.lang.Object, java.lang.Object, java.lang.Object)'> (0x00000000c4f01aa8) thrown at [./src/hotspot/share/interpreter/linkResolver.cpp, line 773]
Event: 2.764 Thread 0x00000174ff586000 Exception <a 'java/lang/NoSuchMethodError'{0x00000000c4f05e30}: 'java.lang.Object java.lang.invoke.DirectMethodHandle$Holder.invokeStatic(java.lang.Object, java.lang.Object, java.lang.Object, java.lang.Object, int)'> (0x00000000c4f05e30) thrown at [./src/hotspot/share/interpreter/linkResolver.cpp, line 773]
Event: 2.864 Thread 0x00000174ff586000 Implicit null exception at 0x000001748c8149ac to 0x000001748c814b5a
Event: 2.915 Thread 0x00000174ff586000 Exception <a 'java/lang/NoSuchMethodError'{0x00000000c4a83e68}: 'void java.lang.invoke.DirectMethodHandle$Holder.invokeStatic(java.lang.Object, java.lang.Object, java.lang.Object, java.lang.Object)'> (0x00000000c4a83e68) thrown at [./src/hotspot/share/interpreter/linkResolver.cpp, line 773]
Event: 3.023 Thread 0x00000174ff586000 Exception <a 'java/lang/NoSuchMethodError'{0x00000000c49d33e8}: 'void java.lang.invoke.DirectMethodHandle$Holder.invokeSpecial(java.lang.Object, java.lang.Object)'> (0x00000000c49d33e8) thrown at [./src/hotspot/share/interpreter/linkResolver.cpp, line 773]
Event: 3.134 Thread 0x00000174ff586000 Exception <a 'java/lang/NoSuchMethodError'{0x00000000c4677a80}: 'void java.lang.invoke.DirectMethodHandle$Holder.invokeStaticInit(java.lang.Object, java.lang.Object)'> (0x00000000c4677a80) thrown at [./src/hotspot/share/interpreter/linkResolver.cpp, line 773]
Event: 3.152 Thread 0x00000174ff586000 Exception <a 'java/lang/NoSuchMethodError'{0x00000000c46b6110}: 'void java.lang.invoke.DirectMethodHandle$Holder.invokeInterface(java.lang.Object, java.lang.Object)'> (0x00000000c46b6110) thrown at [./src/hotspot/share/interpreter/linkResolver.cpp, line 773]

Events (20 events):
Event: 3.435 loading class org/jetbrains/kotlin/resolve/jvm/KotlinJavaPsiFacade$KotlinPsiElementFinderWrapper
Event: 3.435 loading class org/jetbrains/kotlin/resolve/jvm/KotlinJavaPsiFacade$KotlinPsiElementFinderWrapper done
Event: 3.435 loading class org/jetbrains/kotlin/resolve/jvm/KotlinJavaPsiFacade$KotlinPsiElementFinderWrapperImplDumbAware
Event: 3.435 loading class org/jetbrains/kotlin/resolve/jvm/KotlinJavaPsiFacade$KotlinPsiElementFinderWrapperImplDumbAware done
Event: 3.436 loading class org/jetbrains/kotlin/load/java/structure/JavaClass
Event: 3.436 loading class org/jetbrains/kotlin/load/java/structure/JavaClass done
Event: 3.441 loading class org/jetbrains/kotlin/load/java/structure/JavaClassifier
Event: 3.441 loading class org/jetbrains/kotlin/load/java/structure/JavaClassifier done
Event: 3.441 loading class org/jetbrains/kotlin/load/java/structure/JavaAnnotationOwner
Event: 3.441 loading class org/jetbrains/kotlin/load/java/structure/JavaAnnotationOwner done
Event: 3.441 loading class org/jetbrains/kotlin/load/java/structure/JavaElement
Event: 3.441 loading class org/jetbrains/kotlin/load/java/structure/JavaElement done
Event: 3.442 loading class org/jetbrains/kotlin/load/java/structure/JavaNamedElement
Event: 3.442 loading class org/jetbrains/kotlin/load/java/structure/JavaNamedElement done
Event: 3.442 loading class org/jetbrains/kotlin/load/java/structure/JavaModifierListOwner
Event: 3.442 loading class org/jetbrains/kotlin/load/java/structure/JavaModifierListOwner done
Event: 3.442 loading class org/jetbrains/kotlin/load/java/structure/JavaTypeParameterListOwner
Event: 3.442 loading class org/jetbrains/kotlin/load/java/structure/JavaTypeParameterListOwner done
Event: 3.443 loading class org/jetbrains/kotlin/com/intellij/psi/impl/file/PsiPackageImpl
Event: 3.443 loading class org/jetbrains/kotlin/com/intellij/psi/impl/file/PsiPackageImpl done


Dynamic libraries:
0x00007ff6cf1a0000 - 0x00007ff6cf1aa000 	C:\Program Files\Android\Android Studio\jre\bin\java.exe
0x00007ff85a7d0000 - 0x00007ff85a9c5000 	C:\Windows\SYSTEM32\ntdll.dll
0x00007ff858be0000 - 0x00007ff858c9d000 	C:\Windows\System32\KERNEL32.DLL
0x00007ff857f70000 - 0x00007ff858238000 	C:\Windows\System32\KERNELBASE.dll
0x00007ff858240000 - 0x00007ff858340000 	C:\Windows\System32\ucrtbase.dll
0x00007ff84afd0000 - 0x00007ff84afe9000 	C:\Program Files\Android\Android Studio\jre\bin\jli.dll
0x00007ff84a160000 - 0x00007ff84a177000 	C:\Program Files\Android\Android Studio\jre\bin\VCRUNTIME140.dll
0x00007ff85a310000 - 0x00007ff85a4b0000 	C:\Windows\System32\USER32.dll
0x00007ff8583f0000 - 0x00007ff858412000 	C:\Windows\System32\win32u.dll
0x00007ff847ae0000 - 0x00007ff847d7a000 	C:\Windows\WinSxS\amd64_microsoft.windows.common-controls_6595b64144ccf1df_6.0.19041.844_none_ca00b6081b84eb1d\COMCTL32.dll
0x00007ff858d40000 - 0x00007ff858d6a000 	C:\Windows\System32\GDI32.dll
0x00007ff858ca0000 - 0x00007ff858d3e000 	C:\Windows\System32\msvcrt.dll
0x00007ff8584f0000 - 0x00007ff8585fb000 	C:\Windows\System32\gdi32full.dll
0x00007ff858600000 - 0x00007ff85869d000 	C:\Windows\System32\msvcp_win.dll
0x00007ff858af0000 - 0x00007ff858b20000 	C:\Windows\System32\IMM32.DLL
0x00007ff840a70000 - 0x00007ff840b0d000 	C:\Program Files\Android\Android Studio\jre\bin\msvcp140.dll
0x00007ff834110000 - 0x00007ff834bcc000 	C:\Program Files\Android\Android Studio\jre\bin\server\jvm.dll
0x00007ff858830000 - 0x00007ff8588dc000 	C:\Windows\System32\ADVAPI32.dll
0x00007ff8599e0000 - 0x00007ff859a7b000 	C:\Windows\System32\sechost.dll
0x00007ff858e30000 - 0x00007ff858f5b000 	C:\Windows\System32\RPCRT4.dll
0x00007ff858d90000 - 0x00007ff858d98000 	C:\Windows\System32\PSAPI.DLL
0x00007ff8535a0000 - 0x00007ff8535a9000 	C:\Windows\SYSTEM32\WSOCK32.dll
0x00007ff846a90000 - 0x00007ff846ab7000 	C:\Windows\SYSTEM32\WINMM.dll
0x00007ff84b650000 - 0x00007ff84b65a000 	C:\Windows\SYSTEM32\VERSION.dll
0x00007ff8596b0000 - 0x00007ff85971b000 	C:\Windows\System32\WS2_32.dll
0x00007ff855e60000 - 0x00007ff855e72000 	C:\Windows\SYSTEM32\kernel.appcore.dll
0x00007ff848ed0000 - 0x00007ff848ee1000 	C:\Program Files\Android\Android Studio\jre\bin\verify.dll
0x00007ff8446c0000 - 0x00007ff8448a4000 	C:\Windows\SYSTEM32\DBGHELP.DLL
0x00007ff8486d0000 - 0x00007ff8486fc000 	C:\Windows\SYSTEM32\dbgcore.DLL
0x00007ff858420000 - 0x00007ff8584a0000 	C:\Windows\System32\bcryptPrimitives.dll
0x00007ff848cb0000 - 0x00007ff848cd9000 	C:\Program Files\Android\Android Studio\jre\bin\java.dll
0x00007ff853590000 - 0x00007ff85359b000 	C:\Program Files\Android\Android Studio\jre\bin\jimage.dll
0x00007ff848c90000 - 0x00007ff848ca8000 	C:\Program Files\Android\Android Studio\jre\bin\zip.dll
0x00007ff858f60000 - 0x00007ff8596a2000 	C:\Windows\System32\SHELL32.dll
0x00007ff856060000 - 0x00007ff8567f0000 	C:\Windows\SYSTEM32\windows.storage.dll
0x00007ff859a80000 - 0x00007ff859dd5000 	C:\Windows\System32\combase.dll
0x00007ff857980000 - 0x00007ff8579ac000 	C:\Windows\SYSTEM32\Wldp.dll
0x00007ff85a4b0000 - 0x00007ff85a55e000 	C:\Windows\System32\SHCORE.dll
0x00007ff858a90000 - 0x00007ff858ae5000 	C:\Windows\System32\shlwapi.dll
0x00007ff857e50000 - 0x00007ff857e6f000 	C:\Windows\SYSTEM32\profapi.dll
0x00007ff848b70000 - 0x00007ff848b8a000 	C:\Program Files\Android\Android Studio\jre\bin\net.dll
0x00007ff84cf40000 - 0x00007ff84d04b000 	C:\Windows\SYSTEM32\WINHTTP.dll
0x00007ff8576f0000 - 0x00007ff85775a000 	C:\Windows\system32\mswsock.dll
0x00007ff848b50000 - 0x00007ff848b64000 	C:\Program Files\Android\Android Studio\jre\bin\nio.dll

dbghelp: loaded successfully - version: 4.0.5 - missing functions: none
symbol engine: initialized successfully - sym options: 0x614 - pdb path: .;C:\Program Files\Android\Android Studio\jre\bin;C:\Windows\SYSTEM32;C:\Windows\WinSxS\amd64_microsoft.windows.common-controls_6595b64144ccf1df_6.0.19041.844_none_ca00b6081b84eb1d;C:\Program Files\Android\Android Studio\jre\bin\server

VM Arguments:
java_command: org.jetbrains.kotlin.cli.jvm.K2JVMCompiler @C:\Users\User\AndroidStudioProjects\ThApp\app\build\20210727_8488328498396604427.compiler.options
java_class_path (initial): C:\Users\User\.gradle\caches\modules-2\files-2.1\org.jetbrains.kotlin\kotlin-compiler-embeddable\1.5.21\40ddbcae9ff100473f95370c2d589ba3fc48eed5\kotlin-compiler-embeddable-1.5.21.jar;C:\Users\User\.gradle\caches\modules-2\files-2.1\org.jetbrains.kotlin\kotlin-reflect\1.5.21\802f1f39735ae1eb2b75714a40fa19bb2e687e96\kotlin-reflect-1.5.21.jar;C:\Users\User\.gradle\caches\modules-2\files-2.1\org.jetbrains.kotlin\kotlin-stdlib\1.5.21\2f537cad7e9eeb9da73738c8812e1e4cf9b62e4e\kotlin-stdlib-1.5.21.jar;C:\Users\User\.gradle\caches\modules-2\files-2.1\org.jetbrains.kotlin\kotlin-script-runtime\1.5.21\96d49e89873fde985750af354b6eabb60cfa999b\kotlin-script-runtime-1.5.21.jar;C:\Users\User\.gradle\caches\modules-2\files-2.1\org.jetbrains.kotlin\kotlin-daemon-embeddable\1.5.21\17255809e66a940dfdf6289bccbdfb5a09f3145\kotlin-daemon-embeddable-1.5.21.jar;C:\Users\User\.gradle\caches\modules-2\files-2.1\org.jetbrains.intellij.deps\trove4j\1.0.20181211\216c2e14b070f334479d800987affe4054cd563f\trove4j-1.0.20181211.jar;C:\Users\User\.gradle\caches\modules-2\files-2.1\org.jetbrains\annotations\13.0\919f0dfe192fb4e063e7dacadee7f8bb9a2672a9\annotations-13.0.jar;C:\Users\User\.gradle\caches\modules-2\files-2.1\org.jetbrains.kotlin\kotlin-stdlib-common\1.5.21\cc8bf3586fd2ebcf234058b9440bb406e62dfacb\kotlin-stdlib-common-1.5.21.jar
Launcher Type: SUN_STANDARD

[Global flags]
     intx CICompilerCount                          = 3                                         {product} {ergonomic}
     uint ConcGCThreads                            = 1                                         {product} {ergonomic}
     uint G1ConcRefinementThreads                  = 4                                         {product} {ergonomic}
   size_t G1HeapRegionSize                         = 1048576                                   {product} {ergonomic}
    uintx GCDrainStackTargetSize                   = 64                                        {product} {ergonomic}
   size_t InitialHeapSize                          = 67108864                                  {product} {ergonomic}
   size_t MarkStackSize                            = 4194304                                   {product} {ergonomic}
   size_t MaxHeapSize                              = 1046478848                                {product} {ergonomic}
   size_t MaxNewSize                               = 627048448                                 {product} {ergonomic}
   size_t MinHeapDeltaBytes                        = 1048576                                   {product} {ergonomic}
    uintx NonNMethodCodeHeapSize                   = 5830732                                {pd product} {ergonomic}
    uintx NonProfiledCodeHeapSize                  = 122913754                              {pd product} {ergonomic}
    uintx ProfiledCodeHeapSize                     = 122913754                              {pd product} {ergonomic}
    uintx ReservedCodeCacheSize                    = 251658240                              {pd product} {ergonomic}
     bool SegmentedCodeCache                       = true                                      {product} {ergonomic}
     bool UseCompressedClassPointers               = true                                 {lp64_product} {ergonomic}
     bool UseCompressedOops                        = true                                 {lp64_product} {ergonomic}
     bool UseG1GC                                  = true                                      {product} {ergonomic}
     bool UseLargePagesIndividualAllocation        = false                                  {pd product} {ergonomic}

Logging:
Log output configuration:
 #0: stdout all=warning uptime,level,tags
 #1: stderr all=off uptime,level,tags

Environment Variables:
JAVA_HOME=C:\Program Files\Java\jdk-16.0.1
PATH=C:\Program Files\Common Files\Oracle\Java\javapath;C:\Windows\system32;C:\Windows;C:\Windows\System32\Wbem;C:\Windows\System32\WindowsPowerShell\v1.0\;C:\Windows\System32\OpenSSH\;C:\Program Files\Git\cmd;C:\Program Files\Java\jdk-16.0.1\bin;C:\Users\User\AppData\Local\Android\Sdk\platform-tools;C:\Users\User\AppData\Local\Microsoft\WindowsApps;C:\IntelliJ IDEA Community Edition 2021.1.3\bin;;C:\Users\User\AppData\Local\Android\Sdk\platform-tools;
USERNAME=User
OS=Windows_NT
PROCESSOR_IDENTIFIER=Intel64 Family 6 Model 61 Stepping 4, GenuineIntel



---------------  S Y S T E M  ---------------

OS: Windows 10 , 64 bit Build 19041 (10.0.19041.928)
OS uptime: 7 days 0:46 hours

CPU:total 4 (initial active 4) (2 cores per cpu, 2 threads per core) family 6 model 61 stepping 4, cmov, cx8, fxsr, mmx, sse, sse2, sse3, ssse3, sse4.1, sse4.2, popcnt, avx, avx2, aes, clmul, erms, 3dnowpref, lzcnt, ht, tsc, tscinvbit, bmi1, bmi2, adx, fma

Memory: 4k page, system-wide physical 3991M (313M free)
TotalPageFile size 3991M (AvailPageFile size 5M)
current process WorkingSet (physical memory assigned to process): 142M, peak: 142M
current process commit charge ("private bytes"): 177M, peak: 178M

vm_info: OpenJDK 64-Bit Server VM (11.0.8+10-b944.6842174) for windows-amd64 JRE (11.0.8+10-b944.6842174), built on Sep 19 2020 01:11:42 by "builder" with MS VC++ 14.0 (VS2015)

END.
