#
# There is insufficient memory for the Java Runtime Environment to continue.
# Native memory allocation (mmap) failed to map 42991616 bytes for Failed to commit area from 0x00000000c7c00000 to 0x00000000ca500000 of length 42991616.
# Possible reasons:
#   The system is out of physical RAM or swap space
#   The process is running with CompressedOops enabled, and the Java Heap may be blocking the growth of the native heap
# Possible solutions:
#   Reduce memory load on the system
#   Increase physical memory or swap space
#   Check if swap backing store is full
#   Decrease Java heap size (-Xmx/-Xms)
#   Decrease number of Java threads
#   Decrease Java thread stack sizes (-Xss)
#   Set larger code cache with -XX:ReservedCodeCacheSize=
#   JVM is running with Unscaled Compressed Oops mode in which the Java heap is
#     placed in the first 4GB address space. The Java Heap base address is the
#     maximum limit for the native heap growth. Please use -XX:HeapBaseMinAddress
#     to set the Java Heap base and to place the Java Heap above 4GB virtual address.
# This output file may be truncated or incomplete.
#
#  Out of Memory Error (./src/hotspot/os/windows/os_windows.cpp:3303), pid=1512, tid=4068
#
# JRE version: OpenJDK Runtime Environment (11.0.8+10) (build 11.0.8+10-b944.6842174)
# Java VM: OpenJDK 64-Bit Server VM (11.0.8+10-b944.6842174, mixed mode, tiered, compressed oops, g1 gc, windows-amd64)
# No core dump will be written. Minidumps are not enabled by default on client versions of Windows
#

---------------  S U M M A R Y ------------

Command Line: org.jetbrains.kotlin.cli.jvm.K2JVMCompiler @C:\Users\User\AndroidStudioProjects\ThApp\app\build\20210727_3886486350288983418.compiler.options

Host: Intel(R) Core(TM) i3-5005U CPU @ 2.00GHz, 4 cores, 3G,  Windows 10 , 64 bit Build 19041 (10.0.19041.928)
Time: Tue Jul 27 15:37:26 2021 Hora oficial do Brasil elapsed time: 9 seconds (0d 0h 0m 9s)

---------------  T H R E A D  ---------------

Current thread (0x000001f018214000):  VMThread "VM Thread" [stack: 0x0000006b75200000,0x0000006b75300000] [id=4068]

Stack: [0x0000006b75200000,0x0000006b75300000]
[error occurred during error reporting (printing stack bounds), id 0xc0000005, EXCEPTION_ACCESS_VIOLATION (0xc0000005) at pc=0x000001f0038c0dad]

Native frames: (J=compiled Java code, j=interpreted, Vv=VM code, C=native code)
V  [jvm.dll+0x5de50a]
V  [jvm.dll+0x7122f5]
V  [jvm.dll+0x71384d]
V  [jvm.dll+0x713e65]
V  [jvm.dll+0x713e1b]
V  [jvm.dll+0x5dd958]
V  [jvm.dll+0x5de0f8]
C  [ntdll.dll+0xa217f]
C  [ntdll.dll+0x51454]
C  [ntdll.dll+0xa0cae]
C  0x000001f0038c0dad

VM_Operation (0x0000006b74cfca60): G1CollectForAllocation, mode: safepoint, requested by thread 0x000001f07b837800


---------------  P R O C E S S  ---------------

Threads class SMR info:
_java_thread_list=0x000001f01cddf560, length=10, elements={
0x000001f07b837800, 0x000001f018238000, 0x000001f01823c800, 0x000001f018257800,
0x000001f018258800, 0x000001f01825a800, 0x000001f01825d800, 0x000001f0182a4800,
0x000001f01851d800, 0x000001f018528800
}

Java Threads: ( => current thread )
  0x000001f07b837800 JavaThread "main" [_thread_blocked, id=3324, stack(0x0000006b74c00000,0x0000006b74d00000)]
  0x000001f018238000 JavaThread "Reference Handler" daemon [_thread_blocked, id=6748, stack(0x0000006b75300000,0x0000006b75400000)]
  0x000001f01823c800 JavaThread "Finalizer" daemon [_thread_blocked, id=4048, stack(0x0000006b75400000,0x0000006b75500000)]
  0x000001f018257800 JavaThread "Signal Dispatcher" daemon [_thread_blocked, id=284, stack(0x0000006b75500000,0x0000006b75600000)]
  0x000001f018258800 JavaThread "Attach Listener" daemon [_thread_blocked, id=5188, stack(0x0000006b75600000,0x0000006b75700000)]
  0x000001f01825a800 JavaThread "C2 CompilerThread0" daemon [_thread_in_native, id=4396, stack(0x0000006b75700000,0x0000006b75800000)]
  0x000001f01825d800 JavaThread "C1 CompilerThread0" daemon [_thread_blocked, id=6188, stack(0x0000006b75800000,0x0000006b75900000)]
  0x000001f0182a4800 JavaThread "Sweeper thread" daemon [_thread_blocked, id=3380, stack(0x0000006b75900000,0x0000006b75a00000)]
  0x000001f01851d800 JavaThread "Service Thread" daemon [_thread_blocked, id=5812, stack(0x0000006b75a00000,0x0000006b75b00000)]
  0x000001f018528800 JavaThread "Common-Cleaner" daemon [_thread_blocked, id=5344, stack(0x0000006b75c00000,0x0000006b75d00000)]

Other Threads:
=>0x000001f018214000 VMThread "VM Thread" [stack: 0x0000006b75200000,0x0000006b75300000] [id=4068]
  0x000001f01851f800 WatcherThread [stack: 0x0000006b75b00000,0x0000006b75c00000] [id=4340]
  0x000001f07b851800 GCTaskThread "GC Thread#0" [stack: 0x0000006b74d00000,0x0000006b74e00000] [id=3612]
  0x000001f018a92000 GCTaskThread "GC Thread#1" [stack: 0x0000006b75e00000,0x0000006b75f00000] [id=456]
  0x000001f07b86e000 ConcurrentGCThread "G1 Main Marker" [stack: 0x0000006b74e00000,0x0000006b74f00000] [id=3972]
  0x000001f07b870800 ConcurrentGCThread "G1 Conc#0" [stack: 0x0000006b74f00000,0x0000006b75000000] [id=4052]
  0x000001f07b8c8000 ConcurrentGCThread "G1 Refine#0" [stack: 0x0000006b75000000,0x0000006b75100000] [id=3600]
  0x000001f07b8c9000 ConcurrentGCThread "G1 Young RemSet Sampling" [stack: 0x0000006b75100000,0x0000006b75200000] [id=2028]

Threads with active compile tasks:
C2 CompilerThread0   9722 5927   !   4       jdk.internal.loader.BuiltinClassLoader::loadClassOrNull (143 bytes)
C1 CompilerThread0   9722 6490       2       org.jetbrains.kotlin.load.java.lazy.descriptors.LazyJavaStaticClassScope$flatMapJavaStaticSupertypesScopes$1::getNeighbors (38 bytes)

VM state:at safepoint (normal execution)

VM Mutex/Monitor currently owned by a thread:  ([mutex/lock_event])
[0x000001f07b834080] Threads_lock - owner thread: 0x000001f018214000
[0x000001f07b833db0] Heap_lock - owner thread: 0x000001f07b837800

Heap address: 0x00000000c1a00000, size: 998 MB, Compressed Oops mode: 32-bit
Narrow klass base: 0x0000000000000000, Narrow klass shift: 3
Compressed class space size: 1073741824 Address: 0x0000000100000000

Heap:
 garbage-first heap   total 142336K, used 49221K [0x00000000c1a00000, 0x0000000100000000)
  region size 1024K, 3 young (3072K), 3 survivors (3072K)
 Metaspace       used 60300K, capacity 60880K, committed 61084K, reserved 1103872K
  class space    used 6807K, capacity 7024K, committed 7116K, reserved 1048576K
Heap Regions: E=young(eden), S=young(survivor), O=old, HS=humongous(starts), HC=humongous(continues), CS=collection set, F=free, A=archive, TAMS=top-at-mark-start (previous, next)
|   0|0x00000000c1a00000, 0x00000000c1b00000, 0x00000000c1b00000|100%|HS|  |TAMS 0x00000000c1b00000, 0x00000000c1a00000| Complete 
|   1|0x00000000c1b00000, 0x00000000c1c00000, 0x00000000c1c00000|100%|HC|  |TAMS 0x00000000c1c00000, 0x00000000c1b00000| Complete 
|   2|0x00000000c1c00000, 0x00000000c1d00000, 0x00000000c1d00000|100%|HC|  |TAMS 0x00000000c1d00000, 0x00000000c1c00000| Complete 
|   3|0x00000000c1d00000, 0x00000000c1e00000, 0x00000000c1e00000|100%| O|  |TAMS 0x00000000c1e00000, 0x00000000c1d00000| Untracked 
|   4|0x00000000c1e00000, 0x00000000c1f00000, 0x00000000c1f00000|100%| O|  |TAMS 0x00000000c1f00000, 0x00000000c1e00000| Untracked 
|   5|0x00000000c1f00000, 0x00000000c2000000, 0x00000000c2000000|100%| O|  |TAMS 0x00000000c2000000, 0x00000000c1f00000| Untracked 
|   6|0x00000000c2000000, 0x00000000c2100000, 0x00000000c2100000|100%| O|  |TAMS 0x00000000c2100000, 0x00000000c2000000| Untracked 
|   7|0x00000000c2100000, 0x00000000c2200000, 0x00000000c2200000|100%| O|  |TAMS 0x00000000c2200000, 0x00000000c2100000| Untracked 
|   8|0x00000000c2200000, 0x00000000c2300000, 0x00000000c2300000|100%| O|  |TAMS 0x00000000c2300000, 0x00000000c2200000| Untracked 
|   9|0x00000000c2300000, 0x00000000c2400000, 0x00000000c2400000|100%|HS|  |TAMS 0x00000000c2400000, 0x00000000c2300000| Complete 
|  10|0x00000000c2400000, 0x00000000c2500000, 0x00000000c2500000|100%|HC|  |TAMS 0x00000000c2500000, 0x00000000c2400000| Complete 
|  11|0x00000000c2500000, 0x00000000c2600000, 0x00000000c2600000|100%|HC|  |TAMS 0x00000000c2600000, 0x00000000c2500000| Complete 
|  12|0x00000000c2600000, 0x00000000c2700000, 0x00000000c2700000|100%|HS|  |TAMS 0x00000000c2700000, 0x00000000c2600000| Complete 
|  13|0x00000000c2700000, 0x00000000c2800000, 0x00000000c2800000|100%|HC|  |TAMS 0x00000000c2800000, 0x00000000c2700000| Complete 
|  14|0x00000000c2800000, 0x00000000c2900000, 0x00000000c2900000|100%|HC|  |TAMS 0x00000000c2900000, 0x00000000c2800000| Complete 
|  15|0x00000000c2900000, 0x00000000c2a00000, 0x00000000c2a00000|100%|HS|  |TAMS 0x00000000c2a00000, 0x00000000c2900000| Complete 
|  16|0x00000000c2a00000, 0x00000000c2b00000, 0x00000000c2b00000|100%|HC|  |TAMS 0x00000000c2b00000, 0x00000000c2a00000| Complete 
|  17|0x00000000c2b00000, 0x00000000c2c00000, 0x00000000c2c00000|100%| O|  |TAMS 0x00000000c2c00000, 0x00000000c2b00000| Untracked 
|  18|0x00000000c2c00000, 0x00000000c2d00000, 0x00000000c2d00000|100%| O|  |TAMS 0x00000000c2d00000, 0x00000000c2c00000| Untracked 
|  19|0x00000000c2d00000, 0x00000000c2e00000, 0x00000000c2e00000|100%| O|  |TAMS 0x00000000c2e00000, 0x00000000c2d00000| Untracked 
|  20|0x00000000c2e00000, 0x00000000c2f00000, 0x00000000c2f00000|100%| O|  |TAMS 0x00000000c2f00000, 0x00000000c2e00000| Untracked 
|  21|0x00000000c2f00000, 0x00000000c3000000, 0x00000000c3000000|100%| O|  |TAMS 0x00000000c3000000, 0x00000000c2f00000| Untracked 
|  22|0x00000000c3000000, 0x00000000c3100000, 0x00000000c3100000|100%| O|  |TAMS 0x00000000c3100000, 0x00000000c3000000| Untracked 
|  23|0x00000000c3100000, 0x00000000c3200000, 0x00000000c3200000|100%| O|  |TAMS 0x00000000c3200000, 0x00000000c3100000| Untracked 
|  24|0x00000000c3200000, 0x00000000c3300000, 0x00000000c3300000|100%| O|  |TAMS 0x00000000c3300000, 0x00000000c3200000| Untracked 
|  25|0x00000000c3300000, 0x00000000c3400000, 0x00000000c3400000|100%| O|  |TAMS 0x00000000c3351e00, 0x00000000c3300000| Untracked 
|  26|0x00000000c3400000, 0x00000000c3500000, 0x00000000c3500000|100%| O|  |TAMS 0x00000000c3400000, 0x00000000c3400000| Untracked 
|  27|0x00000000c3500000, 0x00000000c3600000, 0x00000000c3600000|100%| O|  |TAMS 0x00000000c3500000, 0x00000000c3500000| Untracked 
|  28|0x00000000c3600000, 0x00000000c3700000, 0x00000000c3700000|100%| O|  |TAMS 0x00000000c3600000, 0x00000000c3600000| Untracked 
|  29|0x00000000c3700000, 0x00000000c3800000, 0x00000000c3800000|100%| O|  |TAMS 0x00000000c3700000, 0x00000000c3700000| Untracked 
|  30|0x00000000c3800000, 0x00000000c3900000, 0x00000000c3900000|100%| O|  |TAMS 0x00000000c3800000, 0x00000000c3800000| Untracked 
|  31|0x00000000c3900000, 0x00000000c3a00000, 0x00000000c3a00000|100%| O|  |TAMS 0x00000000c3900000, 0x00000000c3900000| Untracked 
|  32|0x00000000c3a00000, 0x00000000c3b00000, 0x00000000c3b00000|100%| O|  |TAMS 0x00000000c3a00000, 0x00000000c3a00000| Untracked 
|  33|0x00000000c3b00000, 0x00000000c3c00000, 0x00000000c3c00000|100%| O|  |TAMS 0x00000000c3b00000, 0x00000000c3b00000| Untracked 
|  34|0x00000000c3c00000, 0x00000000c3d00000, 0x00000000c3d00000|100%| O|  |TAMS 0x00000000c3c00000, 0x00000000c3c00000| Untracked 
|  35|0x00000000c3d00000, 0x00000000c3e00000, 0x00000000c3e00000|100%| O|  |TAMS 0x00000000c3d00000, 0x00000000c3d00000| Untracked 
|  36|0x00000000c3e00000, 0x00000000c3f00000, 0x00000000c3f00000|100%| O|  |TAMS 0x00000000c3e00000, 0x00000000c3e00000| Untracked 
|  37|0x00000000c3f00000, 0x00000000c4000000, 0x00000000c4000000|100%| O|  |TAMS 0x00000000c3f00000, 0x00000000c3f00000| Untracked 
|  38|0x00000000c4000000, 0x00000000c4100000, 0x00000000c4100000|100%| O|  |TAMS 0x00000000c4000000, 0x00000000c4000000| Untracked 
|  39|0x00000000c4100000, 0x00000000c4200000, 0x00000000c4200000|100%| O|  |TAMS 0x00000000c4100000, 0x00000000c4100000| Untracked 
|  40|0x00000000c4200000, 0x00000000c4300000, 0x00000000c4300000|100%| O|  |TAMS 0x00000000c4200000, 0x00000000c4200000| Untracked 
|  41|0x00000000c4300000, 0x00000000c4400000, 0x00000000c4400000|100%| O|  |TAMS 0x00000000c4300000, 0x00000000c4300000| Untracked 
|  42|0x00000000c4400000, 0x00000000c4500000, 0x00000000c4500000|100%| O|  |TAMS 0x00000000c4400000, 0x00000000c4400000| Untracked 
|  43|0x00000000c4500000, 0x00000000c4600000, 0x00000000c4600000|100%| O|  |TAMS 0x00000000c4500000, 0x00000000c4500000| Untracked 
|  44|0x00000000c4600000, 0x00000000c4700000, 0x00000000c4700000|100%| O|  |TAMS 0x00000000c4600000, 0x00000000c4600000| Untracked 
|  45|0x00000000c4700000, 0x00000000c47b6c00, 0x00000000c4800000| 71%| O|  |TAMS 0x00000000c4700000, 0x00000000c4700000| Untracked 
|  46|0x00000000c4800000, 0x00000000c4800000, 0x00000000c4900000|  0%| F|  |TAMS 0x00000000c4800000, 0x00000000c4800000| Untracked 
|  47|0x00000000c4900000, 0x00000000c4900000, 0x00000000c4a00000|  0%| F|  |TAMS 0x00000000c4900000, 0x00000000c4900000| Untracked 
|  48|0x00000000c4a00000, 0x00000000c4a00000, 0x00000000c4b00000|  0%| F|  |TAMS 0x00000000c4a00000, 0x00000000c4a00000| Untracked 
|  49|0x00000000c4b00000, 0x00000000c4b00000, 0x00000000c4c00000|  0%| F|  |TAMS 0x00000000c4b00000, 0x00000000c4b00000| Untracked 
|  50|0x00000000c4c00000, 0x00000000c4c00000, 0x00000000c4d00000|  0%| F|  |TAMS 0x00000000c4c00000, 0x00000000c4c00000| Untracked 
|  51|0x00000000c4d00000, 0x00000000c4d00000, 0x00000000c4e00000|  0%| F|  |TAMS 0x00000000c4d00000, 0x00000000c4d00000| Untracked 
|  52|0x00000000c4e00000, 0x00000000c4e00000, 0x00000000c4f00000|  0%| F|  |TAMS 0x00000000c4e00000, 0x00000000c4e00000| Untracked 
|  53|0x00000000c4f00000, 0x00000000c4f00000, 0x00000000c5000000|  0%| F|  |TAMS 0x00000000c4f00000, 0x00000000c4f00000| Untracked 
|  54|0x00000000c5000000, 0x00000000c5000000, 0x00000000c5100000|  0%| F|  |TAMS 0x00000000c5000000, 0x00000000c5000000| Untracked 
|  55|0x00000000c5100000, 0x00000000c5100000, 0x00000000c5200000|  0%| F|  |TAMS 0x00000000c5100000, 0x00000000c5100000| Untracked 
|  56|0x00000000c5200000, 0x00000000c5200000, 0x00000000c5300000|  0%| F|  |TAMS 0x00000000c5200000, 0x00000000c5200000| Untracked 
|  57|0x00000000c5300000, 0x00000000c5300000, 0x00000000c5400000|  0%| F|  |TAMS 0x00000000c5300000, 0x00000000c5300000| Untracked 
|  58|0x00000000c5400000, 0x00000000c5400000, 0x00000000c5500000|  0%| F|  |TAMS 0x00000000c5400000, 0x00000000c5400000| Untracked 
|  59|0x00000000c5500000, 0x00000000c5500000, 0x00000000c5600000|  0%| F|  |TAMS 0x00000000c5500000, 0x00000000c5500000| Untracked 
|  60|0x00000000c5600000, 0x00000000c5600000, 0x00000000c5700000|  0%| F|  |TAMS 0x00000000c5600000, 0x00000000c5600000| Untracked 
|  61|0x00000000c5700000, 0x00000000c5700000, 0x00000000c5800000|  0%| F|  |TAMS 0x00000000c5700000, 0x00000000c5700000| Untracked 
|  62|0x00000000c5800000, 0x00000000c5800000, 0x00000000c5900000|  0%| F|  |TAMS 0x00000000c5800000, 0x00000000c5800000| Untracked 
|  63|0x00000000c5900000, 0x00000000c595a980, 0x00000000c5a00000| 35%| S|CS|TAMS 0x00000000c5900000, 0x00000000c5900000| Complete 
|  64|0x00000000c5a00000, 0x00000000c5a00000, 0x00000000c5b00000|  0%| F|  |TAMS 0x00000000c5a00000, 0x00000000c5a00000| Untracked 
|  65|0x00000000c5b00000, 0x00000000c5b00000, 0x00000000c5c00000|  0%| F|  |TAMS 0x00000000c5b00000, 0x00000000c5b00000| Untracked 
|  66|0x00000000c5c00000, 0x00000000c5c00000, 0x00000000c5d00000|  0%| F|  |TAMS 0x00000000c5c00000, 0x00000000c5c00000| Untracked 
|  67|0x00000000c5d00000, 0x00000000c5e00000, 0x00000000c5e00000|100%| S|CS|TAMS 0x00000000c5d00000, 0x00000000c5d00000| Complete 
|  68|0x00000000c5e00000, 0x00000000c5e00000, 0x00000000c5f00000|  0%| F|  |TAMS 0x00000000c5e00000, 0x00000000c5e00000| Untracked 
|  69|0x00000000c5f00000, 0x00000000c6000000, 0x00000000c6000000|100%| S|CS|TAMS 0x00000000c5f00000, 0x00000000c5f00000| Complete 
|  70|0x00000000c6000000, 0x00000000c6000000, 0x00000000c6100000|  0%| F|  |TAMS 0x00000000c6000000, 0x00000000c6000000| Untracked 
|  71|0x00000000c6100000, 0x00000000c6100000, 0x00000000c6200000|  0%| F|  |TAMS 0x00000000c6100000, 0x00000000c6100000| Untracked 
|  72|0x00000000c6200000, 0x00000000c6200000, 0x00000000c6300000|  0%| F|  |TAMS 0x00000000c6200000, 0x00000000c6200000| Untracked 
|  73|0x00000000c6300000, 0x00000000c6300000, 0x00000000c6400000|  0%| F|  |TAMS 0x00000000c6300000, 0x00000000c6300000| Untracked 
|  74|0x00000000c6400000, 0x00000000c6400000, 0x00000000c6500000|  0%| F|  |TAMS 0x00000000c6400000, 0x00000000c6400000| Untracked 
|  75|0x00000000c6500000, 0x00000000c6500000, 0x00000000c6600000|  0%| F|  |TAMS 0x00000000c6500000, 0x00000000c6500000| Untracked 
|  76|0x00000000c6600000, 0x00000000c6600000, 0x00000000c6700000|  0%| F|  |TAMS 0x00000000c6600000, 0x00000000c6600000| Untracked 
|  77|0x00000000c6700000, 0x00000000c6700000, 0x00000000c6800000|  0%| F|  |TAMS 0x00000000c6700000, 0x00000000c6700000| Untracked 
|  78|0x00000000c6800000, 0x00000000c6800000, 0x00000000c6900000|  0%| F|  |TAMS 0x00000000c6800000, 0x00000000c6800000| Untracked 
|  79|0x00000000c6900000, 0x00000000c6900000, 0x00000000c6a00000|  0%| F|  |TAMS 0x00000000c6900000, 0x00000000c6900000| Untracked 
|  80|0x00000000c6a00000, 0x00000000c6a00000, 0x00000000c6b00000|  0%| F|  |TAMS 0x00000000c6a00000, 0x00000000c6a00000| Untracked 
|  81|0x00000000c6b00000, 0x00000000c6b00000, 0x00000000c6c00000|  0%| F|  |TAMS 0x00000000c6b00000, 0x00000000c6b00000| Untracked 
|  82|0x00000000c6c00000, 0x00000000c6c00000, 0x00000000c6d00000|  0%| F|  |TAMS 0x00000000c6c00000, 0x00000000c6c00000| Untracked 
|  83|0x00000000c6d00000, 0x00000000c6d00000, 0x00000000c6e00000|  0%| F|  |TAMS 0x00000000c6d00000, 0x00000000c6d00000| Untracked 
|  84|0x00000000c6e00000, 0x00000000c6e00000, 0x00000000c6f00000|  0%| F|  |TAMS 0x00000000c6e00000, 0x00000000c6e00000| Untracked 
|  85|0x00000000c6f00000, 0x00000000c6f00000, 0x00000000c7000000|  0%| F|  |TAMS 0x00000000c6f00000, 0x00000000c6f00000| Untracked 
|  86|0x00000000c7000000, 0x00000000c7000000, 0x00000000c7100000|  0%| F|  |TAMS 0x00000000c7000000, 0x00000000c7000000| Untracked 
|  87|0x00000000c7100000, 0x00000000c7100000, 0x00000000c7200000|  0%| F|  |TAMS 0x00000000c7100000, 0x00000000c7100000| Untracked 
|  88|0x00000000c7200000, 0x00000000c7200000, 0x00000000c7300000|  0%| F|  |TAMS 0x00000000c7200000, 0x00000000c7200000| Untracked 
|  89|0x00000000c7300000, 0x00000000c7300000, 0x00000000c7400000|  0%| F|  |TAMS 0x00000000c7300000, 0x00000000c7300000| Untracked 
|  90|0x00000000c7400000, 0x00000000c7400000, 0x00000000c7500000|  0%| F|  |TAMS 0x00000000c7400000, 0x00000000c7400000| Untracked 
|  91|0x00000000c7500000, 0x00000000c7500000, 0x00000000c7600000|  0%| F|  |TAMS 0x00000000c7500000, 0x00000000c7500000| Untracked 
|  92|0x00000000c7600000, 0x00000000c7600000, 0x00000000c7700000|  0%| F|  |TAMS 0x00000000c7600000, 0x00000000c7600000| Untracked 
|  93|0x00000000c7700000, 0x00000000c7700000, 0x00000000c7800000|  0%| F|  |TAMS 0x00000000c7700000, 0x00000000c7700000| Untracked 
|  94|0x00000000c7800000, 0x00000000c7800000, 0x00000000c7900000|  0%| F|  |TAMS 0x00000000c7800000, 0x00000000c7800000| Untracked 
|  95|0x00000000c7900000, 0x00000000c7900000, 0x00000000c7a00000|  0%| F|  |TAMS 0x00000000c7900000, 0x00000000c7900000| Untracked 
|  96|0x00000000c7a00000, 0x00000000c7a00000, 0x00000000c7b00000|  0%| F|  |TAMS 0x00000000c7a00000, 0x00000000c7a00000| Untracked 
|  97|0x00000000c7b00000, 0x00000000c7b00000, 0x00000000c7c00000|  0%| F|  |TAMS 0x00000000c7b00000, 0x00000000c7b00000| Untracked 

Card table byte_map: [0x000001f013110000,0x000001f013310000] _byte_map_base: 0x000001f012b03000

Marking Bits (Prev, Next): (CMBitMap*) 0x000001f07b869610, (CMBitMap*) 0x000001f07b8695d8
 Prev Bits: [0x000001f0144b0000, 0x000001f015448000)
 Next Bits: [0x000001f013510000, 0x000001f0144a8000)

Polling page: 0x000001f000000000

Metaspace:

Usage:
  Non-class:     52.59 MB capacity,    52.24 MB (>99%) used,   277.76 KB ( <1%) free+waste,    85.31 KB ( <1%) overhead. 
      Class:      6.86 MB capacity,     6.65 MB ( 97%) used,   181.60 KB (  3%) free+waste,    34.56 KB ( <1%) overhead. 
       Both:     59.45 MB capacity,    58.89 MB (>99%) used,   459.36 KB ( <1%) free+waste,   119.88 KB ( <1%) overhead. 

Virtual space:
  Non-class space:       54.00 MB reserved,      52.70 MB ( 98%) committed 
      Class space:        1.00 GB reserved,       6.95 MB ( <1%) committed 
             Both:        1.05 GB reserved,      59.65 MB (  6%) committed 

Chunk freelists:
   Non-Class:  48.00 KB
       Class:  16.00 KB
        Both:  64.00 KB

MaxMetaspaceSize: 17179869184.00 GB
CompressedClassSpaceSize: 1.00 GB

CodeHeap 'non-profiled nmethods': size=120064Kb used=2119Kb max_used=2119Kb free=117944Kb
 bounds [0x000001f00b380000, 0x000001f00b5f0000, 0x000001f0128c0000]
CodeHeap 'profiled nmethods': size=120000Kb used=13025Kb max_used=13025Kb free=106974Kb
 bounds [0x000001f003e50000, 0x000001f004b10000, 0x000001f00b380000]
CodeHeap 'non-nmethods': size=5696Kb used=1238Kb max_used=1249Kb free=4457Kb
 bounds [0x000001f0038c0000, 0x000001f003b30000, 0x000001f003e50000]
 total_blobs=7019 nmethods=6402 adapters=527
 compilation: enabled
              stopped_count=0, restarted_count=0
 full_count=0

Compilation events (20 events):
Event: 9.628 Thread 0x000001f01825d800 nmethod 6468 0x000001f00b591a10 code [0x000001f00b591bc0, 0x000001f00b591c58]
Event: 9.628 Thread 0x000001f01825d800 6479       2       org.jetbrains.kotlin.load.java.lazy.descriptors.LazyJavaScope$properties$1::invoke (9 bytes)
Event: 9.628 Thread 0x000001f01825d800 nmethod 6479 0x000001f004b04290 code [0x000001f004b04440, 0x000001f004b04588]
Event: 9.628 Thread 0x000001f01825d800 6480       2       org.jetbrains.kotlin.load.java.lazy.descriptors.LazyJavaScope$properties$1::invoke (103 bytes)
Event: 9.630 Thread 0x000001f01825d800 nmethod 6480 0x000001f004b04690 code [0x000001f004b04920, 0x000001f004b05068]
Event: 9.630 Thread 0x000001f01825d800 6481       2       org.jetbrains.kotlin.load.java.lazy.descriptors.ClassDeclaredMemberIndex::findFieldByName (20 bytes)
Event: 9.631 Thread 0x000001f01825d800 nmethod 6481 0x000001f004b05590 code [0x000001f004b057a0, 0x000001f004b05aa8]
Event: 9.631 Thread 0x000001f01825d800 6483       2       org.jetbrains.kotlin.load.java.lazy.descriptors.LazyJavaStaticClassScope::flatMapJavaStaticSupertypesScopes (32 bytes)
Event: 9.631 Thread 0x000001f01825d800 nmethod 6483 0x000001f004b05c90 code [0x000001f004b05e60, 0x000001f004b06218]
Event: 9.631 Thread 0x000001f01825d800 6484       2       org.jetbrains.kotlin.load.java.lazy.descriptors.LazyJavaStaticClassScope$flatMapJavaStaticSupertypesScopes$2::<init> (20 bytes)
Event: 9.632 Thread 0x000001f01825d800 nmethod 6484 0x000001f004b06390 code [0x000001f004b06540, 0x000001f004b06758]
Event: 9.632 Thread 0x000001f01825d800 6486       2       org.jetbrains.kotlin.builtins.KotlinBuiltIns::isPrimitiveTypeOrNullablePrimitiveType (42 bytes)
Event: 9.632 Thread 0x000001f01825d800 nmethod 6486 0x000001f004b06810 code [0x000001f004b06a00, 0x000001f004b06c88]
Event: 9.632 Thread 0x000001f01825d800 6482       2       org.jetbrains.kotlin.load.java.descriptors.JavaPropertyDescriptor::isConst (39 bytes)
Event: 9.634 Thread 0x000001f01825d800 nmethod 6482 0x000001f004b06d90 code [0x000001f004b07040, 0x000001f004b07748]
Event: 9.634 Thread 0x000001f01825d800 6487       2       org.jetbrains.kotlin.builtins.KotlinBuiltIns::isPrimitiveType (29 bytes)
Event: 9.634 Thread 0x000001f01825d800 nmethod 6487 0x000001f004b07c10 code [0x000001f004b07de0, 0x000001f004b07f68]
Event: 9.634 Thread 0x000001f01825d800 6489       2       org.jetbrains.kotlin.load.java.lazy.descriptors.LazyJavaStaticClassScope$flatMapJavaStaticSupertypesScopes$1::getNeighbors (9 bytes)
Event: 9.635 Thread 0x000001f01825d800 nmethod 6489 0x000001f004b08090 code [0x000001f004b08240, 0x000001f004b083a8]
Event: 9.635 Thread 0x000001f01825d800 6490       2       org.jetbrains.kotlin.load.java.lazy.descriptors.LazyJavaStaticClassScope$flatMapJavaStaticSupertypesScopes$1::getNeighbors (38 bytes)

GC Heap History (20 events):
Event: 2.121 GC heap after
{Heap after GC invocations=3 (full 0):
 garbage-first heap   total 65536K, used 9566K [0x00000000c1a00000, 0x0000000100000000)
  region size 1024K, 1 young (1024K), 1 survivors (1024K)
 Metaspace       used 20922K, capacity 21101K, committed 21248K, reserved 1069056K
  class space    used 2219K, capacity 2286K, committed 2304K, reserved 1048576K
}
Event: 2.741 GC heap before
{Heap before GC invocations=4 (full 0):
 garbage-first heap   total 65536K, used 38238K [0x00000000c1a00000, 0x0000000100000000)
  region size 1024K, 23 young (23552K), 1 survivors (1024K)
 Metaspace       used 26598K, capacity 26960K, committed 27132K, reserved 1073152K
  class space    used 2840K, capacity 2973K, committed 3072K, reserved 1048576K
}
Event: 2.747 GC heap after
{Heap after GC invocations=5 (full 0):
 garbage-first heap   total 65536K, used 17211K [0x00000000c1a00000, 0x0000000100000000)
  region size 1024K, 3 young (3072K), 3 survivors (3072K)
 Metaspace       used 26598K, capacity 26960K, committed 27132K, reserved 1073152K
  class space    used 2840K, capacity 2973K, committed 3072K, reserved 1048576K
}
Event: 3.427 GC heap before
{Heap before GC invocations=5 (full 0):
 garbage-first heap   total 65536K, used 40763K [0x00000000c1a00000, 0x0000000100000000)
  region size 1024K, 25 young (25600K), 3 survivors (3072K)
 Metaspace       used 30475K, capacity 30955K, committed 31228K, reserved 1077248K
  class space    used 3611K, capacity 3793K, committed 3840K, reserved 1048576K
}
Event: 3.451 GC heap after
{Heap after GC invocations=6 (full 0):
 garbage-first heap   total 78848K, used 23091K [0x00000000c1a00000, 0x0000000100000000)
  region size 1024K, 4 young (4096K), 4 survivors (4096K)
 Metaspace       used 30475K, capacity 30955K, committed 31228K, reserved 1077248K
  class space    used 3611K, capacity 3793K, committed 3840K, reserved 1048576K
}
Event: 4.242 GC heap before
{Heap before GC invocations=6 (full 0):
 garbage-first heap   total 78848K, used 47667K [0x00000000c1a00000, 0x0000000100000000)
  region size 1024K, 29 young (29696K), 4 survivors (4096K)
 Metaspace       used 35646K, capacity 36023K, committed 36048K, reserved 1081344K
  class space    used 4182K, capacity 4349K, committed 4352K, reserved 1048576K
}
Event: 4.263 GC heap after
{Heap after GC invocations=7 (full 0):
 garbage-first heap   total 78848K, used 25989K [0x00000000c1a00000, 0x0000000100000000)
  region size 1024K, 3 young (3072K), 3 survivors (3072K)
 Metaspace       used 35646K, capacity 36023K, committed 36048K, reserved 1081344K
  class space    used 4182K, capacity 4349K, committed 4352K, reserved 1048576K
}
Event: 4.964 GC heap before
{Heap before GC invocations=8 (full 0):
 garbage-first heap   total 78848K, used 50565K [0x00000000c1a00000, 0x0000000100000000)
  region size 1024K, 28 young (28672K), 3 survivors (3072K)
 Metaspace       used 41405K, capacity 41842K, committed 42012K, reserved 1085440K
  class space    used 4934K, capacity 5094K, committed 5196K, reserved 1048576K
}
Event: 4.977 GC heap after
{Heap after GC invocations=9 (full 0):
 garbage-first heap   total 78848K, used 27975K [0x00000000c1a00000, 0x0000000100000000)
  region size 1024K, 2 young (2048K), 2 survivors (2048K)
 Metaspace       used 41405K, capacity 41842K, committed 42012K, reserved 1085440K
  class space    used 4934K, capacity 5094K, committed 5196K, reserved 1048576K
}
Event: 5.628 GC heap before
{Heap before GC invocations=10 (full 0):
 garbage-first heap   total 78848K, used 55623K [0x00000000c1a00000, 0x0000000100000000)
  region size 1024K, 28 young (28672K), 2 survivors (2048K)
 Metaspace       used 45054K, capacity 45525K, committed 45724K, reserved 1089536K
  class space    used 5323K, capacity 5509K, committed 5580K, reserved 1048576K
}
Event: 5.647 GC heap after
{Heap after GC invocations=11 (full 0):
 garbage-first heap   total 78848K, used 32255K [0x00000000c1a00000, 0x0000000100000000)
  region size 1024K, 4 young (4096K), 4 survivors (4096K)
 Metaspace       used 45054K, capacity 45525K, committed 45724K, reserved 1089536K
  class space    used 5323K, capacity 5509K, committed 5580K, reserved 1048576K
}
Event: 5.942 GC heap before
{Heap before GC invocations=11 (full 0):
 garbage-first heap   total 78848K, used 55807K [0x00000000c1a00000, 0x0000000100000000)
  region size 1024K, 28 young (28672K), 4 survivors (4096K)
 Metaspace       used 46130K, capacity 46661K, committed 46876K, reserved 1091584K
  class space    used 5423K, capacity 5609K, committed 5708K, reserved 1048576K
}
Event: 5.961 GC heap after
{Heap after GC invocations=12 (full 0):
 garbage-first heap   total 100352K, used 34044K [0x00000000c1a00000, 0x0000000100000000)
  region size 1024K, 2 young (2048K), 2 survivors (2048K)
 Metaspace       used 46130K, capacity 46661K, committed 46876K, reserved 1091584K
  class space    used 5423K, capacity 5609K, committed 5708K, reserved 1048576K
}
Event: 7.040 GC heap before
{Heap before GC invocations=12 (full 0):
 garbage-first heap   total 100352K, used 65788K [0x00000000c1a00000, 0x0000000100000000)
  region size 1024K, 33 young (33792K), 2 survivors (2048K)
 Metaspace       used 48477K, capacity 48914K, committed 49308K, reserved 1093632K
  class space    used 5572K, capacity 5741K, committed 5836K, reserved 1048576K
}
Event: 7.073 GC heap after
{Heap after GC invocations=13 (full 0):
 garbage-first heap   total 100352K, used 39240K [0x00000000c1a00000, 0x0000000100000000)
  region size 1024K, 5 young (5120K), 5 survivors (5120K)
 Metaspace       used 48477K, capacity 48914K, committed 49308K, reserved 1093632K
  class space    used 5572K, capacity 5741K, committed 5836K, reserved 1048576K
}
Event: 7.661 GC heap before
{Heap before GC invocations=13 (full 0):
 garbage-first heap   total 100352K, used 69960K [0x00000000c1a00000, 0x0000000100000000)
  region size 1024K, 35 young (35840K), 5 survivors (5120K)
 Metaspace       used 51247K, capacity 51749K, committed 51868K, reserved 1095680K
  class space    used 5876K, capacity 6047K, committed 6092K, reserved 1048576K
}
Event: 7.699 GC heap after
{Heap after GC invocations=14 (full 0):
 garbage-first heap   total 100352K, used 42857K [0x00000000c1a00000, 0x0000000100000000)
  region size 1024K, 4 young (4096K), 4 survivors (4096K)
 Metaspace       used 51247K, capacity 51749K, committed 51868K, reserved 1095680K
  class space    used 5876K, capacity 6047K, committed 6092K, reserved 1048576K
}
Event: 8.791 GC heap before
{Heap before GC invocations=14 (full 0):
 garbage-first heap   total 100352K, used 72553K [0x00000000c1a00000, 0x0000000100000000)
  region size 1024K, 33 young (33792K), 4 survivors (4096K)
 Metaspace       used 55977K, capacity 56548K, committed 56732K, reserved 1099776K
  class space    used 6350K, capacity 6557K, committed 6604K, reserved 1048576K
}
Event: 8.829 GC heap after
{Heap after GC invocations=15 (full 0):
 garbage-first heap   total 100352K, used 46805K [0x00000000c1a00000, 0x0000000100000000)
  region size 1024K, 4 young (4096K), 4 survivors (4096K)
 Metaspace       used 55977K, capacity 56548K, committed 56732K, reserved 1099776K
  class space    used 6350K, capacity 6557K, committed 6604K, reserved 1048576K
}
Event: 9.636 GC heap before
{Heap before GC invocations=15 (full 0):
 garbage-first heap   total 100352K, used 75477K [0x00000000c1a00000, 0x0000000100000000)
  region size 1024K, 32 young (32768K), 4 survivors (4096K)
 Metaspace       used 60300K, capacity 60880K, committed 61084K, reserved 1103872K
  class space    used 6807K, capacity 7024K, committed 7116K, reserved 1048576K
}

Deoptimization events (20 events):
Event: 9.533 Thread 0x000001f07b837800 DEOPT PACKING pc=0x000001f004a200d0 sp=0x0000006b74cfd770
Event: 9.533 Thread 0x000001f07b837800 DEOPT UNPACKING pc=0x000001f0038e72ce sp=0x0000006b74cfcbf8 mode 0
Event: 9.542 Thread 0x000001f07b837800 DEOPT PACKING pc=0x000001f004a200d0 sp=0x0000006b74cfd850
Event: 9.542 Thread 0x000001f07b837800 DEOPT UNPACKING pc=0x000001f0038e72ce sp=0x0000006b74cfccd8 mode 0
Event: 9.549 Thread 0x000001f07b837800 DEOPT PACKING pc=0x000001f004a200d0 sp=0x0000006b74cfd850
Event: 9.549 Thread 0x000001f07b837800 DEOPT UNPACKING pc=0x000001f0038e72ce sp=0x0000006b74cfccd8 mode 0
Event: 9.558 Thread 0x000001f07b837800 DEOPT PACKING pc=0x000001f004a200d0 sp=0x0000006b74cfd8e0
Event: 9.558 Thread 0x000001f07b837800 DEOPT UNPACKING pc=0x000001f0038e72ce sp=0x0000006b74cfcd68 mode 0
Event: 9.564 Thread 0x000001f07b837800 DEOPT PACKING pc=0x000001f004a200d0 sp=0x0000006b74cfd800
Event: 9.564 Thread 0x000001f07b837800 DEOPT UNPACKING pc=0x000001f0038e72ce sp=0x0000006b74cfcc88 mode 0
Event: 9.570 Thread 0x000001f07b837800 DEOPT PACKING pc=0x000001f004a200d0 sp=0x0000006b74cfd8e0
Event: 9.570 Thread 0x000001f07b837800 DEOPT UNPACKING pc=0x000001f0038e72ce sp=0x0000006b74cfcd68 mode 0
Event: 9.575 Thread 0x000001f07b837800 DEOPT PACKING pc=0x000001f004a200d0 sp=0x0000006b74cfd850
Event: 9.575 Thread 0x000001f07b837800 DEOPT UNPACKING pc=0x000001f0038e72ce sp=0x0000006b74cfccd8 mode 0
Event: 9.582 Thread 0x000001f07b837800 DEOPT PACKING pc=0x000001f004a200d0 sp=0x0000006b74cfd850
Event: 9.582 Thread 0x000001f07b837800 DEOPT UNPACKING pc=0x000001f0038e72ce sp=0x0000006b74cfccd8 mode 0
Event: 9.588 Thread 0x000001f07b837800 DEOPT PACKING pc=0x000001f004a200d0 sp=0x0000006b74cfd790
Event: 9.588 Thread 0x000001f07b837800 DEOPT UNPACKING pc=0x000001f0038e72ce sp=0x0000006b74cfcc18 mode 0
Event: 9.594 Thread 0x000001f07b837800 DEOPT PACKING pc=0x000001f004a200d0 sp=0x0000006b74cfd790
Event: 9.594 Thread 0x000001f07b837800 DEOPT UNPACKING pc=0x000001f0038e72ce sp=0x0000006b74cfcc18 mode 0

Classes redefined (0 events):
No events

Internal exceptions (20 events):
Event: 2.775 Thread 0x000001f07b837800 Exception <a 'java/lang/NoSuchMethodError'{0x00000000c59c47e8}: 'void java.lang.invoke.DirectMethodHandle$Holder.invokeVirtual(java.lang.Object, java.lang.Object)'> (0x00000000c59c47e8) thrown at [./src/hotspot/share/interpreter/linkResolver.cpp, line 773]
Event: 2.789 Thread 0x000001f07b837800 Exception <a 'java/lang/NoSuchMethodError'{0x00000000c583b0d8}: 'int java.lang.invoke.DirectMethodHandle$Holder.invokeVirtual(java.lang.Object, java.lang.Object)'> (0x00000000c583b0d8) thrown at [./src/hotspot/share/interpreter/linkResolver.cpp, line 773]
Event: 3.874 Thread 0x000001f07b837800 Exception <a 'java/lang/NoSuchMethodError'{0x00000000c5c8e628}: 'java.lang.Object java.lang.invoke.DirectMethodHandle$Holder.invokeVirtual(java.lang.Object, java.lang.Object, java.lang.Object)'> (0x00000000c5c8e628) thrown at [./src/hotspot/share/interpreter/linkResolver.cpp, line 773]
Event: 5.009 Thread 0x000001f07b837800 Exception <a 'java/lang/NoSuchMethodError'{0x00000000c6537c78}: 'java.lang.Object java.lang.invoke.DirectMethodHandle$Holder.invokeStatic(java.lang.Object, java.lang.Object, java.lang.Object, int)'> (0x00000000c6537c78) thrown at [./src/hotspot/share/interpreter/linkResolver.cpp, line 773]
Event: 5.010 Thread 0x000001f07b837800 Exception <a 'java/lang/NoSuchMethodError'{0x00000000c653b8e8}: 'java.lang.Object java.lang.invoke.DirectMethodHandle$Holder.invokeSpecial(java.lang.Object, java.lang.Object, java.lang.Object, java.lang.Object, int)'> (0x00000000c653b8e8) thrown at [./src/hotspot/share/interpreter/linkResolver.cpp, line 773]
Event: 5.010 Thread 0x000001f07b837800 Exception <a 'java/lang/NoSuchMethodError'{0x00000000c653ebf8}: 'java.lang.Object java.lang.invoke.Invokers$Holder.linkToTargetMethod(java.lang.Object, java.lang.Object, int, java.lang.Object)'> (0x00000000c653ebf8) thrown at [./src/hotspot/share/interpreter/linkResolver.cpp, line 773]
Event: 5.269 Thread 0x000001f07b837800 Exception <a 'java/lang/NoSuchMethodError'{0x00000000c5d10d30}: 'java.lang.Object java.lang.invoke.Invokers$Holder.linkToTargetMethod(java.lang.Object, int, java.lang.Object)'> (0x00000000c5d10d30) thrown at [./src/hotspot/share/interpreter/linkResolver.cpp, line 773]
Event: 6.151 Thread 0x000001f07b837800 Exception <a 'java/lang/NoSuchMethodError'{0x00000000c757ea48}: 'java.lang.Object java.lang.invoke.DirectMethodHandle$Holder.invokeStaticInit(java.lang.Object, java.lang.Object, java.lang.Object)'> (0x00000000c757ea48) thrown at [./src/hotspot/share/interpreter/linkResolver.cpp, line 773]
Event: 7.454 Thread 0x000001f07b837800 Implicit null exception at 0x000001f00b3ddc5e to 0x000001f00b3de3ca
Event: 7.454 Thread 0x000001f07b837800 Implicit null exception at 0x000001f00b4631af to 0x000001f00b46321d
Event: 7.481 Thread 0x000001f07b837800 Exception <a 'java/lang/NoSuchMethodError'{0x00000000c696a240}: 'java.lang.Object java.lang.invoke.Invokers$Holder.linkToTargetMethod(java.lang.Object, java.lang.Object, java.lang.Object, java.lang.Object, java.lang.Object, java.lang.Object)'> (0x00000000c696a240) thrown at [./src/hotspot/share/interpreter/linkResolver.cpp, line 773]
Event: 7.755 Thread 0x000001f07b837800 Implicit null exception at 0x000001f00b52344c to 0x000001f00b523528
Event: 7.847 Thread 0x000001f07b837800 Exception <a 'java/lang/NoSuchMethodError'{0x00000000c76707c8}: 'java.lang.Object java.lang.invoke.Invokers$Holder.linkToTargetMethod(java.lang.Object, java.lang.Object, java.lang.Object, int, int, java.lang.Object)'> (0x00000000c76707c8) thrown at [./src/hotspot/share/interpreter/linkResolver.cpp, line 773]
Event: 7.863 Thread 0x000001f07b837800 Exception <a 'java/lang/NoSuchMethodError'{0x00000000c76a8fd8}: 'java.lang.Object java.lang.invoke.DirectMethodHandle$Holder.invokeInterface(java.lang.Object, java.lang.Object, java.lang.Object)'> (0x00000000c76a8fd8) thrown at [./src/hotspot/share/interpreter/linkResolver.cpp, line 773]
Event: 7.864 Thread 0x000001f07b837800 Exception <a 'java/lang/IncompatibleClassChangeError'{0x00000000c76ac208}: Found class java.lang.Object, but interface was expected> (0x00000000c76ac208) thrown at [./src/hotspot/share/interpreter/linkResolver.cpp, line 839]
Event: 8.132 Thread 0x000001f07b837800 Exception <a 'java/lang/NoSuchMethodError'{0x00000000c6fbc2b0}: 'int java.lang.invoke.DirectMethodHandle$Holder.invokeStaticInit(java.lang.Object, int)'> (0x00000000c6fbc2b0) thrown at [./src/hotspot/share/interpreter/linkResolver.cpp, line 773]
Event: 8.246 Thread 0x000001f07b837800 Exception <a 'java/lang/NoSuchMethodError'{0x00000000c6c46260}: 'int java.lang.invoke.DirectMethodHandle$Holder.invokeInterface(java.lang.Object, java.lang.Object)'> (0x00000000c6c46260) thrown at [./src/hotspot/share/interpreter/linkResolver.cpp, line 773]
Event: 8.263 Thread 0x000001f07b837800 Exception <a 'java/lang/NoSuchMethodError'{0x00000000c6c91450}: 'java.lang.Object java.lang.invoke.DirectMethodHandle$Holder.invokeStatic(java.lang.Object, int, java.lang.Object, java.lang.Object)'> (0x00000000c6c91450) thrown at [./src/hotspot/share/interpreter/linkResolver.cpp, line 773]
Event: 8.298 Thread 0x000001f07b837800 Exception <a 'java/lang/NoSuchMethodError'{0x00000000c6b565a8}: 'java.lang.Object java.lang.invoke.Invokers$Holder.linkToTargetMethod(java.lang.Object, java.lang.Object, java.lang.Object, java.lang.Object, java.lang.Object, java.lang.Object, java.lang.Object)'> (0x00000000c6b565a8) thrown at [./src/hotspot/share/interpreter/linkResolver.cpp, line 773]
Event: 8.561 Thread 0x000001f07b837800 Implicit null exception at 0x000001f00b3d8575 to 0x000001f00b3d873c

Events (20 events):
Event: 9.406 loading class org/jetbrains/kotlin/ir/descriptors/IrBasedDeclarationDescriptor done
Event: 9.407 Executing VM operation: Deoptimize
Event: 9.408 Executing VM operation: Deoptimize done
Event: 9.408 loading class org/jetbrains/kotlin/ir/util/OriginalDescriptorsKt
Event: 9.408 loading class org/jetbrains/kotlin/ir/util/OriginalDescriptorsKt done
Event: 9.408 loading class org/jetbrains/kotlin/ir/util/ScopedTypeParametersResolver
Event: 9.408 loading class org/jetbrains/kotlin/ir/util/ScopedTypeParametersResolver done
Event: 9.409 loading class org/jetbrains/kotlin/ir/util/TypeParametersResolver
Event: 9.409 loading class org/jetbrains/kotlin/ir/util/TypeParametersResolver done
Event: 9.413 loading class org/jetbrains/kotlin/ir/types/impl/IrTypeProjectionImpl
Event: 9.413 loading class org/jetbrains/kotlin/ir/types/impl/IrTypeProjectionImpl done
Event: 9.443 loading class org/jetbrains/kotlin/psi2ir/generators/PropertyGenerator
Event: 9.443 loading class org/jetbrains/kotlin/psi2ir/generators/PropertyGenerator done
Event: 9.548 loading class org/jetbrains/kotlin/ir/types/impl/IrStarProjectionImpl
Event: 9.548 loading class org/jetbrains/kotlin/ir/types/impl/IrStarProjectionImpl done
Event: 9.549 loading class org/jetbrains/kotlin/ir/types/IrStarProjection
Event: 9.549 loading class org/jetbrains/kotlin/ir/types/IrStarProjection done
Event: 9.630 Executing VM operation: ICBufferFull
Event: 9.630 Executing VM operation: ICBufferFull done
Event: 9.636 Executing VM operation: G1CollectForAllocation


Dynamic libraries:
0x00007ff6cf1a0000 - 0x00007ff6cf1aa000 	C:\Program Files\Android\Android Studio\jre\bin\java.exe
0x00007ff85a7d0000 - 0x00007ff85a9c5000 	C:\Windows\SYSTEM32\ntdll.dll
0x00007ff858be0000 - 0x00007ff858c9d000 	C:\Windows\System32\KERNEL32.DLL
0x00007ff857f70000 - 0x00007ff858238000 	C:\Windows\System32\KERNELBASE.dll
0x00007ff858240000 - 0x00007ff858340000 	C:\Windows\System32\ucrtbase.dll
0x00007ff84afd0000 - 0x00007ff84afe9000 	C:\Program Files\Android\Android Studio\jre\bin\jli.dll
0x00007ff84a160000 - 0x00007ff84a177000 	C:\Program Files\Android\Android Studio\jre\bin\VCRUNTIME140.dll
0x00007ff85a310000 - 0x00007ff85a4b0000 	C:\Windows\System32\USER32.dll
0x00007ff8583f0000 - 0x00007ff858412000 	C:\Windows\System32\win32u.dll
0x00007ff847ae0000 - 0x00007ff847d7a000 	C:\Windows\WinSxS\amd64_microsoft.windows.common-controls_6595b64144ccf1df_6.0.19041.844_none_ca00b6081b84eb1d\COMCTL32.dll
0x00007ff858d40000 - 0x00007ff858d6a000 	C:\Windows\System32\GDI32.dll
0x00007ff858ca0000 - 0x00007ff858d3e000 	C:\Windows\System32\msvcrt.dll
0x00007ff8584f0000 - 0x00007ff8585fb000 	C:\Windows\System32\gdi32full.dll
0x00007ff858600000 - 0x00007ff85869d000 	C:\Windows\System32\msvcp_win.dll
0x00007ff858af0000 - 0x00007ff858b20000 	C:\Windows\System32\IMM32.DLL
0x00007ff840a70000 - 0x00007ff840b0d000 	C:\Program Files\Android\Android Studio\jre\bin\msvcp140.dll
0x00007ff834110000 - 0x00007ff834bcc000 	C:\Program Files\Android\Android Studio\jre\bin\server\jvm.dll
0x00007ff858830000 - 0x00007ff8588dc000 	C:\Windows\System32\ADVAPI32.dll
0x00007ff8599e0000 - 0x00007ff859a7b000 	C:\Windows\System32\sechost.dll
0x00007ff858e30000 - 0x00007ff858f5b000 	C:\Windows\System32\RPCRT4.dll
0x00007ff858d90000 - 0x00007ff858d98000 	C:\Windows\System32\PSAPI.DLL
0x00007ff846a90000 - 0x00007ff846ab7000 	C:\Windows\SYSTEM32\WINMM.dll
0x00007ff8535a0000 - 0x00007ff8535a9000 	C:\Windows\SYSTEM32\WSOCK32.dll
0x00007ff84b650000 - 0x00007ff84b65a000 	C:\Windows\SYSTEM32\VERSION.dll
0x00007ff8596b0000 - 0x00007ff85971b000 	C:\Windows\System32\WS2_32.dll
0x00007ff855e60000 - 0x00007ff855e72000 	C:\Windows\SYSTEM32\kernel.appcore.dll
0x00007ff848ed0000 - 0x00007ff848ee1000 	C:\Program Files\Android\Android Studio\jre\bin\verify.dll
0x00007ff8446c0000 - 0x00007ff8448a4000 	C:\Windows\SYSTEM32\DBGHELP.DLL
0x00007ff8486d0000 - 0x00007ff8486fc000 	C:\Windows\SYSTEM32\dbgcore.DLL
0x00007ff858420000 - 0x00007ff8584a0000 	C:\Windows\System32\bcryptPrimitives.dll
0x00007ff848cb0000 - 0x00007ff848cd9000 	C:\Program Files\Android\Android Studio\jre\bin\java.dll
0x00007ff853590000 - 0x00007ff85359b000 	C:\Program Files\Android\Android Studio\jre\bin\jimage.dll
0x00007ff848c90000 - 0x00007ff848ca8000 	C:\Program Files\Android\Android Studio\jre\bin\zip.dll
0x00007ff858f60000 - 0x00007ff8596a2000 	C:\Windows\System32\SHELL32.dll
0x00007ff856060000 - 0x00007ff8567f0000 	C:\Windows\SYSTEM32\windows.storage.dll
0x00007ff859a80000 - 0x00007ff859dd5000 	C:\Windows\System32\combase.dll
0x00007ff857980000 - 0x00007ff8579ac000 	C:\Windows\SYSTEM32\Wldp.dll
0x00007ff85a4b0000 - 0x00007ff85a55e000 	C:\Windows\System32\SHCORE.dll
0x00007ff858a90000 - 0x00007ff858ae5000 	C:\Windows\System32\shlwapi.dll
0x00007ff857e50000 - 0x00007ff857e6f000 	C:\Windows\SYSTEM32\profapi.dll
0x00007ff848b70000 - 0x00007ff848b8a000 	C:\Program Files\Android\Android Studio\jre\bin\net.dll
0x00007ff84cf40000 - 0x00007ff84d04b000 	C:\Windows\SYSTEM32\WINHTTP.dll
0x00007ff8576f0000 - 0x00007ff85775a000 	C:\Windows\system32\mswsock.dll
0x00007ff848b50000 - 0x00007ff848b64000 	C:\Program Files\Android\Android Studio\jre\bin\nio.dll

dbghelp: loaded successfully - version: 4.0.5 - missing functions: none
symbol engine: initialized successfully - sym options: 0x614 - pdb path: .;C:\Program Files\Android\Android Studio\jre\bin;C:\Windows\SYSTEM32;C:\Windows\WinSxS\amd64_microsoft.windows.common-controls_6595b64144ccf1df_6.0.19041.844_none_ca00b6081b84eb1d;C:\Program Files\Android\Android Studio\jre\bin\server

VM Arguments:
java_command: org.jetbrains.kotlin.cli.jvm.K2JVMCompiler @C:\Users\User\AndroidStudioProjects\ThApp\app\build\20210727_3886486350288983418.compiler.options
java_class_path (initial): C:\Users\User\.gradle\caches\modules-2\files-2.1\org.jetbrains.kotlin\kotlin-compiler-embeddable\1.5.21\40ddbcae9ff100473f95370c2d589ba3fc48eed5\kotlin-compiler-embeddable-1.5.21.jar;C:\Users\User\.gradle\caches\modules-2\files-2.1\org.jetbrains.kotlin\kotlin-reflect\1.5.21\802f1f39735ae1eb2b75714a40fa19bb2e687e96\kotlin-reflect-1.5.21.jar;C:\Users\User\.gradle\caches\modules-2\files-2.1\org.jetbrains.kotlin\kotlin-stdlib\1.5.21\2f537cad7e9eeb9da73738c8812e1e4cf9b62e4e\kotlin-stdlib-1.5.21.jar;C:\Users\User\.gradle\caches\modules-2\files-2.1\org.jetbrains.kotlin\kotlin-script-runtime\1.5.21\96d49e89873fde985750af354b6eabb60cfa999b\kotlin-script-runtime-1.5.21.jar;C:\Users\User\.gradle\caches\modules-2\files-2.1\org.jetbrains.kotlin\kotlin-daemon-embeddable\1.5.21\17255809e66a940dfdf6289bccbdfb5a09f3145\kotlin-daemon-embeddable-1.5.21.jar;C:\Users\User\.gradle\caches\modules-2\files-2.1\org.jetbrains.intellij.deps\trove4j\1.0.20181211\216c2e14b070f334479d800987affe4054cd563f\trove4j-1.0.20181211.jar;C:\Users\User\.gradle\caches\modules-2\files-2.1\org.jetbrains\annotations\13.0\919f0dfe192fb4e063e7dacadee7f8bb9a2672a9\annotations-13.0.jar;C:\Users\User\.gradle\caches\modules-2\files-2.1\org.jetbrains.kotlin\kotlin-stdlib-common\1.5.21\cc8bf3586fd2ebcf234058b9440bb406e62dfacb\kotlin-stdlib-common-1.5.21.jar
Launcher Type: SUN_STANDARD

[Global flags]
     intx CICompilerCount                          = 3                                         {product} {ergonomic}
     uint ConcGCThreads                            = 1                                         {product} {ergonomic}
     uint G1ConcRefinementThreads                  = 4                                         {product} {ergonomic}
   size_t G1HeapRegionSize                         = 1048576                                   {product} {ergonomic}
    uintx GCDrainStackTargetSize                   = 64                                        {product} {ergonomic}
   size_t InitialHeapSize                          = 67108864                                  {product} {ergonomic}
   size_t MarkStackSize                            = 4194304                                   {product} {ergonomic}
   size_t MaxHeapSize                              = 1046478848                                {product} {ergonomic}
   size_t MaxNewSize                               = 627048448                                 {product} {ergonomic}
   size_t MinHeapDeltaBytes                        = 1048576                                   {product} {ergonomic}
    uintx NonNMethodCodeHeapSize                   = 5830732                                {pd product} {ergonomic}
    uintx NonProfiledCodeHeapSize                  = 122913754                              {pd product} {ergonomic}
    uintx ProfiledCodeHeapSize                     = 122913754                              {pd product} {ergonomic}
    uintx ReservedCodeCacheSize                    = 251658240                              {pd product} {ergonomic}
     bool SegmentedCodeCache                       = true                                      {product} {ergonomic}
     bool UseCompressedClassPointers               = true                                 {lp64_product} {ergonomic}
     bool UseCompressedOops                        = true                                 {lp64_product} {ergonomic}
     bool UseG1GC                                  = true                                      {product} {ergonomic}
     bool UseLargePagesIndividualAllocation        = false                                  {pd product} {ergonomic}

Logging:
Log output configuration:
 #0: stdout all=warning uptime,level,tags
 #1: stderr all=off uptime,level,tags

Environment Variables:
JAVA_HOME=C:\Program Files\Java\jdk-16.0.1
PATH=C:\Program Files\Common Files\Oracle\Java\javapath;C:\Windows\system32;C:\Windows;C:\Windows\System32\Wbem;C:\Windows\System32\WindowsPowerShell\v1.0\;C:\Windows\System32\OpenSSH\;C:\Program Files\Git\cmd;C:\Program Files\Java\jdk-16.0.1\bin;C:\Users\User\AppData\Local\Android\Sdk\platform-tools;C:\Users\User\AppData\Local\Microsoft\WindowsApps;C:\IntelliJ IDEA Community Edition 2021.1.3\bin;;C:\Users\User\AppData\Local\Android\Sdk\platform-tools;
USERNAME=User
OS=Windows_NT
PROCESSOR_IDENTIFIER=Intel64 Family 6 Model 61 Stepping 4, GenuineIntel



---------------  S Y S T E M  ---------------

OS: Windows 10 , 64 bit Build 19041 (10.0.19041.928)
OS uptime: 7 days 1:41 hours

CPU:total 4 (initial active 4) (2 cores per cpu, 2 threads per core) family 6 model 61 stepping 4, cmov, cx8, fxsr, mmx, sse, sse2, sse3, ssse3, sse4.1, sse4.2, popcnt, avx, avx2, aes, clmul, erms, 3dnowpref, lzcnt, ht, tsc, tscinvbit, bmi1, bmi2, adx, fma

Memory: 4k page, system-wide physical 3991M (332M free)
TotalPageFile size 3991M (AvailPageFile size 11M)
current process WorkingSet (physical memory assigned to process): 256M, peak: 277M
current process commit charge ("private bytes"): 307M, peak: 348M

vm_info: OpenJDK 64-Bit Server VM (11.0.8+10-b944.6842174) for windows-amd64 JRE (11.0.8+10-b944.6842174), built on Sep 19 2020 01:11:42 by "builder" with MS VC++ 14.0 (VS2015)

END.
