#
# There is insufficient memory for the Java Runtime Environment to continue.
# Native memory allocation (malloc) failed to allocate 2396176 bytes for Chunk::new
# Possible reasons:
#   The system is out of physical RAM or swap space
#   The process is running with CompressedOops enabled, and the Java Heap may be blocking the growth of the native heap
# Possible solutions:
#   Reduce memory load on the system
#   Increase physical memory or swap space
#   Check if swap backing store is full
#   Decrease Java heap size (-Xmx/-Xms)
#   Decrease number of Java threads
#   Decrease Java thread stack sizes (-Xss)
#   Set larger code cache with -XX:ReservedCodeCacheSize=
#   JVM is running with Unscaled Compressed Oops mode in which the Java heap is
#     placed in the first 4GB address space. The Java Heap base address is the
#     maximum limit for the native heap growth. Please use -XX:HeapBaseMinAddress
#     to set the Java Heap base and to place the Java Heap above 4GB virtual address.
# This output file may be truncated or incomplete.
#
#  Out of Memory Error (./src/hotspot/share/memory/arena.cpp:197), pid=6184, tid=7144
#
# JRE version: OpenJDK Runtime Environment (11.0.8+10) (build 11.0.8+10-b944.6842174)
# Java VM: OpenJDK 64-Bit Server VM (11.0.8+10-b944.6842174, mixed mode, tiered, compressed oops, g1 gc, windows-amd64)
# No core dump will be written. Minidumps are not enabled by default on client versions of Windows
#

---------------  S U M M A R Y ------------

Command Line: org.jetbrains.kotlin.cli.jvm.K2JVMCompiler @C:\Users\User\AndroidStudioProjects\ThApp\app\build\20210727_12098429656514497370.compiler.options

Host: Intel(R) Core(TM) i3-5005U CPU @ 2.00GHz, 4 cores, 3G,  Windows 10 , 64 bit Build 19041 (10.0.19041.928)
Time: Tue Jul 27 11:48:28 2021 Hora oficial do Brasil elapsed time: 6 seconds (0d 0h 0m 6s)

---------------  T H R E A D  ---------------

Current thread (0x000001ef18227800):  JavaThread "C2 CompilerThread0" daemon [_thread_in_native, id=7144, stack(0x0000001f91900000,0x0000001f91a00000)]


Current CompileTask:
C2:   6067 2812       4       java.lang.ClassLoader::loadClass (7 bytes)

Stack: [0x0000001f91900000,0x0000001f91a00000]
Native frames: (J=compiled Java code, j=interpreted, Vv=VM code, C=native code)
V  [jvm.dll+0x5de50a]
V  [jvm.dll+0x7122f5]
V  [jvm.dll+0x71384d]
V  [jvm.dll+0x713f03]
V  [jvm.dll+0x23e728]
V  [jvm.dll+0xb899c]
V  [jvm.dll+0xb8e9c]
V  [jvm.dll+0x35020b]
V  [jvm.dll+0x31dea3]
V  [jvm.dll+0x31d39a]
V  [jvm.dll+0x1f7702]
V  [jvm.dll+0x1f68d4]
V  [jvm.dll+0x17f32c]
V  [jvm.dll+0x205047]
V  [jvm.dll+0x203891]
V  [jvm.dll+0x6dad3f]
V  [jvm.dll+0x6d3895]
V  [jvm.dll+0x5dd4a6]
C  [ucrtbase.dll+0x21bb2]
C  [KERNEL32.DLL+0x17034]
C  [ntdll.dll+0x52651]


---------------  P R O C E S S  ---------------

Threads class SMR info:
_java_thread_list=0x000001ef19b3a3d0, length=10, elements={
0x000001ef7f5b8800, 0x000001ef181e2800, 0x000001ef18205800, 0x000001ef18222800,
0x000001ef18223800, 0x000001ef18227800, 0x000001ef18276800, 0x000001ef1827b800,
0x000001ef184fc800, 0x000001ef18507800
}

Java Threads: ( => current thread )
  0x000001ef7f5b8800 JavaThread "main" [_thread_in_Java, id=1172, stack(0x0000001f90e00000,0x0000001f90f00000)]
  0x000001ef181e2800 JavaThread "Reference Handler" daemon [_thread_blocked, id=4056, stack(0x0000001f91500000,0x0000001f91600000)]
  0x000001ef18205800 JavaThread "Finalizer" daemon [_thread_blocked, id=5576, stack(0x0000001f91600000,0x0000001f91700000)]
  0x000001ef18222800 JavaThread "Signal Dispatcher" daemon [_thread_blocked, id=5380, stack(0x0000001f91700000,0x0000001f91800000)]
  0x000001ef18223800 JavaThread "Attach Listener" daemon [_thread_blocked, id=5944, stack(0x0000001f91800000,0x0000001f91900000)]
=>0x000001ef18227800 JavaThread "C2 CompilerThread0" daemon [_thread_in_native, id=7144, stack(0x0000001f91900000,0x0000001f91a00000)]
  0x000001ef18276800 JavaThread "C1 CompilerThread0" daemon [_thread_in_vm, id=5340, stack(0x0000001f91a00000,0x0000001f91b00000)]
  0x000001ef1827b800 JavaThread "Sweeper thread" daemon [_thread_blocked, id=1708, stack(0x0000001f91b00000,0x0000001f91c00000)]
  0x000001ef184fc800 JavaThread "Service Thread" daemon [_thread_blocked, id=1544, stack(0x0000001f91c00000,0x0000001f91d00000)]
  0x000001ef18507800 JavaThread "Common-Cleaner" daemon [_thread_blocked, id=6076, stack(0x0000001f91e00000,0x0000001f91f00000)]

Other Threads:
  0x000001ef181df000 VMThread "VM Thread" [stack: 0x0000001f91400000,0x0000001f91500000] [id=6764]
  0x000001ef18501000 WatcherThread [stack: 0x0000001f91d00000,0x0000001f91e00000] [id=6836]
  0x000001ef7f5d1000 GCTaskThread "GC Thread#0" [stack: 0x0000001f90f00000,0x0000001f91000000] [id=1348]
  0x000001ef18a5d800 GCTaskThread "GC Thread#1" [stack: 0x0000001f92000000,0x0000001f92100000] [id=7008]
  0x000001ef7f5eb800 ConcurrentGCThread "G1 Main Marker" [stack: 0x0000001f91000000,0x0000001f91100000] [id=2792]
  0x000001ef7f5ed800 ConcurrentGCThread "G1 Conc#0" [stack: 0x0000001f91100000,0x0000001f91200000] [id=6496]
  0x000001ef7f647800 ConcurrentGCThread "G1 Refine#0" [stack: 0x0000001f91200000,0x0000001f91300000] [id=1740]
  0x000001ef7f649000 ConcurrentGCThread "G1 Young RemSet Sampling" [stack: 0x0000001f91300000,0x0000001f91400000] [id=5916]

Threads with active compile tasks:
C2 CompilerThread0   6095 2812       4       java.lang.ClassLoader::loadClass (7 bytes)
C1 CompilerThread0   6095 2938       2       org.jetbrains.kotlin.com.intellij.util.containers.CaseInsensitiveStringHashingStrategy::hashCode (9 bytes)

VM state:not at safepoint (normal execution)

VM Mutex/Monitor currently owned by a thread:  ([mutex/lock_event])
[0x000001ef7f5b4a80] MethodData_lock - owner thread: 0x000001ef18276800

Heap address: 0x00000000c1a00000, size: 998 MB, Compressed Oops mode: 32-bit
Narrow klass base: 0x0000000000000000, Narrow klass shift: 3
Compressed class space size: 1073741824 Address: 0x0000000100000000

Heap:
 garbage-first heap   total 78848K, used 46371K [0x00000000c1a00000, 0x0000000100000000)
  region size 1024K, 23 young (23552K), 3 survivors (3072K)
 Metaspace       used 44064K, capacity 44487K, committed 44672K, reserved 1089536K
  class space    used 5270K, capacity 5443K, committed 5504K, reserved 1048576K
Heap Regions: E=young(eden), S=young(survivor), O=old, HS=humongous(starts), HC=humongous(continues), CS=collection set, F=free, A=archive, TAMS=top-at-mark-start (previous, next)
|   0|0x00000000c1a00000, 0x00000000c1b00000, 0x00000000c1b00000|100%|HS|  |TAMS 0x00000000c1b00000, 0x00000000c1a00000| Complete 
|   1|0x00000000c1b00000, 0x00000000c1c00000, 0x00000000c1c00000|100%|HC|  |TAMS 0x00000000c1c00000, 0x00000000c1b00000| Complete 
|   2|0x00000000c1c00000, 0x00000000c1d00000, 0x00000000c1d00000|100%|HC|  |TAMS 0x00000000c1d00000, 0x00000000c1c00000| Complete 
|   3|0x00000000c1d00000, 0x00000000c1e00000, 0x00000000c1e00000|100%| O|  |TAMS 0x00000000c1e00000, 0x00000000c1d00000| Untracked 
|   4|0x00000000c1e00000, 0x00000000c1f00000, 0x00000000c1f00000|100%| O|  |TAMS 0x00000000c1f00000, 0x00000000c1e00000| Untracked 
|   5|0x00000000c1f00000, 0x00000000c2000000, 0x00000000c2000000|100%| O|  |TAMS 0x00000000c2000000, 0x00000000c1f00000| Untracked 
|   6|0x00000000c2000000, 0x00000000c2100000, 0x00000000c2100000|100%| O|  |TAMS 0x00000000c2100000, 0x00000000c2000000| Untracked 
|   7|0x00000000c2100000, 0x00000000c2200000, 0x00000000c2200000|100%| O|  |TAMS 0x00000000c2200000, 0x00000000c2100000| Untracked 
|   8|0x00000000c2200000, 0x00000000c2300000, 0x00000000c2300000|100%| O|  |TAMS 0x00000000c2300000, 0x00000000c2200000| Untracked 
|   9|0x00000000c2300000, 0x00000000c2400000, 0x00000000c2400000|100%|HS|  |TAMS 0x00000000c2400000, 0x00000000c2300000| Complete 
|  10|0x00000000c2400000, 0x00000000c2500000, 0x00000000c2500000|100%|HC|  |TAMS 0x00000000c2500000, 0x00000000c2400000| Complete 
|  11|0x00000000c2500000, 0x00000000c2600000, 0x00000000c2600000|100%|HC|  |TAMS 0x00000000c2600000, 0x00000000c2500000| Complete 
|  12|0x00000000c2600000, 0x00000000c2700000, 0x00000000c2700000|100%|HS|  |TAMS 0x00000000c2700000, 0x00000000c2600000| Complete 
|  13|0x00000000c2700000, 0x00000000c2800000, 0x00000000c2800000|100%|HC|  |TAMS 0x00000000c2800000, 0x00000000c2700000| Complete 
|  14|0x00000000c2800000, 0x00000000c2900000, 0x00000000c2900000|100%|HC|  |TAMS 0x00000000c2900000, 0x00000000c2800000| Complete 
|  15|0x00000000c2900000, 0x00000000c2a00000, 0x00000000c2a00000|100%|HS|  |TAMS 0x00000000c2a00000, 0x00000000c2900000| Complete 
|  16|0x00000000c2a00000, 0x00000000c2b00000, 0x00000000c2b00000|100%|HC|  |TAMS 0x00000000c2b00000, 0x00000000c2a00000| Complete 
|  17|0x00000000c2b00000, 0x00000000c2c00000, 0x00000000c2c00000|100%| O|  |TAMS 0x00000000c2c00000, 0x00000000c2b00000| Untracked 
|  18|0x00000000c2c00000, 0x00000000c2d00000, 0x00000000c2d00000|100%| O|  |TAMS 0x00000000c2d00000, 0x00000000c2c00000| Untracked 
|  19|0x00000000c2d00000, 0x00000000c2e00000, 0x00000000c2e00000|100%| O|  |TAMS 0x00000000c2e00000, 0x00000000c2d00000| Untracked 
|  20|0x00000000c2e00000, 0x00000000c2f00000, 0x00000000c2f00000|100%| O|  |TAMS 0x00000000c2f00000, 0x00000000c2e00000| Untracked 
|  21|0x00000000c2f00000, 0x00000000c3000000, 0x00000000c3000000|100%| O|  |TAMS 0x00000000c3000000, 0x00000000c2f00000| Untracked 
|  22|0x00000000c3000000, 0x00000000c3100000, 0x00000000c3100000|100%| O|  |TAMS 0x00000000c3100000, 0x00000000c3000000| Untracked 
|  23|0x00000000c3100000, 0x00000000c3200000, 0x00000000c3200000|100%| O|  |TAMS 0x00000000c3200000, 0x00000000c3100000| Untracked 
|  24|0x00000000c3200000, 0x00000000c32ab600, 0x00000000c3300000| 66%| O|  |TAMS 0x00000000c32ab600, 0x00000000c3200000| Untracked 
|  25|0x00000000c3300000, 0x00000000c3300000, 0x00000000c3400000|  0%| F|  |TAMS 0x00000000c3300000, 0x00000000c3300000| Untracked 
|  26|0x00000000c3400000, 0x00000000c3400000, 0x00000000c3500000|  0%| F|  |TAMS 0x00000000c3400000, 0x00000000c3400000| Untracked 
|  27|0x00000000c3500000, 0x00000000c3500000, 0x00000000c3600000|  0%| F|  |TAMS 0x00000000c3500000, 0x00000000c3500000| Untracked 
|  28|0x00000000c3600000, 0x00000000c3600000, 0x00000000c3700000|  0%| F|  |TAMS 0x00000000c3600000, 0x00000000c3600000| Untracked 
|  29|0x00000000c3700000, 0x00000000c3700000, 0x00000000c3800000|  0%| F|  |TAMS 0x00000000c3700000, 0x00000000c3700000| Untracked 
|  30|0x00000000c3800000, 0x00000000c3800000, 0x00000000c3900000|  0%| F|  |TAMS 0x00000000c3800000, 0x00000000c3800000| Untracked 
|  31|0x00000000c3900000, 0x00000000c3900000, 0x00000000c3a00000|  0%| F|  |TAMS 0x00000000c3900000, 0x00000000c3900000| Untracked 
|  32|0x00000000c3a00000, 0x00000000c3a00000, 0x00000000c3b00000|  0%| F|  |TAMS 0x00000000c3a00000, 0x00000000c3a00000| Untracked 
|  33|0x00000000c3b00000, 0x00000000c3b00000, 0x00000000c3c00000|  0%| F|  |TAMS 0x00000000c3b00000, 0x00000000c3b00000| Untracked 
|  34|0x00000000c3c00000, 0x00000000c3c00000, 0x00000000c3d00000|  0%| F|  |TAMS 0x00000000c3c00000, 0x00000000c3c00000| Untracked 
|  35|0x00000000c3d00000, 0x00000000c3d00000, 0x00000000c3e00000|  0%| F|  |TAMS 0x00000000c3d00000, 0x00000000c3d00000| Untracked 
|  36|0x00000000c3e00000, 0x00000000c3e00000, 0x00000000c3f00000|  0%| F|  |TAMS 0x00000000c3e00000, 0x00000000c3e00000| Untracked 
|  37|0x00000000c3f00000, 0x00000000c3f00000, 0x00000000c4000000|  0%| F|  |TAMS 0x00000000c3f00000, 0x00000000c3f00000| Untracked 
|  38|0x00000000c4000000, 0x00000000c4000000, 0x00000000c4100000|  0%| F|  |TAMS 0x00000000c4000000, 0x00000000c4000000| Untracked 
|  39|0x00000000c4100000, 0x00000000c4100000, 0x00000000c4200000|  0%| F|  |TAMS 0x00000000c4100000, 0x00000000c4100000| Untracked 
|  40|0x00000000c4200000, 0x00000000c4200000, 0x00000000c4300000|  0%| F|  |TAMS 0x00000000c4200000, 0x00000000c4200000| Untracked 
|  41|0x00000000c4300000, 0x00000000c4300000, 0x00000000c4400000|  0%| F|  |TAMS 0x00000000c4300000, 0x00000000c4300000| Untracked 
|  42|0x00000000c4400000, 0x00000000c4400000, 0x00000000c4500000|  0%| F|  |TAMS 0x00000000c4400000, 0x00000000c4400000| Untracked 
|  43|0x00000000c4500000, 0x00000000c4500000, 0x00000000c4600000|  0%| F|  |TAMS 0x00000000c4500000, 0x00000000c4500000| Untracked 
|  44|0x00000000c4600000, 0x00000000c4600000, 0x00000000c4700000|  0%| F|  |TAMS 0x00000000c4600000, 0x00000000c4600000| Untracked 
|  45|0x00000000c4700000, 0x00000000c4700000, 0x00000000c4800000|  0%| F|  |TAMS 0x00000000c4700000, 0x00000000c4700000| Untracked 
|  46|0x00000000c4800000, 0x00000000c4800000, 0x00000000c4900000|  0%| F|  |TAMS 0x00000000c4800000, 0x00000000c4800000| Untracked 
|  47|0x00000000c4900000, 0x00000000c4900000, 0x00000000c4a00000|  0%| F|  |TAMS 0x00000000c4900000, 0x00000000c4900000| Untracked 
|  48|0x00000000c4a00000, 0x00000000c4a00000, 0x00000000c4b00000|  0%| F|  |TAMS 0x00000000c4a00000, 0x00000000c4a00000| Untracked 
|  49|0x00000000c4b00000, 0x00000000c4b00000, 0x00000000c4c00000|  0%| F|  |TAMS 0x00000000c4b00000, 0x00000000c4b00000| Untracked 
|  50|0x00000000c4c00000, 0x00000000c4c00000, 0x00000000c4d00000|  0%| F|  |TAMS 0x00000000c4c00000, 0x00000000c4c00000| Untracked 
|  51|0x00000000c4d00000, 0x00000000c4d9d908, 0x00000000c4e00000| 61%| S|CS|TAMS 0x00000000c4d00000, 0x00000000c4d00000| Complete 
|  52|0x00000000c4e00000, 0x00000000c4f00000, 0x00000000c4f00000|100%| S|CS|TAMS 0x00000000c4e00000, 0x00000000c4e00000| Complete 
|  53|0x00000000c4f00000, 0x00000000c5000000, 0x00000000c5000000|100%| S|CS|TAMS 0x00000000c4f00000, 0x00000000c4f00000| Complete 
|  54|0x00000000c5000000, 0x00000000c5000000, 0x00000000c5100000|  0%| F|  |TAMS 0x00000000c5000000, 0x00000000c5000000| Untracked 
|  55|0x00000000c5100000, 0x00000000c5100000, 0x00000000c5200000|  0%| F|  |TAMS 0x00000000c5100000, 0x00000000c5100000| Untracked 
|  56|0x00000000c5200000, 0x00000000c5200000, 0x00000000c5300000|  0%| F|  |TAMS 0x00000000c5200000, 0x00000000c5200000| Untracked 
|  57|0x00000000c5300000, 0x00000000c536c258, 0x00000000c5400000| 42%| E|  |TAMS 0x00000000c5300000, 0x00000000c5300000| Complete 
|  58|0x00000000c5400000, 0x00000000c5500000, 0x00000000c5500000|100%| E|CS|TAMS 0x00000000c5400000, 0x00000000c5400000| Complete 
|  59|0x00000000c5500000, 0x00000000c5600000, 0x00000000c5600000|100%| E|CS|TAMS 0x00000000c5500000, 0x00000000c5500000| Complete 
|  60|0x00000000c5600000, 0x00000000c5700000, 0x00000000c5700000|100%| E|CS|TAMS 0x00000000c5600000, 0x00000000c5600000| Complete 
|  61|0x00000000c5700000, 0x00000000c5800000, 0x00000000c5800000|100%| E|CS|TAMS 0x00000000c5700000, 0x00000000c5700000| Complete 
|  62|0x00000000c5800000, 0x00000000c5900000, 0x00000000c5900000|100%| E|CS|TAMS 0x00000000c5800000, 0x00000000c5800000| Complete 
|  63|0x00000000c5900000, 0x00000000c5a00000, 0x00000000c5a00000|100%| E|CS|TAMS 0x00000000c5900000, 0x00000000c5900000| Complete 
|  64|0x00000000c5a00000, 0x00000000c5b00000, 0x00000000c5b00000|100%| E|CS|TAMS 0x00000000c5a00000, 0x00000000c5a00000| Complete 
|  65|0x00000000c5b00000, 0x00000000c5c00000, 0x00000000c5c00000|100%| E|CS|TAMS 0x00000000c5b00000, 0x00000000c5b00000| Complete 
|  66|0x00000000c5c00000, 0x00000000c5d00000, 0x00000000c5d00000|100%| E|CS|TAMS 0x00000000c5c00000, 0x00000000c5c00000| Complete 
|  67|0x00000000c5d00000, 0x00000000c5e00000, 0x00000000c5e00000|100%| E|CS|TAMS 0x00000000c5d00000, 0x00000000c5d00000| Complete 
|  68|0x00000000c5e00000, 0x00000000c5f00000, 0x00000000c5f00000|100%| E|CS|TAMS 0x00000000c5e00000, 0x00000000c5e00000| Complete 
|  69|0x00000000c5f00000, 0x00000000c6000000, 0x00000000c6000000|100%| E|  |TAMS 0x00000000c5f00000, 0x00000000c5f00000| Complete 
|  70|0x00000000c6000000, 0x00000000c6100000, 0x00000000c6100000|100%| E|CS|TAMS 0x00000000c6000000, 0x00000000c6000000| Complete 
|  71|0x00000000c6100000, 0x00000000c6200000, 0x00000000c6200000|100%| E|CS|TAMS 0x00000000c6100000, 0x00000000c6100000| Complete 
|  72|0x00000000c6200000, 0x00000000c6300000, 0x00000000c6300000|100%| E|CS|TAMS 0x00000000c6200000, 0x00000000c6200000| Complete 
|  73|0x00000000c6300000, 0x00000000c6400000, 0x00000000c6400000|100%| E|CS|TAMS 0x00000000c6300000, 0x00000000c6300000| Complete 
|  74|0x00000000c6400000, 0x00000000c6500000, 0x00000000c6500000|100%| E|CS|TAMS 0x00000000c6400000, 0x00000000c6400000| Complete 
|  75|0x00000000c6500000, 0x00000000c6600000, 0x00000000c6600000|100%| E|CS|TAMS 0x00000000c6500000, 0x00000000c6500000| Complete 
|  76|0x00000000c6600000, 0x00000000c6700000, 0x00000000c6700000|100%| E|CS|TAMS 0x00000000c6600000, 0x00000000c6600000| Complete 

Card table byte_map: [0x000001ef130f0000,0x000001ef132f0000] _byte_map_base: 0x000001ef12ae3000

Marking Bits (Prev, Next): (CMBitMap*) 0x000001ef7f5e6a50, (CMBitMap*) 0x000001ef7f5e6a18
 Prev Bits: [0x000001ef14490000, 0x000001ef15428000)
 Next Bits: [0x000001ef134f0000, 0x000001ef14488000)

Polling page: 0x000001ef00000000

Metaspace:

Usage:
  Non-class:     38.19 MB capacity,    37.90 MB (>99%) used,   232.98 KB ( <1%) free+waste,    62.69 KB ( <1%) overhead. 
      Class:      5.32 MB capacity,     5.15 MB ( 97%) used,   146.05 KB (  3%) free+waste,    26.81 KB ( <1%) overhead. 
       Both:     43.51 MB capacity,    43.05 MB ( 99%) used,   379.03 KB ( <1%) free+waste,    89.50 KB ( <1%) overhead. 

Virtual space:
  Non-class space:       40.00 MB reserved,      38.25 MB ( 96%) committed 
      Class space:        1.00 GB reserved,       5.38 MB ( <1%) committed 
             Both:        1.04 GB reserved,      43.63 MB (  4%) committed 

Chunk freelists:
   Non-Class:  60.00 KB
       Class:  29.00 KB
        Both:  89.00 KB

MaxMetaspaceSize: 17179869184.00 GB
CompressedClassSpaceSize: 1.00 GB

CodeHeap 'non-profiled nmethods': size=120064Kb used=1011Kb max_used=1011Kb free=119052Kb
 bounds [0x000001ef0b380000, 0x000001ef0b5f0000, 0x000001ef128c0000]
CodeHeap 'profiled nmethods': size=120000Kb used=5800Kb max_used=5800Kb free=114199Kb
 bounds [0x000001ef03e50000, 0x000001ef04400000, 0x000001ef0b380000]
CodeHeap 'non-nmethods': size=5696Kb used=1179Kb max_used=1221Kb free=4516Kb
 bounds [0x000001ef038c0000, 0x000001ef03b30000, 0x000001ef03e50000]
 total_blobs=3448 nmethods=2918 adapters=441
 compilation: enabled
              stopped_count=0, restarted_count=0
 full_count=0

Compilation events (20 events):
Event: 6.042 Thread 0x000001ef18276800 nmethod 2906 0x000001ef043e3f10 code [0x000001ef043e4220, 0x000001ef043e5568]
Event: 6.042 Thread 0x000001ef18276800 2898       3       kotlin.ranges.IntProgression::iterator (8 bytes)
Event: 6.042 Thread 0x000001ef18276800 nmethod 2898 0x000001ef043e5c10 code [0x000001ef043e5de0, 0x000001ef043e6068]
Event: 6.042 Thread 0x000001ef18276800 2899       3       kotlin.ranges.IntProgression::iterator (23 bytes)
Event: 6.042 Thread 0x000001ef18276800 nmethod 2899 0x000001ef043e6190 code [0x000001ef043e6340, 0x000001ef043e64e8]
Event: 6.042 Thread 0x000001ef18276800 2900       3       kotlin.ranges.IntProgressionIterator::<init> (68 bytes)
Event: 6.042 Thread 0x000001ef18276800 nmethod 2900 0x000001ef043e6590 code [0x000001ef043e6760, 0x000001ef043e6a78]
Event: 6.042 Thread 0x000001ef18276800 2901       3       kotlin.collections.IntIterator::<init> (5 bytes)
Event: 6.042 Thread 0x000001ef18276800 nmethod 2901 0x000001ef043e6b90 code [0x000001ef043e6d40, 0x000001ef043e6e98]
Event: 6.042 Thread 0x000001ef18276800 2903       3       kotlin.ranges.IntProgression::<init> (63 bytes)
Event: 6.043 Thread 0x000001ef18276800 nmethod 2903 0x000001ef043e6f90 code [0x000001ef043e7180, 0x000001ef043e7528]
Event: 6.053 Thread 0x000001ef18276800 2908       2       org.jetbrains.kotlin.name.FqNameUnsafe::parent (56 bytes)
Event: 6.053 Thread 0x000001ef18276800 nmethod 2908 0x000001ef043e7690 code [0x000001ef043e7880, 0x000001ef043e7b38]
Event: 6.053 Thread 0x000001ef18276800 2909       2       org.jetbrains.kotlin.load.java.structure.impl.classFiles.BinaryClassSignatureParser::mapAsmType (33 bytes)
Event: 6.054 Thread 0x000001ef18276800 nmethod 2909 0x000001ef043e7d10 code [0x000001ef043e7f80, 0x000001ef043e84a8]
Event: 6.055 Thread 0x000001ef18276800 2913       2       org.jetbrains.org.objectweb.asm.Type::getArgumentTypes (154 bytes)
Event: 6.058 Thread 0x000001ef18276800 nmethod 2913 0x000001ef043e8890 code [0x000001ef043e8b80, 0x000001ef043e99a8]
Event: 6.058 Thread 0x000001ef18276800 2917       2       gnu.trove.THashIterator::nextIndex (62 bytes)
Event: 6.058 Thread 0x000001ef18276800 nmethod 2917 0x000001ef043ea390 code [0x000001ef043ea580, 0x000001ef043ea8b8]
Event: 6.058 Thread 0x000001ef18276800 2915       2       org.jetbrains.org.objectweb.asm.ClassReader::readMethod (1061 bytes)

GC Heap History (16 events):
Event: 0.752 GC heap before
{Heap before GC invocations=0 (full 0):
 garbage-first heap   total 65536K, used 17408K [0x00000000c1a00000, 0x0000000100000000)
  region size 1024K, 14 young (14336K), 0 survivors (0K)
 Metaspace       used 9781K, capacity 9935K, committed 10112K, reserved 1058816K
  class space    used 831K, capacity 884K, committed 896K, reserved 1048576K
}
Event: 0.756 GC heap after
{Heap after GC invocations=1 (full 0):
 garbage-first heap   total 65536K, used 5124K [0x00000000c1a00000, 0x0000000100000000)
  region size 1024K, 2 young (2048K), 2 survivors (2048K)
 Metaspace       used 9781K, capacity 9935K, committed 10112K, reserved 1058816K
  class space    used 831K, capacity 884K, committed 896K, reserved 1048576K
}
Event: 2.207 GC heap before
{Heap before GC invocations=1 (full 0):
 garbage-first heap   total 65536K, used 41988K [0x00000000c1a00000, 0x0000000100000000)
  region size 1024K, 38 young (38912K), 2 survivors (2048K)
 Metaspace       used 18507K, capacity 18691K, committed 18944K, reserved 1067008K
  class space    used 1909K, capacity 1968K, committed 2048K, reserved 1048576K
}
Event: 2.221 GC heap after
{Heap after GC invocations=2 (full 0):
 garbage-first heap   total 65536K, used 8990K [0x00000000c1a00000, 0x0000000100000000)
  region size 1024K, 5 young (5120K), 5 survivors (5120K)
 Metaspace       used 18507K, capacity 18691K, committed 18944K, reserved 1067008K
  class space    used 1909K, capacity 1968K, committed 2048K, reserved 1048576K
}
Event: 2.712 GC heap before
{Heap before GC invocations=2 (full 0):
 garbage-first heap   total 65536K, used 17182K [0x00000000c1a00000, 0x0000000100000000)
  region size 1024K, 14 young (14336K), 5 survivors (5120K)
 Metaspace       used 20896K, capacity 21101K, committed 21248K, reserved 1069056K
  class space    used 2219K, capacity 2286K, committed 2304K, reserved 1048576K
}
Event: 2.725 GC heap after
{Heap after GC invocations=3 (full 0):
 garbage-first heap   total 65536K, used 9716K [0x00000000c1a00000, 0x0000000100000000)
  region size 1024K, 1 young (1024K), 1 survivors (1024K)
 Metaspace       used 20896K, capacity 21101K, committed 21248K, reserved 1069056K
  class space    used 2219K, capacity 2286K, committed 2304K, reserved 1048576K
}
Event: 3.577 GC heap before
{Heap before GC invocations=4 (full 0):
 garbage-first heap   total 65536K, used 37364K [0x00000000c1a00000, 0x0000000100000000)
  region size 1024K, 23 young (23552K), 1 survivors (1024K)
 Metaspace       used 26579K, capacity 26960K, committed 27136K, reserved 1073152K
  class space    used 2845K, capacity 2973K, committed 3072K, reserved 1048576K
}
Event: 3.583 GC heap after
{Heap after GC invocations=5 (full 0):
 garbage-first heap   total 65536K, used 17216K [0x00000000c1a00000, 0x0000000100000000)
  region size 1024K, 2 young (2048K), 2 survivors (2048K)
 Metaspace       used 26579K, capacity 26960K, committed 27136K, reserved 1073152K
  class space    used 2845K, capacity 2973K, committed 3072K, reserved 1048576K
}
Event: 4.248 GC heap before
{Heap before GC invocations=5 (full 0):
 garbage-first heap   total 65536K, used 41792K [0x00000000c1a00000, 0x0000000100000000)
  region size 1024K, 24 young (24576K), 2 survivors (2048K)
 Metaspace       used 30456K, capacity 30888K, committed 30976K, reserved 1077248K
  class space    used 3614K, capacity 3792K, committed 3840K, reserved 1048576K
}
Event: 4.268 GC heap after
{Heap after GC invocations=6 (full 0):
 garbage-first heap   total 65536K, used 23160K [0x00000000c1a00000, 0x0000000100000000)
  region size 1024K, 3 young (3072K), 3 survivors (3072K)
 Metaspace       used 30456K, capacity 30888K, committed 30976K, reserved 1077248K
  class space    used 3614K, capacity 3792K, committed 3840K, reserved 1048576K
}
Event: 4.774 GC heap before
{Heap before GC invocations=6 (full 0):
 garbage-first heap   total 65536K, used 43640K [0x00000000c1a00000, 0x0000000100000000)
  region size 1024K, 23 young (23552K), 3 survivors (3072K)
 Metaspace       used 34737K, capacity 35142K, committed 35328K, reserved 1081344K
  class space    used 4088K, capacity 4250K, committed 4352K, reserved 1048576K
}
Event: 4.785 GC heap after
{Heap after GC invocations=7 (full 0):
 garbage-first heap   total 78848K, used 25400K [0x00000000c1a00000, 0x0000000100000000)
  region size 1024K, 2 young (2048K), 2 survivors (2048K)
 Metaspace       used 34737K, capacity 35142K, committed 35328K, reserved 1081344K
  class space    used 4088K, capacity 4250K, committed 4352K, reserved 1048576K
}
Event: 4.837 GC heap before
{Heap before GC invocations=7 (full 0):
 garbage-first heap   total 78848K, used 27448K [0x00000000c1a00000, 0x0000000100000000)
  region size 1024K, 5 young (5120K), 2 survivors (2048K)
 Metaspace       used 35119K, capacity 35533K, committed 35584K, reserved 1081344K
  class space    used 4140K, capacity 4315K, committed 4352K, reserved 1048576K
}
Event: 4.846 GC heap after
{Heap after GC invocations=8 (full 0):
 garbage-first heap   total 78848K, used 25608K [0x00000000c1a00000, 0x0000000100000000)
  region size 1024K, 3 young (3072K), 3 survivors (3072K)
 Metaspace       used 35119K, capacity 35533K, committed 35584K, reserved 1081344K
  class space    used 4140K, capacity 4315K, committed 4352K, reserved 1048576K
}
Event: 5.343 GC heap before
{Heap before GC invocations=9 (full 0):
 garbage-first heap   total 78848K, used 46088K [0x00000000c1a00000, 0x0000000100000000)
  region size 1024K, 23 young (23552K), 3 survivors (3072K)
 Metaspace       used 38954K, capacity 39417K, committed 39680K, reserved 1083392K
  class space    used 4639K, capacity 4798K, committed 4864K, reserved 1048576K
}
Event: 5.360 GC heap after
{Heap after GC invocations=10 (full 0):
 garbage-first heap   total 78848K, used 27939K [0x00000000c1a00000, 0x0000000100000000)
  region size 1024K, 3 young (3072K), 3 survivors (3072K)
 Metaspace       used 38954K, capacity 39417K, committed 39680K, reserved 1083392K
  class space    used 4639K, capacity 4798K, committed 4864K, reserved 1048576K
}

Deoptimization events (20 events):
Event: 5.799 Thread 0x000001ef7f5b8800 DEOPT PACKING pc=0x000001ef0b44d5d8 sp=0x0000001f90efb850
Event: 5.799 Thread 0x000001ef7f5b8800 DEOPT UNPACKING pc=0x000001ef038e74af sp=0x0000001f90efb7f8 mode 2
Event: 5.799 Thread 0x000001ef7f5b8800 Uncommon trap: trap_request=0xffffffc6 fr.pc=0x000001ef0b44d5d8 relative=0x0000000000000178
Event: 5.799 Thread 0x000001ef7f5b8800 Uncommon trap: reason=bimorphic_or_optimized_type_check action=maybe_recompile pc=0x000001ef0b44d5d8 method=java.util.AbstractList$Itr.next()Ljava/lang/Object; @ 14 c2
Event: 5.799 Thread 0x000001ef7f5b8800 DEOPT PACKING pc=0x000001ef0b44d5d8 sp=0x0000001f90efb850
Event: 5.799 Thread 0x000001ef7f5b8800 DEOPT UNPACKING pc=0x000001ef038e74af sp=0x0000001f90efb7f8 mode 2
Event: 5.851 Thread 0x000001ef7f5b8800 DEOPT PACKING pc=0x000001ef04381b30 sp=0x0000001f90efa810
Event: 5.851 Thread 0x000001ef7f5b8800 DEOPT UNPACKING pc=0x000001ef038e72ce sp=0x0000001f90ef9d28 mode 0
Event: 5.925 Thread 0x000001ef7f5b8800 Uncommon trap: trap_request=0xffffffc6 fr.pc=0x000001ef0b4460d4 relative=0x0000000000000094
Event: 5.925 Thread 0x000001ef7f5b8800 Uncommon trap: reason=bimorphic_or_optimized_type_check action=maybe_recompile pc=0x000001ef0b4460d4 method=java.util.AbstractList$Itr.hasNext()Z @ 8 c2
Event: 5.925 Thread 0x000001ef7f5b8800 DEOPT PACKING pc=0x000001ef0b4460d4 sp=0x0000001f90efc590
Event: 5.925 Thread 0x000001ef7f5b8800 DEOPT UNPACKING pc=0x000001ef038e74af sp=0x0000001f90efc528 mode 2
Event: 5.925 Thread 0x000001ef7f5b8800 Uncommon trap: trap_request=0xffffffc6 fr.pc=0x000001ef0b4460d4 relative=0x0000000000000094
Event: 5.925 Thread 0x000001ef7f5b8800 Uncommon trap: reason=bimorphic_or_optimized_type_check action=maybe_recompile pc=0x000001ef0b4460d4 method=java.util.AbstractList$Itr.hasNext()Z @ 8 c2
Event: 5.925 Thread 0x000001ef7f5b8800 DEOPT PACKING pc=0x000001ef0b4460d4 sp=0x0000001f90efc590
Event: 5.925 Thread 0x000001ef7f5b8800 DEOPT UNPACKING pc=0x000001ef038e74af sp=0x0000001f90efc528 mode 2
Event: 5.932 Thread 0x000001ef7f5b8800 DEOPT PACKING pc=0x000001ef04381b30 sp=0x0000001f90efbc10
Event: 5.932 Thread 0x000001ef7f5b8800 DEOPT UNPACKING pc=0x000001ef038e72ce sp=0x0000001f90efb128 mode 0
Event: 6.005 Thread 0x000001ef7f5b8800 DEOPT PACKING pc=0x000001ef04230869 sp=0x0000001f90efb2a0
Event: 6.005 Thread 0x000001ef7f5b8800 DEOPT UNPACKING pc=0x000001ef038e72ce sp=0x0000001f90efa858 mode 0

Classes redefined (0 events):
No events

Internal exceptions (20 events):
Event: 2.426 Thread 0x000001ef7f5b8800 Exception <a 'java/lang/NoSuchMethodError'{0x00000000c5567460}: 'long java.lang.invoke.DirectMethodHandle$Holder.invokeStaticInit(java.lang.Object)'> (0x00000000c5567460) thrown at [./src/hotspot/share/interpreter/linkResolver.cpp, line 773]
Event: 2.611 Thread 0x000001ef7f5b8800 Exception <a 'java/lang/NoSuchMethodError'{0x00000000c52d4068}: 'int java.lang.invoke.DirectMethodHandle$Holder.invokeStaticInit(java.lang.Object, java.lang.Object, java.lang.Object)'> (0x00000000c52d4068) thrown at [./src/hotspot/share/interpreter/linkResolver.cpp, line 773]
Event: 2.616 Thread 0x000001ef7f5b8800 Exception <a 'java/lang/NoSuchMethodError'{0x00000000c52ff830}: 'int java.lang.invoke.DirectMethodHandle$Holder.invokeStaticInit(java.lang.Object, java.lang.Object)'> (0x00000000c52ff830) thrown at [./src/hotspot/share/interpreter/linkResolver.cpp, line 773]
Event: 3.079 Thread 0x000001ef7f5b8800 Exception <a 'java/lang/NoSuchMethodError'{0x00000000c51e17c8}: 'java.lang.Object java.lang.invoke.DirectMethodHandle$Holder.invokeStatic(java.lang.Object, java.lang.Object, java.lang.Object, java.lang.Object, java.lang.Object, java.lang.Object, java.lang.Object, java.lang.Object, java.lang.Object, java.lang.Object, java.lang.Object, java.lang.Object, java.lang.Object, java.lang.Object, java.lang.Object)'> (0x00000000c51e17c8) thrown at [./src/hotspot/share/interpreter/linkResolver.cpp, line 773]
Event: 3.083 Thread 0x000001ef7f5b8800 Exception <a 'java/lang/NoSuchMethodError'{0x00000000c51efba0}: 'java.lang.Object java.lang.invoke.DirectMethodHandle$Holder.invokeStatic(java.lang.Object, java.lang.Object, java.lang.Object, java.lang.Object, java.lang.Object, java.lang.Object, java.lang.Object, java.lang.Object, java.lang.Object, java.lang.Object, java.lang.Object, java.lang.Object, java.lang.Object, java.lang.Object, java.lang.Object, java.lang.Object)'> (0x00000000c51efba0) thrown at [./src/hotspot/share/interpreter/linkResolver.cpp, l
Event: 3.085 Thread 0x000001ef7f5b8800 Exception <a 'java/lang/NoSuchMethodError'{0x00000000c51fdd18}: 'java.lang.Object java.lang.invoke.DirectMethodHandle$Holder.invokeSpecial(java.lang.Object, java.lang.Object, int, int, java.lang.Object, java.lang.Object, java.lang.Object)'> (0x00000000c51fdd18) thrown at [./src/hotspot/share/interpreter/linkResolver.cpp, line 773]
Event: 3.086 Thread 0x000001ef7f5b8800 Exception <a 'java/lang/NoSuchMethodError'{0x00000000c4f01a00}: 'java.lang.Object java.lang.invoke.DelegatingMethodHandle$Holder.reinvoke_L(java.lang.Object, int, int, java.lang.Object, java.lang.Object, java.lang.Object)'> (0x00000000c4f01a00) thrown at [./src/hotspot/share/interpreter/linkResolver.cpp, line 773]
Event: 3.087 Thread 0x000001ef7f5b8800 Exception <a 'java/lang/NoSuchMethodError'{0x00000000c4f05d88}: 'java.lang.Object java.lang.invoke.DirectMethodHandle$Holder.invokeStatic(java.lang.Object, java.lang.Object, java.lang.Object, java.lang.Object, int)'> (0x00000000c4f05d88) thrown at [./src/hotspot/share/interpreter/linkResolver.cpp, line 773]
Event: 3.153 Thread 0x000001ef7f5b8800 Implicit null exception at 0x000001ef0b4053ac to 0x000001ef0b40555a
Event: 3.203 Thread 0x000001ef7f5b8800 Exception <a 'java/lang/NoSuchMethodError'{0x00000000c4a83e28}: 'void java.lang.invoke.DirectMethodHandle$Holder.invokeStatic(java.lang.Object, java.lang.Object, java.lang.Object, java.lang.Object)'> (0x00000000c4a83e28) thrown at [./src/hotspot/share/interpreter/linkResolver.cpp, line 773]
Event: 3.303 Thread 0x000001ef7f5b8800 Exception <a 'java/lang/NoSuchMethodError'{0x00000000c49d3398}: 'void java.lang.invoke.DirectMethodHandle$Holder.invokeSpecial(java.lang.Object, java.lang.Object)'> (0x00000000c49d3398) thrown at [./src/hotspot/share/interpreter/linkResolver.cpp, line 773]
Event: 3.392 Thread 0x000001ef7f5b8800 Exception <a 'java/lang/NoSuchMethodError'{0x00000000c4676e18}: 'void java.lang.invoke.DirectMethodHandle$Holder.invokeStaticInit(java.lang.Object, java.lang.Object)'> (0x00000000c4676e18) thrown at [./src/hotspot/share/interpreter/linkResolver.cpp, line 773]
Event: 3.406 Thread 0x000001ef7f5b8800 Exception <a 'java/lang/NoSuchMethodError'{0x00000000c46b5498}: 'void java.lang.invoke.DirectMethodHandle$Holder.invokeInterface(java.lang.Object, java.lang.Object)'> (0x00000000c46b5498) thrown at [./src/hotspot/share/interpreter/linkResolver.cpp, line 773]
Event: 3.628 Thread 0x000001ef7f5b8800 Exception <a 'java/lang/NoSuchMethodError'{0x00000000c59cf868}: 'void java.lang.invoke.DirectMethodHandle$Holder.invokeVirtual(java.lang.Object, java.lang.Object)'> (0x00000000c59cf868) thrown at [./src/hotspot/share/interpreter/linkResolver.cpp, line 773]
Event: 3.672 Thread 0x000001ef7f5b8800 Exception <a 'java/lang/NoSuchMethodError'{0x00000000c5847bd0}: 'int java.lang.invoke.DirectMethodHandle$Holder.invokeVirtual(java.lang.Object, java.lang.Object)'> (0x00000000c5847bd0) thrown at [./src/hotspot/share/interpreter/linkResolver.cpp, line 773]
Event: 4.569 Thread 0x000001ef7f5b8800 Exception <a 'java/lang/NoSuchMethodError'{0x00000000c4f68670}: 'java.lang.Object java.lang.invoke.DirectMethodHandle$Holder.invokeVirtual(java.lang.Object, java.lang.Object, java.lang.Object)'> (0x00000000c4f68670) thrown at [./src/hotspot/share/interpreter/linkResolver.cpp, line 773]
Event: 5.734 Thread 0x000001ef7f5b8800 Exception <a 'java/lang/NoSuchMethodError'{0x00000000c5d66060}: 'java.lang.Object java.lang.invoke.DirectMethodHandle$Holder.invokeStatic(java.lang.Object, java.lang.Object, java.lang.Object, int)'> (0x00000000c5d66060) thrown at [./src/hotspot/share/interpreter/linkResolver.cpp, line 773]
Event: 5.735 Thread 0x000001ef7f5b8800 Exception <a 'java/lang/NoSuchMethodError'{0x00000000c5d69cd0}: 'java.lang.Object java.lang.invoke.DirectMethodHandle$Holder.invokeSpecial(java.lang.Object, java.lang.Object, java.lang.Object, java.lang.Object, int)'> (0x00000000c5d69cd0) thrown at [./src/hotspot/share/interpreter/linkResolver.cpp, line 773]
Event: 5.735 Thread 0x000001ef7f5b8800 Exception <a 'java/lang/NoSuchMethodError'{0x00000000c5d6cfe0}: 'java.lang.Object java.lang.invoke.Invokers$Holder.linkToTargetMethod(java.lang.Object, java.lang.Object, int, java.lang.Object)'> (0x00000000c5d6cfe0) thrown at [./src/hotspot/share/interpreter/linkResolver.cpp, line 773]
Event: 5.964 Thread 0x000001ef7f5b8800 Exception <a 'java/lang/NoSuchMethodError'{0x00000000c553e7d0}: 'java.lang.Object java.lang.invoke.Invokers$Holder.linkToTargetMethod(java.lang.Object, int, java.lang.Object)'> (0x00000000c553e7d0) thrown at [./src/hotspot/share/interpreter/linkResolver.cpp, line 773]

Events (20 events):
Event: 5.989 loading class org/jetbrains/kotlin/load/java/typeEnhancement/TypeComponentPositionKt
Event: 5.989 loading class org/jetbrains/kotlin/load/java/typeEnhancement/TypeComponentPositionKt done
Event: 5.989 loading class org/jetbrains/kotlin/load/java/typeEnhancement/JavaTypeEnhancement$SimpleResult
Event: 5.989 loading class org/jetbrains/kotlin/load/java/typeEnhancement/JavaTypeEnhancement$SimpleResult done
Event: 5.990 loading class org/jetbrains/kotlin/load/java/typeEnhancement/JavaTypeEnhancement$Result
Event: 5.990 loading class org/jetbrains/kotlin/load/java/typeEnhancement/JavaTypeEnhancement$Result done
Event: 5.990 loading class org/jetbrains/kotlin/load/java/typeEnhancement/SignatureEnhancement$PartEnhancementResult
Event: 5.990 loading class org/jetbrains/kotlin/load/java/typeEnhancement/SignatureEnhancement$PartEnhancementResult done
Event: 5.990 loading class org/jetbrains/kotlin/descriptors/NotFoundClasses$MockClassDescriptor
Event: 5.990 loading class org/jetbrains/kotlin/descriptors/NotFoundClasses$MockClassDescriptor done
Event: 5.995 loading class org/jetbrains/kotlin/load/java/structure/impl/classFiles/BinaryClassSignatureParser$JavaSignatureVariance
Event: 5.995 loading class org/jetbrains/kotlin/load/java/structure/impl/classFiles/BinaryClassSignatureParser$JavaSignatureVariance done
Event: 5.996 loading class org/jetbrains/kotlin/load/java/structure/impl/classFiles/PlainJavaWildcardType
Event: 5.996 loading class org/jetbrains/kotlin/load/java/structure/impl/classFiles/PlainJavaWildcardType done
Event: 5.997 loading class org/jetbrains/kotlin/load/java/structure/JavaWildcardType
Event: 5.997 loading class org/jetbrains/kotlin/load/java/structure/JavaWildcardType done
Event: 6.000 loading class gnu/trove/THashMap$KeyView
Event: 6.000 loading class gnu/trove/THashMap$KeyView done
Event: 6.059 loading class javaslang/control/Option$None
Event: 6.059 loading class javaslang/control/Option$None done


Dynamic libraries:
0x00007ff6cf1a0000 - 0x00007ff6cf1aa000 	C:\Program Files\Android\Android Studio\jre\bin\java.exe
0x00007ff85a7d0000 - 0x00007ff85a9c5000 	C:\Windows\SYSTEM32\ntdll.dll
0x00007ff858be0000 - 0x00007ff858c9d000 	C:\Windows\System32\KERNEL32.DLL
0x00007ff857f70000 - 0x00007ff858238000 	C:\Windows\System32\KERNELBASE.dll
0x00007ff858240000 - 0x00007ff858340000 	C:\Windows\System32\ucrtbase.dll
0x00007ff848c20000 - 0x00007ff848c39000 	C:\Program Files\Android\Android Studio\jre\bin\jli.dll
0x00007ff848c40000 - 0x00007ff848c57000 	C:\Program Files\Android\Android Studio\jre\bin\VCRUNTIME140.dll
0x00007ff85a310000 - 0x00007ff85a4b0000 	C:\Windows\System32\USER32.dll
0x00007ff8583f0000 - 0x00007ff858412000 	C:\Windows\System32\win32u.dll
0x00007ff847ae0000 - 0x00007ff847d7a000 	C:\Windows\WinSxS\amd64_microsoft.windows.common-controls_6595b64144ccf1df_6.0.19041.844_none_ca00b6081b84eb1d\COMCTL32.dll
0x00007ff858d40000 - 0x00007ff858d6a000 	C:\Windows\System32\GDI32.dll
0x00007ff8584f0000 - 0x00007ff8585fb000 	C:\Windows\System32\gdi32full.dll
0x00007ff858ca0000 - 0x00007ff858d3e000 	C:\Windows\System32\msvcrt.dll
0x00007ff858600000 - 0x00007ff85869d000 	C:\Windows\System32\msvcp_win.dll
0x00007ff858af0000 - 0x00007ff858b20000 	C:\Windows\System32\IMM32.DLL
0x00007ff840a70000 - 0x00007ff840b0d000 	C:\Program Files\Android\Android Studio\jre\bin\msvcp140.dll
0x00007ff834110000 - 0x00007ff834bcc000 	C:\Program Files\Android\Android Studio\jre\bin\server\jvm.dll
0x00007ff858830000 - 0x00007ff8588dc000 	C:\Windows\System32\ADVAPI32.dll
0x00007ff8599e0000 - 0x00007ff859a7b000 	C:\Windows\System32\sechost.dll
0x00007ff858e30000 - 0x00007ff858f5b000 	C:\Windows\System32\RPCRT4.dll
0x00007ff858d90000 - 0x00007ff858d98000 	C:\Windows\System32\PSAPI.DLL
0x00007ff8535a0000 - 0x00007ff8535a9000 	C:\Windows\SYSTEM32\WSOCK32.dll
0x00007ff846a90000 - 0x00007ff846ab7000 	C:\Windows\SYSTEM32\WINMM.dll
0x00007ff84b650000 - 0x00007ff84b65a000 	C:\Windows\SYSTEM32\VERSION.dll
0x00007ff8596b0000 - 0x00007ff85971b000 	C:\Windows\System32\WS2_32.dll
0x00007ff855e60000 - 0x00007ff855e72000 	C:\Windows\SYSTEM32\kernel.appcore.dll
0x00007ff848ed0000 - 0x00007ff848ee1000 	C:\Program Files\Android\Android Studio\jre\bin\verify.dll
0x00007ff8446c0000 - 0x00007ff8448a4000 	C:\Windows\SYSTEM32\DBGHELP.DLL
0x00007ff8486d0000 - 0x00007ff8486fc000 	C:\Windows\SYSTEM32\dbgcore.DLL
0x00007ff858420000 - 0x00007ff8584a0000 	C:\Windows\System32\bcryptPrimitives.dll
0x00007ff848cb0000 - 0x00007ff848cd9000 	C:\Program Files\Android\Android Studio\jre\bin\java.dll
0x00007ff853590000 - 0x00007ff85359b000 	C:\Program Files\Android\Android Studio\jre\bin\jimage.dll
0x00007ff848c90000 - 0x00007ff848ca8000 	C:\Program Files\Android\Android Studio\jre\bin\zip.dll
0x00007ff858f60000 - 0x00007ff8596a2000 	C:\Windows\System32\SHELL32.dll
0x00007ff856060000 - 0x00007ff8567f0000 	C:\Windows\SYSTEM32\windows.storage.dll
0x00007ff859a80000 - 0x00007ff859dd5000 	C:\Windows\System32\combase.dll
0x00007ff857980000 - 0x00007ff8579ac000 	C:\Windows\SYSTEM32\Wldp.dll
0x00007ff85a4b0000 - 0x00007ff85a55e000 	C:\Windows\System32\SHCORE.dll
0x00007ff858a90000 - 0x00007ff858ae5000 	C:\Windows\System32\shlwapi.dll
0x00007ff857e50000 - 0x00007ff857e6f000 	C:\Windows\SYSTEM32\profapi.dll
0x00007ff848b70000 - 0x00007ff848b8a000 	C:\Program Files\Android\Android Studio\jre\bin\net.dll
0x00007ff84cf40000 - 0x00007ff84d04b000 	C:\Windows\SYSTEM32\WINHTTP.dll
0x00007ff8576f0000 - 0x00007ff85775a000 	C:\Windows\system32\mswsock.dll
0x00007ff848b50000 - 0x00007ff848b64000 	C:\Program Files\Android\Android Studio\jre\bin\nio.dll

dbghelp: loaded successfully - version: 4.0.5 - missing functions: none
symbol engine: initialized successfully - sym options: 0x614 - pdb path: .;C:\Program Files\Android\Android Studio\jre\bin;C:\Windows\SYSTEM32;C:\Windows\WinSxS\amd64_microsoft.windows.common-controls_6595b64144ccf1df_6.0.19041.844_none_ca00b6081b84eb1d;C:\Program Files\Android\Android Studio\jre\bin\server

VM Arguments:
java_command: org.jetbrains.kotlin.cli.jvm.K2JVMCompiler @C:\Users\User\AndroidStudioProjects\ThApp\app\build\20210727_12098429656514497370.compiler.options
java_class_path (initial): C:\Users\User\.gradle\caches\modules-2\files-2.1\org.jetbrains.kotlin\kotlin-compiler-embeddable\1.5.21\40ddbcae9ff100473f95370c2d589ba3fc48eed5\kotlin-compiler-embeddable-1.5.21.jar;C:\Users\User\.gradle\caches\modules-2\files-2.1\org.jetbrains.kotlin\kotlin-reflect\1.5.21\802f1f39735ae1eb2b75714a40fa19bb2e687e96\kotlin-reflect-1.5.21.jar;C:\Users\User\.gradle\caches\modules-2\files-2.1\org.jetbrains.kotlin\kotlin-stdlib\1.5.21\2f537cad7e9eeb9da73738c8812e1e4cf9b62e4e\kotlin-stdlib-1.5.21.jar;C:\Users\User\.gradle\caches\modules-2\files-2.1\org.jetbrains.kotlin\kotlin-script-runtime\1.5.21\96d49e89873fde985750af354b6eabb60cfa999b\kotlin-script-runtime-1.5.21.jar;C:\Users\User\.gradle\caches\modules-2\files-2.1\org.jetbrains.kotlin\kotlin-daemon-embeddable\1.5.21\17255809e66a940dfdf6289bccbdfb5a09f3145\kotlin-daemon-embeddable-1.5.21.jar;C:\Users\User\.gradle\caches\modules-2\files-2.1\org.jetbrains.intellij.deps\trove4j\1.0.20181211\216c2e14b070f334479d800987affe4054cd563f\trove4j-1.0.20181211.jar;C:\Users\User\.gradle\caches\modules-2\files-2.1\org.jetbrains\annotations\13.0\919f0dfe192fb4e063e7dacadee7f8bb9a2672a9\annotations-13.0.jar;C:\Users\User\.gradle\caches\modules-2\files-2.1\org.jetbrains.kotlin\kotlin-stdlib-common\1.5.21\cc8bf3586fd2ebcf234058b9440bb406e62dfacb\kotlin-stdlib-common-1.5.21.jar
Launcher Type: SUN_STANDARD

[Global flags]
     intx CICompilerCount                          = 3                                         {product} {ergonomic}
     uint ConcGCThreads                            = 1                                         {product} {ergonomic}
     uint G1ConcRefinementThreads                  = 4                                         {product} {ergonomic}
   size_t G1HeapRegionSize                         = 1048576                                   {product} {ergonomic}
    uintx GCDrainStackTargetSize                   = 64                                        {product} {ergonomic}
   size_t InitialHeapSize                          = 67108864                                  {product} {ergonomic}
   size_t MarkStackSize                            = 4194304                                   {product} {ergonomic}
   size_t MaxHeapSize                              = 1046478848                                {product} {ergonomic}
   size_t MaxNewSize                               = 627048448                                 {product} {ergonomic}
   size_t MinHeapDeltaBytes                        = 1048576                                   {product} {ergonomic}
    uintx NonNMethodCodeHeapSize                   = 5830732                                {pd product} {ergonomic}
    uintx NonProfiledCodeHeapSize                  = 122913754                              {pd product} {ergonomic}
    uintx ProfiledCodeHeapSize                     = 122913754                              {pd product} {ergonomic}
    uintx ReservedCodeCacheSize                    = 251658240                              {pd product} {ergonomic}
     bool SegmentedCodeCache                       = true                                      {product} {ergonomic}
     bool UseCompressedClassPointers               = true                                 {lp64_product} {ergonomic}
     bool UseCompressedOops                        = true                                 {lp64_product} {ergonomic}
     bool UseG1GC                                  = true                                      {product} {ergonomic}
     bool UseLargePagesIndividualAllocation        = false                                  {pd product} {ergonomic}

Logging:
Log output configuration:
 #0: stdout all=warning uptime,level,tags
 #1: stderr all=off uptime,level,tags

Environment Variables:
JAVA_HOME=C:\Program Files\Java\jdk-16.0.1
PATH=C:\Program Files\Common Files\Oracle\Java\javapath;C:\Windows\system32;C:\Windows;C:\Windows\System32\Wbem;C:\Windows\System32\WindowsPowerShell\v1.0\;C:\Windows\System32\OpenSSH\;C:\Program Files\Git\cmd;C:\Program Files\Java\jdk-16.0.1\bin;C:\Users\User\AppData\Local\Android\Sdk\platform-tools;C:\Users\User\AppData\Local\Microsoft\WindowsApps;C:\IntelliJ IDEA Community Edition 2021.1.3\bin;;C:\Users\User\AppData\Local\Android\Sdk\platform-tools;
USERNAME=User
OS=Windows_NT
PROCESSOR_IDENTIFIER=Intel64 Family 6 Model 61 Stepping 4, GenuineIntel



---------------  S Y S T E M  ---------------

OS: Windows 10 , 64 bit Build 19041 (10.0.19041.928)
OS uptime: 6 days 21:52 hours

CPU:total 4 (initial active 4) (2 cores per cpu, 2 threads per core) family 6 model 61 stepping 4, cmov, cx8, fxsr, mmx, sse, sse2, sse3, ssse3, sse4.1, sse4.2, popcnt, avx, avx2, aes, clmul, erms, 3dnowpref, lzcnt, ht, tsc, tscinvbit, bmi1, bmi2, adx, fma

Memory: 4k page, system-wide physical 3991M (344M free)
TotalPageFile size 3991M (AvailPageFile size 7M)
current process WorkingSet (physical memory assigned to process): 196M, peak: 199M
current process commit charge ("private bytes"): 227M, peak: 232M

vm_info: OpenJDK 64-Bit Server VM (11.0.8+10-b944.6842174) for windows-amd64 JRE (11.0.8+10-b944.6842174), built on Sep 19 2020 01:11:42 by "builder" with MS VC++ 14.0 (VS2015)

END.
