#
# There is insufficient memory for the Java Runtime Environment to continue.
# Native memory allocation (malloc) failed to allocate 1019776 bytes for Chunk::new
# Possible reasons:
#   The system is out of physical RAM or swap space
#   The process is running with CompressedOops enabled, and the Java Heap may be blocking the growth of the native heap
# Possible solutions:
#   Reduce memory load on the system
#   Increase physical memory or swap space
#   Check if swap backing store is full
#   Decrease Java heap size (-Xmx/-Xms)
#   Decrease number of Java threads
#   Decrease Java thread stack sizes (-Xss)
#   Set larger code cache with -XX:ReservedCodeCacheSize=
#   JVM is running with Unscaled Compressed Oops mode in which the Java heap is
#     placed in the first 4GB address space. The Java Heap base address is the
#     maximum limit for the native heap growth. Please use -XX:HeapBaseMinAddress
#     to set the Java Heap base and to place the Java Heap above 4GB virtual address.
# This output file may be truncated or incomplete.
#
#  Out of Memory Error (./src/hotspot/share/memory/arena.cpp:197), pid=6032, tid=4556
#
# JRE version: OpenJDK Runtime Environment (11.0.8+10) (build 11.0.8+10-b944.6842174)
# Java VM: OpenJDK 64-Bit Server VM (11.0.8+10-b944.6842174, mixed mode, tiered, compressed oops, g1 gc, windows-amd64)
# No core dump will be written. Minidumps are not enabled by default on client versions of Windows
#

---------------  S U M M A R Y ------------

Command Line: org.jetbrains.kotlin.cli.jvm.K2JVMCompiler @C:\Users\User\AndroidStudioProjects\ThApp\app\build\20210727_14894685311375806762.compiler.options

Host: Intel(R) Core(TM) i3-5005U CPU @ 2.00GHz, 4 cores, 3G,  Windows 10 , 64 bit Build 19041 (10.0.19041.928)
Time: Tue Jul 27 14:36:27 2021 Hora oficial do Brasil elapsed time: 3 seconds (0d 0h 0m 3s)

---------------  T H R E A D  ---------------

Current thread (0x000001eb77b95800):  JavaThread "C2 CompilerThread0" daemon [_thread_in_native, id=4556, stack(0x0000009918400000,0x0000009918500000)]


Current CompileTask:
C2:   3130 1960   !   4       jdk.internal.loader.BuiltinClassLoader::loadClassOrNull (143 bytes)

Stack: [0x0000009918400000,0x0000009918500000]
Native frames: (J=compiled Java code, j=interpreted, Vv=VM code, C=native code)
V  [jvm.dll+0x5de50a]
V  [jvm.dll+0x7122f5]
V  [jvm.dll+0x71384d]
V  [jvm.dll+0x713f03]
V  [jvm.dll+0x23e728]
V  [jvm.dll+0xb899c]
V  [jvm.dll+0xb8e9c]
V  [jvm.dll+0x2b20e4]
V  [jvm.dll+0x502098]
V  [jvm.dll+0x1ff393]
V  [jvm.dll+0x1f917c]
V  [jvm.dll+0x1f685f]
V  [jvm.dll+0x17f32c]
V  [jvm.dll+0x205047]
V  [jvm.dll+0x203891]
V  [jvm.dll+0x6dad3f]
V  [jvm.dll+0x6d3895]
V  [jvm.dll+0x5dd4a6]
C  [ucrtbase.dll+0x21bb2]
C  [KERNEL32.DLL+0x17034]
C  [ntdll.dll+0x52651]


---------------  P R O C E S S  ---------------

Threads class SMR info:
_java_thread_list=0x000001eb77e46a50, length=10, elements={
0x000001eb6e8e9000, 0x000001eb77b74000, 0x000001eb77b79800, 0x000001eb77b92000,
0x000001eb77b93000, 0x000001eb77b95800, 0x000001eb77b9a000, 0x000001eb77be2000,
0x000001eb77e45000, 0x000001eb77e53800
}

Java Threads: ( => current thread )
  0x000001eb6e8e9000 JavaThread "main" [_thread_in_native, id=5848, stack(0x0000009917900000,0x0000009917a00000)]
  0x000001eb77b74000 JavaThread "Reference Handler" daemon [_thread_blocked, id=6204, stack(0x0000009918000000,0x0000009918100000)]
  0x000001eb77b79800 JavaThread "Finalizer" daemon [_thread_blocked, id=5192, stack(0x0000009918100000,0x0000009918200000)]
  0x000001eb77b92000 JavaThread "Signal Dispatcher" daemon [_thread_blocked, id=1292, stack(0x0000009918200000,0x0000009918300000)]
  0x000001eb77b93000 JavaThread "Attach Listener" daemon [_thread_blocked, id=5540, stack(0x0000009918300000,0x0000009918400000)]
=>0x000001eb77b95800 JavaThread "C2 CompilerThread0" daemon [_thread_in_native, id=4556, stack(0x0000009918400000,0x0000009918500000)]
  0x000001eb77b9a000 JavaThread "C1 CompilerThread0" daemon [_thread_blocked, id=7152, stack(0x0000009918500000,0x0000009918600000)]
  0x000001eb77be2000 JavaThread "Sweeper thread" daemon [_thread_blocked, id=6768, stack(0x0000009918600000,0x0000009918700000)]
  0x000001eb77e45000 JavaThread "Service Thread" daemon [_thread_blocked, id=6984, stack(0x0000009918700000,0x0000009918800000)]
  0x000001eb77e53800 JavaThread "Common-Cleaner" daemon [_thread_blocked, id=1656, stack(0x0000009918900000,0x0000009918a00000)]

Other Threads:
  0x000001eb77b4f000 VMThread "VM Thread" [stack: 0x0000009917f00000,0x0000009918000000] [id=4696]
  0x000001eb77e45800 WatcherThread [stack: 0x0000009918800000,0x0000009918900000] [id=5896]
  0x000001eb6e902000 GCTaskThread "GC Thread#0" [stack: 0x0000009917a00000,0x0000009917b00000] [id=4208]
  0x000001eb78388000 GCTaskThread "GC Thread#1" [stack: 0x0000009918a00000,0x0000009918b00000] [id=7104]
  0x000001eb6e91e800 ConcurrentGCThread "G1 Main Marker" [stack: 0x0000009917b00000,0x0000009917c00000] [id=5512]
  0x000001eb6e921000 ConcurrentGCThread "G1 Conc#0" [stack: 0x0000009917c00000,0x0000009917d00000] [id=5892]
  0x000001eb6e977800 ConcurrentGCThread "G1 Refine#0" [stack: 0x0000009917d00000,0x0000009917e00000] [id=4944]
  0x000001eb6e978800 ConcurrentGCThread "G1 Young RemSet Sampling" [stack: 0x0000009917e00000,0x0000009917f00000] [id=4976]

Threads with active compile tasks:
C2 CompilerThread0   3167 1960   !   4       jdk.internal.loader.BuiltinClassLoader::loadClassOrNull (143 bytes)

VM state:not at safepoint (normal execution)

VM Mutex/Monitor currently owned by a thread: None

Heap address: 0x00000000c1a00000, size: 998 MB, Compressed Oops mode: 32-bit
Narrow klass base: 0x0000000000000000, Narrow klass shift: 3
Compressed class space size: 1073741824 Address: 0x0000000100000000

Heap:
 garbage-first heap   total 65536K, used 17145K [0x00000000c1a00000, 0x0000000100000000)
  region size 1024K, 4 young (4096K), 3 survivors (3072K)
 Metaspace       used 26625K, capacity 27056K, committed 27132K, reserved 1073152K
  class space    used 2851K, capacity 3005K, committed 3072K, reserved 1048576K
Heap Regions: E=young(eden), S=young(survivor), O=old, HS=humongous(starts), HC=humongous(continues), CS=collection set, F=free, A=archive, TAMS=top-at-mark-start (previous, next)
|   0|0x00000000c1a00000, 0x00000000c1b00000, 0x00000000c1b00000|100%|HS|  |TAMS 0x00000000c1b00000, 0x00000000c1a00000| Complete 
|   1|0x00000000c1b00000, 0x00000000c1c00000, 0x00000000c1c00000|100%|HC|  |TAMS 0x00000000c1c00000, 0x00000000c1b00000| Complete 
|   2|0x00000000c1c00000, 0x00000000c1d00000, 0x00000000c1d00000|100%|HC|  |TAMS 0x00000000c1d00000, 0x00000000c1c00000| Complete 
|   3|0x00000000c1d00000, 0x00000000c1e00000, 0x00000000c1e00000|100%| O|  |TAMS 0x00000000c1e00000, 0x00000000c1d00000| Untracked 
|   4|0x00000000c1e00000, 0x00000000c1f00000, 0x00000000c1f00000|100%| O|  |TAMS 0x00000000c1f00000, 0x00000000c1e00000| Untracked 
|   5|0x00000000c1f00000, 0x00000000c2000000, 0x00000000c2000000|100%| O|  |TAMS 0x00000000c2000000, 0x00000000c1f00000| Untracked 
|   6|0x00000000c2000000, 0x00000000c2100000, 0x00000000c2100000|100%| O|  |TAMS 0x00000000c2100000, 0x00000000c2000000| Untracked 
|   7|0x00000000c2100000, 0x00000000c2200000, 0x00000000c2200000|100%| O|  |TAMS 0x00000000c2200000, 0x00000000c2100000| Untracked 
|   8|0x00000000c2200000, 0x00000000c22b9600, 0x00000000c2300000| 72%| O|  |TAMS 0x00000000c22b9600, 0x00000000c2200000| Untracked 
|   9|0x00000000c2300000, 0x00000000c2400000, 0x00000000c2400000|100%|HS|  |TAMS 0x00000000c2300000, 0x00000000c2300000| Complete 
|  10|0x00000000c2400000, 0x00000000c2500000, 0x00000000c2500000|100%|HC|  |TAMS 0x00000000c2400000, 0x00000000c2400000| Complete 
|  11|0x00000000c2500000, 0x00000000c2600000, 0x00000000c2600000|100%|HC|  |TAMS 0x00000000c2500000, 0x00000000c2500000| Complete 
|  12|0x00000000c2600000, 0x00000000c2700000, 0x00000000c2700000|100%|HS|  |TAMS 0x00000000c2600000, 0x00000000c2600000| Complete 
|  13|0x00000000c2700000, 0x00000000c2800000, 0x00000000c2800000|100%|HC|  |TAMS 0x00000000c2700000, 0x00000000c2700000| Complete 
|  14|0x00000000c2800000, 0x00000000c2900000, 0x00000000c2900000|100%|HC|  |TAMS 0x00000000c2800000, 0x00000000c2800000| Complete 
|  15|0x00000000c2900000, 0x00000000c2900000, 0x00000000c2a00000|  0%| F|  |TAMS 0x00000000c2900000, 0x00000000c2900000| Untracked 
|  16|0x00000000c2a00000, 0x00000000c2a00000, 0x00000000c2b00000|  0%| F|  |TAMS 0x00000000c2a00000, 0x00000000c2a00000| Untracked 
|  17|0x00000000c2b00000, 0x00000000c2b00000, 0x00000000c2c00000|  0%| F|  |TAMS 0x00000000c2b00000, 0x00000000c2b00000| Untracked 
|  18|0x00000000c2c00000, 0x00000000c2c00000, 0x00000000c2d00000|  0%| F|  |TAMS 0x00000000c2c00000, 0x00000000c2c00000| Untracked 
|  19|0x00000000c2d00000, 0x00000000c2d00000, 0x00000000c2e00000|  0%| F|  |TAMS 0x00000000c2d00000, 0x00000000c2d00000| Untracked 
|  20|0x00000000c2e00000, 0x00000000c2e00000, 0x00000000c2f00000|  0%| F|  |TAMS 0x00000000c2e00000, 0x00000000c2e00000| Untracked 
|  21|0x00000000c2f00000, 0x00000000c2f00000, 0x00000000c3000000|  0%| F|  |TAMS 0x00000000c2f00000, 0x00000000c2f00000| Untracked 
|  22|0x00000000c3000000, 0x00000000c3000000, 0x00000000c3100000|  0%| F|  |TAMS 0x00000000c3000000, 0x00000000c3000000| Untracked 
|  23|0x00000000c3100000, 0x00000000c3100000, 0x00000000c3200000|  0%| F|  |TAMS 0x00000000c3100000, 0x00000000c3100000| Untracked 
|  24|0x00000000c3200000, 0x00000000c3200000, 0x00000000c3300000|  0%| F|  |TAMS 0x00000000c3200000, 0x00000000c3200000| Untracked 
|  25|0x00000000c3300000, 0x00000000c3300000, 0x00000000c3400000|  0%| F|  |TAMS 0x00000000c3300000, 0x00000000c3300000| Untracked 
|  26|0x00000000c3400000, 0x00000000c3400000, 0x00000000c3500000|  0%| F|  |TAMS 0x00000000c3400000, 0x00000000c3400000| Untracked 
|  27|0x00000000c3500000, 0x00000000c3500000, 0x00000000c3600000|  0%| F|  |TAMS 0x00000000c3500000, 0x00000000c3500000| Untracked 
|  28|0x00000000c3600000, 0x00000000c3600000, 0x00000000c3700000|  0%| F|  |TAMS 0x00000000c3600000, 0x00000000c3600000| Untracked 
|  29|0x00000000c3700000, 0x00000000c3700000, 0x00000000c3800000|  0%| F|  |TAMS 0x00000000c3700000, 0x00000000c3700000| Untracked 
|  30|0x00000000c3800000, 0x00000000c3800000, 0x00000000c3900000|  0%| F|  |TAMS 0x00000000c3800000, 0x00000000c3800000| Untracked 
|  31|0x00000000c3900000, 0x00000000c3900000, 0x00000000c3a00000|  0%| F|  |TAMS 0x00000000c3900000, 0x00000000c3900000| Untracked 
|  32|0x00000000c3a00000, 0x00000000c3a00000, 0x00000000c3b00000|  0%| F|  |TAMS 0x00000000c3a00000, 0x00000000c3a00000| Untracked 
|  33|0x00000000c3b00000, 0x00000000c3b00000, 0x00000000c3c00000|  0%| F|  |TAMS 0x00000000c3b00000, 0x00000000c3b00000| Untracked 
|  34|0x00000000c3c00000, 0x00000000c3c00000, 0x00000000c3d00000|  0%| F|  |TAMS 0x00000000c3c00000, 0x00000000c3c00000| Untracked 
|  35|0x00000000c3d00000, 0x00000000c3d00000, 0x00000000c3e00000|  0%| F|  |TAMS 0x00000000c3d00000, 0x00000000c3d00000| Untracked 
|  36|0x00000000c3e00000, 0x00000000c3e00000, 0x00000000c3f00000|  0%| F|  |TAMS 0x00000000c3e00000, 0x00000000c3e00000| Untracked 
|  37|0x00000000c3f00000, 0x00000000c3f00000, 0x00000000c4000000|  0%| F|  |TAMS 0x00000000c3f00000, 0x00000000c3f00000| Untracked 
|  38|0x00000000c4000000, 0x00000000c4005010, 0x00000000c4100000|  1%| S|CS|TAMS 0x00000000c4000000, 0x00000000c4000000| Complete 
|  39|0x00000000c4100000, 0x00000000c4200000, 0x00000000c4200000|100%| S|CS|TAMS 0x00000000c4100000, 0x00000000c4100000| Complete 
|  40|0x00000000c4200000, 0x00000000c4300000, 0x00000000c4300000|100%| S|CS|TAMS 0x00000000c4200000, 0x00000000c4200000| Complete 
|  41|0x00000000c4300000, 0x00000000c4300000, 0x00000000c4400000|  0%| F|  |TAMS 0x00000000c4300000, 0x00000000c4300000| Untracked 
|  42|0x00000000c4400000, 0x00000000c4400000, 0x00000000c4500000|  0%| F|  |TAMS 0x00000000c4400000, 0x00000000c4400000| Untracked 
|  43|0x00000000c4500000, 0x00000000c4500000, 0x00000000c4600000|  0%| F|  |TAMS 0x00000000c4500000, 0x00000000c4500000| Untracked 
|  44|0x00000000c4600000, 0x00000000c4600000, 0x00000000c4700000|  0%| F|  |TAMS 0x00000000c4600000, 0x00000000c4600000| Untracked 
|  45|0x00000000c4700000, 0x00000000c4700000, 0x00000000c4800000|  0%| F|  |TAMS 0x00000000c4700000, 0x00000000c4700000| Untracked 
|  46|0x00000000c4800000, 0x00000000c4800000, 0x00000000c4900000|  0%| F|  |TAMS 0x00000000c4800000, 0x00000000c4800000| Untracked 
|  47|0x00000000c4900000, 0x00000000c4900000, 0x00000000c4a00000|  0%| F|  |TAMS 0x00000000c4900000, 0x00000000c4900000| Untracked 
|  48|0x00000000c4a00000, 0x00000000c4a00000, 0x00000000c4b00000|  0%| F|  |TAMS 0x00000000c4a00000, 0x00000000c4a00000| Untracked 
|  49|0x00000000c4b00000, 0x00000000c4b00000, 0x00000000c4c00000|  0%| F|  |TAMS 0x00000000c4b00000, 0x00000000c4b00000| Untracked 
|  50|0x00000000c4c00000, 0x00000000c4c00000, 0x00000000c4d00000|  0%| F|  |TAMS 0x00000000c4c00000, 0x00000000c4c00000| Untracked 
|  51|0x00000000c4d00000, 0x00000000c4d00000, 0x00000000c4e00000|  0%| F|  |TAMS 0x00000000c4d00000, 0x00000000c4d00000| Untracked 
|  52|0x00000000c4e00000, 0x00000000c4e00000, 0x00000000c4f00000|  0%| F|  |TAMS 0x00000000c4e00000, 0x00000000c4e00000| Untracked 
|  53|0x00000000c4f00000, 0x00000000c4f00000, 0x00000000c5000000|  0%| F|  |TAMS 0x00000000c4f00000, 0x00000000c4f00000| Untracked 
|  54|0x00000000c5000000, 0x00000000c5000000, 0x00000000c5100000|  0%| F|  |TAMS 0x00000000c5000000, 0x00000000c5000000| Untracked 
|  55|0x00000000c5100000, 0x00000000c5100000, 0x00000000c5200000|  0%| F|  |TAMS 0x00000000c5100000, 0x00000000c5100000| Untracked 
|  56|0x00000000c5200000, 0x00000000c5200000, 0x00000000c5300000|  0%| F|  |TAMS 0x00000000c5200000, 0x00000000c5200000| Untracked 
|  57|0x00000000c5300000, 0x00000000c5300000, 0x00000000c5400000|  0%| F|  |TAMS 0x00000000c5300000, 0x00000000c5300000| Untracked 
|  58|0x00000000c5400000, 0x00000000c5400000, 0x00000000c5500000|  0%| F|  |TAMS 0x00000000c5400000, 0x00000000c5400000| Untracked 
|  59|0x00000000c5500000, 0x00000000c5500000, 0x00000000c5600000|  0%| F|  |TAMS 0x00000000c5500000, 0x00000000c5500000| Untracked 
|  60|0x00000000c5600000, 0x00000000c5600000, 0x00000000c5700000|  0%| F|  |TAMS 0x00000000c5600000, 0x00000000c5600000| Untracked 
|  61|0x00000000c5700000, 0x00000000c5700000, 0x00000000c5800000|  0%| F|  |TAMS 0x00000000c5700000, 0x00000000c5700000| Untracked 
|  62|0x00000000c5800000, 0x00000000c5800000, 0x00000000c5900000|  0%| F|  |TAMS 0x00000000c5800000, 0x00000000c5800000| Untracked 
|  63|0x00000000c5900000, 0x00000000c5971380, 0x00000000c5a00000| 44%| E|  |TAMS 0x00000000c5900000, 0x00000000c5900000| Complete 

Card table byte_map: [0x000001eb72a90000,0x000001eb72c90000] _byte_map_base: 0x000001eb72483000

Marking Bits (Prev, Next): (CMBitMap*) 0x000001eb6e919ff0, (CMBitMap*) 0x000001eb6e919fb8
 Prev Bits: [0x000001eb73e30000, 0x000001eb74dc8000)
 Next Bits: [0x000001eb72e90000, 0x000001eb73e28000)

Polling page: 0x000001eb6ce50000

Metaspace:

Usage:
  Non-class:     23.49 MB capacity,    23.22 MB ( 99%) used,   237.20 KB ( <1%) free+waste,    39.75 KB ( <1%) overhead. 
      Class:      2.93 MB capacity,     2.78 MB ( 95%) used,   135.82 KB (  5%) free+waste,    17.81 KB ( <1%) overhead. 
       Both:     26.42 MB capacity,    26.00 MB ( 98%) used,   373.02 KB (  1%) free+waste,    57.56 KB ( <1%) overhead. 

Virtual space:
  Non-class space:       24.00 MB reserved,      23.50 MB ( 98%) committed 
      Class space:        1.00 GB reserved,       3.00 MB ( <1%) committed 
             Both:        1.02 GB reserved,      26.50 MB (  3%) committed 

Chunk freelists:
   Non-Class:  9.00 KB
       Class:  3.00 KB
        Both:  12.00 KB

MaxMetaspaceSize: 17179869184.00 GB
CompressedClassSpaceSize: 1.00 GB

CodeHeap 'non-profiled nmethods': size=120064Kb used=618Kb max_used=618Kb free=119445Kb
 bounds [0x000001eb07ac0000, 0x000001eb07d30000, 0x000001eb0f000000]
CodeHeap 'profiled nmethods': size=120000Kb used=3629Kb max_used=3629Kb free=116370Kb
 bounds [0x000001eb00590000, 0x000001eb00920000, 0x000001eb07ac0000]
CodeHeap 'non-nmethods': size=5696Kb used=1152Kb max_used=1164Kb free=4543Kb
 bounds [0x000001eb00000000, 0x000001eb00270000, 0x000001eb00590000]
 total_blobs=2464 nmethods=1968 adapters=407
 compilation: enabled
              stopped_count=0, restarted_count=0
 full_count=0

Compilation events (20 events):
Event: 2.980 Thread 0x000001eb77b9a000 1957       3       jdk.internal.misc.Unsafe::getAndAddInt (27 bytes)
Event: 2.980 Thread 0x000001eb77b9a000 nmethod 1957 0x000001eb0090c690 code [0x000001eb0090c840, 0x000001eb0090ca78]
Event: 2.980 Thread 0x000001eb77b9a000 1959       3       jdk.internal.misc.Unsafe::weakCompareAndSetInt (11 bytes)
Event: 2.980 Thread 0x000001eb77b9a000 nmethod 1959 0x000001eb0090cb90 code [0x000001eb0090cd40, 0x000001eb0090ce58]
Event: 2.989 Thread 0x000001eb77b95800 nmethod 1954 0x000001eb07b59510 code [0x000001eb07b59760, 0x000001eb07b59e20]
Event: 3.011 Thread 0x000001eb77b95800 1960   !   4       jdk.internal.loader.BuiltinClassLoader::loadClassOrNull (143 bytes)
Event: 3.054 Thread 0x000001eb77b9a000 1961       3       java.lang.invoke.DirectMethodHandle::preparedLambdaForm (31 bytes)
Event: 3.055 Thread 0x000001eb77b9a000 nmethod 1961 0x000001eb0090cf10 code [0x000001eb0090d100, 0x000001eb0090d328]
Event: 3.055 Thread 0x000001eb77b9a000 1963       3       jdk.internal.org.objectweb.asm.MethodWriter::visitMaxs (1144 bytes)
Event: 3.060 Thread 0x000001eb77b9a000 nmethod 1963 0x000001eb0090d490 code [0x000001eb0090d9a0, 0x000001eb009102c8]
Event: 3.060 Thread 0x000001eb77b9a000 1966       3       jdk.internal.org.objectweb.asm.MethodWriter::put (1602 bytes)
Event: 3.066 Thread 0x000001eb77b9a000 nmethod 1966 0x000001eb00911c10 code [0x000001eb00912500, 0x000001eb009158b8]
Event: 3.066 Thread 0x000001eb77b9a000 1962       3       jdk.internal.org.objectweb.asm.MethodVisitor::<init> (7 bytes)
Event: 3.066 Thread 0x000001eb77b9a000 nmethod 1962 0x000001eb00916f10 code [0x000001eb009170e0, 0x000001eb00917408]
Event: 3.066 Thread 0x000001eb77b9a000 1964       3       jdk.internal.org.objectweb.asm.MethodWriter::visitEnd (1 bytes)
Event: 3.066 Thread 0x000001eb77b9a000 nmethod 1964 0x000001eb00917510 code [0x000001eb009176c0, 0x000001eb009177b8]
Event: 3.066 Thread 0x000001eb77b9a000 1965       3       jdk.internal.org.objectweb.asm.MethodWriter::getSize (838 bytes)
Event: 3.070 Thread 0x000001eb77b9a000 nmethod 1965 0x000001eb00917890 code [0x000001eb00917d40, 0x000001eb00919c28]
Event: 3.112 Thread 0x000001eb77b9a000 1969   !   3       java.lang.ref.ReferenceQueue::enqueue (119 bytes)
Event: 3.113 Thread 0x000001eb77b9a000 nmethod 1969 0x000001eb0091aa10 code [0x000001eb0091ac00, 0x000001eb0091b368]

GC Heap History (8 events):
Event: 0.656 GC heap before
{Heap before GC invocations=0 (full 0):
 garbage-first heap   total 65536K, used 17408K [0x00000000c1a00000, 0x0000000100000000)
  region size 1024K, 14 young (14336K), 0 survivors (0K)
 Metaspace       used 9771K, capacity 9935K, committed 10112K, reserved 1058816K
  class space    used 831K, capacity 884K, committed 896K, reserved 1048576K
}
Event: 0.662 GC heap after
{Heap after GC invocations=1 (full 0):
 garbage-first heap   total 65536K, used 5120K [0x00000000c1a00000, 0x0000000100000000)
  region size 1024K, 2 young (2048K), 2 survivors (2048K)
 Metaspace       used 9771K, capacity 9935K, committed 10112K, reserved 1058816K
  class space    used 831K, capacity 884K, committed 896K, reserved 1048576K
}
Event: 1.781 GC heap before
{Heap before GC invocations=1 (full 0):
 garbage-first heap   total 65536K, used 41984K [0x00000000c1a00000, 0x0000000100000000)
  region size 1024K, 38 young (38912K), 2 survivors (2048K)
 Metaspace       used 18514K, capacity 18691K, committed 18944K, reserved 1067008K
  class space    used 1908K, capacity 1968K, committed 2048K, reserved 1048576K
}
Event: 1.798 GC heap after
{Heap after GC invocations=2 (full 0):
 garbage-first heap   total 65536K, used 8866K [0x00000000c1a00000, 0x0000000100000000)
  region size 1024K, 5 young (5120K), 5 survivors (5120K)
 Metaspace       used 18514K, capacity 18691K, committed 18944K, reserved 1067008K
  class space    used 1908K, capacity 1968K, committed 2048K, reserved 1048576K
}
Event: 1.998 GC heap before
{Heap before GC invocations=2 (full 0):
 garbage-first heap   total 65536K, used 17058K [0x00000000c1a00000, 0x0000000100000000)
  region size 1024K, 14 young (14336K), 5 survivors (5120K)
 Metaspace       used 20898K, capacity 21101K, committed 21248K, reserved 1069056K
  class space    used 2219K, capacity 2286K, committed 2304K, reserved 1048576K
}
Event: 2.012 GC heap after
{Heap after GC invocations=3 (full 0):
 garbage-first heap   total 65536K, used 9656K [0x00000000c1a00000, 0x0000000100000000)
  region size 1024K, 1 young (1024K), 1 survivors (1024K)
 Metaspace       used 20898K, capacity 21101K, committed 21248K, reserved 1069056K
  class space    used 2219K, capacity 2286K, committed 2304K, reserved 1048576K
}
Event: 3.104 GC heap before
{Heap before GC invocations=4 (full 0):
 garbage-first heap   total 65536K, used 37304K [0x00000000c1a00000, 0x0000000100000000)
  region size 1024K, 23 young (23552K), 1 survivors (1024K)
 Metaspace       used 26569K, capacity 26960K, committed 27132K, reserved 1073152K
  class space    used 2839K, capacity 2973K, committed 3072K, reserved 1048576K
}
Event: 3.111 GC heap after
{Heap after GC invocations=5 (full 0):
 garbage-first heap   total 65536K, used 17145K [0x00000000c1a00000, 0x0000000100000000)
  region size 1024K, 3 young (3072K), 3 survivors (3072K)
 Metaspace       used 26569K, capacity 26960K, committed 27132K, reserved 1073152K
  class space    used 2839K, capacity 2973K, committed 3072K, reserved 1048576K
}

Deoptimization events (20 events):
Event: 2.502 Thread 0x000001eb6e8e9000 Uncommon trap: trap_request=0xffffffde fr.pc=0x000001eb07b12184 relative=0x0000000000000064
Event: 2.502 Thread 0x000001eb6e8e9000 Uncommon trap: reason=class_check action=maybe_recompile pc=0x000001eb07b12184 method=java.util.Collections$UnmodifiableCollection.size()I @ 4 c2
Event: 2.503 Thread 0x000001eb6e8e9000 DEOPT PACKING pc=0x000001eb07b12184 sp=0x00000099179fc300
Event: 2.503 Thread 0x000001eb6e8e9000 DEOPT UNPACKING pc=0x000001eb000274af sp=0x00000099179fc290 mode 2
Event: 2.606 Thread 0x000001eb6e8e9000 Uncommon trap: trap_request=0xffffff4d fr.pc=0x000001eb07b42e68 relative=0x00000000000001c8
Event: 2.606 Thread 0x000001eb6e8e9000 Uncommon trap: reason=unstable_if action=reinterpret pc=0x000001eb07b42e68 method=java.util.Arrays.hashCode([B)I @ 1 c2
Event: 2.606 Thread 0x000001eb6e8e9000 DEOPT PACKING pc=0x000001eb07b42e68 sp=0x00000099179fe720
Event: 2.606 Thread 0x000001eb6e8e9000 DEOPT UNPACKING pc=0x000001eb000274af sp=0x00000099179fe690 mode 2
Event: 2.609 Thread 0x000001eb6e8e9000 Uncommon trap: trap_request=0xffffff4d fr.pc=0x000001eb07b47374 relative=0x00000000000000d4
Event: 2.609 Thread 0x000001eb6e8e9000 Uncommon trap: reason=unstable_if action=reinterpret pc=0x000001eb07b47374 method=jdk.nio.zipfs.ZipConstants.pkSigAt([BIII)Z @ 5 c2
Event: 2.609 Thread 0x000001eb6e8e9000 DEOPT PACKING pc=0x000001eb07b47374 sp=0x00000099179fe580
Event: 2.609 Thread 0x000001eb6e8e9000 DEOPT UNPACKING pc=0x000001eb000274af sp=0x00000099179fe528 mode 2
Event: 2.650 Thread 0x000001eb6e8e9000 Uncommon trap: trap_request=0xffffff6e fr.pc=0x000001eb07b3be70 relative=0x0000000000001330
Event: 2.650 Thread 0x000001eb6e8e9000 Uncommon trap: reason=speculate_class_check action=maybe_recompile pc=0x000001eb07b3be70 method=java.util.zip.InflaterInputStream.read([BII)I @ 100 c2
Event: 2.650 Thread 0x000001eb6e8e9000 DEOPT PACKING pc=0x000001eb07b3be70 sp=0x00000099179fe730
Event: 2.650 Thread 0x000001eb6e8e9000 DEOPT UNPACKING pc=0x000001eb000274af sp=0x00000099179fe790 mode 2
Event: 2.949 Thread 0x000001eb6e8e9000 Uncommon trap: trap_request=0xffffff4d fr.pc=0x000001eb07b36bdc relative=0x00000000000001bc
Event: 2.949 Thread 0x000001eb6e8e9000 Uncommon trap: reason=unstable_if action=reinterpret pc=0x000001eb07b36bdc method=java.lang.String.startsWith(Ljava/lang/String;I)Z @ 1 c2
Event: 2.949 Thread 0x000001eb6e8e9000 DEOPT PACKING pc=0x000001eb07b36bdc sp=0x00000099179fe090
Event: 2.949 Thread 0x000001eb6e8e9000 DEOPT UNPACKING pc=0x000001eb000274af sp=0x00000099179fe000 mode 2

Classes redefined (0 events):
No events

Internal exceptions (16 events):
Event: 1.593 Thread 0x000001eb6e8e9000 Exception <a 'java/lang/NoSuchMethodError'{0x00000000c399aab0}: 'int java.lang.invoke.DirectMethodHandle$Holder.invokeSpecialIFC(java.lang.Object, java.lang.Object, int)'> (0x00000000c399aab0) thrown at [./src/hotspot/share/interpreter/linkResolver.cpp, line 773]
Event: 1.862 Thread 0x000001eb6e8e9000 Exception <a 'java/lang/NoSuchMethodError'{0x00000000c57d0d98}: 'java.lang.Object java.lang.invoke.DirectMethodHandle$Holder.invokeStaticInit(java.lang.Object, int)'> (0x00000000c57d0d98) thrown at [./src/hotspot/share/interpreter/linkResolver.cpp, line 773]
Event: 1.894 Thread 0x000001eb6e8e9000 Exception <a 'java/lang/NoSuchMethodError'{0x00000000c5568050}: 'long java.lang.invoke.DirectMethodHandle$Holder.invokeStatic(java.lang.Object)'> (0x00000000c5568050) thrown at [./src/hotspot/share/interpreter/linkResolver.cpp, line 773]
Event: 1.895 Thread 0x000001eb6e8e9000 Exception <a 'java/lang/NoSuchMethodError'{0x00000000c556aea8}: 'long java.lang.invoke.DirectMethodHandle$Holder.invokeStaticInit(java.lang.Object)'> (0x00000000c556aea8) thrown at [./src/hotspot/share/interpreter/linkResolver.cpp, line 773]
Event: 1.970 Thread 0x000001eb6e8e9000 Exception <a 'java/lang/NoSuchMethodError'{0x00000000c52d9540}: 'int java.lang.invoke.DirectMethodHandle$Holder.invokeStaticInit(java.lang.Object, java.lang.Object, java.lang.Object)'> (0x00000000c52d9540) thrown at [./src/hotspot/share/interpreter/linkResolver.cpp, line 773]
Event: 1.976 Thread 0x000001eb6e8e9000 Exception <a 'java/lang/NoSuchMethodError'{0x00000000c5105438}: 'int java.lang.invoke.DirectMethodHandle$Holder.invokeStaticInit(java.lang.Object, java.lang.Object)'> (0x00000000c5105438) thrown at [./src/hotspot/share/interpreter/linkResolver.cpp, line 773]
Event: 2.490 Thread 0x000001eb6e8e9000 Exception <a 'java/lang/NoSuchMethodError'{0x00000000c51e1960}: 'java.lang.Object java.lang.invoke.DirectMethodHandle$Holder.invokeStatic(java.lang.Object, java.lang.Object, java.lang.Object, java.lang.Object, java.lang.Object, java.lang.Object, java.lang.Object, java.lang.Object, java.lang.Object, java.lang.Object, java.lang.Object, java.lang.Object, java.lang.Object, java.lang.Object, java.lang.Object)'> (0x00000000c51e1960) thrown at [./src/hotspot/share/interpreter/linkResolver.cpp, line 773]
Event: 2.495 Thread 0x000001eb6e8e9000 Exception <a 'java/lang/NoSuchMethodError'{0x00000000c51ef968}: 'java.lang.Object java.lang.invoke.DirectMethodHandle$Holder.invokeStatic(java.lang.Object, java.lang.Object, java.lang.Object, java.lang.Object, java.lang.Object, java.lang.Object, java.lang.Object, java.lang.Object, java.lang.Object, java.lang.Object, java.lang.Object, java.lang.Object, java.lang.Object, java.lang.Object, java.lang.Object, java.lang.Object)'> (0x00000000c51ef968) thrown at [./src/hotspot/share/interpreter/linkResolver.cpp, l
Event: 2.498 Thread 0x000001eb6e8e9000 Exception <a 'java/lang/NoSuchMethodError'{0x00000000c51fdc48}: 'java.lang.Object java.lang.invoke.DirectMethodHandle$Holder.invokeSpecial(java.lang.Object, java.lang.Object, int, int, java.lang.Object, java.lang.Object, java.lang.Object)'> (0x00000000c51fdc48) thrown at [./src/hotspot/share/interpreter/linkResolver.cpp, line 773]
Event: 2.498 Thread 0x000001eb6e8e9000 Exception <a 'java/lang/NoSuchMethodError'{0x00000000c4f01990}: 'java.lang.Object java.lang.invoke.DelegatingMethodHandle$Holder.reinvoke_L(java.lang.Object, int, int, java.lang.Object, java.lang.Object, java.lang.Object)'> (0x00000000c4f01990) thrown at [./src/hotspot/share/interpreter/linkResolver.cpp, line 773]
Event: 2.499 Thread 0x000001eb6e8e9000 Exception <a 'java/lang/NoSuchMethodError'{0x00000000c4f05d18}: 'java.lang.Object java.lang.invoke.DirectMethodHandle$Holder.invokeStatic(java.lang.Object, java.lang.Object, java.lang.Object, java.lang.Object, int)'> (0x00000000c4f05d18) thrown at [./src/hotspot/share/interpreter/linkResolver.cpp, line 773]
Event: 2.606 Thread 0x000001eb6e8e9000 Implicit null exception at 0x000001eb07b42cac to 0x000001eb07b42e5a
Event: 2.654 Thread 0x000001eb6e8e9000 Exception <a 'java/lang/NoSuchMethodError'{0x00000000c4a83e30}: 'void java.lang.invoke.DirectMethodHandle$Holder.invokeStatic(java.lang.Object, java.lang.Object, java.lang.Object, java.lang.Object)'> (0x00000000c4a83e30) thrown at [./src/hotspot/share/interpreter/linkResolver.cpp, line 773]
Event: 2.776 Thread 0x000001eb6e8e9000 Exception <a 'java/lang/NoSuchMethodError'{0x00000000c49d3180}: 'void java.lang.invoke.DirectMethodHandle$Holder.invokeSpecial(java.lang.Object, java.lang.Object)'> (0x00000000c49d3180) thrown at [./src/hotspot/share/interpreter/linkResolver.cpp, line 773]
Event: 2.865 Thread 0x000001eb6e8e9000 Exception <a 'java/lang/NoSuchMethodError'{0x00000000c467cee0}: 'void java.lang.invoke.DirectMethodHandle$Holder.invokeStaticInit(java.lang.Object, java.lang.Object)'> (0x00000000c467cee0) thrown at [./src/hotspot/share/interpreter/linkResolver.cpp, line 773]
Event: 2.879 Thread 0x000001eb6e8e9000 Exception <a 'java/lang/NoSuchMethodError'{0x00000000c46b5548}: 'void java.lang.invoke.DirectMethodHandle$Holder.invokeInterface(java.lang.Object, java.lang.Object)'> (0x00000000c46b5548) thrown at [./src/hotspot/share/interpreter/linkResolver.cpp, line 773]

Events (20 events):
Event: 3.104 Executing VM operation: G1CollectForAllocation
Event: 3.111 Executing VM operation: G1CollectForAllocation done
Event: 3.112 loading class org/jetbrains/kotlin/extensions/CollectAdditionalSourcesExtension$Companion
Event: 3.112 loading class org/jetbrains/kotlin/extensions/CollectAdditionalSourcesExtension$Companion done
Event: 3.112 loading class org/jetbrains/kotlin/resolve/extensions/ExtraImportsProviderExtension
Event: 3.112 loading class org/jetbrains/kotlin/resolve/extensions/ExtraImportsProviderExtension done
Event: 3.113 loading class org/jetbrains/kotlin/resolve/extensions/ExtraImportsProviderExtension$Companion
Event: 3.113 loading class org/jetbrains/kotlin/resolve/extensions/ExtraImportsProviderExtension$Companion done
Event: 3.113 loading class org/jetbrains/kotlin/backend/common/extensions/IrGenerationExtension
Event: 3.113 loading class org/jetbrains/kotlin/backend/common/extensions/IrGenerationExtension done
Event: 3.121 loading class org/jetbrains/kotlin/ir/linkage/IrDeserializer$IrLinkerExtension
Event: 3.121 loading class org/jetbrains/kotlin/ir/linkage/IrDeserializer$IrLinkerExtension done
Event: 3.126 loading class org/jetbrains/kotlin/backend/common/extensions/IrGenerationExtension$Companion
Event: 3.126 loading class org/jetbrains/kotlin/backend/common/extensions/IrGenerationExtension$Companion done
Event: 3.127 loading class org/jetbrains/kotlin/cli/common/extensions/ScriptEvaluationExtension
Event: 3.127 loading class org/jetbrains/kotlin/cli/common/extensions/ScriptEvaluationExtension done
Event: 3.127 loading class org/jetbrains/kotlin/cli/common/extensions/ScriptEvaluationExtension$Companion
Event: 3.127 loading class org/jetbrains/kotlin/cli/common/extensions/ScriptEvaluationExtension$Companion done
Event: 3.127 loading class org/jetbrains/kotlin/cli/common/extensions/ShellExtension
Event: 3.127 loading class org/jetbrains/kotlin/cli/common/extensions/ShellExtension done


Dynamic libraries:
0x00007ff6cf1a0000 - 0x00007ff6cf1aa000 	C:\Program Files\Android\Android Studio\jre\bin\java.exe
0x00007ff85a7d0000 - 0x00007ff85a9c5000 	C:\Windows\SYSTEM32\ntdll.dll
0x00007ff858be0000 - 0x00007ff858c9d000 	C:\Windows\System32\KERNEL32.DLL
0x00007ff857f70000 - 0x00007ff858238000 	C:\Windows\System32\KERNELBASE.dll
0x00007ff858240000 - 0x00007ff858340000 	C:\Windows\System32\ucrtbase.dll
0x00007ff84afd0000 - 0x00007ff84afe9000 	C:\Program Files\Android\Android Studio\jre\bin\jli.dll
0x00007ff84a160000 - 0x00007ff84a177000 	C:\Program Files\Android\Android Studio\jre\bin\VCRUNTIME140.dll
0x00007ff85a310000 - 0x00007ff85a4b0000 	C:\Windows\System32\USER32.dll
0x00007ff8583f0000 - 0x00007ff858412000 	C:\Windows\System32\win32u.dll
0x00007ff847ae0000 - 0x00007ff847d7a000 	C:\Windows\WinSxS\amd64_microsoft.windows.common-controls_6595b64144ccf1df_6.0.19041.844_none_ca00b6081b84eb1d\COMCTL32.dll
0x00007ff858d40000 - 0x00007ff858d6a000 	C:\Windows\System32\GDI32.dll
0x00007ff858ca0000 - 0x00007ff858d3e000 	C:\Windows\System32\msvcrt.dll
0x00007ff8584f0000 - 0x00007ff8585fb000 	C:\Windows\System32\gdi32full.dll
0x00007ff858600000 - 0x00007ff85869d000 	C:\Windows\System32\msvcp_win.dll
0x00007ff858af0000 - 0x00007ff858b20000 	C:\Windows\System32\IMM32.DLL
0x00007ff840a70000 - 0x00007ff840b0d000 	C:\Program Files\Android\Android Studio\jre\bin\msvcp140.dll
0x00007ff834110000 - 0x00007ff834bcc000 	C:\Program Files\Android\Android Studio\jre\bin\server\jvm.dll
0x00007ff858830000 - 0x00007ff8588dc000 	C:\Windows\System32\ADVAPI32.dll
0x00007ff8599e0000 - 0x00007ff859a7b000 	C:\Windows\System32\sechost.dll
0x00007ff858e30000 - 0x00007ff858f5b000 	C:\Windows\System32\RPCRT4.dll
0x00007ff858d90000 - 0x00007ff858d98000 	C:\Windows\System32\PSAPI.DLL
0x00007ff8535a0000 - 0x00007ff8535a9000 	C:\Windows\SYSTEM32\WSOCK32.dll
0x00007ff846a90000 - 0x00007ff846ab7000 	C:\Windows\SYSTEM32\WINMM.dll
0x00007ff84b650000 - 0x00007ff84b65a000 	C:\Windows\SYSTEM32\VERSION.dll
0x00007ff8596b0000 - 0x00007ff85971b000 	C:\Windows\System32\WS2_32.dll
0x00007ff855e60000 - 0x00007ff855e72000 	C:\Windows\SYSTEM32\kernel.appcore.dll
0x00007ff848ed0000 - 0x00007ff848ee1000 	C:\Program Files\Android\Android Studio\jre\bin\verify.dll
0x00007ff8446c0000 - 0x00007ff8448a4000 	C:\Windows\SYSTEM32\DBGHELP.DLL
0x00007ff8486d0000 - 0x00007ff8486fc000 	C:\Windows\SYSTEM32\dbgcore.DLL
0x00007ff858420000 - 0x00007ff8584a0000 	C:\Windows\System32\bcryptPrimitives.dll
0x00007ff848cb0000 - 0x00007ff848cd9000 	C:\Program Files\Android\Android Studio\jre\bin\java.dll
0x00007ff853590000 - 0x00007ff85359b000 	C:\Program Files\Android\Android Studio\jre\bin\jimage.dll
0x00007ff848c90000 - 0x00007ff848ca8000 	C:\Program Files\Android\Android Studio\jre\bin\zip.dll
0x00007ff858f60000 - 0x00007ff8596a2000 	C:\Windows\System32\SHELL32.dll
0x00007ff856060000 - 0x00007ff8567f0000 	C:\Windows\SYSTEM32\windows.storage.dll
0x00007ff859a80000 - 0x00007ff859dd5000 	C:\Windows\System32\combase.dll
0x00007ff857980000 - 0x00007ff8579ac000 	C:\Windows\SYSTEM32\Wldp.dll
0x00007ff85a4b0000 - 0x00007ff85a55e000 	C:\Windows\System32\SHCORE.dll
0x00007ff858a90000 - 0x00007ff858ae5000 	C:\Windows\System32\shlwapi.dll
0x00007ff857e50000 - 0x00007ff857e6f000 	C:\Windows\SYSTEM32\profapi.dll
0x00007ff848b70000 - 0x00007ff848b8a000 	C:\Program Files\Android\Android Studio\jre\bin\net.dll
0x00007ff84cf40000 - 0x00007ff84d04b000 	C:\Windows\SYSTEM32\WINHTTP.dll
0x00007ff8576f0000 - 0x00007ff85775a000 	C:\Windows\system32\mswsock.dll
0x00007ff848b50000 - 0x00007ff848b64000 	C:\Program Files\Android\Android Studio\jre\bin\nio.dll

dbghelp: loaded successfully - version: 4.0.5 - missing functions: none
symbol engine: initialized successfully - sym options: 0x614 - pdb path: .;C:\Program Files\Android\Android Studio\jre\bin;C:\Windows\SYSTEM32;C:\Windows\WinSxS\amd64_microsoft.windows.common-controls_6595b64144ccf1df_6.0.19041.844_none_ca00b6081b84eb1d;C:\Program Files\Android\Android Studio\jre\bin\server

VM Arguments:
java_command: org.jetbrains.kotlin.cli.jvm.K2JVMCompiler @C:\Users\User\AndroidStudioProjects\ThApp\app\build\20210727_14894685311375806762.compiler.options
java_class_path (initial): C:\Users\User\.gradle\caches\modules-2\files-2.1\org.jetbrains.kotlin\kotlin-compiler-embeddable\1.5.21\40ddbcae9ff100473f95370c2d589ba3fc48eed5\kotlin-compiler-embeddable-1.5.21.jar;C:\Users\User\.gradle\caches\modules-2\files-2.1\org.jetbrains.kotlin\kotlin-reflect\1.5.21\802f1f39735ae1eb2b75714a40fa19bb2e687e96\kotlin-reflect-1.5.21.jar;C:\Users\User\.gradle\caches\modules-2\files-2.1\org.jetbrains.kotlin\kotlin-stdlib\1.5.21\2f537cad7e9eeb9da73738c8812e1e4cf9b62e4e\kotlin-stdlib-1.5.21.jar;C:\Users\User\.gradle\caches\modules-2\files-2.1\org.jetbrains.kotlin\kotlin-script-runtime\1.5.21\96d49e89873fde985750af354b6eabb60cfa999b\kotlin-script-runtime-1.5.21.jar;C:\Users\User\.gradle\caches\modules-2\files-2.1\org.jetbrains.kotlin\kotlin-daemon-embeddable\1.5.21\17255809e66a940dfdf6289bccbdfb5a09f3145\kotlin-daemon-embeddable-1.5.21.jar;C:\Users\User\.gradle\caches\modules-2\files-2.1\org.jetbrains.intellij.deps\trove4j\1.0.20181211\216c2e14b070f334479d800987affe4054cd563f\trove4j-1.0.20181211.jar;C:\Users\User\.gradle\caches\modules-2\files-2.1\org.jetbrains\annotations\13.0\919f0dfe192fb4e063e7dacadee7f8bb9a2672a9\annotations-13.0.jar;C:\Users\User\.gradle\caches\modules-2\files-2.1\org.jetbrains.kotlin\kotlin-stdlib-common\1.5.21\cc8bf3586fd2ebcf234058b9440bb406e62dfacb\kotlin-stdlib-common-1.5.21.jar
Launcher Type: SUN_STANDARD

[Global flags]
     intx CICompilerCount                          = 3                                         {product} {ergonomic}
     uint ConcGCThreads                            = 1                                         {product} {ergonomic}
     uint G1ConcRefinementThreads                  = 4                                         {product} {ergonomic}
   size_t G1HeapRegionSize                         = 1048576                                   {product} {ergonomic}
    uintx GCDrainStackTargetSize                   = 64                                        {product} {ergonomic}
   size_t InitialHeapSize                          = 67108864                                  {product} {ergonomic}
   size_t MarkStackSize                            = 4194304                                   {product} {ergonomic}
   size_t MaxHeapSize                              = 1046478848                                {product} {ergonomic}
   size_t MaxNewSize                               = 627048448                                 {product} {ergonomic}
   size_t MinHeapDeltaBytes                        = 1048576                                   {product} {ergonomic}
    uintx NonNMethodCodeHeapSize                   = 5830732                                {pd product} {ergonomic}
    uintx NonProfiledCodeHeapSize                  = 122913754                              {pd product} {ergonomic}
    uintx ProfiledCodeHeapSize                     = 122913754                              {pd product} {ergonomic}
    uintx ReservedCodeCacheSize                    = 251658240                              {pd product} {ergonomic}
     bool SegmentedCodeCache                       = true                                      {product} {ergonomic}
     bool UseCompressedClassPointers               = true                                 {lp64_product} {ergonomic}
     bool UseCompressedOops                        = true                                 {lp64_product} {ergonomic}
     bool UseG1GC                                  = true                                      {product} {ergonomic}
     bool UseLargePagesIndividualAllocation        = false                                  {pd product} {ergonomic}

Logging:
Log output configuration:
 #0: stdout all=warning uptime,level,tags
 #1: stderr all=off uptime,level,tags

Environment Variables:
JAVA_HOME=C:\Program Files\Java\jdk-16.0.1
PATH=C:\Program Files\Common Files\Oracle\Java\javapath;C:\Windows\system32;C:\Windows;C:\Windows\System32\Wbem;C:\Windows\System32\WindowsPowerShell\v1.0\;C:\Windows\System32\OpenSSH\;C:\Program Files\Git\cmd;C:\Program Files\Java\jdk-16.0.1\bin;C:\Users\User\AppData\Local\Android\Sdk\platform-tools;C:\Users\User\AppData\Local\Microsoft\WindowsApps;C:\IntelliJ IDEA Community Edition 2021.1.3\bin;;C:\Users\User\AppData\Local\Android\Sdk\platform-tools;
USERNAME=User
OS=Windows_NT
PROCESSOR_IDENTIFIER=Intel64 Family 6 Model 61 Stepping 4, GenuineIntel



---------------  S Y S T E M  ---------------

OS: Windows 10 , 64 bit Build 19041 (10.0.19041.928)
OS uptime: 7 days 0:40 hours

CPU:total 4 (initial active 4) (2 cores per cpu, 2 threads per core) family 6 model 61 stepping 4, cmov, cx8, fxsr, mmx, sse, sse2, sse3, ssse3, sse4.1, sse4.2, popcnt, avx, avx2, aes, clmul, erms, 3dnowpref, lzcnt, ht, tsc, tscinvbit, bmi1, bmi2, adx, fma

Memory: 4k page, system-wide physical 3991M (296M free)
TotalPageFile size 3991M (AvailPageFile size 5M)
current process WorkingSet (physical memory assigned to process): 141M, peak: 141M
current process commit charge ("private bytes"): 175M, peak: 176M

vm_info: OpenJDK 64-Bit Server VM (11.0.8+10-b944.6842174) for windows-amd64 JRE (11.0.8+10-b944.6842174), built on Sep 19 2020 01:11:42 by "builder" with MS VC++ 14.0 (VS2015)

END.
